[0.043s] Invoking command in '/home/juloau/Desktop/TFG/tfg-jlopez/code/ros2/build/diff_drive_controller': AMENT_PREFIX_PATH=/home/juloau/Desktop/TFG/tfg-jlopez/code/ros2/install/controller_manager:/home/juloau/Desktop/TFG/tfg-jlopez/code/ros2/install/hardware_interface_testing:/home/juloau/Desktop/TFG/tfg-jlopez/code/ros2/install/controller_interface:/home/juloau/Desktop/TFG/tfg-jlopez/code/ros2/install/hardware_interface:/home/juloau/Desktop/TFG/tfg-jlopez/code/ros2/install/ros2_control_test_assets:/home/juloau/Desktop/TFG/tfg-jlopez/code/ros2/install/realtime_tools:/home/juloau/Desktop/TFG/tfg-jlopez/code/ros2/install/controller_manager_msgs:/home/juloau/Desktop/TFG/tfg-jlopez/code/ros2/install/control_msgs:${AMENT_PREFIX_PATH} CMAKE_PREFIX_PATH=/home/juloau/Desktop/TFG/tfg-jlopez/code/ros2/install/controller_manager:/home/juloau/Desktop/TFG/tfg-jlopez/code/ros2/install/hardware_interface_testing:/home/juloau/Desktop/TFG/tfg-jlopez/code/ros2/install/controller_interface:/home/juloau/Desktop/TFG/tfg-jlopez/code/ros2/install/hardware_interface:/home/juloau/Desktop/TFG/tfg-jlopez/code/ros2/install/ros2_control_test_assets:/home/juloau/Desktop/TFG/tfg-jlopez/code/ros2/install/realtime_tools:/home/juloau/Desktop/TFG/tfg-jlopez/code/ros2/install/controller_manager_msgs:/home/juloau/Desktop/TFG/tfg-jlopez/code/ros2/install/control_msgs:/opt/ros/humble LD_LIBRARY_PATH=/home/juloau/Desktop/TFG/tfg-jlopez/code/ros2/install/controller_manager/lib:/home/juloau/Desktop/TFG/tfg-jlopez/code/ros2/install/hardware_interface_testing/lib:/home/juloau/Desktop/TFG/tfg-jlopez/code/ros2/install/controller_interface/lib:/home/juloau/Desktop/TFG/tfg-jlopez/code/ros2/install/hardware_interface/lib:/home/juloau/Desktop/TFG/tfg-jlopez/code/ros2/install/realtime_tools/lib:/home/juloau/Desktop/TFG/tfg-jlopez/code/ros2/install/controller_manager_msgs/lib:/home/juloau/Desktop/TFG/tfg-jlopez/code/ros2/install/control_msgs/lib:/usr/lib/x86_64-linux-gnu/gazebo-11/plugins:/opt/ros/humble/opt/rviz_ogre_vendor/lib:/opt/ros/humble/lib/x86_64-linux-gnu:/opt/ros/humble/lib:/usr/share/gazebo/../../lib/x86_64-linux-gnu/gazebo-11/plugins PYTHONPATH=/home/juloau/Desktop/TFG/tfg-jlopez/code/ros2/install/controller_manager/local/lib/python3.10/dist-packages:/home/juloau/Desktop/TFG/tfg-jlopez/code/ros2/install/controller_manager_msgs/local/lib/python3.10/dist-packages:/home/juloau/Desktop/TFG/tfg-jlopez/code/ros2/install/control_msgs/local/lib/python3.10/dist-packages:${PYTHONPATH} /usr/bin/cmake --build /home/juloau/Desktop/TFG/tfg-jlopez/code/ros2/build/diff_drive_controller -- -j8 -l8
[0.086s] -- Found ament_cmake: 1.3.10 (/opt/ros/humble/share/ament_cmake/cmake)
[0.360s] -- Override CMake install command with custom implementation using symlinks instead of copying resources
[0.407s] -- Found controller_interface: 2.42.0 (/home/juloau/Desktop/TFG/tfg-jlopez/code/ros2/install/controller_interface/share/controller_interface/cmake)
[0.469s] -- Found rosidl_generator_c: 3.1.5 (/opt/ros/humble/share/rosidl_generator_c/cmake)
[0.475s] -- Found rosidl_adapter: 3.1.5 (/opt/ros/humble/share/rosidl_adapter/cmake)
[0.488s] -- Found rosidl_generator_cpp: 3.1.5 (/opt/ros/humble/share/rosidl_generator_cpp/cmake)
[0.510s] -- Using all available rosidl_typesupport_c: rosidl_typesupport_fastrtps_c;rosidl_typesupport_introspection_c
[0.539s] -- Using all available rosidl_typesupport_cpp: rosidl_typesupport_fastrtps_cpp;rosidl_typesupport_introspection_cpp
[0.927s] -- Found rmw_implementation_cmake: 6.1.2 (/opt/ros/humble/share/rmw_implementation_cmake/cmake)
[0.931s] -- Found rmw_fastrtps_cpp: 6.2.7 (/opt/ros/humble/share/rmw_fastrtps_cpp/cmake)
[0.970s] -- Found TinyXML2 via Config file: TinyXML2_DIR-NOTFOUND
[0.984s] -- Found TinyXML2 via Config file: TinyXML2_DIR-NOTFOUND
[1.014s] -- Found TinyXML2 via Config file: TinyXML2_DIR-NOTFOUND
[1.026s] -- Found TinyXML2 via Config file: TinyXML2_DIR-NOTFOUND
[1.047s] -- Using RMW implementation 'rmw_fastrtps_cpp' as default
[1.150s] -- Found generate_parameter_library: 0.3.8 (/opt/ros/humble/share/generate_parameter_library/cmake)
[1.151s] -- Found parameter_traits: 0.3.8 (/opt/ros/humble/share/parameter_traits/cmake)
[1.166s] -- Found nav_msgs: 4.2.4 (/opt/ros/humble/share/nav_msgs/cmake)
[1.198s] -- Found realtime_tools: 2.5.0 (/home/juloau/Desktop/TFG/tfg-jlopez/code/ros2/install/realtime_tools/share/realtime_tools/cmake)
[1.218s] -- Found tf2: 0.25.7 (/opt/ros/humble/share/tf2/cmake)
[1.225s] -- Found tf2_msgs: 0.25.7 (/opt/ros/humble/share/tf2_msgs/cmake)
[1.297s] -- Found ament_cmake_gmock: 1.3.10 (/opt/ros/humble/share/ament_cmake_gmock/cmake)
[1.298s] -- Found controller_manager: 2.42.0 (/home/juloau/Desktop/TFG/tfg-jlopez/code/ros2/install/controller_manager/share/controller_manager/cmake)
[1.541s] -- Found ros2_control_test_assets: 2.42.0 (/home/juloau/Desktop/TFG/tfg-jlopez/code/ros2/install/ros2_control_test_assets/share/ros2_control_test_assets/cmake)
[1.559s] -- Found gmock sources under '/opt/ros/humble/src/gmock_vendor': C++ tests using 'Google Mock' will be built
[1.600s] -- Found ament_cmake_gtest: 1.3.10 (/opt/ros/humble/share/ament_cmake_gtest/cmake)
[1.609s] -- Found gtest sources under '/opt/ros/humble/src/gtest_vendor': C++ tests using 'Google Test' will be built
[2.986s] -- Configuring done
[4.049s] -- Generating done
[4.087s] -- Build files have been written to: /home/juloau/Desktop/TFG/tfg-jlopez/code/ros2/build/diff_drive_controller
[4.415s] [35m[1mConsolidate compiler generated dependencies of target gmock_main[0m
[4.421s] [35m[1mConsolidate compiler generated dependencies of target gmock[0m
[4.531s] [  7%] Built target diff_drive_controller_parameters
[4.644s] [ 14%] [32mBuilding CXX object gmock/CMakeFiles/gmock_main.dir/src/gmock_main.cc.o[0m
[4.648s] [ 21%] [32mBuilding CXX object gmock/CMakeFiles/gmock.dir/src/gmock-all.cc.o[0m
[4.743s] [ 28%] [32mBuilding CXX object gmock/CMakeFiles/gmock.dir/opt/ros/humble/src/gtest_vendor/src/gtest-all.cc.o[0m
[6.013s] [35m[1mConsolidate compiler generated dependencies of target diff_drive_controller[0m
[6.369s] [ 35%] [32mBuilding CXX object CMakeFiles/diff_drive_controller.dir/src/odometry.cpp.o[0m
[6.372s] [ 42%] [32mBuilding CXX object CMakeFiles/diff_drive_controller.dir/src/diff_drive_controller.cpp.o[0m
[6.677s] [ 50%] [32mBuilding CXX object CMakeFiles/diff_drive_controller.dir/src/speed_limiter.cpp.o[0m
[10.370s] [ 57%] [32m[1mLinking CXX static library libgmock_main.a[0m
[10.918s] [ 57%] Built target gmock_main
[20.632s] [ 64%] [32m[1mLinking CXX static library libgmock.a[0m
[20.744s] [ 64%] Built target gmock
[20.763s] [35m[1mConsolidate compiler generated dependencies of target test_load_diff_drive_controller[0m
[20.798s] [ 71%] [32mBuilding CXX object CMakeFiles/test_load_diff_drive_controller.dir/test/test_load_diff_drive_controller.cpp.o[0m
[36.818s] [ 78%] [32m[1mLinking CXX executable test_load_diff_drive_controller[0m
[39.482s] [ 78%] Built target test_load_diff_drive_controller
[51.458s] [ 85%] [32m[1mLinking CXX shared library libdiff_drive_controller.so[0m
[52.495s] [ 85%] Built target diff_drive_controller
[52.507s] [35m[1mConsolidate compiler generated dependencies of target test_diff_drive_controller[0m
[52.527s] [ 92%] [32mBuilding CXX object CMakeFiles/test_diff_drive_controller.dir/test/test_diff_drive_controller.cpp.o[0m
[74.942s] [100%] [32m[1mLinking CXX executable test_diff_drive_controller[0m
[80.338s] [100%] Built target test_diff_drive_controller
[80.351s] Invoked command in '/home/juloau/Desktop/TFG/tfg-jlopez/code/ros2/build/diff_drive_controller' returned '0': AMENT_PREFIX_PATH=/home/juloau/Desktop/TFG/tfg-jlopez/code/ros2/install/controller_manager:/home/juloau/Desktop/TFG/tfg-jlopez/code/ros2/install/hardware_interface_testing:/home/juloau/Desktop/TFG/tfg-jlopez/code/ros2/install/controller_interface:/home/juloau/Desktop/TFG/tfg-jlopez/code/ros2/install/hardware_interface:/home/juloau/Desktop/TFG/tfg-jlopez/code/ros2/install/ros2_control_test_assets:/home/juloau/Desktop/TFG/tfg-jlopez/code/ros2/install/realtime_tools:/home/juloau/Desktop/TFG/tfg-jlopez/code/ros2/install/controller_manager_msgs:/home/juloau/Desktop/TFG/tfg-jlopez/code/ros2/install/control_msgs:${AMENT_PREFIX_PATH} CMAKE_PREFIX_PATH=/home/juloau/Desktop/TFG/tfg-jlopez/code/ros2/install/controller_manager:/home/juloau/Desktop/TFG/tfg-jlopez/code/ros2/install/hardware_interface_testing:/home/juloau/Desktop/TFG/tfg-jlopez/code/ros2/install/controller_interface:/home/juloau/Desktop/TFG/tfg-jlopez/code/ros2/install/hardware_interface:/home/juloau/Desktop/TFG/tfg-jlopez/code/ros2/install/ros2_control_test_assets:/home/juloau/Desktop/TFG/tfg-jlopez/code/ros2/install/realtime_tools:/home/juloau/Desktop/TFG/tfg-jlopez/code/ros2/install/controller_manager_msgs:/home/juloau/Desktop/TFG/tfg-jlopez/code/ros2/install/control_msgs:/opt/ros/humble LD_LIBRARY_PATH=/home/juloau/Desktop/TFG/tfg-jlopez/code/ros2/install/controller_manager/lib:/home/juloau/Desktop/TFG/tfg-jlopez/code/ros2/install/hardware_interface_testing/lib:/home/juloau/Desktop/TFG/tfg-jlopez/code/ros2/install/controller_interface/lib:/home/juloau/Desktop/TFG/tfg-jlopez/code/ros2/install/hardware_interface/lib:/home/juloau/Desktop/TFG/tfg-jlopez/code/ros2/install/realtime_tools/lib:/home/juloau/Desktop/TFG/tfg-jlopez/code/ros2/install/controller_manager_msgs/lib:/home/juloau/Desktop/TFG/tfg-jlopez/code/ros2/install/control_msgs/lib:/usr/lib/x86_64-linux-gnu/gazebo-11/plugins:/opt/ros/humble/opt/rviz_ogre_vendor/lib:/opt/ros/humble/lib/x86_64-linux-gnu:/opt/ros/humble/lib:/usr/share/gazebo/../../lib/x86_64-linux-gnu/gazebo-11/plugins PYTHONPATH=/home/juloau/Desktop/TFG/tfg-jlopez/code/ros2/install/controller_manager/local/lib/python3.10/dist-packages:/home/juloau/Desktop/TFG/tfg-jlopez/code/ros2/install/controller_manager_msgs/local/lib/python3.10/dist-packages:/home/juloau/Desktop/TFG/tfg-jlopez/code/ros2/install/control_msgs/local/lib/python3.10/dist-packages:${PYTHONPATH} /usr/bin/cmake --build /home/juloau/Desktop/TFG/tfg-jlopez/code/ros2/build/diff_drive_controller -- -j8 -l8
[80.387s] Invoking command in '/home/juloau/Desktop/TFG/tfg-jlopez/code/ros2/build/diff_drive_controller': AMENT_PREFIX_PATH=/home/juloau/Desktop/TFG/tfg-jlopez/code/ros2/install/controller_manager:/home/juloau/Desktop/TFG/tfg-jlopez/code/ros2/install/hardware_interface_testing:/home/juloau/Desktop/TFG/tfg-jlopez/code/ros2/install/controller_interface:/home/juloau/Desktop/TFG/tfg-jlopez/code/ros2/install/hardware_interface:/home/juloau/Desktop/TFG/tfg-jlopez/code/ros2/install/ros2_control_test_assets:/home/juloau/Desktop/TFG/tfg-jlopez/code/ros2/install/realtime_tools:/home/juloau/Desktop/TFG/tfg-jlopez/code/ros2/install/controller_manager_msgs:/home/juloau/Desktop/TFG/tfg-jlopez/code/ros2/install/control_msgs:${AMENT_PREFIX_PATH} CMAKE_PREFIX_PATH=/home/juloau/Desktop/TFG/tfg-jlopez/code/ros2/install/controller_manager:/home/juloau/Desktop/TFG/tfg-jlopez/code/ros2/install/hardware_interface_testing:/home/juloau/Desktop/TFG/tfg-jlopez/code/ros2/install/controller_interface:/home/juloau/Desktop/TFG/tfg-jlopez/code/ros2/install/hardware_interface:/home/juloau/Desktop/TFG/tfg-jlopez/code/ros2/install/ros2_control_test_assets:/home/juloau/Desktop/TFG/tfg-jlopez/code/ros2/install/realtime_tools:/home/juloau/Desktop/TFG/tfg-jlopez/code/ros2/install/controller_manager_msgs:/home/juloau/Desktop/TFG/tfg-jlopez/code/ros2/install/control_msgs:/opt/ros/humble LD_LIBRARY_PATH=/home/juloau/Desktop/TFG/tfg-jlopez/code/ros2/install/controller_manager/lib:/home/juloau/Desktop/TFG/tfg-jlopez/code/ros2/install/hardware_interface_testing/lib:/home/juloau/Desktop/TFG/tfg-jlopez/code/ros2/install/controller_interface/lib:/home/juloau/Desktop/TFG/tfg-jlopez/code/ros2/install/hardware_interface/lib:/home/juloau/Desktop/TFG/tfg-jlopez/code/ros2/install/realtime_tools/lib:/home/juloau/Desktop/TFG/tfg-jlopez/code/ros2/install/controller_manager_msgs/lib:/home/juloau/Desktop/TFG/tfg-jlopez/code/ros2/install/control_msgs/lib:/usr/lib/x86_64-linux-gnu/gazebo-11/plugins:/opt/ros/humble/opt/rviz_ogre_vendor/lib:/opt/ros/humble/lib/x86_64-linux-gnu:/opt/ros/humble/lib:/usr/share/gazebo/../../lib/x86_64-linux-gnu/gazebo-11/plugins PYTHONPATH=/home/juloau/Desktop/TFG/tfg-jlopez/code/ros2/install/controller_manager/local/lib/python3.10/dist-packages:/home/juloau/Desktop/TFG/tfg-jlopez/code/ros2/install/controller_manager_msgs/local/lib/python3.10/dist-packages:/home/juloau/Desktop/TFG/tfg-jlopez/code/ros2/install/control_msgs/local/lib/python3.10/dist-packages:${PYTHONPATH} /usr/bin/cmake --install /home/juloau/Desktop/TFG/tfg-jlopez/code/ros2/build/diff_drive_controller
[80.395s] -- Install configuration: ""
[80.395s] -- Execute custom install script
[80.396s] -- Up-to-date symlink: /home/juloau/Desktop/TFG/tfg-jlopez/code/ros2/install/diff_drive_controller/include/diff_drive_controller_parameters/diff_drive_controller_parameters.hpp
[80.396s] -- Up-to-date symlink: /home/juloau/Desktop/TFG/tfg-jlopez/code/ros2/install/diff_drive_controller/share/diff_drive_controller//diff_drive_plugin.xml
[80.397s] -- Up-to-date symlink: /home/juloau/Desktop/TFG/tfg-jlopez/code/ros2/install/diff_drive_controller/include/diff_drive_controller/diff_drive_controller/diff_drive_controller.hpp
[80.397s] -- Up-to-date symlink: /home/juloau/Desktop/TFG/tfg-jlopez/code/ros2/install/diff_drive_controller/include/diff_drive_controller/diff_drive_controller/odometry.hpp
[80.397s] -- Up-to-date symlink: /home/juloau/Desktop/TFG/tfg-jlopez/code/ros2/install/diff_drive_controller/include/diff_drive_controller/diff_drive_controller/speed_limiter.hpp
[80.398s] -- Up-to-date symlink: /home/juloau/Desktop/TFG/tfg-jlopez/code/ros2/install/diff_drive_controller/include/diff_drive_controller/diff_drive_controller/visibility_control.h
[80.398s] -- Up-to-date symlink: /home/juloau/Desktop/TFG/tfg-jlopez/code/ros2/install/diff_drive_controller/share/diff_drive_controller/environment/library_path.sh
[80.398s] -- Up-to-date symlink: /home/juloau/Desktop/TFG/tfg-jlopez/code/ros2/install/diff_drive_controller/share/diff_drive_controller/environment/library_path.dsv
[80.399s] -- Up-to-date symlink: /home/juloau/Desktop/TFG/tfg-jlopez/code/ros2/install/diff_drive_controller/share/ament_index/resource_index/package_run_dependencies/diff_drive_controller
[80.399s] -- Up-to-date symlink: /home/juloau/Desktop/TFG/tfg-jlopez/code/ros2/install/diff_drive_controller/share/ament_index/resource_index/parent_prefix_path/diff_drive_controller
[80.399s] -- Up-to-date symlink: /home/juloau/Desktop/TFG/tfg-jlopez/code/ros2/install/diff_drive_controller/share/diff_drive_controller/environment/ament_prefix_path.sh
[80.399s] -- Up-to-date symlink: /home/juloau/Desktop/TFG/tfg-jlopez/code/ros2/install/diff_drive_controller/share/diff_drive_controller/environment/ament_prefix_path.dsv
[80.400s] -- Up-to-date symlink: /home/juloau/Desktop/TFG/tfg-jlopez/code/ros2/install/diff_drive_controller/share/diff_drive_controller/environment/path.sh
[80.400s] -- Up-to-date symlink: /home/juloau/Desktop/TFG/tfg-jlopez/code/ros2/install/diff_drive_controller/share/diff_drive_controller/environment/path.dsv
[80.400s] -- Up-to-date symlink: /home/juloau/Desktop/TFG/tfg-jlopez/code/ros2/install/diff_drive_controller/share/diff_drive_controller/local_setup.bash
[80.401s] -- Up-to-date symlink: /home/juloau/Desktop/TFG/tfg-jlopez/code/ros2/install/diff_drive_controller/share/diff_drive_controller/local_setup.sh
[80.402s] -- Up-to-date symlink: /home/juloau/Desktop/TFG/tfg-jlopez/code/ros2/install/diff_drive_controller/share/diff_drive_controller/local_setup.zsh
[80.402s] -- Up-to-date symlink: /home/juloau/Desktop/TFG/tfg-jlopez/code/ros2/install/diff_drive_controller/share/diff_drive_controller/local_setup.dsv
[80.402s] -- Symlinking: /home/juloau/Desktop/TFG/tfg-jlopez/code/ros2/install/diff_drive_controller/share/diff_drive_controller/package.dsv
[80.416s] -- Up-to-date symlink: /home/juloau/Desktop/TFG/tfg-jlopez/code/ros2/install/diff_drive_controller/share/ament_index/resource_index/packages/diff_drive_controller
[80.416s] -- Up-to-date symlink: /home/juloau/Desktop/TFG/tfg-jlopez/code/ros2/install/diff_drive_controller/share/ament_index/resource_index/controller_interface__pluginlib__plugin/diff_drive_controller
[80.416s] -- Up-to-date symlink: /home/juloau/Desktop/TFG/tfg-jlopez/code/ros2/install/diff_drive_controller/share/diff_drive_controller/cmake/ament_cmake_export_targets-extras.cmake
[80.417s] -- Up-to-date symlink: /home/juloau/Desktop/TFG/tfg-jlopez/code/ros2/install/diff_drive_controller/share/diff_drive_controller/cmake/ament_cmake_export_dependencies-extras.cmake
[80.417s] -- Up-to-date symlink: /home/juloau/Desktop/TFG/tfg-jlopez/code/ros2/install/diff_drive_controller/share/diff_drive_controller/cmake/diff_drive_controllerConfig.cmake
[80.417s] -- Up-to-date symlink: /home/juloau/Desktop/TFG/tfg-jlopez/code/ros2/install/diff_drive_controller/share/diff_drive_controller/cmake/diff_drive_controllerConfig-version.cmake
[80.417s] -- Up-to-date symlink: /home/juloau/Desktop/TFG/tfg-jlopez/code/ros2/install/diff_drive_controller/share/diff_drive_controller/package.xml
[80.419s] -- Installing: /home/juloau/Desktop/TFG/tfg-jlopez/code/ros2/install/diff_drive_controller/lib/libdiff_drive_controller.so
[80.439s] -- Set runtime path of "/home/juloau/Desktop/TFG/tfg-jlopez/code/ros2/install/diff_drive_controller/lib/libdiff_drive_controller.so" to ""
[80.439s] -- Up-to-date: /home/juloau/Desktop/TFG/tfg-jlopez/code/ros2/install/diff_drive_controller/share/diff_drive_controller/cmake/export_diff_drive_controllerExport.cmake
[80.439s] -- Up-to-date: /home/juloau/Desktop/TFG/tfg-jlopez/code/ros2/install/diff_drive_controller/share/diff_drive_controller/cmake/export_diff_drive_controllerExport-noconfig.cmake
[80.443s] Invoked command in '/home/juloau/Desktop/TFG/tfg-jlopez/code/ros2/build/diff_drive_controller' returned '0': AMENT_PREFIX_PATH=/home/juloau/Desktop/TFG/tfg-jlopez/code/ros2/install/controller_manager:/home/juloau/Desktop/TFG/tfg-jlopez/code/ros2/install/hardware_interface_testing:/home/juloau/Desktop/TFG/tfg-jlopez/code/ros2/install/controller_interface:/home/juloau/Desktop/TFG/tfg-jlopez/code/ros2/install/hardware_interface:/home/juloau/Desktop/TFG/tfg-jlopez/code/ros2/install/ros2_control_test_assets:/home/juloau/Desktop/TFG/tfg-jlopez/code/ros2/install/realtime_tools:/home/juloau/Desktop/TFG/tfg-jlopez/code/ros2/install/controller_manager_msgs:/home/juloau/Desktop/TFG/tfg-jlopez/code/ros2/install/control_msgs:${AMENT_PREFIX_PATH} CMAKE_PREFIX_PATH=/home/juloau/Desktop/TFG/tfg-jlopez/code/ros2/install/controller_manager:/home/juloau/Desktop/TFG/tfg-jlopez/code/ros2/install/hardware_interface_testing:/home/juloau/Desktop/TFG/tfg-jlopez/code/ros2/install/controller_interface:/home/juloau/Desktop/TFG/tfg-jlopez/code/ros2/install/hardware_interface:/home/juloau/Desktop/TFG/tfg-jlopez/code/ros2/install/ros2_control_test_assets:/home/juloau/Desktop/TFG/tfg-jlopez/code/ros2/install/realtime_tools:/home/juloau/Desktop/TFG/tfg-jlopez/code/ros2/install/controller_manager_msgs:/home/juloau/Desktop/TFG/tfg-jlopez/code/ros2/install/control_msgs:/opt/ros/humble LD_LIBRARY_PATH=/home/juloau/Desktop/TFG/tfg-jlopez/code/ros2/install/controller_manager/lib:/home/juloau/Desktop/TFG/tfg-jlopez/code/ros2/install/hardware_interface_testing/lib:/home/juloau/Desktop/TFG/tfg-jlopez/code/ros2/install/controller_interface/lib:/home/juloau/Desktop/TFG/tfg-jlopez/code/ros2/install/hardware_interface/lib:/home/juloau/Desktop/TFG/tfg-jlopez/code/ros2/install/realtime_tools/lib:/home/juloau/Desktop/TFG/tfg-jlopez/code/ros2/install/controller_manager_msgs/lib:/home/juloau/Desktop/TFG/tfg-jlopez/code/ros2/install/control_msgs/lib:/usr/lib/x86_64-linux-gnu/gazebo-11/plugins:/opt/ros/humble/opt/rviz_ogre_vendor/lib:/opt/ros/humble/lib/x86_64-linux-gnu:/opt/ros/humble/lib:/usr/share/gazebo/../../lib/x86_64-linux-gnu/gazebo-11/plugins PYTHONPATH=/home/juloau/Desktop/TFG/tfg-jlopez/code/ros2/install/controller_manager/local/lib/python3.10/dist-packages:/home/juloau/Desktop/TFG/tfg-jlopez/code/ros2/install/controller_manager_msgs/local/lib/python3.10/dist-packages:/home/juloau/Desktop/TFG/tfg-jlopez/code/ros2/install/control_msgs/local/lib/python3.10/dist-packages:${PYTHONPATH} /usr/bin/cmake --install /home/juloau/Desktop/TFG/tfg-jlopez/code/ros2/build/diff_drive_controller
