[0.038s] Invoking command in '/home/juloau/Desktop/TFG/tfg-jlopez/code/ros2/build/pid_controller': AMENT_PREFIX_PATH=/home/juloau/Desktop/TFG/tfg-jlopez/code/ros2/install/controller_manager:/home/juloau/Desktop/TFG/tfg-jlopez/code/ros2/install/hardware_interface_testing:/home/juloau/Desktop/TFG/tfg-jlopez/code/ros2/install/controller_interface:/home/juloau/Desktop/TFG/tfg-jlopez/code/ros2/install/hardware_interface:/home/juloau/Desktop/TFG/tfg-jlopez/code/ros2/install/control_toolbox:/home/juloau/Desktop/TFG/tfg-jlopez/code/ros2/install/ros2_control_test_assets:/home/juloau/Desktop/TFG/tfg-jlopez/code/ros2/install/realtime_tools:/home/juloau/Desktop/TFG/tfg-jlopez/code/ros2/install/controller_manager_msgs:/home/juloau/Desktop/TFG/tfg-jlopez/code/ros2/install/control_msgs:${AMENT_PREFIX_PATH} CMAKE_PREFIX_PATH=/home/juloau/Desktop/TFG/tfg-jlopez/code/ros2/install/controller_manager:/home/juloau/Desktop/TFG/tfg-jlopez/code/ros2/install/hardware_interface_testing:/home/juloau/Desktop/TFG/tfg-jlopez/code/ros2/install/controller_interface:/home/juloau/Desktop/TFG/tfg-jlopez/code/ros2/install/hardware_interface:/home/juloau/Desktop/TFG/tfg-jlopez/code/ros2/install/control_toolbox:/home/juloau/Desktop/TFG/tfg-jlopez/code/ros2/install/ros2_control_test_assets:/home/juloau/Desktop/TFG/tfg-jlopez/code/ros2/install/realtime_tools:/home/juloau/Desktop/TFG/tfg-jlopez/code/ros2/install/controller_manager_msgs:/home/juloau/Desktop/TFG/tfg-jlopez/code/ros2/install/control_msgs:/opt/ros/humble LD_LIBRARY_PATH=/home/juloau/Desktop/TFG/tfg-jlopez/code/ros2/install/controller_manager/lib:/home/juloau/Desktop/TFG/tfg-jlopez/code/ros2/install/hardware_interface_testing/lib:/home/juloau/Desktop/TFG/tfg-jlopez/code/ros2/install/controller_interface/lib:/home/juloau/Desktop/TFG/tfg-jlopez/code/ros2/install/hardware_interface/lib:/home/juloau/Desktop/TFG/tfg-jlopez/code/ros2/install/control_toolbox/lib:/home/juloau/Desktop/TFG/tfg-jlopez/code/ros2/install/realtime_tools/lib:/home/juloau/Desktop/TFG/tfg-jlopez/code/ros2/install/controller_manager_msgs/lib:/home/juloau/Desktop/TFG/tfg-jlopez/code/ros2/install/control_msgs/lib:/usr/lib/x86_64-linux-gnu/gazebo-11/plugins:/opt/ros/humble/opt/rviz_ogre_vendor/lib:/opt/ros/humble/lib/x86_64-linux-gnu:/opt/ros/humble/lib:/usr/share/gazebo/../../lib/x86_64-linux-gnu/gazebo-11/plugins PYTHONPATH=/home/juloau/Desktop/TFG/tfg-jlopez/code/ros2/install/controller_manager/local/lib/python3.10/dist-packages:/home/juloau/Desktop/TFG/tfg-jlopez/code/ros2/install/controller_manager_msgs/local/lib/python3.10/dist-packages:/home/juloau/Desktop/TFG/tfg-jlopez/code/ros2/install/control_msgs/local/lib/python3.10/dist-packages:${PYTHONPATH} /usr/bin/cmake /home/juloau/Desktop/TFG/tfg-jlopez/code/ros2/src/ros-controls/ros2_controllers/pid_controller -DAMENT_CMAKE_SYMLINK_INSTALL=1 -DCMAKE_INSTALL_PREFIX=/home/juloau/Desktop/TFG/tfg-jlopez/code/ros2/install/pid_controller
[0.139s] -- The CXX compiler identification is GNU 11.4.0
[0.152s] -- Detecting CXX compiler ABI info
[0.266s] -- Detecting CXX compiler ABI info - done
[0.278s] -- Check for working CXX compiler: /usr/bin/c++ - skipped
[0.279s] -- Detecting CXX compile features
[0.279s] -- Detecting CXX compile features - done
[0.284s] -- Found ament_cmake: 1.3.9 (/opt/ros/humble/share/ament_cmake/cmake)
[0.525s] -- Found Python3: /usr/bin/python3 (found version "3.10.12") found components: Interpreter 
[0.620s] -- Override CMake install command with custom implementation using symlinks instead of copying resources
[0.710s] -- Found backward_ros: 1.0.2 (/opt/ros/humble/share/backward_ros/cmake)
[0.728s] -- Found libdw: /usr/lib/x86_64-linux-gnu/libdw.so  
[0.739s] -- Could NOT find libbfd (missing: LIBBFD_LIBRARY LIBBFD_INCLUDE_DIR) 
[0.739s] -- BACKWARD_HAS_UNWIND=1
[0.739s] -- BACKWARD_HAS_BACKTRACE=0
[0.739s] -- BACKWARD_HAS_BACKTRACE_SYMBOL=0
[0.739s] -- BACKWARD_HAS_DW=1
[0.740s] -- BACKWARD_HAS_BFD=0
[0.740s] -- Found Backward: /opt/ros/humble/share/backward_ros/cmake  
[0.744s] -- Found angles: 1.15.0 (/opt/ros/humble/share/angles/cmake)
[0.747s] -- Found control_msgs: 4.6.0 (/home/juloau/Desktop/TFG/tfg-jlopez/code/ros2/install/control_msgs/share/control_msgs/cmake)
[0.812s] -- Found rosidl_generator_c: 3.1.5 (/opt/ros/humble/share/rosidl_generator_c/cmake)
[0.823s] -- Found rosidl_adapter: 3.1.5 (/opt/ros/humble/share/rosidl_adapter/cmake)
[0.840s] -- Found rosidl_generator_cpp: 3.1.5 (/opt/ros/humble/share/rosidl_generator_cpp/cmake)
[0.866s] -- Using all available rosidl_typesupport_c: rosidl_typesupport_fastrtps_c;rosidl_typesupport_introspection_c
[0.904s] -- Using all available rosidl_typesupport_cpp: rosidl_typesupport_fastrtps_cpp;rosidl_typesupport_introspection_cpp
[1.865s] -- Found control_toolbox: 3.2.0 (/home/juloau/Desktop/TFG/tfg-jlopez/code/ros2/install/control_toolbox/share/control_toolbox/cmake)
[1.994s] -- Found rmw_implementation_cmake: 6.1.2 (/opt/ros/humble/share/rmw_implementation_cmake/cmake)
[2.000s] -- Found rmw_fastrtps_cpp: 6.2.6 (/opt/ros/humble/share/rmw_fastrtps_cpp/cmake)
[2.187s] -- Found OpenSSL: /usr/lib/x86_64-linux-gnu/libcrypto.so (found version "3.0.2")  
[2.243s] -- Found FastRTPS: /opt/ros/humble/include  
[2.325s] -- Using RMW implementation 'rmw_fastrtps_cpp' as default
[2.346s] -- Looking for C++ include pthread.h
[2.513s] -- Looking for C++ include pthread.h - found
[2.514s] -- Performing Test CMAKE_HAVE_LIBC_PTHREAD
[2.684s] -- Performing Test CMAKE_HAVE_LIBC_PTHREAD - Success
[2.685s] -- Found Threads: TRUE  
[3.048s] -- Found parameter_traits: 0.3.8 (/opt/ros/humble/share/parameter_traits/cmake)
[3.090s] -- Found rclcpp_lifecycle: 16.0.9 (/opt/ros/humble/share/rclcpp_lifecycle/cmake)
[3.210s] -- Found controller_interface: 2.42.0 (/home/juloau/Desktop/TFG/tfg-jlopez/code/ros2/install/controller_interface/share/controller_interface/cmake)
[3.623s] -- Found std_srvs: 4.2.4 (/opt/ros/humble/share/std_srvs/cmake)
[4.135s] -- Found ament_cmake_gmock: 1.3.9 (/opt/ros/humble/share/ament_cmake_gmock/cmake)
[4.136s] -- Found controller_manager: 2.42.0 (/home/juloau/Desktop/TFG/tfg-jlopez/code/ros2/install/controller_manager/share/controller_manager/cmake)
[4.661s] -- Found ros2_control_test_assets: 2.42.0 (/home/juloau/Desktop/TFG/tfg-jlopez/code/ros2/install/ros2_control_test_assets/share/ros2_control_test_assets/cmake)
[4.666s] -- Found gmock sources under '/opt/ros/humble/src/gmock_vendor': C++ tests using 'Google Mock' will be built
[4.720s] -- The C compiler identification is GNU 11.4.0
[4.730s] -- Detecting C compiler ABI info
[4.867s] -- Detecting C compiler ABI info - done
[4.879s] -- Check for working C compiler: /usr/bin/cc - skipped
[4.879s] -- Detecting C compile features
[4.880s] -- Detecting C compile features - done
[4.888s] -- Found ament_cmake_gtest: 1.3.9 (/opt/ros/humble/share/ament_cmake_gtest/cmake)
[4.890s] -- Found gtest sources under '/opt/ros/humble/src/gtest_vendor': C++ tests using 'Google Test' will be built
[5.407s] -- Found gmock sources under '/opt/ros/humble/src/gmock_vendor': C++ tests using 'Google Mock' will be built
[5.407s] -- Found ament_cmake_gtest: 1.3.9 (/opt/ros/humble/share/ament_cmake_gtest/cmake)
[5.408s] -- Found gtest sources under '/opt/ros/humble/src/gtest_vendor': C++ tests using 'Google Test' will be built
[5.915s] -- Found gmock sources under '/opt/ros/humble/src/gmock_vendor': C++ tests using 'Google Mock' will be built
[5.915s] -- Found ament_cmake_gtest: 1.3.9 (/opt/ros/humble/share/ament_cmake_gtest/cmake)
[5.916s] -- Found gtest sources under '/opt/ros/humble/src/gtest_vendor': C++ tests using 'Google Test' will be built
[6.489s] -- Configuring done
[6.582s] -- Generating done
[6.586s] -- Build files have been written to: /home/juloau/Desktop/TFG/tfg-jlopez/code/ros2/build/pid_controller
[6.609s] Invoked command in '/home/juloau/Desktop/TFG/tfg-jlopez/code/ros2/build/pid_controller' returned '0': AMENT_PREFIX_PATH=/home/juloau/Desktop/TFG/tfg-jlopez/code/ros2/install/controller_manager:/home/juloau/Desktop/TFG/tfg-jlopez/code/ros2/install/hardware_interface_testing:/home/juloau/Desktop/TFG/tfg-jlopez/code/ros2/install/controller_interface:/home/juloau/Desktop/TFG/tfg-jlopez/code/ros2/install/hardware_interface:/home/juloau/Desktop/TFG/tfg-jlopez/code/ros2/install/control_toolbox:/home/juloau/Desktop/TFG/tfg-jlopez/code/ros2/install/ros2_control_test_assets:/home/juloau/Desktop/TFG/tfg-jlopez/code/ros2/install/realtime_tools:/home/juloau/Desktop/TFG/tfg-jlopez/code/ros2/install/controller_manager_msgs:/home/juloau/Desktop/TFG/tfg-jlopez/code/ros2/install/control_msgs:${AMENT_PREFIX_PATH} CMAKE_PREFIX_PATH=/home/juloau/Desktop/TFG/tfg-jlopez/code/ros2/install/controller_manager:/home/juloau/Desktop/TFG/tfg-jlopez/code/ros2/install/hardware_interface_testing:/home/juloau/Desktop/TFG/tfg-jlopez/code/ros2/install/controller_interface:/home/juloau/Desktop/TFG/tfg-jlopez/code/ros2/install/hardware_interface:/home/juloau/Desktop/TFG/tfg-jlopez/code/ros2/install/control_toolbox:/home/juloau/Desktop/TFG/tfg-jlopez/code/ros2/install/ros2_control_test_assets:/home/juloau/Desktop/TFG/tfg-jlopez/code/ros2/install/realtime_tools:/home/juloau/Desktop/TFG/tfg-jlopez/code/ros2/install/controller_manager_msgs:/home/juloau/Desktop/TFG/tfg-jlopez/code/ros2/install/control_msgs:/opt/ros/humble LD_LIBRARY_PATH=/home/juloau/Desktop/TFG/tfg-jlopez/code/ros2/install/controller_manager/lib:/home/juloau/Desktop/TFG/tfg-jlopez/code/ros2/install/hardware_interface_testing/lib:/home/juloau/Desktop/TFG/tfg-jlopez/code/ros2/install/controller_interface/lib:/home/juloau/Desktop/TFG/tfg-jlopez/code/ros2/install/hardware_interface/lib:/home/juloau/Desktop/TFG/tfg-jlopez/code/ros2/install/control_toolbox/lib:/home/juloau/Desktop/TFG/tfg-jlopez/code/ros2/install/realtime_tools/lib:/home/juloau/Desktop/TFG/tfg-jlopez/code/ros2/install/controller_manager_msgs/lib:/home/juloau/Desktop/TFG/tfg-jlopez/code/ros2/install/control_msgs/lib:/usr/lib/x86_64-linux-gnu/gazebo-11/plugins:/opt/ros/humble/opt/rviz_ogre_vendor/lib:/opt/ros/humble/lib/x86_64-linux-gnu:/opt/ros/humble/lib:/usr/share/gazebo/../../lib/x86_64-linux-gnu/gazebo-11/plugins PYTHONPATH=/home/juloau/Desktop/TFG/tfg-jlopez/code/ros2/install/controller_manager/local/lib/python3.10/dist-packages:/home/juloau/Desktop/TFG/tfg-jlopez/code/ros2/install/controller_manager_msgs/local/lib/python3.10/dist-packages:/home/juloau/Desktop/TFG/tfg-jlopez/code/ros2/install/control_msgs/local/lib/python3.10/dist-packages:${PYTHONPATH} /usr/bin/cmake /home/juloau/Desktop/TFG/tfg-jlopez/code/ros2/src/ros-controls/ros2_controllers/pid_controller -DAMENT_CMAKE_SYMLINK_INSTALL=1 -DCMAKE_INSTALL_PREFIX=/home/juloau/Desktop/TFG/tfg-jlopez/code/ros2/install/pid_controller
[6.612s] Invoking command in '/home/juloau/Desktop/TFG/tfg-jlopez/code/ros2/build/pid_controller': AMENT_PREFIX_PATH=/home/juloau/Desktop/TFG/tfg-jlopez/code/ros2/install/controller_manager:/home/juloau/Desktop/TFG/tfg-jlopez/code/ros2/install/hardware_interface_testing:/home/juloau/Desktop/TFG/tfg-jlopez/code/ros2/install/controller_interface:/home/juloau/Desktop/TFG/tfg-jlopez/code/ros2/install/hardware_interface:/home/juloau/Desktop/TFG/tfg-jlopez/code/ros2/install/control_toolbox:/home/juloau/Desktop/TFG/tfg-jlopez/code/ros2/install/ros2_control_test_assets:/home/juloau/Desktop/TFG/tfg-jlopez/code/ros2/install/realtime_tools:/home/juloau/Desktop/TFG/tfg-jlopez/code/ros2/install/controller_manager_msgs:/home/juloau/Desktop/TFG/tfg-jlopez/code/ros2/install/control_msgs:${AMENT_PREFIX_PATH} CMAKE_PREFIX_PATH=/home/juloau/Desktop/TFG/tfg-jlopez/code/ros2/install/controller_manager:/home/juloau/Desktop/TFG/tfg-jlopez/code/ros2/install/hardware_interface_testing:/home/juloau/Desktop/TFG/tfg-jlopez/code/ros2/install/controller_interface:/home/juloau/Desktop/TFG/tfg-jlopez/code/ros2/install/hardware_interface:/home/juloau/Desktop/TFG/tfg-jlopez/code/ros2/install/control_toolbox:/home/juloau/Desktop/TFG/tfg-jlopez/code/ros2/install/ros2_control_test_assets:/home/juloau/Desktop/TFG/tfg-jlopez/code/ros2/install/realtime_tools:/home/juloau/Desktop/TFG/tfg-jlopez/code/ros2/install/controller_manager_msgs:/home/juloau/Desktop/TFG/tfg-jlopez/code/ros2/install/control_msgs:/opt/ros/humble LD_LIBRARY_PATH=/home/juloau/Desktop/TFG/tfg-jlopez/code/ros2/install/controller_manager/lib:/home/juloau/Desktop/TFG/tfg-jlopez/code/ros2/install/hardware_interface_testing/lib:/home/juloau/Desktop/TFG/tfg-jlopez/code/ros2/install/controller_interface/lib:/home/juloau/Desktop/TFG/tfg-jlopez/code/ros2/install/hardware_interface/lib:/home/juloau/Desktop/TFG/tfg-jlopez/code/ros2/install/control_toolbox/lib:/home/juloau/Desktop/TFG/tfg-jlopez/code/ros2/install/realtime_tools/lib:/home/juloau/Desktop/TFG/tfg-jlopez/code/ros2/install/controller_manager_msgs/lib:/home/juloau/Desktop/TFG/tfg-jlopez/code/ros2/install/control_msgs/lib:/usr/lib/x86_64-linux-gnu/gazebo-11/plugins:/opt/ros/humble/opt/rviz_ogre_vendor/lib:/opt/ros/humble/lib/x86_64-linux-gnu:/opt/ros/humble/lib:/usr/share/gazebo/../../lib/x86_64-linux-gnu/gazebo-11/plugins PYTHONPATH=/home/juloau/Desktop/TFG/tfg-jlopez/code/ros2/install/controller_manager/local/lib/python3.10/dist-packages:/home/juloau/Desktop/TFG/tfg-jlopez/code/ros2/install/controller_manager_msgs/local/lib/python3.10/dist-packages:/home/juloau/Desktop/TFG/tfg-jlopez/code/ros2/install/control_msgs/local/lib/python3.10/dist-packages:${PYTHONPATH} /usr/bin/cmake --build /home/juloau/Desktop/TFG/tfg-jlopez/code/ros2/build/pid_controller -- -j8 -l8
[6.696s] [ 14%] [32mBuilding CXX object gmock/CMakeFiles/gmock.dir/opt/ros/humble/src/gtest_vendor/src/gtest-all.cc.o[0m
[6.696s] [ 14%] [32mBuilding CXX object gmock/CMakeFiles/gmock_main.dir/src/gmock_main.cc.o[0m
[6.696s] [ 21%] [34m[1mRunning `/opt/ros/humble/bin/generate_parameter_library_cpp /home/juloau/Desktop/TFG/tfg-jlopez/code/ros2/build/pid_controller/pid_controller_parameters/include//pid_controller_parameters.hpp /home/juloau/Desktop/TFG/tfg-jlopez/code/ros2/src/ros-controls/ros2_controllers/pid_controller/src/pid_controller.yaml `[0m
[6.700s] [ 28%] [32mBuilding CXX object gmock/CMakeFiles/gmock.dir/src/gmock-all.cc.o[0m
[8.426s] [ 28%] Built target pid_controller_parameters
[8.462s] [ 35%] [32mBuilding CXX object CMakeFiles/pid_controller.dir/src/pid_controller.cpp.o[0m
[10.179s] [ 42%] [32m[1mLinking CXX static library libgmock_main.a[0m
[10.251s] [ 42%] Built target gmock_main
[13.358s] [ 50%] [32m[1mLinking CXX static library libgmock.a[0m
[13.444s] [ 50%] Built target gmock
[13.474s] [ 57%] [32mBuilding CXX object CMakeFiles/test_load_pid_controller.dir/test/test_load_pid_controller.cpp.o[0m
[23.015s] [ 64%] [32m[1mLinking CXX executable test_load_pid_controller[0m
[24.251s] [ 64%] Built target test_load_pid_controller
[27.115s] [ 71%] [32m[1mLinking CXX shared library libpid_controller.so[0m
[28.648s] [ 71%] Built target pid_controller
[28.691s] [ 78%] [32mBuilding CXX object CMakeFiles/test_pid_controller.dir/test/test_pid_controller.cpp.o[0m
[28.692s] [ 85%] [32mBuilding CXX object CMakeFiles/test_pid_controller_preceding.dir/test/test_pid_controller_preceding.cpp.o[0m
[43.688s] [ 92%] [32m[1mLinking CXX executable test_pid_controller_preceding[0m
[44.942s] [ 92%] Built target test_pid_controller_preceding
[49.667s] [100%] [32m[1mLinking CXX executable test_pid_controller[0m
[50.902s] [100%] Built target test_pid_controller
[50.918s] Invoked command in '/home/juloau/Desktop/TFG/tfg-jlopez/code/ros2/build/pid_controller' returned '0': AMENT_PREFIX_PATH=/home/juloau/Desktop/TFG/tfg-jlopez/code/ros2/install/controller_manager:/home/juloau/Desktop/TFG/tfg-jlopez/code/ros2/install/hardware_interface_testing:/home/juloau/Desktop/TFG/tfg-jlopez/code/ros2/install/controller_interface:/home/juloau/Desktop/TFG/tfg-jlopez/code/ros2/install/hardware_interface:/home/juloau/Desktop/TFG/tfg-jlopez/code/ros2/install/control_toolbox:/home/juloau/Desktop/TFG/tfg-jlopez/code/ros2/install/ros2_control_test_assets:/home/juloau/Desktop/TFG/tfg-jlopez/code/ros2/install/realtime_tools:/home/juloau/Desktop/TFG/tfg-jlopez/code/ros2/install/controller_manager_msgs:/home/juloau/Desktop/TFG/tfg-jlopez/code/ros2/install/control_msgs:${AMENT_PREFIX_PATH} CMAKE_PREFIX_PATH=/home/juloau/Desktop/TFG/tfg-jlopez/code/ros2/install/controller_manager:/home/juloau/Desktop/TFG/tfg-jlopez/code/ros2/install/hardware_interface_testing:/home/juloau/Desktop/TFG/tfg-jlopez/code/ros2/install/controller_interface:/home/juloau/Desktop/TFG/tfg-jlopez/code/ros2/install/hardware_interface:/home/juloau/Desktop/TFG/tfg-jlopez/code/ros2/install/control_toolbox:/home/juloau/Desktop/TFG/tfg-jlopez/code/ros2/install/ros2_control_test_assets:/home/juloau/Desktop/TFG/tfg-jlopez/code/ros2/install/realtime_tools:/home/juloau/Desktop/TFG/tfg-jlopez/code/ros2/install/controller_manager_msgs:/home/juloau/Desktop/TFG/tfg-jlopez/code/ros2/install/control_msgs:/opt/ros/humble LD_LIBRARY_PATH=/home/juloau/Desktop/TFG/tfg-jlopez/code/ros2/install/controller_manager/lib:/home/juloau/Desktop/TFG/tfg-jlopez/code/ros2/install/hardware_interface_testing/lib:/home/juloau/Desktop/TFG/tfg-jlopez/code/ros2/install/controller_interface/lib:/home/juloau/Desktop/TFG/tfg-jlopez/code/ros2/install/hardware_interface/lib:/home/juloau/Desktop/TFG/tfg-jlopez/code/ros2/install/control_toolbox/lib:/home/juloau/Desktop/TFG/tfg-jlopez/code/ros2/install/realtime_tools/lib:/home/juloau/Desktop/TFG/tfg-jlopez/code/ros2/install/controller_manager_msgs/lib:/home/juloau/Desktop/TFG/tfg-jlopez/code/ros2/install/control_msgs/lib:/usr/lib/x86_64-linux-gnu/gazebo-11/plugins:/opt/ros/humble/opt/rviz_ogre_vendor/lib:/opt/ros/humble/lib/x86_64-linux-gnu:/opt/ros/humble/lib:/usr/share/gazebo/../../lib/x86_64-linux-gnu/gazebo-11/plugins PYTHONPATH=/home/juloau/Desktop/TFG/tfg-jlopez/code/ros2/install/controller_manager/local/lib/python3.10/dist-packages:/home/juloau/Desktop/TFG/tfg-jlopez/code/ros2/install/controller_manager_msgs/local/lib/python3.10/dist-packages:/home/juloau/Desktop/TFG/tfg-jlopez/code/ros2/install/control_msgs/local/lib/python3.10/dist-packages:${PYTHONPATH} /usr/bin/cmake --build /home/juloau/Desktop/TFG/tfg-jlopez/code/ros2/build/pid_controller -- -j8 -l8
[50.964s] Invoking command in '/home/juloau/Desktop/TFG/tfg-jlopez/code/ros2/build/pid_controller': AMENT_PREFIX_PATH=/home/juloau/Desktop/TFG/tfg-jlopez/code/ros2/install/controller_manager:/home/juloau/Desktop/TFG/tfg-jlopez/code/ros2/install/hardware_interface_testing:/home/juloau/Desktop/TFG/tfg-jlopez/code/ros2/install/controller_interface:/home/juloau/Desktop/TFG/tfg-jlopez/code/ros2/install/hardware_interface:/home/juloau/Desktop/TFG/tfg-jlopez/code/ros2/install/control_toolbox:/home/juloau/Desktop/TFG/tfg-jlopez/code/ros2/install/ros2_control_test_assets:/home/juloau/Desktop/TFG/tfg-jlopez/code/ros2/install/realtime_tools:/home/juloau/Desktop/TFG/tfg-jlopez/code/ros2/install/controller_manager_msgs:/home/juloau/Desktop/TFG/tfg-jlopez/code/ros2/install/control_msgs:${AMENT_PREFIX_PATH} CMAKE_PREFIX_PATH=/home/juloau/Desktop/TFG/tfg-jlopez/code/ros2/install/controller_manager:/home/juloau/Desktop/TFG/tfg-jlopez/code/ros2/install/hardware_interface_testing:/home/juloau/Desktop/TFG/tfg-jlopez/code/ros2/install/controller_interface:/home/juloau/Desktop/TFG/tfg-jlopez/code/ros2/install/hardware_interface:/home/juloau/Desktop/TFG/tfg-jlopez/code/ros2/install/control_toolbox:/home/juloau/Desktop/TFG/tfg-jlopez/code/ros2/install/ros2_control_test_assets:/home/juloau/Desktop/TFG/tfg-jlopez/code/ros2/install/realtime_tools:/home/juloau/Desktop/TFG/tfg-jlopez/code/ros2/install/controller_manager_msgs:/home/juloau/Desktop/TFG/tfg-jlopez/code/ros2/install/control_msgs:/opt/ros/humble LD_LIBRARY_PATH=/home/juloau/Desktop/TFG/tfg-jlopez/code/ros2/install/controller_manager/lib:/home/juloau/Desktop/TFG/tfg-jlopez/code/ros2/install/hardware_interface_testing/lib:/home/juloau/Desktop/TFG/tfg-jlopez/code/ros2/install/controller_interface/lib:/home/juloau/Desktop/TFG/tfg-jlopez/code/ros2/install/hardware_interface/lib:/home/juloau/Desktop/TFG/tfg-jlopez/code/ros2/install/control_toolbox/lib:/home/juloau/Desktop/TFG/tfg-jlopez/code/ros2/install/realtime_tools/lib:/home/juloau/Desktop/TFG/tfg-jlopez/code/ros2/install/controller_manager_msgs/lib:/home/juloau/Desktop/TFG/tfg-jlopez/code/ros2/install/control_msgs/lib:/usr/lib/x86_64-linux-gnu/gazebo-11/plugins:/opt/ros/humble/opt/rviz_ogre_vendor/lib:/opt/ros/humble/lib/x86_64-linux-gnu:/opt/ros/humble/lib:/usr/share/gazebo/../../lib/x86_64-linux-gnu/gazebo-11/plugins PYTHONPATH=/home/juloau/Desktop/TFG/tfg-jlopez/code/ros2/install/controller_manager/local/lib/python3.10/dist-packages:/home/juloau/Desktop/TFG/tfg-jlopez/code/ros2/install/controller_manager_msgs/local/lib/python3.10/dist-packages:/home/juloau/Desktop/TFG/tfg-jlopez/code/ros2/install/control_msgs/local/lib/python3.10/dist-packages:${PYTHONPATH} /usr/bin/cmake --install /home/juloau/Desktop/TFG/tfg-jlopez/code/ros2/build/pid_controller
[50.974s] -- Install configuration: ""
[50.974s] -- Execute custom install script
[50.975s] -- Symlinking: /home/juloau/Desktop/TFG/tfg-jlopez/code/ros2/install/pid_controller/include/pid_controller_parameters/pid_controller_parameters.hpp
[50.987s] -- Symlinking: /home/juloau/Desktop/TFG/tfg-jlopez/code/ros2/install/pid_controller/share/pid_controller//pid_controller.xml
[51.001s] -- Symlinking: /home/juloau/Desktop/TFG/tfg-jlopez/code/ros2/install/pid_controller/include/pid_controller/pid_controller/pid_controller.hpp
[51.013s] -- Symlinking: /home/juloau/Desktop/TFG/tfg-jlopez/code/ros2/install/pid_controller/include/pid_controller/pid_controller/visibility_control.h
[51.025s] -- Symlinking: /home/juloau/Desktop/TFG/tfg-jlopez/code/ros2/install/pid_controller/share/pid_controller/environment/library_path.sh
[51.037s] -- Symlinking: /home/juloau/Desktop/TFG/tfg-jlopez/code/ros2/install/pid_controller/share/pid_controller/environment/library_path.dsv
[51.050s] -- Symlinking: /home/juloau/Desktop/TFG/tfg-jlopez/code/ros2/install/pid_controller/share/ament_index/resource_index/package_run_dependencies/pid_controller
[51.062s] -- Symlinking: /home/juloau/Desktop/TFG/tfg-jlopez/code/ros2/install/pid_controller/share/ament_index/resource_index/parent_prefix_path/pid_controller
[51.074s] -- Symlinking: /home/juloau/Desktop/TFG/tfg-jlopez/code/ros2/install/pid_controller/share/pid_controller/environment/ament_prefix_path.sh
[51.087s] -- Symlinking: /home/juloau/Desktop/TFG/tfg-jlopez/code/ros2/install/pid_controller/share/pid_controller/environment/ament_prefix_path.dsv
[51.099s] -- Symlinking: /home/juloau/Desktop/TFG/tfg-jlopez/code/ros2/install/pid_controller/share/pid_controller/environment/path.sh
[51.112s] -- Symlinking: /home/juloau/Desktop/TFG/tfg-jlopez/code/ros2/install/pid_controller/share/pid_controller/environment/path.dsv
[51.125s] -- Symlinking: /home/juloau/Desktop/TFG/tfg-jlopez/code/ros2/install/pid_controller/share/pid_controller/local_setup.bash
[51.137s] -- Symlinking: /home/juloau/Desktop/TFG/tfg-jlopez/code/ros2/install/pid_controller/share/pid_controller/local_setup.sh
[51.149s] -- Symlinking: /home/juloau/Desktop/TFG/tfg-jlopez/code/ros2/install/pid_controller/share/pid_controller/local_setup.zsh
[51.161s] -- Symlinking: /home/juloau/Desktop/TFG/tfg-jlopez/code/ros2/install/pid_controller/share/pid_controller/local_setup.dsv
[51.174s] -- Symlinking: /home/juloau/Desktop/TFG/tfg-jlopez/code/ros2/install/pid_controller/share/pid_controller/package.dsv
[51.185s] -- Symlinking: /home/juloau/Desktop/TFG/tfg-jlopez/code/ros2/install/pid_controller/share/ament_index/resource_index/packages/pid_controller
[51.197s] -- Symlinking: /home/juloau/Desktop/TFG/tfg-jlopez/code/ros2/install/pid_controller/share/ament_index/resource_index/controller_interface__pluginlib__plugin/pid_controller
[51.210s] -- Symlinking: /home/juloau/Desktop/TFG/tfg-jlopez/code/ros2/install/pid_controller/share/pid_controller/cmake/ament_cmake_export_targets-extras.cmake
[51.222s] -- Symlinking: /home/juloau/Desktop/TFG/tfg-jlopez/code/ros2/install/pid_controller/share/pid_controller/cmake/ament_cmake_export_dependencies-extras.cmake
[51.234s] -- Symlinking: /home/juloau/Desktop/TFG/tfg-jlopez/code/ros2/install/pid_controller/share/pid_controller/cmake/pid_controllerConfig.cmake
[51.246s] -- Symlinking: /home/juloau/Desktop/TFG/tfg-jlopez/code/ros2/install/pid_controller/share/pid_controller/cmake/pid_controllerConfig-version.cmake
[51.259s] -- Symlinking: /home/juloau/Desktop/TFG/tfg-jlopez/code/ros2/install/pid_controller/share/pid_controller/package.xml
[51.276s] -- Installing: /home/juloau/Desktop/TFG/tfg-jlopez/code/ros2/install/pid_controller/lib/libpid_controller.so
[51.288s] -- Set runtime path of "/home/juloau/Desktop/TFG/tfg-jlopez/code/ros2/install/pid_controller/lib/libpid_controller.so" to ""
[51.288s] -- Installing: /home/juloau/Desktop/TFG/tfg-jlopez/code/ros2/install/pid_controller/share/pid_controller/cmake/export_pid_controllerExport.cmake
[51.288s] -- Installing: /home/juloau/Desktop/TFG/tfg-jlopez/code/ros2/install/pid_controller/share/pid_controller/cmake/export_pid_controllerExport-noconfig.cmake
[51.292s] Invoked command in '/home/juloau/Desktop/TFG/tfg-jlopez/code/ros2/build/pid_controller' returned '0': AMENT_PREFIX_PATH=/home/juloau/Desktop/TFG/tfg-jlopez/code/ros2/install/controller_manager:/home/juloau/Desktop/TFG/tfg-jlopez/code/ros2/install/hardware_interface_testing:/home/juloau/Desktop/TFG/tfg-jlopez/code/ros2/install/controller_interface:/home/juloau/Desktop/TFG/tfg-jlopez/code/ros2/install/hardware_interface:/home/juloau/Desktop/TFG/tfg-jlopez/code/ros2/install/control_toolbox:/home/juloau/Desktop/TFG/tfg-jlopez/code/ros2/install/ros2_control_test_assets:/home/juloau/Desktop/TFG/tfg-jlopez/code/ros2/install/realtime_tools:/home/juloau/Desktop/TFG/tfg-jlopez/code/ros2/install/controller_manager_msgs:/home/juloau/Desktop/TFG/tfg-jlopez/code/ros2/install/control_msgs:${AMENT_PREFIX_PATH} CMAKE_PREFIX_PATH=/home/juloau/Desktop/TFG/tfg-jlopez/code/ros2/install/controller_manager:/home/juloau/Desktop/TFG/tfg-jlopez/code/ros2/install/hardware_interface_testing:/home/juloau/Desktop/TFG/tfg-jlopez/code/ros2/install/controller_interface:/home/juloau/Desktop/TFG/tfg-jlopez/code/ros2/install/hardware_interface:/home/juloau/Desktop/TFG/tfg-jlopez/code/ros2/install/control_toolbox:/home/juloau/Desktop/TFG/tfg-jlopez/code/ros2/install/ros2_control_test_assets:/home/juloau/Desktop/TFG/tfg-jlopez/code/ros2/install/realtime_tools:/home/juloau/Desktop/TFG/tfg-jlopez/code/ros2/install/controller_manager_msgs:/home/juloau/Desktop/TFG/tfg-jlopez/code/ros2/install/control_msgs:/opt/ros/humble LD_LIBRARY_PATH=/home/juloau/Desktop/TFG/tfg-jlopez/code/ros2/install/controller_manager/lib:/home/juloau/Desktop/TFG/tfg-jlopez/code/ros2/install/hardware_interface_testing/lib:/home/juloau/Desktop/TFG/tfg-jlopez/code/ros2/install/controller_interface/lib:/home/juloau/Desktop/TFG/tfg-jlopez/code/ros2/install/hardware_interface/lib:/home/juloau/Desktop/TFG/tfg-jlopez/code/ros2/install/control_toolbox/lib:/home/juloau/Desktop/TFG/tfg-jlopez/code/ros2/install/realtime_tools/lib:/home/juloau/Desktop/TFG/tfg-jlopez/code/ros2/install/controller_manager_msgs/lib:/home/juloau/Desktop/TFG/tfg-jlopez/code/ros2/install/control_msgs/lib:/usr/lib/x86_64-linux-gnu/gazebo-11/plugins:/opt/ros/humble/opt/rviz_ogre_vendor/lib:/opt/ros/humble/lib/x86_64-linux-gnu:/opt/ros/humble/lib:/usr/share/gazebo/../../lib/x86_64-linux-gnu/gazebo-11/plugins PYTHONPATH=/home/juloau/Desktop/TFG/tfg-jlopez/code/ros2/install/controller_manager/local/lib/python3.10/dist-packages:/home/juloau/Desktop/TFG/tfg-jlopez/code/ros2/install/controller_manager_msgs/local/lib/python3.10/dist-packages:/home/juloau/Desktop/TFG/tfg-jlopez/code/ros2/install/control_msgs/local/lib/python3.10/dist-packages:${PYTHONPATH} /usr/bin/cmake --install /home/juloau/Desktop/TFG/tfg-jlopez/code/ros2/build/pid_controller
