[0.016s] Invoking command in '/home/juloau/Desktop/TFG/tfg-jlopez/code/ros2/build/joint_limits': CMAKE_PREFIX_PATH=${CMAKE_PREFIX_PATH}:/home/juloau/Desktop/TFG/tfg-jlopez/code/ros2/install/rqt_joint_trajectory_controller:/home/juloau/Desktop/TFG/tfg-jlopez/code/ros2/install/rqt_controller_manager:/home/juloau/Desktop/TFG/tfg-jlopez/code/ros2/install/ros2controlcli:/home/juloau/Desktop/TFG/tfg-jlopez/code/ros2/install/ros2_controllers_test_nodes:/home/juloau/Desktop/TFG/tfg-jlopez/code/ros2/install/ros2_control_demo_testing:/opt/ros/humble /usr/bin/cmake --build /home/juloau/Desktop/TFG/tfg-jlopez/code/ros2/build/joint_limits -- -j8 -l8
[0.117s] [ 33%] Built target gtest_main
[0.132s] [ 66%] Built target gtest
[0.183s] [100%] Built target joint_limits_rosparam_test
[0.198s] Invoked command in '/home/juloau/Desktop/TFG/tfg-jlopez/code/ros2/build/joint_limits' returned '0': CMAKE_PREFIX_PATH=${CMAKE_PREFIX_PATH}:/home/juloau/Desktop/TFG/tfg-jlopez/code/ros2/install/rqt_joint_trajectory_controller:/home/juloau/Desktop/TFG/tfg-jlopez/code/ros2/install/rqt_controller_manager:/home/juloau/Desktop/TFG/tfg-jlopez/code/ros2/install/ros2controlcli:/home/juloau/Desktop/TFG/tfg-jlopez/code/ros2/install/ros2_controllers_test_nodes:/home/juloau/Desktop/TFG/tfg-jlopez/code/ros2/install/ros2_control_demo_testing:/opt/ros/humble /usr/bin/cmake --build /home/juloau/Desktop/TFG/tfg-jlopez/code/ros2/build/joint_limits -- -j8 -l8
[0.250s] Invoking command in '/home/juloau/Desktop/TFG/tfg-jlopez/code/ros2/build/joint_limits': CMAKE_PREFIX_PATH=${CMAKE_PREFIX_PATH}:/home/juloau/Desktop/TFG/tfg-jlopez/code/ros2/install/rqt_joint_trajectory_controller:/home/juloau/Desktop/TFG/tfg-jlopez/code/ros2/install/rqt_controller_manager:/home/juloau/Desktop/TFG/tfg-jlopez/code/ros2/install/ros2controlcli:/home/juloau/Desktop/TFG/tfg-jlopez/code/ros2/install/ros2_controllers_test_nodes:/home/juloau/Desktop/TFG/tfg-jlopez/code/ros2/install/ros2_control_demo_testing:/opt/ros/humble /usr/bin/cmake --install /home/juloau/Desktop/TFG/tfg-jlopez/code/ros2/build/joint_limits
[0.263s] -- Install configuration: ""
[0.263s] -- Execute custom install script
[0.263s] -- Up-to-date symlink: /home/juloau/Desktop/TFG/tfg-jlopez/code/ros2/install/joint_limits/include/joint_limits/joint_limits.hpp
[0.263s] -- Up-to-date symlink: /home/juloau/Desktop/TFG/tfg-jlopez/code/ros2/install/joint_limits/include/joint_limits/joint_limits_rosparam.hpp
[0.264s] -- Up-to-date symlink: /home/juloau/Desktop/TFG/tfg-jlopez/code/ros2/install/joint_limits/lib/joint_limits/joint_limits_rosparam_test
[0.264s] -- Up-to-date symlink: /home/juloau/Desktop/TFG/tfg-jlopez/code/ros2/install/joint_limits/share/joint_limits/test/joint_limits_rosparam.yaml
[0.264s] -- Up-to-date symlink: /home/juloau/Desktop/TFG/tfg-jlopez/code/ros2/install/joint_limits/share/ament_index/resource_index/package_run_dependencies/joint_limits
[0.264s] -- Up-to-date symlink: /home/juloau/Desktop/TFG/tfg-jlopez/code/ros2/install/joint_limits/share/ament_index/resource_index/parent_prefix_path/joint_limits
[0.265s] -- Up-to-date symlink: /home/juloau/Desktop/TFG/tfg-jlopez/code/ros2/install/joint_limits/share/joint_limits/environment/ament_prefix_path.sh
[0.265s] -- Up-to-date symlink: /home/juloau/Desktop/TFG/tfg-jlopez/code/ros2/install/joint_limits/share/joint_limits/environment/ament_prefix_path.dsv
[0.265s] -- Up-to-date symlink: /home/juloau/Desktop/TFG/tfg-jlopez/code/ros2/install/joint_limits/share/joint_limits/environment/path.sh
[0.265s] -- Up-to-date symlink: /home/juloau/Desktop/TFG/tfg-jlopez/code/ros2/install/joint_limits/share/joint_limits/environment/path.dsv
[0.265s] -- Up-to-date symlink: /home/juloau/Desktop/TFG/tfg-jlopez/code/ros2/install/joint_limits/share/joint_limits/local_setup.bash
[0.265s] -- Up-to-date symlink: /home/juloau/Desktop/TFG/tfg-jlopez/code/ros2/install/joint_limits/share/joint_limits/local_setup.sh
[0.266s] -- Up-to-date symlink: /home/juloau/Desktop/TFG/tfg-jlopez/code/ros2/install/joint_limits/share/joint_limits/local_setup.zsh
[0.266s] -- Up-to-date symlink: /home/juloau/Desktop/TFG/tfg-jlopez/code/ros2/install/joint_limits/share/joint_limits/local_setup.dsv
[0.266s] -- Symlinking: /home/juloau/Desktop/TFG/tfg-jlopez/code/ros2/install/joint_limits/share/joint_limits/package.dsv
[0.280s] -- Up-to-date symlink: /home/juloau/Desktop/TFG/tfg-jlopez/code/ros2/install/joint_limits/share/ament_index/resource_index/packages/joint_limits
[0.280s] -- Up-to-date symlink: /home/juloau/Desktop/TFG/tfg-jlopez/code/ros2/install/joint_limits/share/joint_limits/cmake/ament_cmake_export_dependencies-extras.cmake
[0.280s] -- Up-to-date symlink: /home/juloau/Desktop/TFG/tfg-jlopez/code/ros2/install/joint_limits/share/joint_limits/cmake/ament_cmake_export_include_directories-extras.cmake
[0.280s] -- Up-to-date symlink: /home/juloau/Desktop/TFG/tfg-jlopez/code/ros2/install/joint_limits/share/joint_limits/cmake/joint_limitsConfig.cmake
[0.280s] -- Up-to-date symlink: /home/juloau/Desktop/TFG/tfg-jlopez/code/ros2/install/joint_limits/share/joint_limits/cmake/joint_limitsConfig-version.cmake
[0.280s] -- Up-to-date symlink: /home/juloau/Desktop/TFG/tfg-jlopez/code/ros2/install/joint_limits/share/joint_limits/package.xml
[0.282s] Invoked command in '/home/juloau/Desktop/TFG/tfg-jlopez/code/ros2/build/joint_limits' returned '0': CMAKE_PREFIX_PATH=${CMAKE_PREFIX_PATH}:/home/juloau/Desktop/TFG/tfg-jlopez/code/ros2/install/rqt_joint_trajectory_controller:/home/juloau/Desktop/TFG/tfg-jlopez/code/ros2/install/rqt_controller_manager:/home/juloau/Desktop/TFG/tfg-jlopez/code/ros2/install/ros2controlcli:/home/juloau/Desktop/TFG/tfg-jlopez/code/ros2/install/ros2_controllers_test_nodes:/home/juloau/Desktop/TFG/tfg-jlopez/code/ros2/install/ros2_control_demo_testing:/opt/ros/humble /usr/bin/cmake --install /home/juloau/Desktop/TFG/tfg-jlopez/code/ros2/build/joint_limits
