-- Found ament_cmake: 1.3.9 (/opt/ros/humble/share/ament_cmake/cmake)
-- Override CMake install command with custom implementation using symlinks instead of copying resources
-- Found ament_lint_auto: 0.12.11 (/opt/ros/humble/share/ament_lint_auto/cmake)
-- Added test 'lint_cmake' to check CMake code style
-- Added test 'xmllint' to check XML markup files
-- Configuring done
-- Generating done
-- Build files have been written to: /home/juloau/Desktop/TFG/tfg-jlopez/code/ros2/build/pibotj_pothole
-- Install configuration: ""
-- Execute custom install script
-- Up-to-date symlink: /home/juloau/Desktop/TFG/tfg-jlopez/code/ros2/install/pibotj_pothole/share/ament_index/resource_index/package_run_dependencies/pibotj_pothole
-- Up-to-date symlink: /home/juloau/Desktop/TFG/tfg-jlopez/code/ros2/install/pibotj_pothole/share/ament_index/resource_index/parent_prefix_path/pibotj_pothole
-- Up-to-date symlink: /home/juloau/Desktop/TFG/tfg-jlopez/code/ros2/install/pibotj_pothole/share/pibotj_pothole/environment/ament_prefix_path.sh
-- Up-to-date symlink: /home/juloau/Desktop/TFG/tfg-jlopez/code/ros2/install/pibotj_pothole/share/pibotj_pothole/environment/ament_prefix_path.dsv
-- Up-to-date symlink: /home/juloau/Desktop/TFG/tfg-jlopez/code/ros2/install/pibotj_pothole/share/pibotj_pothole/environment/path.sh
-- Up-to-date symlink: /home/juloau/Desktop/TFG/tfg-jlopez/code/ros2/install/pibotj_pothole/share/pibotj_pothole/environment/path.dsv
-- Up-to-date symlink: /home/juloau/Desktop/TFG/tfg-jlopez/code/ros2/install/pibotj_pothole/share/pibotj_pothole/local_setup.bash
-- Up-to-date symlink: /home/juloau/Desktop/TFG/tfg-jlopez/code/ros2/install/pibotj_pothole/share/pibotj_pothole/local_setup.sh
-- Up-to-date symlink: /home/juloau/Desktop/TFG/tfg-jlopez/code/ros2/install/pibotj_pothole/share/pibotj_pothole/local_setup.zsh
-- Up-to-date symlink: /home/juloau/Desktop/TFG/tfg-jlopez/code/ros2/install/pibotj_pothole/share/pibotj_pothole/local_setup.dsv
-- Symlinking: /home/juloau/Desktop/TFG/tfg-jlopez/code/ros2/install/pibotj_pothole/share/pibotj_pothole/package.dsv
-- Up-to-date symlink: /home/juloau/Desktop/TFG/tfg-jlopez/code/ros2/install/pibotj_pothole/share/ament_index/resource_index/packages/pibotj_pothole
-- Up-to-date symlink: /home/juloau/Desktop/TFG/tfg-jlopez/code/ros2/install/pibotj_pothole/share/pibotj_pothole/cmake/pibotj_potholeConfig.cmake
-- Up-to-date symlink: /home/juloau/Desktop/TFG/tfg-jlopez/code/ros2/install/pibotj_pothole/share/pibotj_pothole/cmake/pibotj_potholeConfig-version.cmake
-- Up-to-date symlink: /home/juloau/Desktop/TFG/tfg-jlopez/code/ros2/install/pibotj_pothole/share/pibotj_pothole/package.xml
