[0.000000] (-) TimerEvent: {}
[0.000115] (-) JobUnselected: {'identifier': 'ackermann_steering_controller'}
[0.000138] (-) JobUnselected: {'identifier': 'admittance_controller'}
[0.000330] (-) JobUnselected: {'identifier': 'bicycle_steering_controller'}
[0.000348] (-) JobUnselected: {'identifier': 'control_msgs'}
[0.000362] (-) JobUnselected: {'identifier': 'control_toolbox'}
[0.000375] (-) JobUnselected: {'identifier': 'controller_interface'}
[0.000389] (-) JobUnselected: {'identifier': 'controller_manager'}
[0.000402] (-) JobUnselected: {'identifier': 'controller_manager_msgs'}
[0.000415] (-) JobUnselected: {'identifier': 'diff_drive_controller'}
[0.000428] (-) JobUnselected: {'identifier': 'effort_controllers'}
[0.000441] (-) JobUnselected: {'identifier': 'force_torque_sensor_broadcaster'}
[0.000454] (-) JobUnselected: {'identifier': 'forward_command_controller'}
[0.000467] (-) JobUnselected: {'identifier': 'gazebo_ros2_control'}
[0.000481] (-) JobUnselected: {'identifier': 'gazebo_ros2_control_demos'}
[0.000495] (-) JobUnselected: {'identifier': 'gripper_controllers'}
[0.000509] (-) JobUnselected: {'identifier': 'gz_ros2_control_tests'}
[0.000522] (-) JobUnselected: {'identifier': 'hardware_interface'}
[0.000536] (-) JobUnselected: {'identifier': 'hardware_interface_testing'}
[0.000549] (-) JobUnselected: {'identifier': 'ign_ros2_control'}
[0.000564] (-) JobUnselected: {'identifier': 'ign_ros2_control_demos'}
[0.000577] (-) JobUnselected: {'identifier': 'imu_sensor_broadcaster'}
[0.000591] (-) JobUnselected: {'identifier': 'joint_limits'}
[0.000604] (-) JobUnselected: {'identifier': 'joint_state_broadcaster'}
[0.000618] (-) JobUnselected: {'identifier': 'joint_trajectory_controller'}
[0.000631] (-) JobUnselected: {'identifier': 'kinematics_interface'}
[0.000645] (-) JobUnselected: {'identifier': 'kinematics_interface_kdl'}
[0.000659] (-) JobUnselected: {'identifier': 'pibotj'}
[0.000672] (-) JobUnselected: {'identifier': 'pibotj_r2c'}
[0.000686] (-) JobUnselected: {'identifier': 'pid_controller'}
[0.000700] (-) JobUnselected: {'identifier': 'position_controllers'}
[0.000713] (-) JobUnselected: {'identifier': 'range_sensor_broadcaster'}
[0.000727] (-) JobUnselected: {'identifier': 'realtime_tools'}
[0.000741] (-) JobUnselected: {'identifier': 'ros2_control'}
[0.000754] (-) JobUnselected: {'identifier': 'ros2_control_demo_description'}
[0.000768] (-) JobUnselected: {'identifier': 'ros2_control_demo_example_1'}
[0.000782] (-) JobUnselected: {'identifier': 'ros2_control_demo_example_10'}
[0.000795] (-) JobUnselected: {'identifier': 'ros2_control_demo_example_11'}
[0.000809] (-) JobUnselected: {'identifier': 'ros2_control_demo_example_12'}
[0.000822] (-) JobUnselected: {'identifier': 'ros2_control_demo_example_14'}
[0.000836] (-) JobUnselected: {'identifier': 'ros2_control_demo_example_15'}
[0.000850] (-) JobUnselected: {'identifier': 'ros2_control_demo_example_2'}
[0.000863] (-) JobUnselected: {'identifier': 'ros2_control_demo_example_3'}
[0.000877] (-) JobUnselected: {'identifier': 'ros2_control_demo_example_4'}
[0.000891] (-) JobUnselected: {'identifier': 'ros2_control_demo_example_5'}
[0.000905] (-) JobUnselected: {'identifier': 'ros2_control_demo_example_6'}
[0.000919] (-) JobUnselected: {'identifier': 'ros2_control_demo_example_7'}
[0.000932] (-) JobUnselected: {'identifier': 'ros2_control_demo_example_8'}
[0.000946] (-) JobUnselected: {'identifier': 'ros2_control_demo_example_9'}
[0.000959] (-) JobUnselected: {'identifier': 'ros2_control_demo_testing'}
[0.000973] (-) JobUnselected: {'identifier': 'ros2_control_demos'}
[0.000987] (-) JobUnselected: {'identifier': 'ros2_control_test_assets'}
[0.001000] (-) JobUnselected: {'identifier': 'ros2_controllers'}
[0.001014] (-) JobUnselected: {'identifier': 'ros2_controllers_test_nodes'}
[0.001028] (-) JobUnselected: {'identifier': 'ros2controlcli'}
[0.001042] (-) JobUnselected: {'identifier': 'rqt_controller_manager'}
[0.001055] (-) JobUnselected: {'identifier': 'rqt_joint_trajectory_controller'}
[0.001069] (-) JobUnselected: {'identifier': 'steering_controllers_library'}
[0.001083] (-) JobUnselected: {'identifier': 'transmission_interface'}
[0.001132] (-) JobUnselected: {'identifier': 'tricycle_controller'}
[0.001147] (-) JobUnselected: {'identifier': 'tricycle_steering_controller'}
[0.001161] (-) JobUnselected: {'identifier': 'velocity_controllers'}
[0.001334] (-) EventReactorShutdown: {}
