[0.029s] Invoking command in '/home/juloau/Desktop/TFG/tfg-jlopez/code/ros2/build/hardware_interface': AMENT_PREFIX_PATH=/home/juloau/Desktop/TFG/tfg-jlopez/code/ros2/install/ros2_control_test_assets:/home/juloau/Desktop/TFG/tfg-jlopez/code/ros2/install/control_msgs:${AMENT_PREFIX_PATH} CMAKE_PREFIX_PATH=/home/juloau/Desktop/TFG/tfg-jlopez/code/ros2/install/ros2_control_test_assets:/home/juloau/Desktop/TFG/tfg-jlopez/code/ros2/install/control_msgs:/home/juloau/Desktop/TFG/tfg-jlopez/code/ros2/install/pibotj_r2c:/home/juloau/Desktop/TFG/tfg-jlopez/code/ros2/install/articubot_one:/home/juloau/Desktop/TFG/tfg-jlopez/code/ros2/install/pibotj_description:/home/juloau/Desktop/TFG/tfg-jlopez/code/ros2/install/pibotj:/home/juloau/Desktop/TFG/tfg-jlopez/code/ros2/install/basic_diffbot:/opt/ros/humble LD_LIBRARY_PATH=/home/juloau/Desktop/TFG/tfg-jlopez/code/ros2/install/control_msgs/lib:/usr/lib/x86_64-linux-gnu/gazebo-11/plugins:/opt/ros/humble/opt/rviz_ogre_vendor/lib:/opt/ros/humble/lib/x86_64-linux-gnu:/opt/ros/humble/lib:/usr/share/gazebo/../../lib/x86_64-linux-gnu/gazebo-11/plugins PYTHONPATH=/home/juloau/Desktop/TFG/tfg-jlopez/code/ros2/install/control_msgs/local/lib/python3.10/dist-packages:${PYTHONPATH} /usr/bin/cmake /home/juloau/Desktop/TFG/tfg-jlopez/code/ros2/src/ros-controls/ros2_control/hardware_interface -DAMENT_CMAKE_SYMLINK_INSTALL=1 -DCMAKE_INSTALL_PREFIX=/home/juloau/Desktop/TFG/tfg-jlopez/code/ros2/install/hardware_interface
[0.101s] -- The C compiler identification is GNU 11.4.0
[0.175s] -- The CXX compiler identification is GNU 11.4.0
[0.184s] -- Detecting C compiler ABI info
[0.264s] -- Detecting C compiler ABI info - done
[0.279s] -- Check for working C compiler: /usr/bin/cc - skipped
[0.279s] -- Detecting C compile features
[0.280s] -- Detecting C compile features - done
[0.285s] -- Detecting CXX compiler ABI info
[0.383s] -- Detecting CXX compiler ABI info - done
[0.394s] -- Check for working CXX compiler: /usr/bin/c++ - skipped
[0.394s] -- Detecting CXX compile features
[0.395s] -- Detecting CXX compile features - done
[0.399s] -- Found ament_cmake: 1.3.9 (/opt/ros/humble/share/ament_cmake/cmake)
[0.607s] -- Found Python3: /usr/bin/python3 (found version "3.10.12") found components: Interpreter 
[0.713s] -- Override CMake install command with custom implementation using symlinks instead of copying resources
[0.781s] -- Found control_msgs: 4.6.0 (/home/juloau/Desktop/TFG/tfg-jlopez/code/ros2/install/control_msgs/share/control_msgs/cmake)
[0.849s] -- Found rosidl_generator_c: 3.1.5 (/opt/ros/humble/share/rosidl_generator_c/cmake)
[0.857s] -- Found rosidl_adapter: 3.1.5 (/opt/ros/humble/share/rosidl_adapter/cmake)
[0.872s] -- Found rosidl_generator_cpp: 3.1.5 (/opt/ros/humble/share/rosidl_generator_cpp/cmake)
[0.895s] -- Using all available rosidl_typesupport_c: rosidl_typesupport_fastrtps_c;rosidl_typesupport_introspection_c
[0.926s] -- Using all available rosidl_typesupport_cpp: rosidl_typesupport_fastrtps_cpp;rosidl_typesupport_introspection_cpp
[1.842s] -- Found lifecycle_msgs: 1.2.1 (/opt/ros/humble/share/lifecycle_msgs/cmake)
[1.883s] -- Found pluginlib: 5.1.0 (/opt/ros/humble/share/pluginlib/cmake)
[1.961s] -- Found rclcpp_lifecycle: 16.0.9 (/opt/ros/humble/share/rclcpp_lifecycle/cmake)
[2.116s] -- Found rmw_implementation_cmake: 6.1.2 (/opt/ros/humble/share/rmw_implementation_cmake/cmake)
[2.121s] -- Found rmw_fastrtps_cpp: 6.2.6 (/opt/ros/humble/share/rmw_fastrtps_cpp/cmake)
[2.180s] -- Found TinyXML2 via Config file: TinyXML2_DIR-NOTFOUND
[2.244s] -- Found OpenSSL: /usr/lib/x86_64-linux-gnu/libcrypto.so (found version "3.0.2")  
[2.250s] -- Found TinyXML2 via Config file: TinyXML2_DIR-NOTFOUND
[2.282s] -- Found FastRTPS: /opt/ros/humble/include  
[2.307s] -- Found TinyXML2 via Config file: TinyXML2_DIR-NOTFOUND
[2.322s] -- Found TinyXML2 via Config file: TinyXML2_DIR-NOTFOUND
[2.337s] -- Using RMW implementation 'rmw_fastrtps_cpp' as default
[2.352s] -- Looking for pthread.h
[2.429s] -- Looking for pthread.h - found
[2.429s] -- Performing Test CMAKE_HAVE_LIBC_PTHREAD
[2.511s] -- Performing Test CMAKE_HAVE_LIBC_PTHREAD - Success
[2.513s] -- Found Threads: TRUE  
[2.735s] -- Found TinyXML2 via Config file: TinyXML2_DIR-NOTFOUND
[2.745s] -- Found ament_cmake_gmock: 1.3.9 (/opt/ros/humble/share/ament_cmake_gmock/cmake)
[2.746s] -- Found ros2_control_test_assets: 2.42.0 (/home/juloau/Desktop/TFG/tfg-jlopez/code/ros2/install/ros2_control_test_assets/share/ros2_control_test_assets/cmake)
[2.752s] -- Found gmock sources under '/opt/ros/humble/src/gmock_vendor': C++ tests using 'Google Mock' will be built
[2.761s] -- Found ament_cmake_gtest: 1.3.9 (/opt/ros/humble/share/ament_cmake_gtest/cmake)
[2.764s] -- Found gtest sources under '/opt/ros/humble/src/gtest_vendor': C++ tests using 'Google Test' will be built
[2.879s] -- Configuring done
[2.965s] -- Generating done
[2.972s] -- Build files have been written to: /home/juloau/Desktop/TFG/tfg-jlopez/code/ros2/build/hardware_interface
[2.998s] Invoked command in '/home/juloau/Desktop/TFG/tfg-jlopez/code/ros2/build/hardware_interface' returned '0': AMENT_PREFIX_PATH=/home/juloau/Desktop/TFG/tfg-jlopez/code/ros2/install/ros2_control_test_assets:/home/juloau/Desktop/TFG/tfg-jlopez/code/ros2/install/control_msgs:${AMENT_PREFIX_PATH} CMAKE_PREFIX_PATH=/home/juloau/Desktop/TFG/tfg-jlopez/code/ros2/install/ros2_control_test_assets:/home/juloau/Desktop/TFG/tfg-jlopez/code/ros2/install/control_msgs:/home/juloau/Desktop/TFG/tfg-jlopez/code/ros2/install/pibotj_r2c:/home/juloau/Desktop/TFG/tfg-jlopez/code/ros2/install/articubot_one:/home/juloau/Desktop/TFG/tfg-jlopez/code/ros2/install/pibotj_description:/home/juloau/Desktop/TFG/tfg-jlopez/code/ros2/install/pibotj:/home/juloau/Desktop/TFG/tfg-jlopez/code/ros2/install/basic_diffbot:/opt/ros/humble LD_LIBRARY_PATH=/home/juloau/Desktop/TFG/tfg-jlopez/code/ros2/install/control_msgs/lib:/usr/lib/x86_64-linux-gnu/gazebo-11/plugins:/opt/ros/humble/opt/rviz_ogre_vendor/lib:/opt/ros/humble/lib/x86_64-linux-gnu:/opt/ros/humble/lib:/usr/share/gazebo/../../lib/x86_64-linux-gnu/gazebo-11/plugins PYTHONPATH=/home/juloau/Desktop/TFG/tfg-jlopez/code/ros2/install/control_msgs/local/lib/python3.10/dist-packages:${PYTHONPATH} /usr/bin/cmake /home/juloau/Desktop/TFG/tfg-jlopez/code/ros2/src/ros-controls/ros2_control/hardware_interface -DAMENT_CMAKE_SYMLINK_INSTALL=1 -DCMAKE_INSTALL_PREFIX=/home/juloau/Desktop/TFG/tfg-jlopez/code/ros2/install/hardware_interface
[3.000s] Invoking command in '/home/juloau/Desktop/TFG/tfg-jlopez/code/ros2/build/hardware_interface': AMENT_PREFIX_PATH=/home/juloau/Desktop/TFG/tfg-jlopez/code/ros2/install/ros2_control_test_assets:/home/juloau/Desktop/TFG/tfg-jlopez/code/ros2/install/control_msgs:${AMENT_PREFIX_PATH} CMAKE_PREFIX_PATH=/home/juloau/Desktop/TFG/tfg-jlopez/code/ros2/install/ros2_control_test_assets:/home/juloau/Desktop/TFG/tfg-jlopez/code/ros2/install/control_msgs:/home/juloau/Desktop/TFG/tfg-jlopez/code/ros2/install/pibotj_r2c:/home/juloau/Desktop/TFG/tfg-jlopez/code/ros2/install/articubot_one:/home/juloau/Desktop/TFG/tfg-jlopez/code/ros2/install/pibotj_description:/home/juloau/Desktop/TFG/tfg-jlopez/code/ros2/install/pibotj:/home/juloau/Desktop/TFG/tfg-jlopez/code/ros2/install/basic_diffbot:/opt/ros/humble LD_LIBRARY_PATH=/home/juloau/Desktop/TFG/tfg-jlopez/code/ros2/install/control_msgs/lib:/usr/lib/x86_64-linux-gnu/gazebo-11/plugins:/opt/ros/humble/opt/rviz_ogre_vendor/lib:/opt/ros/humble/lib/x86_64-linux-gnu:/opt/ros/humble/lib:/usr/share/gazebo/../../lib/x86_64-linux-gnu/gazebo-11/plugins PYTHONPATH=/home/juloau/Desktop/TFG/tfg-jlopez/code/ros2/install/control_msgs/local/lib/python3.10/dist-packages:${PYTHONPATH} /usr/bin/cmake --build /home/juloau/Desktop/TFG/tfg-jlopez/code/ros2/build/hardware_interface -- -j8 -l8
[3.072s] [  5%] [32mBuilding CXX object CMakeFiles/hardware_interface.dir/src/component_parser.cpp.o[0m
[3.072s] [  8%] [32mBuilding CXX object CMakeFiles/hardware_interface.dir/src/system.cpp.o[0m
[3.074s] [ 11%] [32mBuilding CXX object CMakeFiles/hardware_interface.dir/src/actuator.cpp.o[0m
[3.074s] [  5%] [32mBuilding CXX object CMakeFiles/hardware_interface.dir/src/resource_manager.cpp.o[0m
[3.075s] [ 14%] [32mBuilding CXX object CMakeFiles/hardware_interface.dir/src/sensor.cpp.o[0m
[3.088s] [ 17%] [32mBuilding CXX object CMakeFiles/hardware_interface.dir/src/lexical_casts.cpp.o[0m
[3.089s] [ 20%] [32mBuilding CXX object gmock/CMakeFiles/gmock_main.dir/src/gmock_main.cc.o[0m
[3.092s] [ 23%] [32mBuilding CXX object gmock/CMakeFiles/gmock.dir/opt/ros/humble/src/gtest_vendor/src/gtest-all.cc.o[0m
[4.345s] [ 26%] [32mBuilding CXX object gmock/CMakeFiles/gmock.dir/src/gmock-all.cc.o[0m
[10.278s] [ 29%] [32m[1mLinking CXX static library libgmock_main.a[0m
[10.437s] [ 29%] Built target gmock_main
[15.459s] [ 32%] [32m[1mLinking CXX static library libgmock.a[0m
[15.645s] [ 32%] Built target gmock
[15.688s] [ 35%] [32mBuilding CXX object CMakeFiles/test_macros.dir/test/test_macros.cpp.o[0m
[18.198s] [ 38%] [32m[1mLinking CXX executable test_macros[0m
[18.437s] [ 38%] Built target test_macros
[18.717s] [ 41%] [32m[1mLinking CXX shared library libhardware_interface.so[0m
[19.178s] [ 41%] Built target hardware_interface
[19.207s] [ 44%] [32mBuilding CXX object CMakeFiles/fake_components.dir/src/mock_components/generic_system.cpp.o[0m
[19.216s] [ 47%] [32mBuilding CXX object CMakeFiles/mock_components.dir/src/mock_components/generic_system.cpp.o[0m
[22.311s] [ 50%] [32mBuilding CXX object CMakeFiles/fake_components.dir/src/mock_components/fake_generic_system.cpp.o[0m
[23.040s] [ 52%] [32m[1mLinking CXX shared library libmock_components.so[0m
[23.355s] [ 52%] Built target mock_components
[23.395s] [ 55%] [32mBuilding CXX object CMakeFiles/test_generic_system.dir/test/mock_components/test_generic_system.cpp.o[0m
[23.396s] [ 58%] [32mBuilding CXX object CMakeFiles/test_hardware_components.dir/test/test_hardware_components/test_single_joint_actuator.cpp.o[0m
[23.397s] [ 61%] [32mBuilding CXX object CMakeFiles/test_hardware_components.dir/test/test_hardware_components/test_force_torque_sensor.cpp.o[0m
[25.072s] [ 64%] [32m[1mLinking CXX shared library libfake_components.so[0m
[25.627s] [ 64%] Built target fake_components
[25.648s] [ 67%] [32mBuilding CXX object CMakeFiles/test_hardware_components.dir/test/test_hardware_components/test_two_joint_system.cpp.o[0m
[25.697s] [ 70%] [32mBuilding CXX object CMakeFiles/test_component_parser.dir/test/test_component_parser.cpp.o[0m
[25.718s] [ 73%] [32mBuilding CXX object CMakeFiles/test_component_interfaces.dir/test/test_component_interfaces.cpp.o[0m
[26.864s] [ 76%] [32mBuilding CXX object CMakeFiles/test_hardware_components.dir/test/test_hardware_components/test_system_with_command_modes.cpp.o[0m
[29.895s] [ 79%] [32m[1mLinking CXX shared library libtest_hardware_components.so[0m
[30.289s] [ 79%] Built target test_hardware_components
[30.333s] [ 82%] [32mBuilding CXX object CMakeFiles/test_joint_handle.dir/test/test_handle.cpp.o[0m
[30.334s] [ 85%] [32mBuilding CXX object CMakeFiles/test_inst_hardwares.dir/test/test_inst_hardwares.cpp.o[0m
[31.314s] [ 88%] [32m[1mLinking CXX executable test_generic_system[0m
[32.183s] [ 88%] Built target test_generic_system
[32.870s] [ 91%] [32m[1mLinking CXX executable test_component_interfaces[0m
[33.557s] [ 91%] Built target test_component_interfaces
[34.026s] [ 94%] [32m[1mLinking CXX executable test_component_parser[0m
[34.034s] [ 97%] [32m[1mLinking CXX executable test_joint_handle[0m
[34.562s] [100%] [32m[1mLinking CXX executable test_inst_hardwares[0m
[34.650s] [100%] Built target test_joint_handle
[34.856s] [100%] Built target test_component_parser
[34.985s] [100%] Built target test_inst_hardwares
[35.002s] Invoked command in '/home/juloau/Desktop/TFG/tfg-jlopez/code/ros2/build/hardware_interface' returned '0': AMENT_PREFIX_PATH=/home/juloau/Desktop/TFG/tfg-jlopez/code/ros2/install/ros2_control_test_assets:/home/juloau/Desktop/TFG/tfg-jlopez/code/ros2/install/control_msgs:${AMENT_PREFIX_PATH} CMAKE_PREFIX_PATH=/home/juloau/Desktop/TFG/tfg-jlopez/code/ros2/install/ros2_control_test_assets:/home/juloau/Desktop/TFG/tfg-jlopez/code/ros2/install/control_msgs:/home/juloau/Desktop/TFG/tfg-jlopez/code/ros2/install/pibotj_r2c:/home/juloau/Desktop/TFG/tfg-jlopez/code/ros2/install/articubot_one:/home/juloau/Desktop/TFG/tfg-jlopez/code/ros2/install/pibotj_description:/home/juloau/Desktop/TFG/tfg-jlopez/code/ros2/install/pibotj:/home/juloau/Desktop/TFG/tfg-jlopez/code/ros2/install/basic_diffbot:/opt/ros/humble LD_LIBRARY_PATH=/home/juloau/Desktop/TFG/tfg-jlopez/code/ros2/install/control_msgs/lib:/usr/lib/x86_64-linux-gnu/gazebo-11/plugins:/opt/ros/humble/opt/rviz_ogre_vendor/lib:/opt/ros/humble/lib/x86_64-linux-gnu:/opt/ros/humble/lib:/usr/share/gazebo/../../lib/x86_64-linux-gnu/gazebo-11/plugins PYTHONPATH=/home/juloau/Desktop/TFG/tfg-jlopez/code/ros2/install/control_msgs/local/lib/python3.10/dist-packages:${PYTHONPATH} /usr/bin/cmake --build /home/juloau/Desktop/TFG/tfg-jlopez/code/ros2/build/hardware_interface -- -j8 -l8
[35.094s] Invoking command in '/home/juloau/Desktop/TFG/tfg-jlopez/code/ros2/build/hardware_interface': AMENT_PREFIX_PATH=/home/juloau/Desktop/TFG/tfg-jlopez/code/ros2/install/ros2_control_test_assets:/home/juloau/Desktop/TFG/tfg-jlopez/code/ros2/install/control_msgs:${AMENT_PREFIX_PATH} CMAKE_PREFIX_PATH=/home/juloau/Desktop/TFG/tfg-jlopez/code/ros2/install/ros2_control_test_assets:/home/juloau/Desktop/TFG/tfg-jlopez/code/ros2/install/control_msgs:/home/juloau/Desktop/TFG/tfg-jlopez/code/ros2/install/pibotj_r2c:/home/juloau/Desktop/TFG/tfg-jlopez/code/ros2/install/articubot_one:/home/juloau/Desktop/TFG/tfg-jlopez/code/ros2/install/pibotj_description:/home/juloau/Desktop/TFG/tfg-jlopez/code/ros2/install/pibotj:/home/juloau/Desktop/TFG/tfg-jlopez/code/ros2/install/basic_diffbot:/opt/ros/humble LD_LIBRARY_PATH=/home/juloau/Desktop/TFG/tfg-jlopez/code/ros2/install/control_msgs/lib:/usr/lib/x86_64-linux-gnu/gazebo-11/plugins:/opt/ros/humble/opt/rviz_ogre_vendor/lib:/opt/ros/humble/lib/x86_64-linux-gnu:/opt/ros/humble/lib:/usr/share/gazebo/../../lib/x86_64-linux-gnu/gazebo-11/plugins PYTHONPATH=/home/juloau/Desktop/TFG/tfg-jlopez/code/ros2/install/control_msgs/local/lib/python3.10/dist-packages:${PYTHONPATH} /usr/bin/cmake --install /home/juloau/Desktop/TFG/tfg-jlopez/code/ros2/build/hardware_interface
[35.103s] -- Install configuration: ""
[35.104s] -- Execute custom install script
[35.105s] -- Symlinking: /home/juloau/Desktop/TFG/tfg-jlopez/code/ros2/install/hardware_interface/share/hardware_interface//mock_components_plugin_description.xml
[35.116s] -- Symlinking: /home/juloau/Desktop/TFG/tfg-jlopez/code/ros2/install/hardware_interface/share/hardware_interface//fake_components_plugin_description.xml
[35.135s] -- Symlinking: /home/juloau/Desktop/TFG/tfg-jlopez/code/ros2/install/hardware_interface/include/fake_components/generic_system.hpp
[35.152s] -- Symlinking: /home/juloau/Desktop/TFG/tfg-jlopez/code/ros2/install/hardware_interface/include/fake_components/visibility_control.h
[35.171s] -- Symlinking: /home/juloau/Desktop/TFG/tfg-jlopez/code/ros2/install/hardware_interface/include/hardware_interface/actuator.hpp
[35.190s] -- Symlinking: /home/juloau/Desktop/TFG/tfg-jlopez/code/ros2/install/hardware_interface/include/hardware_interface/actuator_interface.hpp
[35.208s] -- Symlinking: /home/juloau/Desktop/TFG/tfg-jlopez/code/ros2/install/hardware_interface/include/hardware_interface/component_parser.hpp
[35.227s] -- Symlinking: /home/juloau/Desktop/TFG/tfg-jlopez/code/ros2/install/hardware_interface/include/hardware_interface/controller_info.hpp
[35.239s] -- Symlinking: /home/juloau/Desktop/TFG/tfg-jlopez/code/ros2/install/hardware_interface/include/hardware_interface/handle.hpp
[35.250s] -- Symlinking: /home/juloau/Desktop/TFG/tfg-jlopez/code/ros2/install/hardware_interface/include/hardware_interface/hardware_component_info.hpp
[35.262s] -- Symlinking: /home/juloau/Desktop/TFG/tfg-jlopez/code/ros2/install/hardware_interface/include/hardware_interface/hardware_info.hpp
[35.274s] -- Symlinking: /home/juloau/Desktop/TFG/tfg-jlopez/code/ros2/install/hardware_interface/include/hardware_interface/lexical_casts.hpp
[35.287s] -- Symlinking: /home/juloau/Desktop/TFG/tfg-jlopez/code/ros2/install/hardware_interface/include/hardware_interface/loaned_command_interface.hpp
[35.298s] -- Symlinking: /home/juloau/Desktop/TFG/tfg-jlopez/code/ros2/install/hardware_interface/include/hardware_interface/loaned_state_interface.hpp
[35.310s] -- Symlinking: /home/juloau/Desktop/TFG/tfg-jlopez/code/ros2/install/hardware_interface/include/hardware_interface/macros.hpp
[35.321s] -- Symlinking: /home/juloau/Desktop/TFG/tfg-jlopez/code/ros2/install/hardware_interface/include/hardware_interface/resource_manager.hpp
[35.333s] -- Symlinking: /home/juloau/Desktop/TFG/tfg-jlopez/code/ros2/install/hardware_interface/include/hardware_interface/sensor.hpp
[35.344s] -- Symlinking: /home/juloau/Desktop/TFG/tfg-jlopez/code/ros2/install/hardware_interface/include/hardware_interface/sensor_interface.hpp
[35.360s] -- Symlinking: /home/juloau/Desktop/TFG/tfg-jlopez/code/ros2/install/hardware_interface/include/hardware_interface/system.hpp
[35.374s] -- Symlinking: /home/juloau/Desktop/TFG/tfg-jlopez/code/ros2/install/hardware_interface/include/hardware_interface/system_interface.hpp
[35.386s] -- Symlinking: /home/juloau/Desktop/TFG/tfg-jlopez/code/ros2/install/hardware_interface/include/hardware_interface/types/hardware_interface_return_values.hpp
[35.398s] -- Symlinking: /home/juloau/Desktop/TFG/tfg-jlopez/code/ros2/install/hardware_interface/include/hardware_interface/types/hardware_interface_type_values.hpp
[35.410s] -- Symlinking: /home/juloau/Desktop/TFG/tfg-jlopez/code/ros2/install/hardware_interface/include/hardware_interface/types/lifecycle_state_names.hpp
[35.422s] -- Symlinking: /home/juloau/Desktop/TFG/tfg-jlopez/code/ros2/install/hardware_interface/include/hardware_interface/visibility_control.h
[35.434s] -- Symlinking: /home/juloau/Desktop/TFG/tfg-jlopez/code/ros2/install/hardware_interface/include/mock_components/generic_system.hpp
[35.447s] -- Symlinking: /home/juloau/Desktop/TFG/tfg-jlopez/code/ros2/install/hardware_interface/include/mock_components/visibility_control.h
[35.460s] -- Symlinking: /home/juloau/Desktop/TFG/tfg-jlopez/code/ros2/install/hardware_interface/lib/libfake_components.so
[35.473s] -- Symlinking: /home/juloau/Desktop/TFG/tfg-jlopez/code/ros2/install/hardware_interface/lib/libmock_components.so
[35.487s] -- Symlinking: /home/juloau/Desktop/TFG/tfg-jlopez/code/ros2/install/hardware_interface/lib/libhardware_interface.so
[35.500s] -- Symlinking: /home/juloau/Desktop/TFG/tfg-jlopez/code/ros2/install/hardware_interface/lib/libtest_hardware_components.so
[35.514s] -- Symlinking: /home/juloau/Desktop/TFG/tfg-jlopez/code/ros2/install/hardware_interface/share/hardware_interface/test/test_hardware_components/test_hardware_components.xml
[35.527s] -- Symlinking: /home/juloau/Desktop/TFG/tfg-jlopez/code/ros2/install/hardware_interface/share/hardware_interface/environment/library_path.sh
[35.540s] -- Symlinking: /home/juloau/Desktop/TFG/tfg-jlopez/code/ros2/install/hardware_interface/share/hardware_interface/environment/library_path.dsv
[35.554s] -- Symlinking: /home/juloau/Desktop/TFG/tfg-jlopez/code/ros2/install/hardware_interface/share/ament_index/resource_index/package_run_dependencies/hardware_interface
[35.567s] -- Symlinking: /home/juloau/Desktop/TFG/tfg-jlopez/code/ros2/install/hardware_interface/share/ament_index/resource_index/parent_prefix_path/hardware_interface
[35.580s] -- Symlinking: /home/juloau/Desktop/TFG/tfg-jlopez/code/ros2/install/hardware_interface/share/hardware_interface/environment/ament_prefix_path.sh
[35.592s] -- Symlinking: /home/juloau/Desktop/TFG/tfg-jlopez/code/ros2/install/hardware_interface/share/hardware_interface/environment/ament_prefix_path.dsv
[35.605s] -- Symlinking: /home/juloau/Desktop/TFG/tfg-jlopez/code/ros2/install/hardware_interface/share/hardware_interface/environment/path.sh
[35.617s] -- Symlinking: /home/juloau/Desktop/TFG/tfg-jlopez/code/ros2/install/hardware_interface/share/hardware_interface/environment/path.dsv
[35.630s] -- Symlinking: /home/juloau/Desktop/TFG/tfg-jlopez/code/ros2/install/hardware_interface/share/hardware_interface/local_setup.bash
[35.642s] -- Symlinking: /home/juloau/Desktop/TFG/tfg-jlopez/code/ros2/install/hardware_interface/share/hardware_interface/local_setup.sh
[35.654s] -- Symlinking: /home/juloau/Desktop/TFG/tfg-jlopez/code/ros2/install/hardware_interface/share/hardware_interface/local_setup.zsh
[35.667s] -- Symlinking: /home/juloau/Desktop/TFG/tfg-jlopez/code/ros2/install/hardware_interface/share/hardware_interface/local_setup.dsv
[35.680s] -- Symlinking: /home/juloau/Desktop/TFG/tfg-jlopez/code/ros2/install/hardware_interface/share/hardware_interface/package.dsv
[35.696s] -- Symlinking: /home/juloau/Desktop/TFG/tfg-jlopez/code/ros2/install/hardware_interface/share/ament_index/resource_index/packages/hardware_interface
[35.708s] -- Symlinking: /home/juloau/Desktop/TFG/tfg-jlopez/code/ros2/install/hardware_interface/share/ament_index/resource_index/hardware_interface__pluginlib__plugin/hardware_interface
[35.721s] -- Symlinking: /home/juloau/Desktop/TFG/tfg-jlopez/code/ros2/install/hardware_interface/share/hardware_interface/cmake/ament_cmake_export_include_directories-extras.cmake
[35.734s] -- Symlinking: /home/juloau/Desktop/TFG/tfg-jlopez/code/ros2/install/hardware_interface/share/hardware_interface/cmake/ament_cmake_export_libraries-extras.cmake
[35.747s] -- Symlinking: /home/juloau/Desktop/TFG/tfg-jlopez/code/ros2/install/hardware_interface/share/hardware_interface/cmake/ament_cmake_export_dependencies-extras.cmake
[35.760s] -- Symlinking: /home/juloau/Desktop/TFG/tfg-jlopez/code/ros2/install/hardware_interface/share/hardware_interface/cmake/hardware_interfaceConfig.cmake
[35.772s] -- Symlinking: /home/juloau/Desktop/TFG/tfg-jlopez/code/ros2/install/hardware_interface/share/hardware_interface/cmake/hardware_interfaceConfig-version.cmake
[35.784s] -- Symlinking: /home/juloau/Desktop/TFG/tfg-jlopez/code/ros2/install/hardware_interface/share/hardware_interface/package.xml
[35.800s] Invoked command in '/home/juloau/Desktop/TFG/tfg-jlopez/code/ros2/build/hardware_interface' returned '0': AMENT_PREFIX_PATH=/home/juloau/Desktop/TFG/tfg-jlopez/code/ros2/install/ros2_control_test_assets:/home/juloau/Desktop/TFG/tfg-jlopez/code/ros2/install/control_msgs:${AMENT_PREFIX_PATH} CMAKE_PREFIX_PATH=/home/juloau/Desktop/TFG/tfg-jlopez/code/ros2/install/ros2_control_test_assets:/home/juloau/Desktop/TFG/tfg-jlopez/code/ros2/install/control_msgs:/home/juloau/Desktop/TFG/tfg-jlopez/code/ros2/install/pibotj_r2c:/home/juloau/Desktop/TFG/tfg-jlopez/code/ros2/install/articubot_one:/home/juloau/Desktop/TFG/tfg-jlopez/code/ros2/install/pibotj_description:/home/juloau/Desktop/TFG/tfg-jlopez/code/ros2/install/pibotj:/home/juloau/Desktop/TFG/tfg-jlopez/code/ros2/install/basic_diffbot:/opt/ros/humble LD_LIBRARY_PATH=/home/juloau/Desktop/TFG/tfg-jlopez/code/ros2/install/control_msgs/lib:/usr/lib/x86_64-linux-gnu/gazebo-11/plugins:/opt/ros/humble/opt/rviz_ogre_vendor/lib:/opt/ros/humble/lib/x86_64-linux-gnu:/opt/ros/humble/lib:/usr/share/gazebo/../../lib/x86_64-linux-gnu/gazebo-11/plugins PYTHONPATH=/home/juloau/Desktop/TFG/tfg-jlopez/code/ros2/install/control_msgs/local/lib/python3.10/dist-packages:${PYTHONPATH} /usr/bin/cmake --install /home/juloau/Desktop/TFG/tfg-jlopez/code/ros2/build/hardware_interface
