This is pdfTeX, Version 3.141592653-2.6-1.40.22 (TeX Live 2022/dev/Debian) (preloaded format=pdflatex 2024.3.16)  26 JUL 2024 16:48
entering extended mode
 restricted \write18 enabled.
 %&-line parsing enabled.
**acronimos.tex
(./acronimos.tex
LaTeX2e <2021-11-15> patch level 1
L3 programming layer <2022-01-21>
! Undefined control sequence.
l.3 \chapter
            *{Acrónimos\markboth{Acrónimos}{Acrónimos}}
The control sequence at the end of the top line
of your error message was never \def'ed. If you have
misspelled it (e.g., `\hobx'), type `I' and the correct
spelling (e.g., `I\hbox'). Otherwise just continue,
and I'll forget about whatever was undefined.


! LaTeX Error: Missing \begin{document}.

See the LaTeX manual or LaTeX Companion for explanation.
Type  H <return>  for immediate help.
 ...                                              
                                                  
l.3 \chapter*
             {Acrónimos\markboth{Acrónimos}{Acrónimos}}
You're in trouble here.  Try typing  <return>  to proceed.
If that doesn't work, type  X <return>  to quit.

Missing character: There is no * in font nullfont!
Missing character: There is no A in font nullfont!
Missing character: There is no c in font nullfont!
Missing character: There is no r in font nullfont!
LaTeX Font Info:    Trying to load font information for +cmr on input line 3.
LaTeX Font Info:    No file cmr.fd. on input line 3.

LaTeX Font Warning: Font shape `/cmr/m/n' undefined
(Font)              using `/cmr/m/n' instead on input line 3.

! Corrupted NFSS tables.
wrong@fontshape ...message {Corrupted NFSS tables}
                                                  error@fontshape else let f...
l.3 \chapter*{Acró
                   nimos\markboth{Acrónimos}{Acrónimos}}
This error message was generated by an \errmessage
command, so I can't give any explicit help.
Pretend that you're Hercule Poirot: Examine all clues,
and deduce the truth by order and method.


LaTeX Font Warning: Font shape `/cmr/m/n' undefined
(Font)              using `OT1/cmr/m/n' instead on input line 3.

Missing character: There is no n in font nullfont!
Missing character: There is no i in font nullfont!
Missing character: There is no m in font nullfont!
Missing character: There is no o in font nullfont!
Missing character: There is no s in font nullfont!

Overfull \hbox (30.00003pt too wide) in paragraph at lines 3--4
[]\/cmr/m/n/10 ^^So 
 []


! LaTeX Error: Environment acronym undefined.

See the LaTeX manual or LaTeX Companion for explanation.
Type  H <return>  for immediate help.
 ...                                              
                                                  
l.6 \begin{acronym}
                   
Your command was ignored.
Type  I <command> <return>  to replace it with another command,
or  <return>  to continue without it.

! Undefined control sequence.
l.7 	\acro
          {SRI}{\emph{Stanford Research Institute}}
The control sequence at the end of the top line
of your error message was never \def'ed. If you have
misspelled it (e.g., `\hobx'), type `I' and the correct
spelling (e.g., `I\hbox'). Otherwise just continue,
and I'll forget about whatever was undefined.


! LaTeX Error: Missing \begin{document}.

See the LaTeX manual or LaTeX Companion for explanation.
Type  H <return>  for immediate help.
 ...                                              
                                                  
l.7 	\acro{S
            RI}{\emph{Stanford Research Institute}}
You're in trouble here.  Try typing  <return>  to proceed.
If that doesn't work, type  X <return>  to quit.

Missing character: There is no S in font nullfont!
Missing character: There is no R in font nullfont!
Missing character: There is no I in font nullfont!
! Undefined control sequence.
l.8 	\acro
          {KUKA}{\emph{Keller und Knappich Augsburg}}
The control sequence at the end of the top line
of your error message was never \def'ed. If you have
misspelled it (e.g., `\hobx'), type `I' and the correct
spelling (e.g., `I\hbox'). Otherwise just continue,
and I'll forget about whatever was undefined.

Missing character: There is no K in font nullfont!
Missing character: There is no U in font nullfont!
Missing character: There is no K in font nullfont!
Missing character: There is no A in font nullfont!
! Undefined control sequence.
l.9 	\acro
          {ABB}{\emph{Asea Brown Boveri}}
The control sequence at the end of the top line
of your error message was never \def'ed. If you have
misspelled it (e.g., `\hobx'), type `I' and the correct
spelling (e.g., `I\hbox'). Otherwise just continue,
and I'll forget about whatever was undefined.

Missing character: There is no A in font nullfont!
Missing character: There is no B in font nullfont!
Missing character: There is no B in font nullfont!
! Undefined control sequence.
l.10 	\acro
           {BSA}{\emph{Backtracking Spiral Algorithm}}
The control sequence at the end of the top line
of your error message was never \def'ed. If you have
misspelled it (e.g., `\hobx'), type `I' and the correct
spelling (e.g., `I\hbox'). Otherwise just continue,
and I'll forget about whatever was undefined.

Missing character: There is no B in font nullfont!
Missing character: There is no S in font nullfont!
Missing character: There is no A in font nullfont!
! Undefined control sequence.
l.11 	\acro
           {FLL}{\emph{First Lego League}}
The control sequence at the end of the top line
of your error message was never \def'ed. If you have
misspelled it (e.g., `\hobx'), type `I' and the correct
spelling (e.g., `I\hbox'). Otherwise just continue,
and I'll forget about whatever was undefined.

Missing character: There is no F in font nullfont!
Missing character: There is no L in font nullfont!
Missing character: There is no L in font nullfont!
! Undefined control sequence.
l.12 	\acro
           {AGV}{\emph{Automatic Guided Vehicles}}
The control sequence at the end of the top line
of your error message was never \def'ed. If you have
misspelled it (e.g., `\hobx'), type `I' and the correct
spelling (e.g., `I\hbox'). Otherwise just continue,
and I'll forget about whatever was undefined.

Missing character: There is no A in font nullfont!
Missing character: There is no G in font nullfont!
Missing character: There is no V in font nullfont!
! Undefined control sequence.
l.13 	\acro
           {AMR}{\emph{Autonomous Mobile Robots}}
The control sequence at the end of the top line
of your error message was never \def'ed. If you have
misspelled it (e.g., `\hobx'), type `I' and the correct
spelling (e.g., `I\hbox'). Otherwise just continue,
and I'll forget about whatever was undefined.

Missing character: There is no A in font nullfont!
Missing character: There is no M in font nullfont!
Missing character: There is no R in font nullfont!
! Undefined control sequence.
l.14 	\acro
           {GPIO}{\emph{General Purpose Input/Output}}
The control sequence at the end of the top line
of your error message was never \def'ed. If you have
misspelled it (e.g., `\hobx'), type `I' and the correct
spelling (e.g., `I\hbox'). Otherwise just continue,
and I'll forget about whatever was undefined.

Missing character: There is no G in font nullfont!
Missing character: There is no P in font nullfont!
Missing character: There is no I in font nullfont!
Missing character: There is no O in font nullfont!
! Undefined control sequence.
l.15 	\acro
           {GPS}{\emph{Global Positioning System}}
The control sequence at the end of the top line
of your error message was never \def'ed. If you have
misspelled it (e.g., `\hobx'), type `I' and the correct
spelling (e.g., `I\hbox'). Otherwise just continue,
and I'll forget about whatever was undefined.

Missing character: There is no G in font nullfont!
Missing character: There is no P in font nullfont!
Missing character: There is no S in font nullfont!
! Undefined control sequence.
l.16 	\acro
           {HCI}{\emph{Human-Computer Interaction}}
The control sequence at the end of the top line
of your error message was never \def'ed. If you have
misspelled it (e.g., `\hobx'), type `I' and the correct
spelling (e.g., `I\hbox'). Otherwise just continue,
and I'll forget about whatever was undefined.

Missing character: There is no H in font nullfont!
Missing character: There is no C in font nullfont!
Missing character: There is no I in font nullfont!
! Undefined control sequence.
l.17 	\acro
           {HRI}{\emph{Human-Robot Interaction}}
The control sequence at the end of the top line
of your error message was never \def'ed. If you have
misspelled it (e.g., `\hobx'), type `I' and the correct
spelling (e.g., `I\hbox'). Otherwise just continue,
and I'll forget about whatever was undefined.

Missing character: There is no H in font nullfont!
Missing character: There is no R in font nullfont!
Missing character: There is no I in font nullfont!

Overfull \hbox (56.67198pt too wide) in paragraph at lines 7--18
[]\OT1/cmr/m/it/10 Stanford
 []


Overfull \hbox (14.96098pt too wide) in paragraph at lines 7--18
\OT1/cmr/m/it/10 Re-
 []


Overfull \hbox (26.70534pt too wide) in paragraph at lines 7--18
\OT1/cmr/m/it/10 search
 []


Overfull \hbox (13.05547pt too wide) in paragraph at lines 7--18
\OT1/cmr/m/it/10 In-
 []


Overfull \hbox (14.05545pt too wide) in paragraph at lines 7--18
\OT1/cmr/m/it/10 sti-
 []


Overfull \hbox (16.61098pt too wide) in paragraph at lines 7--18
\OT1/cmr/m/it/10 tute
 []


Overfull \hbox (26.72758pt too wide) in paragraph at lines 7--18
\OT1/cmr/m/it/10 Keller
 []


Overfull \hbox (16.09991pt too wide) in paragraph at lines 7--18
\OT1/cmr/m/it/10 und
 []


Overfull \hbox (27.11095pt too wide) in paragraph at lines 7--18
\OT1/cmr/m/it/10 Knap-
 []


Overfull \hbox (17.88878pt too wide) in paragraph at lines 7--18
\OT1/cmr/m/it/10 pich
 []


Overfull \hbox (24.81093pt too wide) in paragraph at lines 7--18
\OT1/cmr/m/it/10 Augs-
 []


Overfull \hbox (18.27206pt too wide) in paragraph at lines 7--18
\OT1/cmr/m/it/10 burg
 []


Overfull \hbox (20.72208pt too wide) in paragraph at lines 7--18
\OT1/cmr/m/it/10 Asea
 []


Overfull \hbox (28.12204pt too wide) in paragraph at lines 7--18
\OT1/cmr/m/it/10 Brown
 []


Overfull \hbox (28.63313pt too wide) in paragraph at lines 7--18
\OT1/cmr/m/it/10 Boveri
 []


Overfull \hbox (24.9276pt too wide) in paragraph at lines 7--18
\OT1/cmr/m/it/10 Back-
 []


Overfull \hbox (24.91644pt too wide) in paragraph at lines 7--18
\OT1/cmr/m/it/10 track-
 []


Overfull \hbox (13.2888pt too wide) in paragraph at lines 7--18
\OT1/cmr/m/it/10 ing
 []


Overfull \hbox (17.37767pt too wide) in paragraph at lines 7--18
\OT1/cmr/m/it/10 Spi-
 []


Overfull \hbox (11.37213pt too wide) in paragraph at lines 7--18
\OT1/cmr/m/it/10 ral
 []


Overfull \hbox (13.311pt too wide) in paragraph at lines 7--18
\OT1/cmr/m/it/10 Al-
 []


Overfull \hbox (13.28879pt too wide) in paragraph at lines 7--18
\OT1/cmr/m/it/10 go-
 []


Overfull \hbox (23.89429pt too wide) in paragraph at lines 7--18
\OT1/cmr/m/it/10 rithm
 []


Overfull \hbox (21.22206pt too wide) in paragraph at lines 7--18
\OT1/cmr/m/it/10 First
 []


Overfull \hbox (19.56093pt too wide) in paragraph at lines 7--18
\OT1/cmr/m/it/10 Lego
 []


Overfull \hbox (29.52753pt too wide) in paragraph at lines 7--18
\OT1/cmr/m/it/10 League
 []


Overfull \hbox (16.1221pt too wide) in paragraph at lines 7--18
\OT1/cmr/m/it/10 Au-
 []


Overfull \hbox (12.01102pt too wide) in paragraph at lines 7--18
\OT1/cmr/m/it/10 to-
 []


Overfull \hbox (24.27762pt too wide) in paragraph at lines 7--18
\OT1/cmr/m/it/10 matic
 []


Overfull \hbox (30.48036pt too wide) in paragraph at lines 7--18
\OT1/cmr/m/it/10 Guided
 []


Overfull \hbox (14.84433pt too wide) in paragraph at lines 7--18
\OT1/cmr/m/it/10 Ve-
 []


Overfull \hbox (11.75548pt too wide) in paragraph at lines 7--18
\OT1/cmr/m/it/10 hi-
 []


Overfull \hbox (15.84433pt too wide) in paragraph at lines 7--18
\OT1/cmr/m/it/10 cles
 []


Overfull \hbox (16.1221pt too wide) in paragraph at lines 7--18
\OT1/cmr/m/it/10 Au-
 []


Overfull \hbox (41.91087pt too wide) in paragraph at lines 7--18
\OT1/cmr/m/it/10 tonomous
 []


Overfull \hbox (17.65544pt too wide) in paragraph at lines 7--18
\OT1/cmr/m/it/10 Mo-
 []


Overfull \hbox (14.82211pt too wide) in paragraph at lines 7--18
\OT1/cmr/m/it/10 bile
 []


Overfull \hbox (28.50534pt too wide) in paragraph at lines 7--18
\OT1/cmr/m/it/10 Robots
 []


Overfull \hbox (21.53596pt too wide) in paragraph at lines 7--18
\OT1/cmr/m/it/10 Gen-
 []


Overfull \hbox (15.97209pt too wide) in paragraph at lines 7--18
\OT1/cmr/m/it/10 eral
 []


Overfull \hbox (19.9443pt too wide) in paragraph at lines 7--18
\OT1/cmr/m/it/10 Pur-
 []


Overfull \hbox (18.39987pt too wide) in paragraph at lines 7--18
\OT1/cmr/m/it/10 pose
 []


Overfull \hbox (13.05547pt too wide) in paragraph at lines 7--18
\OT1/cmr/m/it/10 In-
 []


Overfull \hbox (49.06636pt too wide) in paragraph at lines 7--18
\OT1/cmr/m/it/10 put/Output
 []


Overfull \hbox (27.15816pt too wide) in paragraph at lines 7--18
\OT1/cmr/m/it/10 Global
 []


Overfull \hbox (15.47212pt too wide) in paragraph at lines 7--18
\OT1/cmr/m/it/10 Po-
 []


Overfull \hbox (10.73326pt too wide) in paragraph at lines 7--18
\OT1/cmr/m/it/10 si-
 []


Overfull \hbox (20.69986pt too wide) in paragraph at lines 7--18
\OT1/cmr/m/it/10 tion-
 []


Overfull \hbox (13.2888pt too wide) in paragraph at lines 7--18
\OT1/cmr/m/it/10 ing
 []


Overfull \hbox (18.14432pt too wide) in paragraph at lines 7--18
\OT1/cmr/m/it/10 Sys-
 []


Overfull \hbox (16.09988pt too wide) in paragraph at lines 7--18
\OT1/cmr/m/it/10 tem
 []


Overfull \hbox (35.28868pt too wide) in paragraph at lines 7--18
\OT1/cmr/m/it/10 Human-
 []


Overfull \hbox (43.06082pt too wide) in paragraph at lines 7--18
\OT1/cmr/m/it/10 Computer
 []


Overfull \hbox (13.05547pt too wide) in paragraph at lines 7--18
\OT1/cmr/m/it/10 In-
 []


Overfull \hbox (15.71652pt too wide) in paragraph at lines 7--18
\OT1/cmr/m/it/10 ter-
 []


Overfull \hbox (13.28879pt too wide) in paragraph at lines 7--18
\OT1/cmr/m/it/10 ac-
 []


Overfull \hbox (17.12212pt too wide) in paragraph at lines 7--18
\OT1/cmr/m/it/10 tion
 []


Overfull \hbox (35.28868pt too wide) in paragraph at lines 7--18
\OT1/cmr/m/it/10 Human-
 []


Overfull \hbox (24.41647pt too wide) in paragraph at lines 7--18
\OT1/cmr/m/it/10 Robot
 []


Overfull \hbox (13.05547pt too wide) in paragraph at lines 7--18
\OT1/cmr/m/it/10 In-
 []


Overfull \hbox (15.71652pt too wide) in paragraph at lines 7--18
\OT1/cmr/m/it/10 ter-
 []


Overfull \hbox (13.28879pt too wide) in paragraph at lines 7--18
\OT1/cmr/m/it/10 ac-
 []


Overfull \hbox (17.88925pt too wide) in paragraph at lines 7--18
\OT1/cmr/m/it/10 tion 
 []


! LaTeX Error: \begin{document} ended by \end{acronym}.

See the LaTeX manual or LaTeX Companion for explanation.
Type  H <return>  for immediate help.
 ...                                              
                                                  
l.19 \end{acronym}
                  
Your command was ignored.
Type  I <command> <return>  to replace it with another command,
or  <return>  to continue without it.

)
! Emergency stop.
<*> acronimos.tex
                 
*** (job aborted, no legal \end found)

 
Here is how much of TeX's memory you used:
 30 strings out of 480112
 523 string characters out of 5892631
 285346 words of memory out of 5000000
 18087 multiletter control sequences out of 15000+600000
 469605 words of font info for 29 fonts, out of 8000000 for 9000
 85 hyphenation exceptions out of 8191
 23i,1n,32p,102b,91s stack positions out of 5000i,500n,10000p,200000b,80000s
!  ==> Fatal error occurred, no output PDF file produced!
