[0.012s] Invoking command in '/home/juloau/Desktop/TFG/tfg-jlopez/code/ros2/build/pibotj_urdf_complete': CMAKE_PREFIX_PATH=${CMAKE_PREFIX_PATH}:/opt/ros/humble /usr/bin/cmake /home/juloau/Desktop/TFG/tfg-jlopez/code/ros2/src/pibotj_urdf_complete -DCMAKE_INSTALL_PREFIX=/home/juloau/Desktop/TFG/tfg-jlopez/code/ros2/install/pibotj_urdf_complete
[0.059s] -- The C compiler identification is GNU 11.4.0
[0.111s] -- The CXX compiler identification is GNU 11.4.0
[0.118s] -- Detecting C compiler ABI info
[0.180s] -- Detecting C compiler ABI info - done
[0.188s] -- Check for working C compiler: /usr/bin/cc - skipped
[0.188s] -- Detecting C compile features
[0.188s] -- Detecting C compile features - done
[0.191s] -- Detecting CXX compiler ABI info
[0.263s] -- Detecting CXX compiler ABI info - done
[0.270s] -- Check for working CXX compiler: /usr/bin/c++ - skipped
[0.271s] -- Detecting CXX compile features
[0.271s] -- Detecting CXX compile features - done
[0.274s] -- Found ament_cmake: 1.3.9 (/opt/ros/humble/share/ament_cmake/cmake)
[0.419s] -- Found Python3: /usr/bin/python3 (found version "3.10.12") found components: Interpreter 
[0.504s] -- Found ament_lint_auto: 0.12.11 (/opt/ros/humble/share/ament_lint_auto/cmake)
[0.574s] -- Added test 'flake8' to check Python code syntax and style conventions
[0.574s] -- Added test 'lint_cmake' to check CMake code style
[0.575s] -- Added test 'pep257' to check Python code against some of the docstring style conventions in PEP 257
[0.576s] -- Added test 'xmllint' to check XML markup files
[0.577s] -- Configuring done
[0.579s] -- Generating done
[0.580s] -- Build files have been written to: /home/juloau/Desktop/TFG/tfg-jlopez/code/ros2/build/pibotj_urdf_complete
[0.584s] Invoked command in '/home/juloau/Desktop/TFG/tfg-jlopez/code/ros2/build/pibotj_urdf_complete' returned '0': CMAKE_PREFIX_PATH=${CMAKE_PREFIX_PATH}:/opt/ros/humble /usr/bin/cmake /home/juloau/Desktop/TFG/tfg-jlopez/code/ros2/src/pibotj_urdf_complete -DCMAKE_INSTALL_PREFIX=/home/juloau/Desktop/TFG/tfg-jlopez/code/ros2/install/pibotj_urdf_complete
[0.585s] Invoking command in '/home/juloau/Desktop/TFG/tfg-jlopez/code/ros2/build/pibotj_urdf_complete': CMAKE_PREFIX_PATH=${CMAKE_PREFIX_PATH}:/opt/ros/humble /usr/bin/cmake --build /home/juloau/Desktop/TFG/tfg-jlopez/code/ros2/build/pibotj_urdf_complete -- -j8 -l8
[0.619s] Invoked command in '/home/juloau/Desktop/TFG/tfg-jlopez/code/ros2/build/pibotj_urdf_complete' returned '0': CMAKE_PREFIX_PATH=${CMAKE_PREFIX_PATH}:/opt/ros/humble /usr/bin/cmake --build /home/juloau/Desktop/TFG/tfg-jlopez/code/ros2/build/pibotj_urdf_complete -- -j8 -l8
[0.639s] Invoking command in '/home/juloau/Desktop/TFG/tfg-jlopez/code/ros2/build/pibotj_urdf_complete': CMAKE_PREFIX_PATH=${CMAKE_PREFIX_PATH}:/opt/ros/humble /usr/bin/cmake --install /home/juloau/Desktop/TFG/tfg-jlopez/code/ros2/build/pibotj_urdf_complete
[0.646s] -- Install configuration: ""
[0.646s] -- Installing: /home/juloau/Desktop/TFG/tfg-jlopez/code/ros2/install/pibotj_urdf_complete/share/pibotj_urdf_complete/launch
[0.646s] -- Installing: /home/juloau/Desktop/TFG/tfg-jlopez/code/ros2/install/pibotj_urdf_complete/share/pibotj_urdf_complete/launch/display.launch.py
[0.646s] -- Installing: /home/juloau/Desktop/TFG/tfg-jlopez/code/ros2/install/pibotj_urdf_complete/share/pibotj_urdf_complete/urdf
[0.646s] -- Installing: /home/juloau/Desktop/TFG/tfg-jlopez/code/ros2/install/pibotj_urdf_complete/share/pibotj_urdf_complete/urdf/model.urdf
[0.647s] -- Installing: /home/juloau/Desktop/TFG/tfg-jlopez/code/ros2/install/pibotj_urdf_complete/share/pibotj_urdf_complete/config
[0.647s] -- Installing: /home/juloau/Desktop/TFG/tfg-jlopez/code/ros2/install/pibotj_urdf_complete/share/pibotj_urdf_complete/config/config.rviz
[0.647s] -- Installing: /home/juloau/Desktop/TFG/tfg-jlopez/code/ros2/install/pibotj_urdf_complete/share/ament_index/resource_index/package_run_dependencies/pibotj_urdf_complete
[0.647s] -- Installing: /home/juloau/Desktop/TFG/tfg-jlopez/code/ros2/install/pibotj_urdf_complete/share/ament_index/resource_index/parent_prefix_path/pibotj_urdf_complete
[0.647s] -- Installing: /home/juloau/Desktop/TFG/tfg-jlopez/code/ros2/install/pibotj_urdf_complete/share/pibotj_urdf_complete/environment/ament_prefix_path.sh
[0.647s] -- Installing: /home/juloau/Desktop/TFG/tfg-jlopez/code/ros2/install/pibotj_urdf_complete/share/pibotj_urdf_complete/environment/ament_prefix_path.dsv
[0.647s] -- Installing: /home/juloau/Desktop/TFG/tfg-jlopez/code/ros2/install/pibotj_urdf_complete/share/pibotj_urdf_complete/environment/path.sh
[0.647s] -- Installing: /home/juloau/Desktop/TFG/tfg-jlopez/code/ros2/install/pibotj_urdf_complete/share/pibotj_urdf_complete/environment/path.dsv
[0.647s] -- Installing: /home/juloau/Desktop/TFG/tfg-jlopez/code/ros2/install/pibotj_urdf_complete/share/pibotj_urdf_complete/local_setup.bash
[0.647s] -- Installing: /home/juloau/Desktop/TFG/tfg-jlopez/code/ros2/install/pibotj_urdf_complete/share/pibotj_urdf_complete/local_setup.sh
[0.648s] -- Installing: /home/juloau/Desktop/TFG/tfg-jlopez/code/ros2/install/pibotj_urdf_complete/share/pibotj_urdf_complete/local_setup.zsh
[0.648s] -- Installing: /home/juloau/Desktop/TFG/tfg-jlopez/code/ros2/install/pibotj_urdf_complete/share/pibotj_urdf_complete/local_setup.dsv
[0.648s] -- Installing: /home/juloau/Desktop/TFG/tfg-jlopez/code/ros2/install/pibotj_urdf_complete/share/pibotj_urdf_complete/package.dsv
[0.648s] -- Installing: /home/juloau/Desktop/TFG/tfg-jlopez/code/ros2/install/pibotj_urdf_complete/share/ament_index/resource_index/packages/pibotj_urdf_complete
[0.648s] -- Installing: /home/juloau/Desktop/TFG/tfg-jlopez/code/ros2/install/pibotj_urdf_complete/share/pibotj_urdf_complete/cmake/pibotj_urdf_completeConfig.cmake
[0.648s] -- Installing: /home/juloau/Desktop/TFG/tfg-jlopez/code/ros2/install/pibotj_urdf_complete/share/pibotj_urdf_complete/cmake/pibotj_urdf_completeConfig-version.cmake
[0.648s] -- Installing: /home/juloau/Desktop/TFG/tfg-jlopez/code/ros2/install/pibotj_urdf_complete/share/pibotj_urdf_complete/package.xml
[0.650s] Invoked command in '/home/juloau/Desktop/TFG/tfg-jlopez/code/ros2/build/pibotj_urdf_complete' returned '0': CMAKE_PREFIX_PATH=${CMAKE_PREFIX_PATH}:/opt/ros/humble /usr/bin/cmake --install /home/juloau/Desktop/TFG/tfg-jlopez/code/ros2/build/pibotj_urdf_complete
