[0.006s] Invoking command in '/home/juloau/Desktop/TFG/tfg-jlopez/code/ros2/build/realtime_tools': CMAKE_PREFIX_PATH=/opt/ros/humble /usr/bin/cmake --build /home/juloau/Desktop/TFG/tfg-jlopez/code/ros2/build/realtime_tools -- -j8 -l8
[0.031s] -- Found ament_cmake: 1.3.10 (/opt/ros/humble/share/ament_cmake/cmake)
[0.158s] -- Override CMake install command with custom implementation using symlinks instead of copying resources
[0.170s] -- Found rclcpp: 16.0.10 (/opt/ros/humble/share/rclcpp/cmake)
[0.201s] -- Found rosidl_generator_c: 3.1.5 (/opt/ros/humble/share/rosidl_generator_c/cmake)
[0.204s] -- Found rosidl_adapter: 3.1.5 (/opt/ros/humble/share/rosidl_adapter/cmake)
[0.210s] -- Found rosidl_generator_cpp: 3.1.5 (/opt/ros/humble/share/rosidl_generator_cpp/cmake)
[0.219s] -- Using all available rosidl_typesupport_c: rosidl_typesupport_fastrtps_c;rosidl_typesupport_introspection_c
[0.232s] -- Using all available rosidl_typesupport_cpp: rosidl_typesupport_fastrtps_cpp;rosidl_typesupport_introspection_cpp
[0.265s] -- Found rmw_implementation_cmake: 6.1.2 (/opt/ros/humble/share/rmw_implementation_cmake/cmake)
[0.267s] -- Found rmw_fastrtps_cpp: 6.2.7 (/opt/ros/humble/share/rmw_fastrtps_cpp/cmake)
[0.374s] -- Using RMW implementation 'rmw_fastrtps_cpp' as default
[0.430s] -- Found rclcpp_action: 16.0.10 (/opt/ros/humble/share/rclcpp_action/cmake)
[0.466s] -- Found ament_cmake_gmock: 1.3.10 (/opt/ros/humble/share/ament_cmake_gmock/cmake)
[0.466s] -- Found test_msgs: 1.2.1 (/opt/ros/humble/share/test_msgs/cmake)
[0.483s] -- Found gmock sources under '/opt/ros/humble/src/gmock_vendor': C++ tests using 'Google Mock' will be built
[0.486s] -- Found ament_cmake_gtest: 1.3.10 (/opt/ros/humble/share/ament_cmake_gtest/cmake)
[0.487s] -- Found gtest sources under '/opt/ros/humble/src/gtest_vendor': C++ tests using 'Google Test' will be built
[0.567s] -- Configuring done
[0.619s] -- Generating done
[0.622s] -- Build files have been written to: /home/juloau/Desktop/TFG/tfg-jlopez/code/ros2/build/realtime_tools
[0.651s] [35m[1mConsolidate compiler generated dependencies of target gmock_main[0m
[0.654s] [35m[1mConsolidate compiler generated dependencies of target realtime_tools[0m
[0.654s] [35m[1mConsolidate compiler generated dependencies of target thread_priority[0m
[0.655s] [35m[1mConsolidate compiler generated dependencies of target gmock[0m
[0.678s] [  8%] Built target realtime_tools
[0.678s] [ 17%] Built target thread_priority
[0.681s] [ 34%] Built target gmock
[0.681s] [ 39%] Built target gmock_main
[0.697s] [35m[1mConsolidate compiler generated dependencies of target realtime_buffer_tests[0m
[0.697s] [35m[1mConsolidate compiler generated dependencies of target realtime_clock_tests[0m
[0.698s] [35m[1mConsolidate compiler generated dependencies of target realtime_box_best_effort_tests[0m
[0.698s] [35m[1mConsolidate compiler generated dependencies of target realtime_box_tests[0m
[0.705s] [35m[1mConsolidate compiler generated dependencies of target realtime_publisher_tests_non_polling[0m
[0.713s] [35m[1mConsolidate compiler generated dependencies of target realtime_publisher_tests[0m
[0.713s] [35m[1mConsolidate compiler generated dependencies of target realtime_server_goal_handle_tests[0m
[0.726s] [ 47%] Built target realtime_box_tests
[0.728s] [ 56%] Built target realtime_box_best_effort_tests
[0.728s] [ 65%] Built target realtime_buffer_tests
[0.736s] [ 73%] Built target realtime_clock_tests
[0.740s] [ 82%] Built target realtime_publisher_tests_non_polling
[0.745s] [ 91%] Built target realtime_server_goal_handle_tests
[0.746s] [100%] Built target realtime_publisher_tests
[0.757s] Invoked command in '/home/juloau/Desktop/TFG/tfg-jlopez/code/ros2/build/realtime_tools' returned '0': CMAKE_PREFIX_PATH=/opt/ros/humble /usr/bin/cmake --build /home/juloau/Desktop/TFG/tfg-jlopez/code/ros2/build/realtime_tools -- -j8 -l8
[0.804s] Invoking command in '/home/juloau/Desktop/TFG/tfg-jlopez/code/ros2/build/realtime_tools': CMAKE_PREFIX_PATH=/opt/ros/humble /usr/bin/cmake --install /home/juloau/Desktop/TFG/tfg-jlopez/code/ros2/build/realtime_tools
[0.811s] -- Install configuration: ""
[0.812s] -- Execute custom install script
[0.812s] -- Up-to-date symlink: /home/juloau/Desktop/TFG/tfg-jlopez/code/ros2/install/realtime_tools/include/realtime_tools/realtime_tools/realtime_box.h
[0.812s] -- Up-to-date symlink: /home/juloau/Desktop/TFG/tfg-jlopez/code/ros2/install/realtime_tools/include/realtime_tools/realtime_tools/realtime_box_best_effort.h
[0.813s] -- Up-to-date symlink: /home/juloau/Desktop/TFG/tfg-jlopez/code/ros2/install/realtime_tools/include/realtime_tools/realtime_tools/realtime_buffer.h
[0.813s] -- Up-to-date symlink: /home/juloau/Desktop/TFG/tfg-jlopez/code/ros2/install/realtime_tools/include/realtime_tools/realtime_tools/realtime_clock.h
[0.813s] -- Up-to-date symlink: /home/juloau/Desktop/TFG/tfg-jlopez/code/ros2/install/realtime_tools/include/realtime_tools/realtime_tools/realtime_publisher.h
[0.813s] -- Up-to-date symlink: /home/juloau/Desktop/TFG/tfg-jlopez/code/ros2/install/realtime_tools/include/realtime_tools/realtime_tools/realtime_server_goal_handle.h
[0.813s] -- Up-to-date symlink: /home/juloau/Desktop/TFG/tfg-jlopez/code/ros2/install/realtime_tools/include/realtime_tools/realtime_tools/thread_priority.hpp
[0.813s] -- Up-to-date symlink: /home/juloau/Desktop/TFG/tfg-jlopez/code/ros2/install/realtime_tools/share/realtime_tools/environment/library_path.sh
[0.814s] -- Up-to-date symlink: /home/juloau/Desktop/TFG/tfg-jlopez/code/ros2/install/realtime_tools/share/realtime_tools/environment/library_path.dsv
[0.814s] -- Up-to-date symlink: /home/juloau/Desktop/TFG/tfg-jlopez/code/ros2/install/realtime_tools/share/ament_index/resource_index/package_run_dependencies/realtime_tools
[0.814s] -- Up-to-date symlink: /home/juloau/Desktop/TFG/tfg-jlopez/code/ros2/install/realtime_tools/share/ament_index/resource_index/parent_prefix_path/realtime_tools
[0.814s] -- Up-to-date symlink: /home/juloau/Desktop/TFG/tfg-jlopez/code/ros2/install/realtime_tools/share/realtime_tools/environment/ament_prefix_path.sh
[0.814s] -- Up-to-date symlink: /home/juloau/Desktop/TFG/tfg-jlopez/code/ros2/install/realtime_tools/share/realtime_tools/environment/ament_prefix_path.dsv
[0.814s] -- Up-to-date symlink: /home/juloau/Desktop/TFG/tfg-jlopez/code/ros2/install/realtime_tools/share/realtime_tools/environment/path.sh
[0.815s] -- Up-to-date symlink: /home/juloau/Desktop/TFG/tfg-jlopez/code/ros2/install/realtime_tools/share/realtime_tools/environment/path.dsv
[0.815s] -- Up-to-date symlink: /home/juloau/Desktop/TFG/tfg-jlopez/code/ros2/install/realtime_tools/share/realtime_tools/local_setup.bash
[0.815s] -- Up-to-date symlink: /home/juloau/Desktop/TFG/tfg-jlopez/code/ros2/install/realtime_tools/share/realtime_tools/local_setup.sh
[0.815s] -- Up-to-date symlink: /home/juloau/Desktop/TFG/tfg-jlopez/code/ros2/install/realtime_tools/share/realtime_tools/local_setup.zsh
[0.815s] -- Up-to-date symlink: /home/juloau/Desktop/TFG/tfg-jlopez/code/ros2/install/realtime_tools/share/realtime_tools/local_setup.dsv
[0.815s] -- Symlinking: /home/juloau/Desktop/TFG/tfg-jlopez/code/ros2/install/realtime_tools/share/realtime_tools/package.dsv
[0.825s] -- Up-to-date symlink: /home/juloau/Desktop/TFG/tfg-jlopez/code/ros2/install/realtime_tools/share/ament_index/resource_index/packages/realtime_tools
[0.825s] -- Up-to-date symlink: /home/juloau/Desktop/TFG/tfg-jlopez/code/ros2/install/realtime_tools/share/realtime_tools/cmake/ament_cmake_export_targets-extras.cmake
[0.825s] -- Up-to-date symlink: /home/juloau/Desktop/TFG/tfg-jlopez/code/ros2/install/realtime_tools/share/realtime_tools/cmake/ament_cmake_export_dependencies-extras.cmake
[0.825s] -- Up-to-date symlink: /home/juloau/Desktop/TFG/tfg-jlopez/code/ros2/install/realtime_tools/share/realtime_tools/cmake/realtime_toolsConfig.cmake
[0.825s] -- Up-to-date symlink: /home/juloau/Desktop/TFG/tfg-jlopez/code/ros2/install/realtime_tools/share/realtime_tools/cmake/realtime_toolsConfig-version.cmake
[0.825s] -- Up-to-date symlink: /home/juloau/Desktop/TFG/tfg-jlopez/code/ros2/install/realtime_tools/share/realtime_tools/package.xml
[0.827s] -- Up-to-date: /home/juloau/Desktop/TFG/tfg-jlopez/code/ros2/install/realtime_tools/lib/librealtime_tools.so
[0.827s] -- Up-to-date: /home/juloau/Desktop/TFG/tfg-jlopez/code/ros2/install/realtime_tools/lib/libthread_priority.so
[0.827s] -- Up-to-date: /home/juloau/Desktop/TFG/tfg-jlopez/code/ros2/install/realtime_tools/share/realtime_tools/cmake/export_realtime_toolsExport.cmake
[0.827s] -- Up-to-date: /home/juloau/Desktop/TFG/tfg-jlopez/code/ros2/install/realtime_tools/share/realtime_tools/cmake/export_realtime_toolsExport-noconfig.cmake
[0.830s] Invoked command in '/home/juloau/Desktop/TFG/tfg-jlopez/code/ros2/build/realtime_tools' returned '0': CMAKE_PREFIX_PATH=/opt/ros/humble /usr/bin/cmake --install /home/juloau/Desktop/TFG/tfg-jlopez/code/ros2/build/realtime_tools
