[0.152s] Invoking command in '/home/juloau/Desktop/TFG/tfg-jlopez/code/ros2/build/ign_ros2_control': CMAKE_PREFIX_PATH=/home/juloau/Desktop/TFG/tfg-jlopez/code/ros2/install/controller_manager:/home/juloau/Desktop/TFG/tfg-jlopez/code/ros2/install/hardware_interface_testing:/home/juloau/Desktop/TFG/tfg-jlopez/code/ros2/install/controller_interface:/home/juloau/Desktop/TFG/tfg-jlopez/code/ros2/install/hardware_interface:/home/juloau/Desktop/TFG/tfg-jlopez/code/ros2/install/ros2_control_test_assets:/home/juloau/Desktop/TFG/tfg-jlopez/code/ros2/install/realtime_tools:/home/juloau/Desktop/TFG/tfg-jlopez/code/ros2/install/controller_manager_msgs:/home/juloau/Desktop/TFG/tfg-jlopez/code/ros2/install/control_msgs:/home/juloau/Desktop/TFG/tfg-jlopez/code/ros2/install/ros2_controllers:/home/juloau/Desktop/TFG/tfg-jlopez/code/ros2/install/ros2_control_demos:/home/juloau/Desktop/TFG/tfg-jlopez/code/ros2/install/ros2_control_demo_example_3:/home/juloau/Desktop/TFG/tfg-jlopez/code/ros2/install/ign_ros2_control_demos:/home/juloau/Desktop/TFG/tfg-jlopez/code/ros2/install/gazebo_ros2_control_demos:/home/juloau/Desktop/TFG/tfg-jlopez/code/ros2/install/velocity_controllers:/home/juloau/Desktop/TFG/tfg-jlopez/code/ros2/install/tricycle_steering_controller:/home/juloau/Desktop/TFG/tfg-jlopez/code/ros2/install/tricycle_controller:/home/juloau/Desktop/TFG/tfg-jlopez/code/ros2/install/ros2_control_demo_example_8:/home/juloau/Desktop/TFG/tfg-jlopez/code/ros2/install/ros2_control:/home/juloau/Desktop/TFG/tfg-jlopez/code/ros2/install/transmission_interface:/home/juloau/Desktop/TFG/tfg-jlopez/code/ros2/install/ros2_control_demo_example_11:/home/juloau/Desktop/TFG/tfg-jlopez/code/ros2/install/bicycle_steering_controller:/home/juloau/Desktop/TFG/tfg-jlopez/code/ros2/install/ackermann_steering_controller:/home/juloau/Desktop/TFG/tfg-jlopez/code/ros2/install/steering_controllers_library:/home/juloau/Desktop/TFG/tfg-jlopez/code/ros2/install/ros2_control_demo_example_9:/home/juloau/Desktop/TFG/tfg-jlopez/code/ros2/install/ros2_control_demo_example_7:/home/juloau/Desktop/TFG/tfg-jlopez/code/ros2/install/ros2_control_demo_example_6:/home/juloau/Desktop/TFG/tfg-jlopez/code/ros2/install/ros2_control_demo_example_15:/home/juloau/Desktop/TFG/tfg-jlopez/code/ros2/install/ros2_control_demo_example_5:/home/juloau/Desktop/TFG/tfg-jlopez/code/ros2/install/ros2_control_demo_example_4:/home/juloau/Desktop/TFG/tfg-jlopez/code/ros2/install/ros2_control_demo_example_2:/home/juloau/Desktop/TFG/tfg-jlopez/code/ros2/install/ros2_control_demo_example_14:/home/juloau/Desktop/TFG/tfg-jlopez/code/ros2/install/ros2_control_demo_example_12:/home/juloau/Desktop/TFG/tfg-jlopez/code/ros2/install/ros2_control_demo_example_10:/home/juloau/Desktop/TFG/tfg-jlopez/code/ros2/install/ros2_control_demo_example_1:/home/juloau/Desktop/TFG/tfg-jlopez/code/ros2/install/gz_ros2_control_tests:/home/juloau/Desktop/TFG/tfg-jlopez/code/ros2/install/ign_ros2_control:/home/juloau/Desktop/TFG/tfg-jlopez/code/ros2/install/gazebo_ros2_control:/home/juloau/Desktop/TFG/tfg-jlopez/code/ros2/install/ros2_control_demo_description:/home/juloau/Desktop/TFG/tfg-jlopez/code/ros2/install/range_sensor_broadcaster:/home/juloau/Desktop/TFG/tfg-jlopez/code/ros2/install/position_controllers:/home/juloau/Desktop/TFG/tfg-jlopez/code/ros2/install/pid_controller:/home/juloau/Desktop/TFG/tfg-jlopez/code/ros2/install/admittance_controller:/home/juloau/Desktop/TFG/tfg-jlopez/code/ros2/install/joint_trajectory_controller:/home/juloau/Desktop/TFG/tfg-jlopez/code/ros2/install/joint_state_broadcaster:/home/juloau/Desktop/TFG/tfg-jlopez/code/ros2/install/imu_sensor_broadcaster:/home/juloau/Desktop/TFG/tfg-jlopez/code/ros2/install/gripper_controllers:/home/juloau/Desktop/TFG/tfg-jlopez/code/ros2/install/effort_controllers:/home/juloau/Desktop/TFG/tfg-jlopez/code/ros2/install/forward_command_controller:/home/juloau/Desktop/TFG/tfg-jlopez/code/ros2/install/force_torque_sensor_broadcaster:/home/juloau/Desktop/TFG/tfg-jlopez/code/ros2/install/diff_drive_controller:/home/juloau/Desktop/TFG/tfg-jlopez/code/ros2/install/control_toolbox:/home/juloau/Desktop/TFG/tfg-jlopez/code/ros2/install/pibotj_r2c:/home/juloau/Desktop/TFG/tfg-jlopez/code/ros2/install/pibotj:/home/juloau/Desktop/TFG/tfg-jlopez/code/ros2/install/kinematics_interface_kdl:/home/juloau/Desktop/TFG/tfg-jlopez/code/ros2/install/kinematics_interface:/home/juloau/Desktop/TFG/tfg-jlopez/code/ros2/install/joint_limits:/home/juloau/Desktop/TFG/tfg-jlopez/code/ros2/install/articubot_one:/home/juloau/Desktop/TFG/tfg-jlopez/code/ros2/install/rqt_joint_trajectory_controller:/home/juloau/Desktop/TFG/tfg-jlopez/code/ros2/install/rqt_controller_manager:/home/juloau/Desktop/TFG/tfg-jlopez/code/ros2/install/ros2controlcli:/home/juloau/Desktop/TFG/tfg-jlopez/code/ros2/install/ros2_controllers_test_nodes:/home/juloau/Desktop/TFG/tfg-jlopez/code/ros2/install/ros2_control_demo_testing:/home/juloau/Desktop/TFG/tfg-jlopez/code/ros2/install/pibotj_rr:/opt/ros/humble LD_LIBRARY_PATH=/home/juloau/Desktop/TFG/tfg-jlopez/code/ros2/install/controller_manager/lib:/home/juloau/Desktop/TFG/tfg-jlopez/code/ros2/install/hardware_interface_testing/lib:/home/juloau/Desktop/TFG/tfg-jlopez/code/ros2/install/controller_interface/lib:/home/juloau/Desktop/TFG/tfg-jlopez/code/ros2/install/hardware_interface/lib:/home/juloau/Desktop/TFG/tfg-jlopez/code/ros2/install/realtime_tools/lib:/home/juloau/Desktop/TFG/tfg-jlopez/code/ros2/install/controller_manager_msgs/lib:/home/juloau/Desktop/TFG/tfg-jlopez/code/ros2/install/control_msgs/lib:/home/juloau/Desktop/TFG/tfg-jlopez/code/ros2/install/ros2_control_demo_example_3/lib:/home/juloau/Desktop/TFG/tfg-jlopez/code/ros2/install/velocity_controllers/lib:/home/juloau/Desktop/TFG/tfg-jlopez/code/ros2/install/tricycle_steering_controller/lib:/home/juloau/Desktop/TFG/tfg-jlopez/code/ros2/install/tricycle_controller/lib:/home/juloau/Desktop/TFG/tfg-jlopez/code/ros2/install/ros2_control_demo_example_8/lib:/home/juloau/Desktop/TFG/tfg-jlopez/code/ros2/install/transmission_interface/lib:/home/juloau/Desktop/TFG/tfg-jlopez/code/ros2/install/ros2_control_demo_example_11/lib:/home/juloau/Desktop/TFG/tfg-jlopez/code/ros2/install/bicycle_steering_controller/lib:/home/juloau/Desktop/TFG/tfg-jlopez/code/ros2/install/ackermann_steering_controller/lib:/home/juloau/Desktop/TFG/tfg-jlopez/code/ros2/install/steering_controllers_library/lib:/home/juloau/Desktop/TFG/tfg-jlopez/code/ros2/install/ros2_control_demo_example_9/lib:/home/juloau/Desktop/TFG/tfg-jlopez/code/ros2/install/ros2_control_demo_example_7/lib:/home/juloau/Desktop/TFG/tfg-jlopez/code/ros2/install/ros2_control_demo_example_6/lib:/home/juloau/Desktop/TFG/tfg-jlopez/code/ros2/install/ros2_control_demo_example_5/lib:/home/juloau/Desktop/TFG/tfg-jlopez/code/ros2/install/ros2_control_demo_example_4/lib:/home/juloau/Desktop/TFG/tfg-jlopez/code/ros2/install/ros2_control_demo_example_2/lib:/home/juloau/Desktop/TFG/tfg-jlopez/code/ros2/install/ros2_control_demo_example_14/lib:/home/juloau/Desktop/TFG/tfg-jlopez/code/ros2/install/ros2_control_demo_example_12/lib:/home/juloau/Desktop/TFG/tfg-jlopez/code/ros2/install/ros2_control_demo_example_10/lib:/home/juloau/Desktop/TFG/tfg-jlopez/code/ros2/install/ros2_control_demo_example_1/lib:/home/juloau/Desktop/TFG/tfg-jlopez/code/ros2/install/ign_ros2_control/lib:/home/juloau/Desktop/TFG/tfg-jlopez/code/ros2/install/gazebo_ros2_control/lib:/home/juloau/Desktop/TFG/tfg-jlopez/code/ros2/install/range_sensor_broadcaster/lib:/home/juloau/Desktop/TFG/tfg-jlopez/code/ros2/install/position_controllers/lib:/home/juloau/Desktop/TFG/tfg-jlopez/code/ros2/install/pid_controller/lib:/home/juloau/Desktop/TFG/tfg-jlopez/code/ros2/install/admittance_controller/lib:/home/juloau/Desktop/TFG/tfg-jlopez/code/ros2/install/joint_trajectory_controller/lib:/home/juloau/Desktop/TFG/tfg-jlopez/code/ros2/install/joint_state_broadcaster/lib:/home/juloau/Desktop/TFG/tfg-jlopez/code/ros2/install/imu_sensor_broadcaster/lib:/home/juloau/Desktop/TFG/tfg-jlopez/code/ros2/install/gripper_controllers/lib:/home/juloau/Desktop/TFG/tfg-jlopez/code/ros2/install/effort_controllers/lib:/home/juloau/Desktop/TFG/tfg-jlopez/code/ros2/install/forward_command_controller/lib:/home/juloau/Desktop/TFG/tfg-jlopez/code/ros2/install/force_torque_sensor_broadcaster/lib:/home/juloau/Desktop/TFG/tfg-jlopez/code/ros2/install/diff_drive_controller/lib:/home/juloau/Desktop/TFG/tfg-jlopez/code/ros2/install/control_toolbox/lib:/home/juloau/Desktop/TFG/tfg-jlopez/code/ros2/install/kinematics_interface_kdl/lib:/home/juloau/Desktop/TFG/tfg-jlopez/code/ros2/install/kinematics_interface/lib:/usr/lib/x86_64-linux-gnu/gazebo-11/plugins:/opt/ros/humble/opt/rviz_ogre_vendor/lib:/opt/ros/humble/lib/x86_64-linux-gnu:/opt/ros/humble/lib:/usr/share/gazebo/../../lib/x86_64-linux-gnu/gazebo-11/plugins /usr/bin/cmake /home/juloau/Desktop/TFG/tfg-jlopez/code/ros2/src/ros-controls/gz_ros2_control/ign_ros2_control -DCMAKE_INSTALL_PREFIX=/home/juloau/Desktop/TFG/tfg-jlopez/code/ros2/install/ign_ros2_control
[0.242s] -- Found ament_cmake: 1.3.10 (/opt/ros/humble/share/ament_cmake/cmake)
[0.625s] -- Override CMake install command with custom implementation using symlinks instead of copying resources
[0.658s] -- Found ament_index_cpp: 1.4.0 (/opt/ros/humble/share/ament_index_cpp/cmake)
[0.659s] -- Found controller_manager: 2.42.0 (/home/juloau/Desktop/TFG/tfg-jlopez/code/ros2/install/controller_manager/share/controller_manager/cmake)
[0.745s] -- Found rosidl_generator_c: 3.1.5 (/opt/ros/humble/share/rosidl_generator_c/cmake)
[0.757s] -- Found rosidl_adapter: 3.1.5 (/opt/ros/humble/share/rosidl_adapter/cmake)
[0.782s] -- Found rosidl_generator_cpp: 3.1.5 (/opt/ros/humble/share/rosidl_generator_cpp/cmake)
[0.830s] -- Using all available rosidl_typesupport_c: rosidl_typesupport_fastrtps_c;rosidl_typesupport_introspection_c
[0.885s] -- Using all available rosidl_typesupport_cpp: rosidl_typesupport_fastrtps_cpp;rosidl_typesupport_introspection_cpp
[1.316s] -- Found rmw_implementation_cmake: 6.1.2 (/opt/ros/humble/share/rmw_implementation_cmake/cmake)
[1.325s] -- Found rmw_fastrtps_cpp: 6.2.7 (/opt/ros/humble/share/rmw_fastrtps_cpp/cmake)
[1.366s] -- Found TinyXML2 via Config file: TinyXML2_DIR-NOTFOUND
[1.386s] -- Found TinyXML2 via Config file: TinyXML2_DIR-NOTFOUND
[1.436s] -- Found TinyXML2 via Config file: TinyXML2_DIR-NOTFOUND
[1.461s] -- Found TinyXML2 via Config file: TinyXML2_DIR-NOTFOUND
[1.511s] -- Using RMW implementation 'rmw_fastrtps_cpp' as default
[1.717s] -- Found yaml_cpp_vendor: 8.0.2 (/opt/ros/humble/share/yaml_cpp_vendor/cmake)
[1.724s] -- Looking for ignition-gazebo6 -- found version 6.16.0
[1.742s] -- Searching for dependencies of ignition-gazebo6
[1.748s] -- Looking for sdformat12 -- found version 12.7.2
[1.748s] -- Searching for dependencies of sdformat12
[1.763s] -- Looking for ignition-math6 -- found version 6.15.1
[1.764s] -- Searching for dependencies of ignition-math6
[1.770s] -- Looking for ignition-utils1 -- found version 1.5.1
[1.770s] -- Searching for dependencies of ignition-utils1
[1.780s] -- Looking for ignition-plugin1 -- found version 1.4.0
[1.781s] -- Searching for dependencies of ignition-plugin1
[1.785s] -- Searching for <ignition-plugin1> component [loader]
[1.787s] -- Looking for ignition-plugin1-loader -- found version 1.4.0
[1.789s] -- Searching for dependencies of ignition-plugin1-loader
[1.791s] -- Searching for <ignition-plugin1> component [register]
[1.798s] -- Looking for ignition-plugin1-register -- found version 1.4.0
[1.798s] -- Searching for dependencies of ignition-plugin1-register
[1.803s] -- Looking for ignition-transport11 -- found version 11.4.1
[1.804s] -- Searching for dependencies of ignition-transport11
[1.897s] -- Config-file not installed for ZeroMQ -- checking for pkg-config
[1.910s] -- Checking for module 'libzmq >= 4'
[1.977s] --   Found libzmq , version 4.3.4
[2.111s] -- Checking for module 'uuid'
[2.157s] --   Found uuid, version 2.37.2
[2.260s] -- Looking for ignition-utils1 -- found version 1.5.1
[2.261s] -- Searching for dependencies of ignition-utils1
[2.261s] -- Searching for <ignition-utils1> component [cli]
[2.263s] -- Looking for ignition-utils1-cli -- found version 1.5.1
[2.264s] -- Searching for dependencies of ignition-utils1-cli
[2.267s] -- Looking for ignition-msgs8 -- found version 8.7.0
[2.268s] -- Searching for dependencies of ignition-msgs8
[2.320s] -- Found Protobuf: /usr/lib/x86_64-linux-gnu/libprotobuf.so (found suitable version "3.12.4", minimum required is "3") 
[2.321s] -- Looking for ignition-math6 -- found version 6.15.1
[2.343s] -- Searching for <ignition-transport11> component [log]
[2.344s] -- Looking for ignition-transport11-log -- found version 11.4.1
[2.345s] -- Searching for dependencies of ignition-transport11-log
[2.347s] -- Searching for <ignition-transport11> component [parameters]
[2.349s] -- Looking for ignition-transport11-parameters -- found version 11.4.1
[2.349s] -- Searching for dependencies of ignition-transport11-parameters
[2.351s] -- Looking for ignition-msgs8 -- found version 8.7.0
[2.353s] -- Looking for ignition-common4 -- found version 4.7.0
[2.354s] -- Searching for dependencies of ignition-common4
[2.355s] -- Looking for dlfcn.h - found
[2.356s] -- Looking for libdl - found
[2.378s] -- Searching for <ignition-common4> component [profiler]
[2.379s] -- Looking for ignition-common4-profiler -- found version 4.7.0
[2.380s] -- Searching for dependencies of ignition-common4-profiler
[2.382s] -- Searching for <ignition-common4> component [events]
[2.384s] -- Looking for ignition-common4-events -- found version 4.7.0
[2.384s] -- Searching for dependencies of ignition-common4-events
[2.386s] -- Looking for ignition-math6 -- found version 6.15.1
[2.387s] -- Searching for <ignition-common4> component [av]
[2.387s] -- Looking for ignition-common4-av -- found version 4.7.0
[2.389s] -- Searching for dependencies of ignition-common4-av
[2.401s] -- Checking for module 'libswscale'
[2.447s] --   Found libswscale, version 5.9.100
[2.659s] -- Checking for module 'libavdevice >= 56.4.100'
[2.687s] --   Found libavdevice , version 58.13.100
[2.980s] -- Checking for module 'libavformat'
[3.047s] --   Found libavformat, version 58.76.100
[3.214s] -- Checking for module 'libavcodec'
[3.278s] --   Found libavcodec, version 58.134.100
[3.483s] -- Checking for module 'libavutil'
[3.552s] --   Found libavutil, version 56.70.100
[3.731s] -- Looking for ignition-fuel_tools7 -- found version 7.3.0
[3.734s] -- Searching for dependencies of ignition-fuel_tools7
[3.907s] -- Checking for module 'jsoncpp'
[3.956s] --   Found jsoncpp, version 1.9.5
[4.135s] -- Checking for module 'libzip'
[4.195s] --   Found libzip, version 1.7.3
[4.374s] -- Looking for ignition-common4 -- found version 4.7.0
[4.375s] -- Looking for ignition-math6 -- found version 6.15.1
[4.376s] -- Looking for ignition-msgs8 -- found version 8.7.0
[4.384s] -- Looking for ignition-gui6 -- found version 6.8.0
[4.385s] -- Searching for dependencies of ignition-gui6
[4.525s] -- Looking for ignition-math6 -- found version 6.15.1
[4.526s] -- Looking for ignition-common4 -- found version 4.7.0
[4.527s] -- Looking for ignition-plugin1 -- found version 1.4.0
[4.528s] -- Looking for ignition-transport11 -- found version 11.4.1
[4.537s] -- Looking for ignition-rendering6 -- found version 6.6.3
[4.538s] -- Searching for dependencies of ignition-rendering6
[4.539s] -- Looking for ignition-math6 -- found version 6.15.1
[4.541s] -- Searching for dependencies of ignition-math6
[4.542s] -- Searching for <ignition-math6> component [eigen3]
[4.545s] -- Looking for ignition-math6-eigen3 -- found version 6.15.1
[4.549s] -- Searching for dependencies of ignition-math6-eigen3
[4.554s] -- Looking for ignition-common4 -- found version 4.7.0
[4.555s] -- Searching for dependencies of ignition-common4
[4.555s] -- Looking for dlfcn.h - found
[4.556s] -- Looking for libdl - found
[4.588s] -- Searching for <ignition-common4> component [graphics]
[4.591s] -- Looking for ignition-common4-graphics -- found version 4.7.0
[4.592s] -- Searching for dependencies of ignition-common4-graphics
[4.593s] -- Looking for ignition-math6 -- found version 6.15.1
[4.594s] -- Looking for ignition-utils1 -- found version 1.5.1
[4.598s] -- Searching for <ignition-common4> component [events]
[4.600s] -- Looking for ignition-plugin1 -- found version 1.4.0
[4.604s] -- Searching for dependencies of ignition-plugin1
[4.606s] -- Searching for <ignition-plugin1> component [all]
[4.620s] -- Looking for all libraries of ignition-plugin1 -- found version 1.4.0
[4.620s] -- Looking for ignition-plugin1 -- found version 1.4.0
[4.631s] -- Looking for ignition-msgs8 -- found version 8.7.0
[4.748s] -- Looking for ignition-physics5 -- found version 5.3.2
[4.748s] -- Searching for dependencies of ignition-physics5
[4.752s] -- Looking for ignition-math6 -- found version 6.15.1
[4.755s] -- Looking for ignition-plugin1 -- found version 1.4.0
[4.758s] -- Looking for ignition-utils1 -- found version 1.5.1
[4.767s] -- Searching for <ignition-physics5> component [heightmap]
[4.772s] -- Looking for ignition-physics5-heightmap -- found version 5.3.2
[4.773s] -- Searching for dependencies of ignition-physics5-heightmap
[4.773s] -- Looking for ignition-common4 -- found version 4.7.0
[4.777s] -- Searching for <ignition-physics5> component [mesh]
[4.782s] -- Looking for ignition-physics5-mesh -- found version 5.3.2
[4.782s] -- Searching for dependencies of ignition-physics5-mesh
[4.783s] -- Looking for ignition-common4 -- found version 4.7.0
[4.788s] -- Searching for <ignition-physics5> component [sdf]
[4.790s] -- Looking for ignition-physics5-sdf -- found version 5.3.2
[4.791s] -- Searching for dependencies of ignition-physics5-sdf
[4.796s] -- Looking for sdformat12 -- found version 12.7.2
[4.798s] -- Looking for ignition-sensors6 -- found version 6.8.0
[4.801s] -- Searching for dependencies of ignition-sensors6
[4.856s] -- Found Protobuf: /usr/lib/x86_64-linux-gnu/libprotobuf.so (found version "3.12.4") 
[4.860s] -- Looking for ignition-math6 -- found version 6.15.1
[4.862s] -- Looking for ignition-common4 -- found version 4.7.0
[4.870s] -- Looking for ignition-transport11 -- found version 11.4.1
[4.871s] -- Looking for ignition-rendering6 -- found version 6.6.3
[4.873s] -- Looking for ignition-msgs8 -- found version 8.7.0
[4.877s] -- Looking for sdformat12 -- found version 12.7.2
[4.884s] -- Searching for <ignition-sensors6> component [air_pressure]
[4.887s] -- Looking for ignition-sensors6-air_pressure -- found version 6.8.0
[4.888s] -- Searching for dependencies of ignition-sensors6-air_pressure
[4.893s] -- Searching for <ignition-sensors6> component [altimeter]
[4.896s] -- Looking for ignition-sensors6-altimeter -- found version 6.8.0
[4.897s] -- Searching for dependencies of ignition-sensors6-altimeter
[4.900s] -- Searching for <ignition-sensors6> component [imu]
[4.903s] -- Looking for ignition-sensors6-imu -- found version 6.8.0
[4.906s] -- Searching for dependencies of ignition-sensors6-imu
[4.907s] -- Searching for <ignition-sensors6> component [force_torque]
[4.913s] -- Looking for ignition-sensors6-force_torque -- found version 6.8.0
[4.914s] -- Searching for dependencies of ignition-sensors6-force_torque
[4.915s] -- Searching for <ignition-sensors6> component [logical_camera]
[4.917s] -- Looking for ignition-sensors6-logical_camera -- found version 6.8.0
[4.923s] -- Searching for dependencies of ignition-sensors6-logical_camera
[4.924s] -- Searching for <ignition-sensors6> component [magnetometer]
[4.927s] -- Looking for ignition-sensors6-magnetometer -- found version 6.8.0
[4.927s] -- Searching for dependencies of ignition-sensors6-magnetometer
[4.929s] -- Searching for <ignition-sensors6> component [navsat]
[4.930s] -- Looking for ignition-sensors6-navsat -- found version 6.8.0
[4.932s] -- Searching for dependencies of ignition-sensors6-navsat
[4.941s] -- Searching for <ignition-sensors6> component [rendering]
[4.942s] -- Looking for ignition-sensors6-rendering -- found version 6.8.0
[4.946s] -- Searching for dependencies of ignition-sensors6-rendering
[4.948s] -- Searching for <ignition-sensors6> component [lidar]
[4.948s] -- Looking for ignition-sensors6-lidar -- found version 6.8.0
[4.952s] -- Searching for dependencies of ignition-sensors6-lidar
[4.955s] -- Looking for ignition-sensors6 -- found version 6.8.0
[4.955s] -- Searching for <ignition-sensors6> component [gpu_lidar]
[4.957s] -- Looking for ignition-sensors6-gpu_lidar -- found version 6.8.0
[4.960s] -- Searching for dependencies of ignition-sensors6-gpu_lidar
[4.960s] -- Looking for ignition-sensors6 -- found version 6.8.0
[4.963s] -- Searching for <ignition-sensors6> component [camera]
[4.967s] -- Looking for ignition-sensors6-camera -- found version 6.8.0
[4.970s] -- Searching for dependencies of ignition-sensors6-camera
[4.970s] -- Looking for ignition-sensors6 -- found version 6.8.0
[4.973s] -- Searching for <ignition-sensors6> component [boundingbox_camera]
[4.976s] -- Looking for ignition-sensors6-boundingbox_camera -- found version 6.8.0
[4.976s] -- Searching for dependencies of ignition-sensors6-boundingbox_camera
[4.980s] -- Searching for <ignition-sensors6> component [segmentation_camera]
[4.981s] -- Looking for ignition-sensors6-segmentation_camera -- found version 6.8.0
[4.984s] -- Searching for dependencies of ignition-sensors6-segmentation_camera
[4.986s] -- Searching for <ignition-sensors6> component [depth_camera]
[4.990s] -- Looking for ignition-sensors6-depth_camera -- found version 6.8.0
[4.991s] -- Searching for dependencies of ignition-sensors6-depth_camera
[4.991s] -- Looking for ignition-sensors6 -- found version 6.8.0
[4.993s] -- Searching for <ignition-sensors6> component [rgbd_camera]
[4.999s] -- Looking for ignition-sensors6-rgbd_camera -- found version 6.8.0
[4.999s] -- Searching for dependencies of ignition-sensors6-rgbd_camera
[5.000s] -- Looking for ignition-sensors6 -- found version 6.8.0
[5.008s] -- Searching for <ignition-sensors6> component [thermal_camera]
[5.011s] -- Looking for ignition-sensors6-thermal_camera -- found version 6.8.0
[5.012s] -- Searching for dependencies of ignition-sensors6-thermal_camera
[5.012s] -- Looking for ignition-sensors6 -- found version 6.8.0
[5.020s] -- Looking for ignition-rendering6 -- found version 6.6.3
[5.022s] -- Looking for ignition-math6 -- found version 6.15.1
[5.026s] -- Looking for ignition-utils1 -- found version 1.5.1
[5.103s] -- Compiling against Ignition Fortress
[5.104s] -- Looking for ignition-plugin1 -- found version 1.4.0
[5.385s] -- Found ament_lint_auto: 0.12.11 (/opt/ros/humble/share/ament_lint_auto/cmake)
[5.611s] -- Added test 'copyright' to check source files copyright and LICENSE
[5.618s] -- Added test 'cppcheck' to perform static code analysis on C / C++ code
[5.618s] -- Configured cppcheck include dirs: /home/juloau/Desktop/TFG/tfg-jlopez/code/ros2/src/ros-controls/gz_ros2_control/ign_ros2_control/include
[5.619s] -- Configured cppcheck exclude dirs and/or files: 
[5.619s] -- Added test 'cpplint' to check C / C++ code against the Google style
[5.619s] -- Configured cpplint exclude dirs and/or files: 
[5.626s] -- Added test 'lint_cmake' to check CMake code style
[5.626s] -- Added test 'uncrustify' to check C / C++ code style
[5.627s] -- Configured uncrustify additional arguments: 
[5.627s] -- Added test 'xmllint' to check XML markup files
[5.633s] -- Configuring done
[5.809s] -- Generating done
[5.828s] -- Build files have been written to: /home/juloau/Desktop/TFG/tfg-jlopez/code/ros2/build/ign_ros2_control
[5.865s] Invoked command in '/home/juloau/Desktop/TFG/tfg-jlopez/code/ros2/build/ign_ros2_control' returned '0': CMAKE_PREFIX_PATH=/home/juloau/Desktop/TFG/tfg-jlopez/code/ros2/install/controller_manager:/home/juloau/Desktop/TFG/tfg-jlopez/code/ros2/install/hardware_interface_testing:/home/juloau/Desktop/TFG/tfg-jlopez/code/ros2/install/controller_interface:/home/juloau/Desktop/TFG/tfg-jlopez/code/ros2/install/hardware_interface:/home/juloau/Desktop/TFG/tfg-jlopez/code/ros2/install/ros2_control_test_assets:/home/juloau/Desktop/TFG/tfg-jlopez/code/ros2/install/realtime_tools:/home/juloau/Desktop/TFG/tfg-jlopez/code/ros2/install/controller_manager_msgs:/home/juloau/Desktop/TFG/tfg-jlopez/code/ros2/install/control_msgs:/home/juloau/Desktop/TFG/tfg-jlopez/code/ros2/install/ros2_controllers:/home/juloau/Desktop/TFG/tfg-jlopez/code/ros2/install/ros2_control_demos:/home/juloau/Desktop/TFG/tfg-jlopez/code/ros2/install/ros2_control_demo_example_3:/home/juloau/Desktop/TFG/tfg-jlopez/code/ros2/install/ign_ros2_control_demos:/home/juloau/Desktop/TFG/tfg-jlopez/code/ros2/install/gazebo_ros2_control_demos:/home/juloau/Desktop/TFG/tfg-jlopez/code/ros2/install/velocity_controllers:/home/juloau/Desktop/TFG/tfg-jlopez/code/ros2/install/tricycle_steering_controller:/home/juloau/Desktop/TFG/tfg-jlopez/code/ros2/install/tricycle_controller:/home/juloau/Desktop/TFG/tfg-jlopez/code/ros2/install/ros2_control_demo_example_8:/home/juloau/Desktop/TFG/tfg-jlopez/code/ros2/install/ros2_control:/home/juloau/Desktop/TFG/tfg-jlopez/code/ros2/install/transmission_interface:/home/juloau/Desktop/TFG/tfg-jlopez/code/ros2/install/ros2_control_demo_example_11:/home/juloau/Desktop/TFG/tfg-jlopez/code/ros2/install/bicycle_steering_controller:/home/juloau/Desktop/TFG/tfg-jlopez/code/ros2/install/ackermann_steering_controller:/home/juloau/Desktop/TFG/tfg-jlopez/code/ros2/install/steering_controllers_library:/home/juloau/Desktop/TFG/tfg-jlopez/code/ros2/install/ros2_control_demo_example_9:/home/juloau/Desktop/TFG/tfg-jlopez/code/ros2/install/ros2_control_demo_example_7:/home/juloau/Desktop/TFG/tfg-jlopez/code/ros2/install/ros2_control_demo_example_6:/home/juloau/Desktop/TFG/tfg-jlopez/code/ros2/install/ros2_control_demo_example_15:/home/juloau/Desktop/TFG/tfg-jlopez/code/ros2/install/ros2_control_demo_example_5:/home/juloau/Desktop/TFG/tfg-jlopez/code/ros2/install/ros2_control_demo_example_4:/home/juloau/Desktop/TFG/tfg-jlopez/code/ros2/install/ros2_control_demo_example_2:/home/juloau/Desktop/TFG/tfg-jlopez/code/ros2/install/ros2_control_demo_example_14:/home/juloau/Desktop/TFG/tfg-jlopez/code/ros2/install/ros2_control_demo_example_12:/home/juloau/Desktop/TFG/tfg-jlopez/code/ros2/install/ros2_control_demo_example_10:/home/juloau/Desktop/TFG/tfg-jlopez/code/ros2/install/ros2_control_demo_example_1:/home/juloau/Desktop/TFG/tfg-jlopez/code/ros2/install/gz_ros2_control_tests:/home/juloau/Desktop/TFG/tfg-jlopez/code/ros2/install/ign_ros2_control:/home/juloau/Desktop/TFG/tfg-jlopez/code/ros2/install/gazebo_ros2_control:/home/juloau/Desktop/TFG/tfg-jlopez/code/ros2/install/ros2_control_demo_description:/home/juloau/Desktop/TFG/tfg-jlopez/code/ros2/install/range_sensor_broadcaster:/home/juloau/Desktop/TFG/tfg-jlopez/code/ros2/install/position_controllers:/home/juloau/Desktop/TFG/tfg-jlopez/code/ros2/install/pid_controller:/home/juloau/Desktop/TFG/tfg-jlopez/code/ros2/install/admittance_controller:/home/juloau/Desktop/TFG/tfg-jlopez/code/ros2/install/joint_trajectory_controller:/home/juloau/Desktop/TFG/tfg-jlopez/code/ros2/install/joint_state_broadcaster:/home/juloau/Desktop/TFG/tfg-jlopez/code/ros2/install/imu_sensor_broadcaster:/home/juloau/Desktop/TFG/tfg-jlopez/code/ros2/install/gripper_controllers:/home/juloau/Desktop/TFG/tfg-jlopez/code/ros2/install/effort_controllers:/home/juloau/Desktop/TFG/tfg-jlopez/code/ros2/install/forward_command_controller:/home/juloau/Desktop/TFG/tfg-jlopez/code/ros2/install/force_torque_sensor_broadcaster:/home/juloau/Desktop/TFG/tfg-jlopez/code/ros2/install/diff_drive_controller:/home/juloau/Desktop/TFG/tfg-jlopez/code/ros2/install/control_toolbox:/home/juloau/Desktop/TFG/tfg-jlopez/code/ros2/install/pibotj_r2c:/home/juloau/Desktop/TFG/tfg-jlopez/code/ros2/install/pibotj:/home/juloau/Desktop/TFG/tfg-jlopez/code/ros2/install/kinematics_interface_kdl:/home/juloau/Desktop/TFG/tfg-jlopez/code/ros2/install/kinematics_interface:/home/juloau/Desktop/TFG/tfg-jlopez/code/ros2/install/joint_limits:/home/juloau/Desktop/TFG/tfg-jlopez/code/ros2/install/articubot_one:/home/juloau/Desktop/TFG/tfg-jlopez/code/ros2/install/rqt_joint_trajectory_controller:/home/juloau/Desktop/TFG/tfg-jlopez/code/ros2/install/rqt_controller_manager:/home/juloau/Desktop/TFG/tfg-jlopez/code/ros2/install/ros2controlcli:/home/juloau/Desktop/TFG/tfg-jlopez/code/ros2/install/ros2_controllers_test_nodes:/home/juloau/Desktop/TFG/tfg-jlopez/code/ros2/install/ros2_control_demo_testing:/home/juloau/Desktop/TFG/tfg-jlopez/code/ros2/install/pibotj_rr:/opt/ros/humble LD_LIBRARY_PATH=/home/juloau/Desktop/TFG/tfg-jlopez/code/ros2/install/controller_manager/lib:/home/juloau/Desktop/TFG/tfg-jlopez/code/ros2/install/hardware_interface_testing/lib:/home/juloau/Desktop/TFG/tfg-jlopez/code/ros2/install/controller_interface/lib:/home/juloau/Desktop/TFG/tfg-jlopez/code/ros2/install/hardware_interface/lib:/home/juloau/Desktop/TFG/tfg-jlopez/code/ros2/install/realtime_tools/lib:/home/juloau/Desktop/TFG/tfg-jlopez/code/ros2/install/controller_manager_msgs/lib:/home/juloau/Desktop/TFG/tfg-jlopez/code/ros2/install/control_msgs/lib:/home/juloau/Desktop/TFG/tfg-jlopez/code/ros2/install/ros2_control_demo_example_3/lib:/home/juloau/Desktop/TFG/tfg-jlopez/code/ros2/install/velocity_controllers/lib:/home/juloau/Desktop/TFG/tfg-jlopez/code/ros2/install/tricycle_steering_controller/lib:/home/juloau/Desktop/TFG/tfg-jlopez/code/ros2/install/tricycle_controller/lib:/home/juloau/Desktop/TFG/tfg-jlopez/code/ros2/install/ros2_control_demo_example_8/lib:/home/juloau/Desktop/TFG/tfg-jlopez/code/ros2/install/transmission_interface/lib:/home/juloau/Desktop/TFG/tfg-jlopez/code/ros2/install/ros2_control_demo_example_11/lib:/home/juloau/Desktop/TFG/tfg-jlopez/code/ros2/install/bicycle_steering_controller/lib:/home/juloau/Desktop/TFG/tfg-jlopez/code/ros2/install/ackermann_steering_controller/lib:/home/juloau/Desktop/TFG/tfg-jlopez/code/ros2/install/steering_controllers_library/lib:/home/juloau/Desktop/TFG/tfg-jlopez/code/ros2/install/ros2_control_demo_example_9/lib:/home/juloau/Desktop/TFG/tfg-jlopez/code/ros2/install/ros2_control_demo_example_7/lib:/home/juloau/Desktop/TFG/tfg-jlopez/code/ros2/install/ros2_control_demo_example_6/lib:/home/juloau/Desktop/TFG/tfg-jlopez/code/ros2/install/ros2_control_demo_example_5/lib:/home/juloau/Desktop/TFG/tfg-jlopez/code/ros2/install/ros2_control_demo_example_4/lib:/home/juloau/Desktop/TFG/tfg-jlopez/code/ros2/install/ros2_control_demo_example_2/lib:/home/juloau/Desktop/TFG/tfg-jlopez/code/ros2/install/ros2_control_demo_example_14/lib:/home/juloau/Desktop/TFG/tfg-jlopez/code/ros2/install/ros2_control_demo_example_12/lib:/home/juloau/Desktop/TFG/tfg-jlopez/code/ros2/install/ros2_control_demo_example_10/lib:/home/juloau/Desktop/TFG/tfg-jlopez/code/ros2/install/ros2_control_demo_example_1/lib:/home/juloau/Desktop/TFG/tfg-jlopez/code/ros2/install/ign_ros2_control/lib:/home/juloau/Desktop/TFG/tfg-jlopez/code/ros2/install/gazebo_ros2_control/lib:/home/juloau/Desktop/TFG/tfg-jlopez/code/ros2/install/range_sensor_broadcaster/lib:/home/juloau/Desktop/TFG/tfg-jlopez/code/ros2/install/position_controllers/lib:/home/juloau/Desktop/TFG/tfg-jlopez/code/ros2/install/pid_controller/lib:/home/juloau/Desktop/TFG/tfg-jlopez/code/ros2/install/admittance_controller/lib:/home/juloau/Desktop/TFG/tfg-jlopez/code/ros2/install/joint_trajectory_controller/lib:/home/juloau/Desktop/TFG/tfg-jlopez/code/ros2/install/joint_state_broadcaster/lib:/home/juloau/Desktop/TFG/tfg-jlopez/code/ros2/install/imu_sensor_broadcaster/lib:/home/juloau/Desktop/TFG/tfg-jlopez/code/ros2/install/gripper_controllers/lib:/home/juloau/Desktop/TFG/tfg-jlopez/code/ros2/install/effort_controllers/lib:/home/juloau/Desktop/TFG/tfg-jlopez/code/ros2/install/forward_command_controller/lib:/home/juloau/Desktop/TFG/tfg-jlopez/code/ros2/install/force_torque_sensor_broadcaster/lib:/home/juloau/Desktop/TFG/tfg-jlopez/code/ros2/install/diff_drive_controller/lib:/home/juloau/Desktop/TFG/tfg-jlopez/code/ros2/install/control_toolbox/lib:/home/juloau/Desktop/TFG/tfg-jlopez/code/ros2/install/kinematics_interface_kdl/lib:/home/juloau/Desktop/TFG/tfg-jlopez/code/ros2/install/kinematics_interface/lib:/usr/lib/x86_64-linux-gnu/gazebo-11/plugins:/opt/ros/humble/opt/rviz_ogre_vendor/lib:/opt/ros/humble/lib/x86_64-linux-gnu:/opt/ros/humble/lib:/usr/share/gazebo/../../lib/x86_64-linux-gnu/gazebo-11/plugins /usr/bin/cmake /home/juloau/Desktop/TFG/tfg-jlopez/code/ros2/src/ros-controls/gz_ros2_control/ign_ros2_control -DCMAKE_INSTALL_PREFIX=/home/juloau/Desktop/TFG/tfg-jlopez/code/ros2/install/ign_ros2_control
[5.869s] Invoking command in '/home/juloau/Desktop/TFG/tfg-jlopez/code/ros2/build/ign_ros2_control': CMAKE_PREFIX_PATH=/home/juloau/Desktop/TFG/tfg-jlopez/code/ros2/install/controller_manager:/home/juloau/Desktop/TFG/tfg-jlopez/code/ros2/install/hardware_interface_testing:/home/juloau/Desktop/TFG/tfg-jlopez/code/ros2/install/controller_interface:/home/juloau/Desktop/TFG/tfg-jlopez/code/ros2/install/hardware_interface:/home/juloau/Desktop/TFG/tfg-jlopez/code/ros2/install/ros2_control_test_assets:/home/juloau/Desktop/TFG/tfg-jlopez/code/ros2/install/realtime_tools:/home/juloau/Desktop/TFG/tfg-jlopez/code/ros2/install/controller_manager_msgs:/home/juloau/Desktop/TFG/tfg-jlopez/code/ros2/install/control_msgs:/home/juloau/Desktop/TFG/tfg-jlopez/code/ros2/install/ros2_controllers:/home/juloau/Desktop/TFG/tfg-jlopez/code/ros2/install/ros2_control_demos:/home/juloau/Desktop/TFG/tfg-jlopez/code/ros2/install/ros2_control_demo_example_3:/home/juloau/Desktop/TFG/tfg-jlopez/code/ros2/install/ign_ros2_control_demos:/home/juloau/Desktop/TFG/tfg-jlopez/code/ros2/install/gazebo_ros2_control_demos:/home/juloau/Desktop/TFG/tfg-jlopez/code/ros2/install/velocity_controllers:/home/juloau/Desktop/TFG/tfg-jlopez/code/ros2/install/tricycle_steering_controller:/home/juloau/Desktop/TFG/tfg-jlopez/code/ros2/install/tricycle_controller:/home/juloau/Desktop/TFG/tfg-jlopez/code/ros2/install/ros2_control_demo_example_8:/home/juloau/Desktop/TFG/tfg-jlopez/code/ros2/install/ros2_control:/home/juloau/Desktop/TFG/tfg-jlopez/code/ros2/install/transmission_interface:/home/juloau/Desktop/TFG/tfg-jlopez/code/ros2/install/ros2_control_demo_example_11:/home/juloau/Desktop/TFG/tfg-jlopez/code/ros2/install/bicycle_steering_controller:/home/juloau/Desktop/TFG/tfg-jlopez/code/ros2/install/ackermann_steering_controller:/home/juloau/Desktop/TFG/tfg-jlopez/code/ros2/install/steering_controllers_library:/home/juloau/Desktop/TFG/tfg-jlopez/code/ros2/install/ros2_control_demo_example_9:/home/juloau/Desktop/TFG/tfg-jlopez/code/ros2/install/ros2_control_demo_example_7:/home/juloau/Desktop/TFG/tfg-jlopez/code/ros2/install/ros2_control_demo_example_6:/home/juloau/Desktop/TFG/tfg-jlopez/code/ros2/install/ros2_control_demo_example_15:/home/juloau/Desktop/TFG/tfg-jlopez/code/ros2/install/ros2_control_demo_example_5:/home/juloau/Desktop/TFG/tfg-jlopez/code/ros2/install/ros2_control_demo_example_4:/home/juloau/Desktop/TFG/tfg-jlopez/code/ros2/install/ros2_control_demo_example_2:/home/juloau/Desktop/TFG/tfg-jlopez/code/ros2/install/ros2_control_demo_example_14:/home/juloau/Desktop/TFG/tfg-jlopez/code/ros2/install/ros2_control_demo_example_12:/home/juloau/Desktop/TFG/tfg-jlopez/code/ros2/install/ros2_control_demo_example_10:/home/juloau/Desktop/TFG/tfg-jlopez/code/ros2/install/ros2_control_demo_example_1:/home/juloau/Desktop/TFG/tfg-jlopez/code/ros2/install/gz_ros2_control_tests:/home/juloau/Desktop/TFG/tfg-jlopez/code/ros2/install/ign_ros2_control:/home/juloau/Desktop/TFG/tfg-jlopez/code/ros2/install/gazebo_ros2_control:/home/juloau/Desktop/TFG/tfg-jlopez/code/ros2/install/ros2_control_demo_description:/home/juloau/Desktop/TFG/tfg-jlopez/code/ros2/install/range_sensor_broadcaster:/home/juloau/Desktop/TFG/tfg-jlopez/code/ros2/install/position_controllers:/home/juloau/Desktop/TFG/tfg-jlopez/code/ros2/install/pid_controller:/home/juloau/Desktop/TFG/tfg-jlopez/code/ros2/install/admittance_controller:/home/juloau/Desktop/TFG/tfg-jlopez/code/ros2/install/joint_trajectory_controller:/home/juloau/Desktop/TFG/tfg-jlopez/code/ros2/install/joint_state_broadcaster:/home/juloau/Desktop/TFG/tfg-jlopez/code/ros2/install/imu_sensor_broadcaster:/home/juloau/Desktop/TFG/tfg-jlopez/code/ros2/install/gripper_controllers:/home/juloau/Desktop/TFG/tfg-jlopez/code/ros2/install/effort_controllers:/home/juloau/Desktop/TFG/tfg-jlopez/code/ros2/install/forward_command_controller:/home/juloau/Desktop/TFG/tfg-jlopez/code/ros2/install/force_torque_sensor_broadcaster:/home/juloau/Desktop/TFG/tfg-jlopez/code/ros2/install/diff_drive_controller:/home/juloau/Desktop/TFG/tfg-jlopez/code/ros2/install/control_toolbox:/home/juloau/Desktop/TFG/tfg-jlopez/code/ros2/install/pibotj_r2c:/home/juloau/Desktop/TFG/tfg-jlopez/code/ros2/install/pibotj:/home/juloau/Desktop/TFG/tfg-jlopez/code/ros2/install/kinematics_interface_kdl:/home/juloau/Desktop/TFG/tfg-jlopez/code/ros2/install/kinematics_interface:/home/juloau/Desktop/TFG/tfg-jlopez/code/ros2/install/joint_limits:/home/juloau/Desktop/TFG/tfg-jlopez/code/ros2/install/articubot_one:/home/juloau/Desktop/TFG/tfg-jlopez/code/ros2/install/rqt_joint_trajectory_controller:/home/juloau/Desktop/TFG/tfg-jlopez/code/ros2/install/rqt_controller_manager:/home/juloau/Desktop/TFG/tfg-jlopez/code/ros2/install/ros2controlcli:/home/juloau/Desktop/TFG/tfg-jlopez/code/ros2/install/ros2_controllers_test_nodes:/home/juloau/Desktop/TFG/tfg-jlopez/code/ros2/install/ros2_control_demo_testing:/home/juloau/Desktop/TFG/tfg-jlopez/code/ros2/install/pibotj_rr:/opt/ros/humble LD_LIBRARY_PATH=/home/juloau/Desktop/TFG/tfg-jlopez/code/ros2/install/controller_manager/lib:/home/juloau/Desktop/TFG/tfg-jlopez/code/ros2/install/hardware_interface_testing/lib:/home/juloau/Desktop/TFG/tfg-jlopez/code/ros2/install/controller_interface/lib:/home/juloau/Desktop/TFG/tfg-jlopez/code/ros2/install/hardware_interface/lib:/home/juloau/Desktop/TFG/tfg-jlopez/code/ros2/install/realtime_tools/lib:/home/juloau/Desktop/TFG/tfg-jlopez/code/ros2/install/controller_manager_msgs/lib:/home/juloau/Desktop/TFG/tfg-jlopez/code/ros2/install/control_msgs/lib:/home/juloau/Desktop/TFG/tfg-jlopez/code/ros2/install/ros2_control_demo_example_3/lib:/home/juloau/Desktop/TFG/tfg-jlopez/code/ros2/install/velocity_controllers/lib:/home/juloau/Desktop/TFG/tfg-jlopez/code/ros2/install/tricycle_steering_controller/lib:/home/juloau/Desktop/TFG/tfg-jlopez/code/ros2/install/tricycle_controller/lib:/home/juloau/Desktop/TFG/tfg-jlopez/code/ros2/install/ros2_control_demo_example_8/lib:/home/juloau/Desktop/TFG/tfg-jlopez/code/ros2/install/transmission_interface/lib:/home/juloau/Desktop/TFG/tfg-jlopez/code/ros2/install/ros2_control_demo_example_11/lib:/home/juloau/Desktop/TFG/tfg-jlopez/code/ros2/install/bicycle_steering_controller/lib:/home/juloau/Desktop/TFG/tfg-jlopez/code/ros2/install/ackermann_steering_controller/lib:/home/juloau/Desktop/TFG/tfg-jlopez/code/ros2/install/steering_controllers_library/lib:/home/juloau/Desktop/TFG/tfg-jlopez/code/ros2/install/ros2_control_demo_example_9/lib:/home/juloau/Desktop/TFG/tfg-jlopez/code/ros2/install/ros2_control_demo_example_7/lib:/home/juloau/Desktop/TFG/tfg-jlopez/code/ros2/install/ros2_control_demo_example_6/lib:/home/juloau/Desktop/TFG/tfg-jlopez/code/ros2/install/ros2_control_demo_example_5/lib:/home/juloau/Desktop/TFG/tfg-jlopez/code/ros2/install/ros2_control_demo_example_4/lib:/home/juloau/Desktop/TFG/tfg-jlopez/code/ros2/install/ros2_control_demo_example_2/lib:/home/juloau/Desktop/TFG/tfg-jlopez/code/ros2/install/ros2_control_demo_example_14/lib:/home/juloau/Desktop/TFG/tfg-jlopez/code/ros2/install/ros2_control_demo_example_12/lib:/home/juloau/Desktop/TFG/tfg-jlopez/code/ros2/install/ros2_control_demo_example_10/lib:/home/juloau/Desktop/TFG/tfg-jlopez/code/ros2/install/ros2_control_demo_example_1/lib:/home/juloau/Desktop/TFG/tfg-jlopez/code/ros2/install/ign_ros2_control/lib:/home/juloau/Desktop/TFG/tfg-jlopez/code/ros2/install/gazebo_ros2_control/lib:/home/juloau/Desktop/TFG/tfg-jlopez/code/ros2/install/range_sensor_broadcaster/lib:/home/juloau/Desktop/TFG/tfg-jlopez/code/ros2/install/position_controllers/lib:/home/juloau/Desktop/TFG/tfg-jlopez/code/ros2/install/pid_controller/lib:/home/juloau/Desktop/TFG/tfg-jlopez/code/ros2/install/admittance_controller/lib:/home/juloau/Desktop/TFG/tfg-jlopez/code/ros2/install/joint_trajectory_controller/lib:/home/juloau/Desktop/TFG/tfg-jlopez/code/ros2/install/joint_state_broadcaster/lib:/home/juloau/Desktop/TFG/tfg-jlopez/code/ros2/install/imu_sensor_broadcaster/lib:/home/juloau/Desktop/TFG/tfg-jlopez/code/ros2/install/gripper_controllers/lib:/home/juloau/Desktop/TFG/tfg-jlopez/code/ros2/install/effort_controllers/lib:/home/juloau/Desktop/TFG/tfg-jlopez/code/ros2/install/forward_command_controller/lib:/home/juloau/Desktop/TFG/tfg-jlopez/code/ros2/install/force_torque_sensor_broadcaster/lib:/home/juloau/Desktop/TFG/tfg-jlopez/code/ros2/install/diff_drive_controller/lib:/home/juloau/Desktop/TFG/tfg-jlopez/code/ros2/install/control_toolbox/lib:/home/juloau/Desktop/TFG/tfg-jlopez/code/ros2/install/kinematics_interface_kdl/lib:/home/juloau/Desktop/TFG/tfg-jlopez/code/ros2/install/kinematics_interface/lib:/usr/lib/x86_64-linux-gnu/gazebo-11/plugins:/opt/ros/humble/opt/rviz_ogre_vendor/lib:/opt/ros/humble/lib/x86_64-linux-gnu:/opt/ros/humble/lib:/usr/share/gazebo/../../lib/x86_64-linux-gnu/gazebo-11/plugins /usr/bin/cmake --build /home/juloau/Desktop/TFG/tfg-jlopez/code/ros2/build/ign_ros2_control -- -j8 -l8
[6.092s] [35m[1mConsolidate compiler generated dependencies of target ign_ros2_control-system[0m
[6.123s] [ 25%] [32mBuilding CXX object CMakeFiles/ign_ros2_control-system.dir/src/ign_ros2_control_plugin.cpp.o[0m
[33.727s] [ 50%] [32m[1mLinking CXX shared library libign_ros2_control-system.so[0m
[36.900s] [ 50%] Built target ign_ros2_control-system
[36.935s] [35m[1mConsolidate compiler generated dependencies of target ign_hardware_plugins[0m
[37.006s] [100%] Built target ign_hardware_plugins
[37.048s] Invoked command in '/home/juloau/Desktop/TFG/tfg-jlopez/code/ros2/build/ign_ros2_control' returned '0': CMAKE_PREFIX_PATH=/home/juloau/Desktop/TFG/tfg-jlopez/code/ros2/install/controller_manager:/home/juloau/Desktop/TFG/tfg-jlopez/code/ros2/install/hardware_interface_testing:/home/juloau/Desktop/TFG/tfg-jlopez/code/ros2/install/controller_interface:/home/juloau/Desktop/TFG/tfg-jlopez/code/ros2/install/hardware_interface:/home/juloau/Desktop/TFG/tfg-jlopez/code/ros2/install/ros2_control_test_assets:/home/juloau/Desktop/TFG/tfg-jlopez/code/ros2/install/realtime_tools:/home/juloau/Desktop/TFG/tfg-jlopez/code/ros2/install/controller_manager_msgs:/home/juloau/Desktop/TFG/tfg-jlopez/code/ros2/install/control_msgs:/home/juloau/Desktop/TFG/tfg-jlopez/code/ros2/install/ros2_controllers:/home/juloau/Desktop/TFG/tfg-jlopez/code/ros2/install/ros2_control_demos:/home/juloau/Desktop/TFG/tfg-jlopez/code/ros2/install/ros2_control_demo_example_3:/home/juloau/Desktop/TFG/tfg-jlopez/code/ros2/install/ign_ros2_control_demos:/home/juloau/Desktop/TFG/tfg-jlopez/code/ros2/install/gazebo_ros2_control_demos:/home/juloau/Desktop/TFG/tfg-jlopez/code/ros2/install/velocity_controllers:/home/juloau/Desktop/TFG/tfg-jlopez/code/ros2/install/tricycle_steering_controller:/home/juloau/Desktop/TFG/tfg-jlopez/code/ros2/install/tricycle_controller:/home/juloau/Desktop/TFG/tfg-jlopez/code/ros2/install/ros2_control_demo_example_8:/home/juloau/Desktop/TFG/tfg-jlopez/code/ros2/install/ros2_control:/home/juloau/Desktop/TFG/tfg-jlopez/code/ros2/install/transmission_interface:/home/juloau/Desktop/TFG/tfg-jlopez/code/ros2/install/ros2_control_demo_example_11:/home/juloau/Desktop/TFG/tfg-jlopez/code/ros2/install/bicycle_steering_controller:/home/juloau/Desktop/TFG/tfg-jlopez/code/ros2/install/ackermann_steering_controller:/home/juloau/Desktop/TFG/tfg-jlopez/code/ros2/install/steering_controllers_library:/home/juloau/Desktop/TFG/tfg-jlopez/code/ros2/install/ros2_control_demo_example_9:/home/juloau/Desktop/TFG/tfg-jlopez/code/ros2/install/ros2_control_demo_example_7:/home/juloau/Desktop/TFG/tfg-jlopez/code/ros2/install/ros2_control_demo_example_6:/home/juloau/Desktop/TFG/tfg-jlopez/code/ros2/install/ros2_control_demo_example_15:/home/juloau/Desktop/TFG/tfg-jlopez/code/ros2/install/ros2_control_demo_example_5:/home/juloau/Desktop/TFG/tfg-jlopez/code/ros2/install/ros2_control_demo_example_4:/home/juloau/Desktop/TFG/tfg-jlopez/code/ros2/install/ros2_control_demo_example_2:/home/juloau/Desktop/TFG/tfg-jlopez/code/ros2/install/ros2_control_demo_example_14:/home/juloau/Desktop/TFG/tfg-jlopez/code/ros2/install/ros2_control_demo_example_12:/home/juloau/Desktop/TFG/tfg-jlopez/code/ros2/install/ros2_control_demo_example_10:/home/juloau/Desktop/TFG/tfg-jlopez/code/ros2/install/ros2_control_demo_example_1:/home/juloau/Desktop/TFG/tfg-jlopez/code/ros2/install/gz_ros2_control_tests:/home/juloau/Desktop/TFG/tfg-jlopez/code/ros2/install/ign_ros2_control:/home/juloau/Desktop/TFG/tfg-jlopez/code/ros2/install/gazebo_ros2_control:/home/juloau/Desktop/TFG/tfg-jlopez/code/ros2/install/ros2_control_demo_description:/home/juloau/Desktop/TFG/tfg-jlopez/code/ros2/install/range_sensor_broadcaster:/home/juloau/Desktop/TFG/tfg-jlopez/code/ros2/install/position_controllers:/home/juloau/Desktop/TFG/tfg-jlopez/code/ros2/install/pid_controller:/home/juloau/Desktop/TFG/tfg-jlopez/code/ros2/install/admittance_controller:/home/juloau/Desktop/TFG/tfg-jlopez/code/ros2/install/joint_trajectory_controller:/home/juloau/Desktop/TFG/tfg-jlopez/code/ros2/install/joint_state_broadcaster:/home/juloau/Desktop/TFG/tfg-jlopez/code/ros2/install/imu_sensor_broadcaster:/home/juloau/Desktop/TFG/tfg-jlopez/code/ros2/install/gripper_controllers:/home/juloau/Desktop/TFG/tfg-jlopez/code/ros2/install/effort_controllers:/home/juloau/Desktop/TFG/tfg-jlopez/code/ros2/install/forward_command_controller:/home/juloau/Desktop/TFG/tfg-jlopez/code/ros2/install/force_torque_sensor_broadcaster:/home/juloau/Desktop/TFG/tfg-jlopez/code/ros2/install/diff_drive_controller:/home/juloau/Desktop/TFG/tfg-jlopez/code/ros2/install/control_toolbox:/home/juloau/Desktop/TFG/tfg-jlopez/code/ros2/install/pibotj_r2c:/home/juloau/Desktop/TFG/tfg-jlopez/code/ros2/install/pibotj:/home/juloau/Desktop/TFG/tfg-jlopez/code/ros2/install/kinematics_interface_kdl:/home/juloau/Desktop/TFG/tfg-jlopez/code/ros2/install/kinematics_interface:/home/juloau/Desktop/TFG/tfg-jlopez/code/ros2/install/joint_limits:/home/juloau/Desktop/TFG/tfg-jlopez/code/ros2/install/articubot_one:/home/juloau/Desktop/TFG/tfg-jlopez/code/ros2/install/rqt_joint_trajectory_controller:/home/juloau/Desktop/TFG/tfg-jlopez/code/ros2/install/rqt_controller_manager:/home/juloau/Desktop/TFG/tfg-jlopez/code/ros2/install/ros2controlcli:/home/juloau/Desktop/TFG/tfg-jlopez/code/ros2/install/ros2_controllers_test_nodes:/home/juloau/Desktop/TFG/tfg-jlopez/code/ros2/install/ros2_control_demo_testing:/home/juloau/Desktop/TFG/tfg-jlopez/code/ros2/install/pibotj_rr:/opt/ros/humble LD_LIBRARY_PATH=/home/juloau/Desktop/TFG/tfg-jlopez/code/ros2/install/controller_manager/lib:/home/juloau/Desktop/TFG/tfg-jlopez/code/ros2/install/hardware_interface_testing/lib:/home/juloau/Desktop/TFG/tfg-jlopez/code/ros2/install/controller_interface/lib:/home/juloau/Desktop/TFG/tfg-jlopez/code/ros2/install/hardware_interface/lib:/home/juloau/Desktop/TFG/tfg-jlopez/code/ros2/install/realtime_tools/lib:/home/juloau/Desktop/TFG/tfg-jlopez/code/ros2/install/controller_manager_msgs/lib:/home/juloau/Desktop/TFG/tfg-jlopez/code/ros2/install/control_msgs/lib:/home/juloau/Desktop/TFG/tfg-jlopez/code/ros2/install/ros2_control_demo_example_3/lib:/home/juloau/Desktop/TFG/tfg-jlopez/code/ros2/install/velocity_controllers/lib:/home/juloau/Desktop/TFG/tfg-jlopez/code/ros2/install/tricycle_steering_controller/lib:/home/juloau/Desktop/TFG/tfg-jlopez/code/ros2/install/tricycle_controller/lib:/home/juloau/Desktop/TFG/tfg-jlopez/code/ros2/install/ros2_control_demo_example_8/lib:/home/juloau/Desktop/TFG/tfg-jlopez/code/ros2/install/transmission_interface/lib:/home/juloau/Desktop/TFG/tfg-jlopez/code/ros2/install/ros2_control_demo_example_11/lib:/home/juloau/Desktop/TFG/tfg-jlopez/code/ros2/install/bicycle_steering_controller/lib:/home/juloau/Desktop/TFG/tfg-jlopez/code/ros2/install/ackermann_steering_controller/lib:/home/juloau/Desktop/TFG/tfg-jlopez/code/ros2/install/steering_controllers_library/lib:/home/juloau/Desktop/TFG/tfg-jlopez/code/ros2/install/ros2_control_demo_example_9/lib:/home/juloau/Desktop/TFG/tfg-jlopez/code/ros2/install/ros2_control_demo_example_7/lib:/home/juloau/Desktop/TFG/tfg-jlopez/code/ros2/install/ros2_control_demo_example_6/lib:/home/juloau/Desktop/TFG/tfg-jlopez/code/ros2/install/ros2_control_demo_example_5/lib:/home/juloau/Desktop/TFG/tfg-jlopez/code/ros2/install/ros2_control_demo_example_4/lib:/home/juloau/Desktop/TFG/tfg-jlopez/code/ros2/install/ros2_control_demo_example_2/lib:/home/juloau/Desktop/TFG/tfg-jlopez/code/ros2/install/ros2_control_demo_example_14/lib:/home/juloau/Desktop/TFG/tfg-jlopez/code/ros2/install/ros2_control_demo_example_12/lib:/home/juloau/Desktop/TFG/tfg-jlopez/code/ros2/install/ros2_control_demo_example_10/lib:/home/juloau/Desktop/TFG/tfg-jlopez/code/ros2/install/ros2_control_demo_example_1/lib:/home/juloau/Desktop/TFG/tfg-jlopez/code/ros2/install/ign_ros2_control/lib:/home/juloau/Desktop/TFG/tfg-jlopez/code/ros2/install/gazebo_ros2_control/lib:/home/juloau/Desktop/TFG/tfg-jlopez/code/ros2/install/range_sensor_broadcaster/lib:/home/juloau/Desktop/TFG/tfg-jlopez/code/ros2/install/position_controllers/lib:/home/juloau/Desktop/TFG/tfg-jlopez/code/ros2/install/pid_controller/lib:/home/juloau/Desktop/TFG/tfg-jlopez/code/ros2/install/admittance_controller/lib:/home/juloau/Desktop/TFG/tfg-jlopez/code/ros2/install/joint_trajectory_controller/lib:/home/juloau/Desktop/TFG/tfg-jlopez/code/ros2/install/joint_state_broadcaster/lib:/home/juloau/Desktop/TFG/tfg-jlopez/code/ros2/install/imu_sensor_broadcaster/lib:/home/juloau/Desktop/TFG/tfg-jlopez/code/ros2/install/gripper_controllers/lib:/home/juloau/Desktop/TFG/tfg-jlopez/code/ros2/install/effort_controllers/lib:/home/juloau/Desktop/TFG/tfg-jlopez/code/ros2/install/forward_command_controller/lib:/home/juloau/Desktop/TFG/tfg-jlopez/code/ros2/install/force_torque_sensor_broadcaster/lib:/home/juloau/Desktop/TFG/tfg-jlopez/code/ros2/install/diff_drive_controller/lib:/home/juloau/Desktop/TFG/tfg-jlopez/code/ros2/install/control_toolbox/lib:/home/juloau/Desktop/TFG/tfg-jlopez/code/ros2/install/kinematics_interface_kdl/lib:/home/juloau/Desktop/TFG/tfg-jlopez/code/ros2/install/kinematics_interface/lib:/usr/lib/x86_64-linux-gnu/gazebo-11/plugins:/opt/ros/humble/opt/rviz_ogre_vendor/lib:/opt/ros/humble/lib/x86_64-linux-gnu:/opt/ros/humble/lib:/usr/share/gazebo/../../lib/x86_64-linux-gnu/gazebo-11/plugins /usr/bin/cmake --build /home/juloau/Desktop/TFG/tfg-jlopez/code/ros2/build/ign_ros2_control -- -j8 -l8
[37.193s] Invoking command in '/home/juloau/Desktop/TFG/tfg-jlopez/code/ros2/build/ign_ros2_control': CMAKE_PREFIX_PATH=/home/juloau/Desktop/TFG/tfg-jlopez/code/ros2/install/controller_manager:/home/juloau/Desktop/TFG/tfg-jlopez/code/ros2/install/hardware_interface_testing:/home/juloau/Desktop/TFG/tfg-jlopez/code/ros2/install/controller_interface:/home/juloau/Desktop/TFG/tfg-jlopez/code/ros2/install/hardware_interface:/home/juloau/Desktop/TFG/tfg-jlopez/code/ros2/install/ros2_control_test_assets:/home/juloau/Desktop/TFG/tfg-jlopez/code/ros2/install/realtime_tools:/home/juloau/Desktop/TFG/tfg-jlopez/code/ros2/install/controller_manager_msgs:/home/juloau/Desktop/TFG/tfg-jlopez/code/ros2/install/control_msgs:/home/juloau/Desktop/TFG/tfg-jlopez/code/ros2/install/ros2_controllers:/home/juloau/Desktop/TFG/tfg-jlopez/code/ros2/install/ros2_control_demos:/home/juloau/Desktop/TFG/tfg-jlopez/code/ros2/install/ros2_control_demo_example_3:/home/juloau/Desktop/TFG/tfg-jlopez/code/ros2/install/ign_ros2_control_demos:/home/juloau/Desktop/TFG/tfg-jlopez/code/ros2/install/gazebo_ros2_control_demos:/home/juloau/Desktop/TFG/tfg-jlopez/code/ros2/install/velocity_controllers:/home/juloau/Desktop/TFG/tfg-jlopez/code/ros2/install/tricycle_steering_controller:/home/juloau/Desktop/TFG/tfg-jlopez/code/ros2/install/tricycle_controller:/home/juloau/Desktop/TFG/tfg-jlopez/code/ros2/install/ros2_control_demo_example_8:/home/juloau/Desktop/TFG/tfg-jlopez/code/ros2/install/ros2_control:/home/juloau/Desktop/TFG/tfg-jlopez/code/ros2/install/transmission_interface:/home/juloau/Desktop/TFG/tfg-jlopez/code/ros2/install/ros2_control_demo_example_11:/home/juloau/Desktop/TFG/tfg-jlopez/code/ros2/install/bicycle_steering_controller:/home/juloau/Desktop/TFG/tfg-jlopez/code/ros2/install/ackermann_steering_controller:/home/juloau/Desktop/TFG/tfg-jlopez/code/ros2/install/steering_controllers_library:/home/juloau/Desktop/TFG/tfg-jlopez/code/ros2/install/ros2_control_demo_example_9:/home/juloau/Desktop/TFG/tfg-jlopez/code/ros2/install/ros2_control_demo_example_7:/home/juloau/Desktop/TFG/tfg-jlopez/code/ros2/install/ros2_control_demo_example_6:/home/juloau/Desktop/TFG/tfg-jlopez/code/ros2/install/ros2_control_demo_example_15:/home/juloau/Desktop/TFG/tfg-jlopez/code/ros2/install/ros2_control_demo_example_5:/home/juloau/Desktop/TFG/tfg-jlopez/code/ros2/install/ros2_control_demo_example_4:/home/juloau/Desktop/TFG/tfg-jlopez/code/ros2/install/ros2_control_demo_example_2:/home/juloau/Desktop/TFG/tfg-jlopez/code/ros2/install/ros2_control_demo_example_14:/home/juloau/Desktop/TFG/tfg-jlopez/code/ros2/install/ros2_control_demo_example_12:/home/juloau/Desktop/TFG/tfg-jlopez/code/ros2/install/ros2_control_demo_example_10:/home/juloau/Desktop/TFG/tfg-jlopez/code/ros2/install/ros2_control_demo_example_1:/home/juloau/Desktop/TFG/tfg-jlopez/code/ros2/install/gz_ros2_control_tests:/home/juloau/Desktop/TFG/tfg-jlopez/code/ros2/install/ign_ros2_control:/home/juloau/Desktop/TFG/tfg-jlopez/code/ros2/install/gazebo_ros2_control:/home/juloau/Desktop/TFG/tfg-jlopez/code/ros2/install/ros2_control_demo_description:/home/juloau/Desktop/TFG/tfg-jlopez/code/ros2/install/range_sensor_broadcaster:/home/juloau/Desktop/TFG/tfg-jlopez/code/ros2/install/position_controllers:/home/juloau/Desktop/TFG/tfg-jlopez/code/ros2/install/pid_controller:/home/juloau/Desktop/TFG/tfg-jlopez/code/ros2/install/admittance_controller:/home/juloau/Desktop/TFG/tfg-jlopez/code/ros2/install/joint_trajectory_controller:/home/juloau/Desktop/TFG/tfg-jlopez/code/ros2/install/joint_state_broadcaster:/home/juloau/Desktop/TFG/tfg-jlopez/code/ros2/install/imu_sensor_broadcaster:/home/juloau/Desktop/TFG/tfg-jlopez/code/ros2/install/gripper_controllers:/home/juloau/Desktop/TFG/tfg-jlopez/code/ros2/install/effort_controllers:/home/juloau/Desktop/TFG/tfg-jlopez/code/ros2/install/forward_command_controller:/home/juloau/Desktop/TFG/tfg-jlopez/code/ros2/install/force_torque_sensor_broadcaster:/home/juloau/Desktop/TFG/tfg-jlopez/code/ros2/install/diff_drive_controller:/home/juloau/Desktop/TFG/tfg-jlopez/code/ros2/install/control_toolbox:/home/juloau/Desktop/TFG/tfg-jlopez/code/ros2/install/pibotj_r2c:/home/juloau/Desktop/TFG/tfg-jlopez/code/ros2/install/pibotj:/home/juloau/Desktop/TFG/tfg-jlopez/code/ros2/install/kinematics_interface_kdl:/home/juloau/Desktop/TFG/tfg-jlopez/code/ros2/install/kinematics_interface:/home/juloau/Desktop/TFG/tfg-jlopez/code/ros2/install/joint_limits:/home/juloau/Desktop/TFG/tfg-jlopez/code/ros2/install/articubot_one:/home/juloau/Desktop/TFG/tfg-jlopez/code/ros2/install/rqt_joint_trajectory_controller:/home/juloau/Desktop/TFG/tfg-jlopez/code/ros2/install/rqt_controller_manager:/home/juloau/Desktop/TFG/tfg-jlopez/code/ros2/install/ros2controlcli:/home/juloau/Desktop/TFG/tfg-jlopez/code/ros2/install/ros2_controllers_test_nodes:/home/juloau/Desktop/TFG/tfg-jlopez/code/ros2/install/ros2_control_demo_testing:/home/juloau/Desktop/TFG/tfg-jlopez/code/ros2/install/pibotj_rr:/opt/ros/humble LD_LIBRARY_PATH=/home/juloau/Desktop/TFG/tfg-jlopez/code/ros2/install/controller_manager/lib:/home/juloau/Desktop/TFG/tfg-jlopez/code/ros2/install/hardware_interface_testing/lib:/home/juloau/Desktop/TFG/tfg-jlopez/code/ros2/install/controller_interface/lib:/home/juloau/Desktop/TFG/tfg-jlopez/code/ros2/install/hardware_interface/lib:/home/juloau/Desktop/TFG/tfg-jlopez/code/ros2/install/realtime_tools/lib:/home/juloau/Desktop/TFG/tfg-jlopez/code/ros2/install/controller_manager_msgs/lib:/home/juloau/Desktop/TFG/tfg-jlopez/code/ros2/install/control_msgs/lib:/home/juloau/Desktop/TFG/tfg-jlopez/code/ros2/install/ros2_control_demo_example_3/lib:/home/juloau/Desktop/TFG/tfg-jlopez/code/ros2/install/velocity_controllers/lib:/home/juloau/Desktop/TFG/tfg-jlopez/code/ros2/install/tricycle_steering_controller/lib:/home/juloau/Desktop/TFG/tfg-jlopez/code/ros2/install/tricycle_controller/lib:/home/juloau/Desktop/TFG/tfg-jlopez/code/ros2/install/ros2_control_demo_example_8/lib:/home/juloau/Desktop/TFG/tfg-jlopez/code/ros2/install/transmission_interface/lib:/home/juloau/Desktop/TFG/tfg-jlopez/code/ros2/install/ros2_control_demo_example_11/lib:/home/juloau/Desktop/TFG/tfg-jlopez/code/ros2/install/bicycle_steering_controller/lib:/home/juloau/Desktop/TFG/tfg-jlopez/code/ros2/install/ackermann_steering_controller/lib:/home/juloau/Desktop/TFG/tfg-jlopez/code/ros2/install/steering_controllers_library/lib:/home/juloau/Desktop/TFG/tfg-jlopez/code/ros2/install/ros2_control_demo_example_9/lib:/home/juloau/Desktop/TFG/tfg-jlopez/code/ros2/install/ros2_control_demo_example_7/lib:/home/juloau/Desktop/TFG/tfg-jlopez/code/ros2/install/ros2_control_demo_example_6/lib:/home/juloau/Desktop/TFG/tfg-jlopez/code/ros2/install/ros2_control_demo_example_5/lib:/home/juloau/Desktop/TFG/tfg-jlopez/code/ros2/install/ros2_control_demo_example_4/lib:/home/juloau/Desktop/TFG/tfg-jlopez/code/ros2/install/ros2_control_demo_example_2/lib:/home/juloau/Desktop/TFG/tfg-jlopez/code/ros2/install/ros2_control_demo_example_14/lib:/home/juloau/Desktop/TFG/tfg-jlopez/code/ros2/install/ros2_control_demo_example_12/lib:/home/juloau/Desktop/TFG/tfg-jlopez/code/ros2/install/ros2_control_demo_example_10/lib:/home/juloau/Desktop/TFG/tfg-jlopez/code/ros2/install/ros2_control_demo_example_1/lib:/home/juloau/Desktop/TFG/tfg-jlopez/code/ros2/install/ign_ros2_control/lib:/home/juloau/Desktop/TFG/tfg-jlopez/code/ros2/install/gazebo_ros2_control/lib:/home/juloau/Desktop/TFG/tfg-jlopez/code/ros2/install/range_sensor_broadcaster/lib:/home/juloau/Desktop/TFG/tfg-jlopez/code/ros2/install/position_controllers/lib:/home/juloau/Desktop/TFG/tfg-jlopez/code/ros2/install/pid_controller/lib:/home/juloau/Desktop/TFG/tfg-jlopez/code/ros2/install/admittance_controller/lib:/home/juloau/Desktop/TFG/tfg-jlopez/code/ros2/install/joint_trajectory_controller/lib:/home/juloau/Desktop/TFG/tfg-jlopez/code/ros2/install/joint_state_broadcaster/lib:/home/juloau/Desktop/TFG/tfg-jlopez/code/ros2/install/imu_sensor_broadcaster/lib:/home/juloau/Desktop/TFG/tfg-jlopez/code/ros2/install/gripper_controllers/lib:/home/juloau/Desktop/TFG/tfg-jlopez/code/ros2/install/effort_controllers/lib:/home/juloau/Desktop/TFG/tfg-jlopez/code/ros2/install/forward_command_controller/lib:/home/juloau/Desktop/TFG/tfg-jlopez/code/ros2/install/force_torque_sensor_broadcaster/lib:/home/juloau/Desktop/TFG/tfg-jlopez/code/ros2/install/diff_drive_controller/lib:/home/juloau/Desktop/TFG/tfg-jlopez/code/ros2/install/control_toolbox/lib:/home/juloau/Desktop/TFG/tfg-jlopez/code/ros2/install/kinematics_interface_kdl/lib:/home/juloau/Desktop/TFG/tfg-jlopez/code/ros2/install/kinematics_interface/lib:/usr/lib/x86_64-linux-gnu/gazebo-11/plugins:/opt/ros/humble/opt/rviz_ogre_vendor/lib:/opt/ros/humble/lib/x86_64-linux-gnu:/opt/ros/humble/lib:/usr/share/gazebo/../../lib/x86_64-linux-gnu/gazebo-11/plugins /usr/bin/cmake --install /home/juloau/Desktop/TFG/tfg-jlopez/code/ros2/build/ign_ros2_control
[37.275s] -- Install configuration: ""
[37.275s] -- Execute custom install script
[37.276s] -- Up-to-date symlink: /home/juloau/Desktop/TFG/tfg-jlopez/code/ros2/install/ign_ros2_control/lib/libign_hardware_plugins.so
[37.276s] -- Up-to-date symlink: /home/juloau/Desktop/TFG/tfg-jlopez/code/ros2/install/ign_ros2_control/include/ign_ros2_control/ign_ros2_control_plugin.hpp
[37.276s] -- Up-to-date symlink: /home/juloau/Desktop/TFG/tfg-jlopez/code/ros2/install/ign_ros2_control/include/ign_ros2_control/ign_system.hpp
[37.276s] -- Up-to-date symlink: /home/juloau/Desktop/TFG/tfg-jlopez/code/ros2/install/ign_ros2_control/include/ign_ros2_control/ign_system_interface.hpp
[37.277s] -- Up-to-date symlink: /home/juloau/Desktop/TFG/tfg-jlopez/code/ros2/install/ign_ros2_control/share/ign_ros2_control/environment/library_path.sh
[37.277s] -- Up-to-date symlink: /home/juloau/Desktop/TFG/tfg-jlopez/code/ros2/install/ign_ros2_control/share/ign_ros2_control/environment/library_path.dsv
[37.277s] -- Up-to-date symlink: /home/juloau/Desktop/TFG/tfg-jlopez/code/ros2/install/ign_ros2_control/lib/libign_ros2_control-system.so
[37.277s] -- Up-to-date symlink: /home/juloau/Desktop/TFG/tfg-jlopez/code/ros2/install/ign_ros2_control/share/ign_ros2_control//ign_hardware_plugins.xml
[37.277s] -- Up-to-date symlink: /home/juloau/Desktop/TFG/tfg-jlopez/code/ros2/install/ign_ros2_control/share/ament_index/resource_index/package_run_dependencies/ign_ros2_control
[37.277s] -- Up-to-date symlink: /home/juloau/Desktop/TFG/tfg-jlopez/code/ros2/install/ign_ros2_control/share/ament_index/resource_index/parent_prefix_path/ign_ros2_control
[37.278s] -- Up-to-date symlink: /home/juloau/Desktop/TFG/tfg-jlopez/code/ros2/install/ign_ros2_control/share/ign_ros2_control/environment/ament_prefix_path.sh
[37.278s] -- Up-to-date symlink: /home/juloau/Desktop/TFG/tfg-jlopez/code/ros2/install/ign_ros2_control/share/ign_ros2_control/environment/ament_prefix_path.dsv
[37.278s] -- Up-to-date symlink: /home/juloau/Desktop/TFG/tfg-jlopez/code/ros2/install/ign_ros2_control/share/ign_ros2_control/environment/path.sh
[37.279s] -- Up-to-date symlink: /home/juloau/Desktop/TFG/tfg-jlopez/code/ros2/install/ign_ros2_control/share/ign_ros2_control/environment/path.dsv
[37.279s] -- Up-to-date symlink: /home/juloau/Desktop/TFG/tfg-jlopez/code/ros2/install/ign_ros2_control/share/ign_ros2_control/local_setup.bash
[37.279s] -- Up-to-date symlink: /home/juloau/Desktop/TFG/tfg-jlopez/code/ros2/install/ign_ros2_control/share/ign_ros2_control/local_setup.sh
[37.280s] -- Up-to-date symlink: /home/juloau/Desktop/TFG/tfg-jlopez/code/ros2/install/ign_ros2_control/share/ign_ros2_control/local_setup.zsh
[37.280s] -- Up-to-date symlink: /home/juloau/Desktop/TFG/tfg-jlopez/code/ros2/install/ign_ros2_control/share/ign_ros2_control/local_setup.dsv
[37.280s] -- Symlinking: /home/juloau/Desktop/TFG/tfg-jlopez/code/ros2/install/ign_ros2_control/share/ign_ros2_control/package.dsv
[37.283s] -- Up-to-date symlink: /home/juloau/Desktop/TFG/tfg-jlopez/code/ros2/install/ign_ros2_control/share/ament_index/resource_index/packages/ign_ros2_control
[37.284s] -- Up-to-date symlink: /home/juloau/Desktop/TFG/tfg-jlopez/code/ros2/install/ign_ros2_control/share/ament_index/resource_index/ign_ros2_control__pluginlib__plugin/ign_ros2_control
[37.285s] -- Up-to-date symlink: /home/juloau/Desktop/TFG/tfg-jlopez/code/ros2/install/ign_ros2_control/share/ign_ros2_control/cmake/ament_cmake_export_include_directories-extras.cmake
[37.286s] -- Up-to-date symlink: /home/juloau/Desktop/TFG/tfg-jlopez/code/ros2/install/ign_ros2_control/share/ign_ros2_control/cmake/ament_cmake_export_libraries-extras.cmake
[37.287s] -- Up-to-date symlink: /home/juloau/Desktop/TFG/tfg-jlopez/code/ros2/install/ign_ros2_control/share/ign_ros2_control/cmake/ign_ros2_controlConfig.cmake
[37.288s] -- Up-to-date symlink: /home/juloau/Desktop/TFG/tfg-jlopez/code/ros2/install/ign_ros2_control/share/ign_ros2_control/cmake/ign_ros2_controlConfig-version.cmake
[37.288s] -- Up-to-date symlink: /home/juloau/Desktop/TFG/tfg-jlopez/code/ros2/install/ign_ros2_control/share/ign_ros2_control/package.xml
[37.295s] Invoked command in '/home/juloau/Desktop/TFG/tfg-jlopez/code/ros2/build/ign_ros2_control' returned '0': CMAKE_PREFIX_PATH=/home/juloau/Desktop/TFG/tfg-jlopez/code/ros2/install/controller_manager:/home/juloau/Desktop/TFG/tfg-jlopez/code/ros2/install/hardware_interface_testing:/home/juloau/Desktop/TFG/tfg-jlopez/code/ros2/install/controller_interface:/home/juloau/Desktop/TFG/tfg-jlopez/code/ros2/install/hardware_interface:/home/juloau/Desktop/TFG/tfg-jlopez/code/ros2/install/ros2_control_test_assets:/home/juloau/Desktop/TFG/tfg-jlopez/code/ros2/install/realtime_tools:/home/juloau/Desktop/TFG/tfg-jlopez/code/ros2/install/controller_manager_msgs:/home/juloau/Desktop/TFG/tfg-jlopez/code/ros2/install/control_msgs:/home/juloau/Desktop/TFG/tfg-jlopez/code/ros2/install/ros2_controllers:/home/juloau/Desktop/TFG/tfg-jlopez/code/ros2/install/ros2_control_demos:/home/juloau/Desktop/TFG/tfg-jlopez/code/ros2/install/ros2_control_demo_example_3:/home/juloau/Desktop/TFG/tfg-jlopez/code/ros2/install/ign_ros2_control_demos:/home/juloau/Desktop/TFG/tfg-jlopez/code/ros2/install/gazebo_ros2_control_demos:/home/juloau/Desktop/TFG/tfg-jlopez/code/ros2/install/velocity_controllers:/home/juloau/Desktop/TFG/tfg-jlopez/code/ros2/install/tricycle_steering_controller:/home/juloau/Desktop/TFG/tfg-jlopez/code/ros2/install/tricycle_controller:/home/juloau/Desktop/TFG/tfg-jlopez/code/ros2/install/ros2_control_demo_example_8:/home/juloau/Desktop/TFG/tfg-jlopez/code/ros2/install/ros2_control:/home/juloau/Desktop/TFG/tfg-jlopez/code/ros2/install/transmission_interface:/home/juloau/Desktop/TFG/tfg-jlopez/code/ros2/install/ros2_control_demo_example_11:/home/juloau/Desktop/TFG/tfg-jlopez/code/ros2/install/bicycle_steering_controller:/home/juloau/Desktop/TFG/tfg-jlopez/code/ros2/install/ackermann_steering_controller:/home/juloau/Desktop/TFG/tfg-jlopez/code/ros2/install/steering_controllers_library:/home/juloau/Desktop/TFG/tfg-jlopez/code/ros2/install/ros2_control_demo_example_9:/home/juloau/Desktop/TFG/tfg-jlopez/code/ros2/install/ros2_control_demo_example_7:/home/juloau/Desktop/TFG/tfg-jlopez/code/ros2/install/ros2_control_demo_example_6:/home/juloau/Desktop/TFG/tfg-jlopez/code/ros2/install/ros2_control_demo_example_15:/home/juloau/Desktop/TFG/tfg-jlopez/code/ros2/install/ros2_control_demo_example_5:/home/juloau/Desktop/TFG/tfg-jlopez/code/ros2/install/ros2_control_demo_example_4:/home/juloau/Desktop/TFG/tfg-jlopez/code/ros2/install/ros2_control_demo_example_2:/home/juloau/Desktop/TFG/tfg-jlopez/code/ros2/install/ros2_control_demo_example_14:/home/juloau/Desktop/TFG/tfg-jlopez/code/ros2/install/ros2_control_demo_example_12:/home/juloau/Desktop/TFG/tfg-jlopez/code/ros2/install/ros2_control_demo_example_10:/home/juloau/Desktop/TFG/tfg-jlopez/code/ros2/install/ros2_control_demo_example_1:/home/juloau/Desktop/TFG/tfg-jlopez/code/ros2/install/gz_ros2_control_tests:/home/juloau/Desktop/TFG/tfg-jlopez/code/ros2/install/ign_ros2_control:/home/juloau/Desktop/TFG/tfg-jlopez/code/ros2/install/gazebo_ros2_control:/home/juloau/Desktop/TFG/tfg-jlopez/code/ros2/install/ros2_control_demo_description:/home/juloau/Desktop/TFG/tfg-jlopez/code/ros2/install/range_sensor_broadcaster:/home/juloau/Desktop/TFG/tfg-jlopez/code/ros2/install/position_controllers:/home/juloau/Desktop/TFG/tfg-jlopez/code/ros2/install/pid_controller:/home/juloau/Desktop/TFG/tfg-jlopez/code/ros2/install/admittance_controller:/home/juloau/Desktop/TFG/tfg-jlopez/code/ros2/install/joint_trajectory_controller:/home/juloau/Desktop/TFG/tfg-jlopez/code/ros2/install/joint_state_broadcaster:/home/juloau/Desktop/TFG/tfg-jlopez/code/ros2/install/imu_sensor_broadcaster:/home/juloau/Desktop/TFG/tfg-jlopez/code/ros2/install/gripper_controllers:/home/juloau/Desktop/TFG/tfg-jlopez/code/ros2/install/effort_controllers:/home/juloau/Desktop/TFG/tfg-jlopez/code/ros2/install/forward_command_controller:/home/juloau/Desktop/TFG/tfg-jlopez/code/ros2/install/force_torque_sensor_broadcaster:/home/juloau/Desktop/TFG/tfg-jlopez/code/ros2/install/diff_drive_controller:/home/juloau/Desktop/TFG/tfg-jlopez/code/ros2/install/control_toolbox:/home/juloau/Desktop/TFG/tfg-jlopez/code/ros2/install/pibotj_r2c:/home/juloau/Desktop/TFG/tfg-jlopez/code/ros2/install/pibotj:/home/juloau/Desktop/TFG/tfg-jlopez/code/ros2/install/kinematics_interface_kdl:/home/juloau/Desktop/TFG/tfg-jlopez/code/ros2/install/kinematics_interface:/home/juloau/Desktop/TFG/tfg-jlopez/code/ros2/install/joint_limits:/home/juloau/Desktop/TFG/tfg-jlopez/code/ros2/install/articubot_one:/home/juloau/Desktop/TFG/tfg-jlopez/code/ros2/install/rqt_joint_trajectory_controller:/home/juloau/Desktop/TFG/tfg-jlopez/code/ros2/install/rqt_controller_manager:/home/juloau/Desktop/TFG/tfg-jlopez/code/ros2/install/ros2controlcli:/home/juloau/Desktop/TFG/tfg-jlopez/code/ros2/install/ros2_controllers_test_nodes:/home/juloau/Desktop/TFG/tfg-jlopez/code/ros2/install/ros2_control_demo_testing:/home/juloau/Desktop/TFG/tfg-jlopez/code/ros2/install/pibotj_rr:/opt/ros/humble LD_LIBRARY_PATH=/home/juloau/Desktop/TFG/tfg-jlopez/code/ros2/install/controller_manager/lib:/home/juloau/Desktop/TFG/tfg-jlopez/code/ros2/install/hardware_interface_testing/lib:/home/juloau/Desktop/TFG/tfg-jlopez/code/ros2/install/controller_interface/lib:/home/juloau/Desktop/TFG/tfg-jlopez/code/ros2/install/hardware_interface/lib:/home/juloau/Desktop/TFG/tfg-jlopez/code/ros2/install/realtime_tools/lib:/home/juloau/Desktop/TFG/tfg-jlopez/code/ros2/install/controller_manager_msgs/lib:/home/juloau/Desktop/TFG/tfg-jlopez/code/ros2/install/control_msgs/lib:/home/juloau/Desktop/TFG/tfg-jlopez/code/ros2/install/ros2_control_demo_example_3/lib:/home/juloau/Desktop/TFG/tfg-jlopez/code/ros2/install/velocity_controllers/lib:/home/juloau/Desktop/TFG/tfg-jlopez/code/ros2/install/tricycle_steering_controller/lib:/home/juloau/Desktop/TFG/tfg-jlopez/code/ros2/install/tricycle_controller/lib:/home/juloau/Desktop/TFG/tfg-jlopez/code/ros2/install/ros2_control_demo_example_8/lib:/home/juloau/Desktop/TFG/tfg-jlopez/code/ros2/install/transmission_interface/lib:/home/juloau/Desktop/TFG/tfg-jlopez/code/ros2/install/ros2_control_demo_example_11/lib:/home/juloau/Desktop/TFG/tfg-jlopez/code/ros2/install/bicycle_steering_controller/lib:/home/juloau/Desktop/TFG/tfg-jlopez/code/ros2/install/ackermann_steering_controller/lib:/home/juloau/Desktop/TFG/tfg-jlopez/code/ros2/install/steering_controllers_library/lib:/home/juloau/Desktop/TFG/tfg-jlopez/code/ros2/install/ros2_control_demo_example_9/lib:/home/juloau/Desktop/TFG/tfg-jlopez/code/ros2/install/ros2_control_demo_example_7/lib:/home/juloau/Desktop/TFG/tfg-jlopez/code/ros2/install/ros2_control_demo_example_6/lib:/home/juloau/Desktop/TFG/tfg-jlopez/code/ros2/install/ros2_control_demo_example_5/lib:/home/juloau/Desktop/TFG/tfg-jlopez/code/ros2/install/ros2_control_demo_example_4/lib:/home/juloau/Desktop/TFG/tfg-jlopez/code/ros2/install/ros2_control_demo_example_2/lib:/home/juloau/Desktop/TFG/tfg-jlopez/code/ros2/install/ros2_control_demo_example_14/lib:/home/juloau/Desktop/TFG/tfg-jlopez/code/ros2/install/ros2_control_demo_example_12/lib:/home/juloau/Desktop/TFG/tfg-jlopez/code/ros2/install/ros2_control_demo_example_10/lib:/home/juloau/Desktop/TFG/tfg-jlopez/code/ros2/install/ros2_control_demo_example_1/lib:/home/juloau/Desktop/TFG/tfg-jlopez/code/ros2/install/ign_ros2_control/lib:/home/juloau/Desktop/TFG/tfg-jlopez/code/ros2/install/gazebo_ros2_control/lib:/home/juloau/Desktop/TFG/tfg-jlopez/code/ros2/install/range_sensor_broadcaster/lib:/home/juloau/Desktop/TFG/tfg-jlopez/code/ros2/install/position_controllers/lib:/home/juloau/Desktop/TFG/tfg-jlopez/code/ros2/install/pid_controller/lib:/home/juloau/Desktop/TFG/tfg-jlopez/code/ros2/install/admittance_controller/lib:/home/juloau/Desktop/TFG/tfg-jlopez/code/ros2/install/joint_trajectory_controller/lib:/home/juloau/Desktop/TFG/tfg-jlopez/code/ros2/install/joint_state_broadcaster/lib:/home/juloau/Desktop/TFG/tfg-jlopez/code/ros2/install/imu_sensor_broadcaster/lib:/home/juloau/Desktop/TFG/tfg-jlopez/code/ros2/install/gripper_controllers/lib:/home/juloau/Desktop/TFG/tfg-jlopez/code/ros2/install/effort_controllers/lib:/home/juloau/Desktop/TFG/tfg-jlopez/code/ros2/install/forward_command_controller/lib:/home/juloau/Desktop/TFG/tfg-jlopez/code/ros2/install/force_torque_sensor_broadcaster/lib:/home/juloau/Desktop/TFG/tfg-jlopez/code/ros2/install/diff_drive_controller/lib:/home/juloau/Desktop/TFG/tfg-jlopez/code/ros2/install/control_toolbox/lib:/home/juloau/Desktop/TFG/tfg-jlopez/code/ros2/install/kinematics_interface_kdl/lib:/home/juloau/Desktop/TFG/tfg-jlopez/code/ros2/install/kinematics_interface/lib:/usr/lib/x86_64-linux-gnu/gazebo-11/plugins:/opt/ros/humble/opt/rviz_ogre_vendor/lib:/opt/ros/humble/lib/x86_64-linux-gnu:/opt/ros/humble/lib:/usr/share/gazebo/../../lib/x86_64-linux-gnu/gazebo-11/plugins /usr/bin/cmake --install /home/juloau/Desktop/TFG/tfg-jlopez/code/ros2/build/ign_ros2_control
