[0.012s] Invoking command in '/home/juloau/Desktop/TFG/tfg-jlopez/code/ros2/build/kinematics_interface_kdl': AMENT_PREFIX_PATH=/home/juloau/Desktop/TFG/tfg-jlopez/code/ros2/install/ros2_control_test_assets:/home/juloau/Desktop/TFG/tfg-jlopez/code/ros2/install/kinematics_interface:${AMENT_PREFIX_PATH} CMAKE_PREFIX_PATH=/home/juloau/Desktop/TFG/tfg-jlopez/code/ros2/install/ros2_control_test_assets:/home/juloau/Desktop/TFG/tfg-jlopez/code/ros2/install/kinematics_interface:/opt/ros/humble LD_LIBRARY_PATH=/home/juloau/Desktop/TFG/tfg-jlopez/code/ros2/install/kinematics_interface/lib:/usr/lib/x86_64-linux-gnu/gazebo-11/plugins:/opt/ros/humble/opt/rviz_ogre_vendor/lib:/opt/ros/humble/lib/x86_64-linux-gnu:/opt/ros/humble/lib:/usr/share/gazebo/../../lib/x86_64-linux-gnu/gazebo-11/plugins /usr/bin/cmake --build /home/juloau/Desktop/TFG/tfg-jlopez/code/ros2/build/kinematics_interface_kdl -- -j8 -l8
[0.085s] [ 22%] Built target gmock_main
[0.087s] [ 55%] Built target gmock
[0.090s] [ 77%] Built target kinematics_interface_kdl
[0.124s] [100%] Built target test_kinematics_interface_kdl
[0.141s] Invoked command in '/home/juloau/Desktop/TFG/tfg-jlopez/code/ros2/build/kinematics_interface_kdl' returned '0': AMENT_PREFIX_PATH=/home/juloau/Desktop/TFG/tfg-jlopez/code/ros2/install/ros2_control_test_assets:/home/juloau/Desktop/TFG/tfg-jlopez/code/ros2/install/kinematics_interface:${AMENT_PREFIX_PATH} CMAKE_PREFIX_PATH=/home/juloau/Desktop/TFG/tfg-jlopez/code/ros2/install/ros2_control_test_assets:/home/juloau/Desktop/TFG/tfg-jlopez/code/ros2/install/kinematics_interface:/opt/ros/humble LD_LIBRARY_PATH=/home/juloau/Desktop/TFG/tfg-jlopez/code/ros2/install/kinematics_interface/lib:/usr/lib/x86_64-linux-gnu/gazebo-11/plugins:/opt/ros/humble/opt/rviz_ogre_vendor/lib:/opt/ros/humble/lib/x86_64-linux-gnu:/opt/ros/humble/lib:/usr/share/gazebo/../../lib/x86_64-linux-gnu/gazebo-11/plugins /usr/bin/cmake --build /home/juloau/Desktop/TFG/tfg-jlopez/code/ros2/build/kinematics_interface_kdl -- -j8 -l8
[0.215s] Invoking command in '/home/juloau/Desktop/TFG/tfg-jlopez/code/ros2/build/kinematics_interface_kdl': AMENT_PREFIX_PATH=/home/juloau/Desktop/TFG/tfg-jlopez/code/ros2/install/ros2_control_test_assets:/home/juloau/Desktop/TFG/tfg-jlopez/code/ros2/install/kinematics_interface:${AMENT_PREFIX_PATH} CMAKE_PREFIX_PATH=/home/juloau/Desktop/TFG/tfg-jlopez/code/ros2/install/ros2_control_test_assets:/home/juloau/Desktop/TFG/tfg-jlopez/code/ros2/install/kinematics_interface:/opt/ros/humble LD_LIBRARY_PATH=/home/juloau/Desktop/TFG/tfg-jlopez/code/ros2/install/kinematics_interface/lib:/usr/lib/x86_64-linux-gnu/gazebo-11/plugins:/opt/ros/humble/opt/rviz_ogre_vendor/lib:/opt/ros/humble/lib/x86_64-linux-gnu:/opt/ros/humble/lib:/usr/share/gazebo/../../lib/x86_64-linux-gnu/gazebo-11/plugins /usr/bin/cmake --install /home/juloau/Desktop/TFG/tfg-jlopez/code/ros2/build/kinematics_interface_kdl
[0.227s] -- Install configuration: ""
[0.229s] -- Execute custom install script
[0.230s] -- Up-to-date symlink: /home/juloau/Desktop/TFG/tfg-jlopez/code/ros2/install/kinematics_interface_kdl/share/kinematics_interface_kdl//kinematics_interface_kdl.xml
[0.234s] -- Up-to-date symlink: /home/juloau/Desktop/TFG/tfg-jlopez/code/ros2/install/kinematics_interface_kdl/include/kinematics_interface_kdl/kinematics_interface_kdl/kinematics_interface_kdl.hpp
[0.234s] -- Up-to-date symlink: /home/juloau/Desktop/TFG/tfg-jlopez/code/ros2/install/kinematics_interface_kdl/share/kinematics_interface_kdl/environment/library_path.sh
[0.235s] -- Up-to-date symlink: /home/juloau/Desktop/TFG/tfg-jlopez/code/ros2/install/kinematics_interface_kdl/share/kinematics_interface_kdl/environment/library_path.dsv
[0.236s] -- Up-to-date symlink: /home/juloau/Desktop/TFG/tfg-jlopez/code/ros2/install/kinematics_interface_kdl/share/ament_index/resource_index/package_run_dependencies/kinematics_interface_kdl
[0.237s] -- Up-to-date symlink: /home/juloau/Desktop/TFG/tfg-jlopez/code/ros2/install/kinematics_interface_kdl/share/ament_index/resource_index/parent_prefix_path/kinematics_interface_kdl
[0.237s] -- Up-to-date symlink: /home/juloau/Desktop/TFG/tfg-jlopez/code/ros2/install/kinematics_interface_kdl/share/kinematics_interface_kdl/environment/ament_prefix_path.sh
[0.238s] -- Up-to-date symlink: /home/juloau/Desktop/TFG/tfg-jlopez/code/ros2/install/kinematics_interface_kdl/share/kinematics_interface_kdl/environment/ament_prefix_path.dsv
[0.238s] -- Up-to-date symlink: /home/juloau/Desktop/TFG/tfg-jlopez/code/ros2/install/kinematics_interface_kdl/share/kinematics_interface_kdl/environment/path.sh
[0.238s] -- Up-to-date symlink: /home/juloau/Desktop/TFG/tfg-jlopez/code/ros2/install/kinematics_interface_kdl/share/kinematics_interface_kdl/environment/path.dsv
[0.239s] -- Up-to-date symlink: /home/juloau/Desktop/TFG/tfg-jlopez/code/ros2/install/kinematics_interface_kdl/share/kinematics_interface_kdl/local_setup.bash
[0.239s] -- Up-to-date symlink: /home/juloau/Desktop/TFG/tfg-jlopez/code/ros2/install/kinematics_interface_kdl/share/kinematics_interface_kdl/local_setup.sh
[0.240s] -- Up-to-date symlink: /home/juloau/Desktop/TFG/tfg-jlopez/code/ros2/install/kinematics_interface_kdl/share/kinematics_interface_kdl/local_setup.zsh
[0.240s] -- Up-to-date symlink: /home/juloau/Desktop/TFG/tfg-jlopez/code/ros2/install/kinematics_interface_kdl/share/kinematics_interface_kdl/local_setup.dsv
[0.241s] -- Symlinking: /home/juloau/Desktop/TFG/tfg-jlopez/code/ros2/install/kinematics_interface_kdl/share/kinematics_interface_kdl/package.dsv
[0.253s] -- Up-to-date symlink: /home/juloau/Desktop/TFG/tfg-jlopez/code/ros2/install/kinematics_interface_kdl/share/ament_index/resource_index/packages/kinematics_interface_kdl
[0.254s] -- Up-to-date symlink: /home/juloau/Desktop/TFG/tfg-jlopez/code/ros2/install/kinematics_interface_kdl/share/ament_index/resource_index/kinematics_interface__pluginlib__plugin/kinematics_interface_kdl
[0.254s] -- Up-to-date symlink: /home/juloau/Desktop/TFG/tfg-jlopez/code/ros2/install/kinematics_interface_kdl/share/kinematics_interface_kdl/cmake/ament_cmake_export_targets-extras.cmake
[0.254s] -- Up-to-date symlink: /home/juloau/Desktop/TFG/tfg-jlopez/code/ros2/install/kinematics_interface_kdl/share/kinematics_interface_kdl/cmake/ament_cmake_export_dependencies-extras.cmake
[0.254s] -- Up-to-date symlink: /home/juloau/Desktop/TFG/tfg-jlopez/code/ros2/install/kinematics_interface_kdl/share/kinematics_interface_kdl/cmake/kinematics_interface_kdlConfig.cmake
[0.255s] -- Up-to-date symlink: /home/juloau/Desktop/TFG/tfg-jlopez/code/ros2/install/kinematics_interface_kdl/share/kinematics_interface_kdl/cmake/kinematics_interface_kdlConfig-version.cmake
[0.255s] -- Up-to-date symlink: /home/juloau/Desktop/TFG/tfg-jlopez/code/ros2/install/kinematics_interface_kdl/share/kinematics_interface_kdl/package.xml
[0.257s] -- Up-to-date: /home/juloau/Desktop/TFG/tfg-jlopez/code/ros2/install/kinematics_interface_kdl/lib/libkinematics_interface_kdl.so
[0.258s] -- Up-to-date: /home/juloau/Desktop/TFG/tfg-jlopez/code/ros2/install/kinematics_interface_kdl/share/kinematics_interface_kdl/cmake/export_kinematics_interface_kdlExport.cmake
[0.258s] -- Up-to-date: /home/juloau/Desktop/TFG/tfg-jlopez/code/ros2/install/kinematics_interface_kdl/share/kinematics_interface_kdl/cmake/export_kinematics_interface_kdlExport-noconfig.cmake
[0.260s] Invoked command in '/home/juloau/Desktop/TFG/tfg-jlopez/code/ros2/build/kinematics_interface_kdl' returned '0': AMENT_PREFIX_PATH=/home/juloau/Desktop/TFG/tfg-jlopez/code/ros2/install/ros2_control_test_assets:/home/juloau/Desktop/TFG/tfg-jlopez/code/ros2/install/kinematics_interface:${AMENT_PREFIX_PATH} CMAKE_PREFIX_PATH=/home/juloau/Desktop/TFG/tfg-jlopez/code/ros2/install/ros2_control_test_assets:/home/juloau/Desktop/TFG/tfg-jlopez/code/ros2/install/kinematics_interface:/opt/ros/humble LD_LIBRARY_PATH=/home/juloau/Desktop/TFG/tfg-jlopez/code/ros2/install/kinematics_interface/lib:/usr/lib/x86_64-linux-gnu/gazebo-11/plugins:/opt/ros/humble/opt/rviz_ogre_vendor/lib:/opt/ros/humble/lib/x86_64-linux-gnu:/opt/ros/humble/lib:/usr/share/gazebo/../../lib/x86_64-linux-gnu/gazebo-11/plugins /usr/bin/cmake --install /home/juloau/Desktop/TFG/tfg-jlopez/code/ros2/build/kinematics_interface_kdl
