-- Found ament_cmake: 1.3.10 (/opt/ros/humble/share/ament_cmake/cmake)
-- Override CMake install command with custom implementation using symlinks instead of copying resources
-- Found controller_interface: 2.42.0 (/home/juloau/Desktop/TFG/tfg-jlopez/code/ros2/install/controller_interface/share/controller_interface/cmake)
-- Found rosidl_generator_c: 3.1.5 (/opt/ros/humble/share/rosidl_generator_c/cmake)
-- Found rosidl_adapter: 3.1.5 (/opt/ros/humble/share/rosidl_adapter/cmake)
-- Found rosidl_generator_cpp: 3.1.5 (/opt/ros/humble/share/rosidl_generator_cpp/cmake)
-- Using all available rosidl_typesupport_c: rosidl_typesupport_fastrtps_c;rosidl_typesupport_introspection_c
-- Using all available rosidl_typesupport_cpp: rosidl_typesupport_fastrtps_cpp;rosidl_typesupport_introspection_cpp
-- Found rmw_implementation_cmake: 6.1.2 (/opt/ros/humble/share/rmw_implementation_cmake/cmake)
-- Found rmw_fastrtps_cpp: 6.2.7 (/opt/ros/humble/share/rmw_fastrtps_cpp/cmake)
-- Found TinyXML2 via Config file: TinyXML2_DIR-NOTFOUND
-- Found TinyXML2 via Config file: TinyXML2_DIR-NOTFOUND
-- Found TinyXML2 via Config file: TinyXML2_DIR-NOTFOUND
-- Found TinyXML2 via Config file: TinyXML2_DIR-NOTFOUND
-- Using RMW implementation 'rmw_fastrtps_cpp' as default
-- Found generate_parameter_library: 0.3.8 (/opt/ros/humble/share/generate_parameter_library/cmake)
-- Found parameter_traits: 0.3.8 (/opt/ros/humble/share/parameter_traits/cmake)
-- Found realtime_tools: 2.5.0 (/home/juloau/Desktop/TFG/tfg-jlopez/code/ros2/install/realtime_tools/share/realtime_tools/cmake)
-- Found std_srvs: 4.2.4 (/opt/ros/humble/share/std_srvs/cmake)
-- Found steering_controllers_library: 2.37.0 (/home/juloau/Desktop/TFG/tfg-jlopez/code/ros2/install/steering_controllers_library/share/steering_controllers_library/cmake)
-- Found eigen3_cmake_module: 0.1.1 (/opt/ros/humble/share/eigen3_cmake_module/cmake)
-- Ensuring Eigen3 include directory is part of orocos-kdl CMake target
-- Found ament_cmake_gmock: 1.3.10 (/opt/ros/humble/share/ament_cmake_gmock/cmake)
-- Found controller_manager: 2.42.0 (/home/juloau/Desktop/TFG/tfg-jlopez/code/ros2/install/controller_manager/share/controller_manager/cmake)
-- Found ros2_control_test_assets: 2.42.0 (/home/juloau/Desktop/TFG/tfg-jlopez/code/ros2/install/ros2_control_test_assets/share/ros2_control_test_assets/cmake)
-- Found gmock sources under '/opt/ros/humble/src/gmock_vendor': C++ tests using 'Google Mock' will be built
-- Found ament_cmake_gtest: 1.3.10 (/opt/ros/humble/share/ament_cmake_gtest/cmake)
-- Found gtest sources under '/opt/ros/humble/src/gtest_vendor': C++ tests using 'Google Test' will be built
-- Found gmock sources under '/opt/ros/humble/src/gmock_vendor': C++ tests using 'Google Mock' will be built
-- Found ament_cmake_gtest: 1.3.10 (/opt/ros/humble/share/ament_cmake_gtest/cmake)
-- Found gtest sources under '/opt/ros/humble/src/gtest_vendor': C++ tests using 'Google Test' will be built
-- Found gmock sources under '/opt/ros/humble/src/gmock_vendor': C++ tests using 'Google Mock' will be built
-- Found ament_cmake_gtest: 1.3.10 (/opt/ros/humble/share/ament_cmake_gtest/cmake)
-- Found gtest sources under '/opt/ros/humble/src/gtest_vendor': C++ tests using 'Google Test' will be built
-- Configuring done
-- Generating done
-- Build files have been written to: /home/juloau/Desktop/TFG/tfg-jlopez/code/ros2/build/tricycle_steering_controller
[35m[1mConsolidate compiler generated dependencies of target gmock[0m
[  8%] Built target tricycle_steering_controller_parameters
[ 16%] [32mBuilding CXX object gmock/CMakeFiles/gmock.dir/src/gmock-all.cc.o[0m
[ 25%] [32mBuilding CXX object gmock/CMakeFiles/gmock.dir/opt/ros/humble/src/gtest_vendor/src/gtest-all.cc.o[0m
[35m[1mConsolidate compiler generated dependencies of target tricycle_steering_controller[0m
[ 33%] [32mBuilding CXX object CMakeFiles/tricycle_steering_controller.dir/src/tricycle_steering_controller.cpp.o[0m
[ 41%] [32m[1mLinking CXX static library libgmock.a[0m
[ 41%] Built target gmock
[35m[1mConsolidate compiler generated dependencies of target test_load_tricycle_steering_controller[0m
[ 50%] [32mBuilding CXX object CMakeFiles/test_load_tricycle_steering_controller.dir/test/test_load_tricycle_steering_controller.cpp.o[0m
[ 58%] [32m[1mLinking CXX shared library libtricycle_steering_controller.so[0m
[ 58%] Built target tricycle_steering_controller
[35m[1mConsolidate compiler generated dependencies of target test_tricycle_steering_controller_preceeding[0m
[35m[1mConsolidate compiler generated dependencies of target test_tricycle_steering_controller[0m
[ 66%] [32mBuilding CXX object CMakeFiles/test_tricycle_steering_controller_preceeding.dir/test/test_tricycle_steering_controller_preceeding.cpp.o[0m
[ 75%] [32mBuilding CXX object CMakeFiles/test_tricycle_steering_controller.dir/test/test_tricycle_steering_controller.cpp.o[0m
[ 83%] [32m[1mLinking CXX executable test_load_tricycle_steering_controller[0m
[ 83%] Built target test_load_tricycle_steering_controller
[ 91%] [32m[1mLinking CXX executable test_tricycle_steering_controller_preceeding[0m
[ 91%] Built target test_tricycle_steering_controller_preceeding
[100%] [32m[1mLinking CXX executable test_tricycle_steering_controller[0m
[100%] Built target test_tricycle_steering_controller
-- Install configuration: ""
-- Execute custom install script
-- Up-to-date symlink: /home/juloau/Desktop/TFG/tfg-jlopez/code/ros2/install/tricycle_steering_controller/include/tricycle_steering_controller_parameters/tricycle_steering_controller_parameters.hpp
-- Up-to-date symlink: /home/juloau/Desktop/TFG/tfg-jlopez/code/ros2/install/tricycle_steering_controller/share/tricycle_steering_controller//tricycle_steering_controller.xml
-- Up-to-date symlink: /home/juloau/Desktop/TFG/tfg-jlopez/code/ros2/install/tricycle_steering_controller/include/tricycle_steering_controller/tricycle_steering_controller/tricycle_steering_controller.hpp
-- Up-to-date symlink: /home/juloau/Desktop/TFG/tfg-jlopez/code/ros2/install/tricycle_steering_controller/include/tricycle_steering_controller/tricycle_steering_controller/visibility_control.h
-- Up-to-date symlink: /home/juloau/Desktop/TFG/tfg-jlopez/code/ros2/install/tricycle_steering_controller/share/tricycle_steering_controller/environment/library_path.sh
-- Up-to-date symlink: /home/juloau/Desktop/TFG/tfg-jlopez/code/ros2/install/tricycle_steering_controller/share/tricycle_steering_controller/environment/library_path.dsv
-- Up-to-date symlink: /home/juloau/Desktop/TFG/tfg-jlopez/code/ros2/install/tricycle_steering_controller/share/ament_index/resource_index/package_run_dependencies/tricycle_steering_controller
-- Up-to-date symlink: /home/juloau/Desktop/TFG/tfg-jlopez/code/ros2/install/tricycle_steering_controller/share/ament_index/resource_index/parent_prefix_path/tricycle_steering_controller
-- Up-to-date symlink: /home/juloau/Desktop/TFG/tfg-jlopez/code/ros2/install/tricycle_steering_controller/share/tricycle_steering_controller/environment/ament_prefix_path.sh
-- Up-to-date symlink: /home/juloau/Desktop/TFG/tfg-jlopez/code/ros2/install/tricycle_steering_controller/share/tricycle_steering_controller/environment/ament_prefix_path.dsv
-- Up-to-date symlink: /home/juloau/Desktop/TFG/tfg-jlopez/code/ros2/install/tricycle_steering_controller/share/tricycle_steering_controller/environment/path.sh
-- Up-to-date symlink: /home/juloau/Desktop/TFG/tfg-jlopez/code/ros2/install/tricycle_steering_controller/share/tricycle_steering_controller/environment/path.dsv
-- Up-to-date symlink: /home/juloau/Desktop/TFG/tfg-jlopez/code/ros2/install/tricycle_steering_controller/share/tricycle_steering_controller/local_setup.bash
-- Up-to-date symlink: /home/juloau/Desktop/TFG/tfg-jlopez/code/ros2/install/tricycle_steering_controller/share/tricycle_steering_controller/local_setup.sh
-- Up-to-date symlink: /home/juloau/Desktop/TFG/tfg-jlopez/code/ros2/install/tricycle_steering_controller/share/tricycle_steering_controller/local_setup.zsh
-- Up-to-date symlink: /home/juloau/Desktop/TFG/tfg-jlopez/code/ros2/install/tricycle_steering_controller/share/tricycle_steering_controller/local_setup.dsv
-- Symlinking: /home/juloau/Desktop/TFG/tfg-jlopez/code/ros2/install/tricycle_steering_controller/share/tricycle_steering_controller/package.dsv
-- Up-to-date symlink: /home/juloau/Desktop/TFG/tfg-jlopez/code/ros2/install/tricycle_steering_controller/share/ament_index/resource_index/packages/tricycle_steering_controller
-- Up-to-date symlink: /home/juloau/Desktop/TFG/tfg-jlopez/code/ros2/install/tricycle_steering_controller/share/ament_index/resource_index/controller_interface__pluginlib__plugin/tricycle_steering_controller
-- Up-to-date symlink: /home/juloau/Desktop/TFG/tfg-jlopez/code/ros2/install/tricycle_steering_controller/share/tricycle_steering_controller/cmake/ament_cmake_export_targets-extras.cmake
-- Up-to-date symlink: /home/juloau/Desktop/TFG/tfg-jlopez/code/ros2/install/tricycle_steering_controller/share/tricycle_steering_controller/cmake/ament_cmake_export_dependencies-extras.cmake
-- Up-to-date symlink: /home/juloau/Desktop/TFG/tfg-jlopez/code/ros2/install/tricycle_steering_controller/share/tricycle_steering_controller/cmake/tricycle_steering_controllerConfig.cmake
-- Up-to-date symlink: /home/juloau/Desktop/TFG/tfg-jlopez/code/ros2/install/tricycle_steering_controller/share/tricycle_steering_controller/cmake/tricycle_steering_controllerConfig-version.cmake
-- Up-to-date symlink: /home/juloau/Desktop/TFG/tfg-jlopez/code/ros2/install/tricycle_steering_controller/share/tricycle_steering_controller/package.xml
-- Installing: /home/juloau/Desktop/TFG/tfg-jlopez/code/ros2/install/tricycle_steering_controller/lib/libtricycle_steering_controller.so
-- Set runtime path of "/home/juloau/Desktop/TFG/tfg-jlopez/code/ros2/install/tricycle_steering_controller/lib/libtricycle_steering_controller.so" to ""
-- Up-to-date: /home/juloau/Desktop/TFG/tfg-jlopez/code/ros2/install/tricycle_steering_controller/share/tricycle_steering_controller/cmake/export_tricycle_steering_controllerExport.cmake
-- Up-to-date: /home/juloau/Desktop/TFG/tfg-jlopez/code/ros2/install/tricycle_steering_controller/share/tricycle_steering_controller/cmake/export_tricycle_steering_controllerExport-noconfig.cmake
