[0.035s] Invoking command in '/home/juloau/Desktop/TFG/tfg-jlopez/code/ros2/build/ros2_control_demo_description': CMAKE_PREFIX_PATH=${CMAKE_PREFIX_PATH}:/opt/ros/humble /usr/bin/cmake /home/juloau/Desktop/TFG/tfg-jlopez/code/ros2/src/ros-controls/ros2_control_demos/ros2_control_demo_description -DAMENT_CMAKE_SYMLINK_INSTALL=1 -DCMAKE_INSTALL_PREFIX=/home/juloau/Desktop/TFG/tfg-jlopez/code/ros2/install/ros2_control_demo_description
[0.610s] -- The C compiler identification is GNU 11.4.0
[0.610s] -- The CXX compiler identification is GNU 11.4.0
[0.610s] -- Detecting C compiler ABI info
[0.610s] -- Detecting C compiler ABI info - done
[0.610s] -- Check for working C compiler: /usr/bin/cc - skipped
[0.610s] -- Detecting C compile features
[0.611s] -- Detecting C compile features - done
[0.611s] -- Detecting CXX compiler ABI info
[0.611s] -- Detecting CXX compiler ABI info - done
[0.611s] -- Check for working CXX compiler: /usr/bin/c++ - skipped
[0.611s] -- Detecting CXX compile features
[0.611s] -- Detecting CXX compile features - done
[0.611s] -- Found ament_cmake: 1.3.9 (/opt/ros/humble/share/ament_cmake/cmake)
[0.812s] -- Found Python3: /usr/bin/python3 (found version "3.10.12") found components: Interpreter 
[0.937s] -- Override CMake install command with custom implementation using symlinks instead of copying resources
[1.159s] -- Configuring done
[1.169s] -- Generating done
[1.173s] -- Build files have been written to: /home/juloau/Desktop/TFG/tfg-jlopez/code/ros2/build/ros2_control_demo_description
[1.191s] Invoked command in '/home/juloau/Desktop/TFG/tfg-jlopez/code/ros2/build/ros2_control_demo_description' returned '0': CMAKE_PREFIX_PATH=${CMAKE_PREFIX_PATH}:/opt/ros/humble /usr/bin/cmake /home/juloau/Desktop/TFG/tfg-jlopez/code/ros2/src/ros-controls/ros2_control_demos/ros2_control_demo_description -DAMENT_CMAKE_SYMLINK_INSTALL=1 -DCMAKE_INSTALL_PREFIX=/home/juloau/Desktop/TFG/tfg-jlopez/code/ros2/install/ros2_control_demo_description
[1.192s] Invoking command in '/home/juloau/Desktop/TFG/tfg-jlopez/code/ros2/build/ros2_control_demo_description': CMAKE_PREFIX_PATH=${CMAKE_PREFIX_PATH}:/opt/ros/humble /usr/bin/cmake --build /home/juloau/Desktop/TFG/tfg-jlopez/code/ros2/build/ros2_control_demo_description -- -j8 -l8
[1.277s] Invoked command in '/home/juloau/Desktop/TFG/tfg-jlopez/code/ros2/build/ros2_control_demo_description' returned '0': CMAKE_PREFIX_PATH=${CMAKE_PREFIX_PATH}:/opt/ros/humble /usr/bin/cmake --build /home/juloau/Desktop/TFG/tfg-jlopez/code/ros2/build/ros2_control_demo_description -- -j8 -l8
[1.344s] Invoking command in '/home/juloau/Desktop/TFG/tfg-jlopez/code/ros2/build/ros2_control_demo_description': CMAKE_PREFIX_PATH=${CMAKE_PREFIX_PATH}:/opt/ros/humble /usr/bin/cmake --install /home/juloau/Desktop/TFG/tfg-jlopez/code/ros2/build/ros2_control_demo_description
[1.357s] -- Install configuration: ""
[1.357s] -- Execute custom install script
[1.358s] -- Symlinking: /home/juloau/Desktop/TFG/tfg-jlopez/code/ros2/install/ros2_control_demo_description/share/ros2_control_demo_description/rrbot/urdf/rrbot.materials.xacro
[1.374s] -- Symlinking: /home/juloau/Desktop/TFG/tfg-jlopez/code/ros2/install/ros2_control_demo_description/share/ros2_control_demo_description/rrbot/urdf/rrbot_description.urdf.xacro
[1.390s] -- Symlinking: /home/juloau/Desktop/TFG/tfg-jlopez/code/ros2/install/ros2_control_demo_description/share/ros2_control_demo_description/rrbot/rviz/rrbot.rviz
[1.406s] -- Symlinking: /home/juloau/Desktop/TFG/tfg-jlopez/code/ros2/install/ros2_control_demo_description/share/ros2_control_demo_description/diffbot/urdf/diffbot.materials.xacro
[1.421s] -- Symlinking: /home/juloau/Desktop/TFG/tfg-jlopez/code/ros2/install/ros2_control_demo_description/share/ros2_control_demo_description/diffbot/urdf/diffbot_description.urdf.xacro
[1.436s] -- Symlinking: /home/juloau/Desktop/TFG/tfg-jlopez/code/ros2/install/ros2_control_demo_description/share/ros2_control_demo_description/diffbot/rviz/diffbot.rviz
[1.452s] -- Symlinking: /home/juloau/Desktop/TFG/tfg-jlopez/code/ros2/install/ros2_control_demo_description/share/ros2_control_demo_description/diffbot/rviz/diffbot_view.rviz
[1.466s] -- Symlinking: /home/juloau/Desktop/TFG/tfg-jlopez/code/ros2/install/ros2_control_demo_description/share/ros2_control_demo_description/carlikebot/urdf/carlikebot.materials.xacro
[1.481s] -- Symlinking: /home/juloau/Desktop/TFG/tfg-jlopez/code/ros2/install/ros2_control_demo_description/share/ros2_control_demo_description/carlikebot/urdf/carlikebot_description.urdf.xacro
[1.496s] -- Symlinking: /home/juloau/Desktop/TFG/tfg-jlopez/code/ros2/install/ros2_control_demo_description/share/ros2_control_demo_description/carlikebot/rviz/carlikebot.rviz
[1.511s] -- Symlinking: /home/juloau/Desktop/TFG/tfg-jlopez/code/ros2/install/ros2_control_demo_description/share/ros2_control_demo_description/carlikebot/rviz/carlikebot_view.rviz
[1.527s] -- Symlinking: /home/juloau/Desktop/TFG/tfg-jlopez/code/ros2/install/ros2_control_demo_description/share/ros2_control_demo_description/r6bot/meshes/collision/link_0.stl
[1.543s] -- Symlinking: /home/juloau/Desktop/TFG/tfg-jlopez/code/ros2/install/ros2_control_demo_description/share/ros2_control_demo_description/r6bot/meshes/collision/link_1.stl
[1.557s] -- Symlinking: /home/juloau/Desktop/TFG/tfg-jlopez/code/ros2/install/ros2_control_demo_description/share/ros2_control_demo_description/r6bot/meshes/collision/link_2.stl
[1.575s] -- Symlinking: /home/juloau/Desktop/TFG/tfg-jlopez/code/ros2/install/ros2_control_demo_description/share/ros2_control_demo_description/r6bot/meshes/collision/link_3.stl
[1.594s] -- Symlinking: /home/juloau/Desktop/TFG/tfg-jlopez/code/ros2/install/ros2_control_demo_description/share/ros2_control_demo_description/r6bot/meshes/collision/link_4.stl
[1.610s] -- Symlinking: /home/juloau/Desktop/TFG/tfg-jlopez/code/ros2/install/ros2_control_demo_description/share/ros2_control_demo_description/r6bot/meshes/collision/link_5.stl
[1.629s] -- Symlinking: /home/juloau/Desktop/TFG/tfg-jlopez/code/ros2/install/ros2_control_demo_description/share/ros2_control_demo_description/r6bot/meshes/collision/link_6.stl
[1.645s] -- Symlinking: /home/juloau/Desktop/TFG/tfg-jlopez/code/ros2/install/ros2_control_demo_description/share/ros2_control_demo_description/r6bot/meshes/visual/link_0.dae
[1.661s] -- Symlinking: /home/juloau/Desktop/TFG/tfg-jlopez/code/ros2/install/ros2_control_demo_description/share/ros2_control_demo_description/r6bot/meshes/visual/link_1.dae
[1.675s] -- Symlinking: /home/juloau/Desktop/TFG/tfg-jlopez/code/ros2/install/ros2_control_demo_description/share/ros2_control_demo_description/r6bot/meshes/visual/link_2.dae
[1.691s] -- Symlinking: /home/juloau/Desktop/TFG/tfg-jlopez/code/ros2/install/ros2_control_demo_description/share/ros2_control_demo_description/r6bot/meshes/visual/link_3.dae
[1.706s] -- Symlinking: /home/juloau/Desktop/TFG/tfg-jlopez/code/ros2/install/ros2_control_demo_description/share/ros2_control_demo_description/r6bot/meshes/visual/link_4.dae
[1.721s] -- Symlinking: /home/juloau/Desktop/TFG/tfg-jlopez/code/ros2/install/ros2_control_demo_description/share/ros2_control_demo_description/r6bot/meshes/visual/link_5.dae
[1.738s] -- Symlinking: /home/juloau/Desktop/TFG/tfg-jlopez/code/ros2/install/ros2_control_demo_description/share/ros2_control_demo_description/r6bot/meshes/visual/link_6.dae
[1.753s] -- Symlinking: /home/juloau/Desktop/TFG/tfg-jlopez/code/ros2/install/ros2_control_demo_description/share/ros2_control_demo_description/r6bot/srdf/r6bot.srdf
[1.768s] -- Symlinking: /home/juloau/Desktop/TFG/tfg-jlopez/code/ros2/install/ros2_control_demo_description/share/ros2_control_demo_description/r6bot/urdf/inc/create_link.xacro
[1.786s] -- Symlinking: /home/juloau/Desktop/TFG/tfg-jlopez/code/ros2/install/ros2_control_demo_description/share/ros2_control_demo_description/r6bot/urdf/r6bot_description.urdf.xacro
[1.803s] -- Symlinking: /home/juloau/Desktop/TFG/tfg-jlopez/code/ros2/install/ros2_control_demo_description/share/ros2_control_demo_description/r6bot/rviz/view_robot.rviz
[1.821s] -- Symlinking: /home/juloau/Desktop/TFG/tfg-jlopez/code/ros2/install/ros2_control_demo_description/share/ament_index/resource_index/package_run_dependencies/ros2_control_demo_description
[1.838s] -- Symlinking: /home/juloau/Desktop/TFG/tfg-jlopez/code/ros2/install/ros2_control_demo_description/share/ament_index/resource_index/parent_prefix_path/ros2_control_demo_description
[1.871s] -- Symlinking: /home/juloau/Desktop/TFG/tfg-jlopez/code/ros2/install/ros2_control_demo_description/share/ros2_control_demo_description/environment/ament_prefix_path.sh
[1.886s] -- Symlinking: /home/juloau/Desktop/TFG/tfg-jlopez/code/ros2/install/ros2_control_demo_description/share/ros2_control_demo_description/environment/ament_prefix_path.dsv
[1.900s] -- Symlinking: /home/juloau/Desktop/TFG/tfg-jlopez/code/ros2/install/ros2_control_demo_description/share/ros2_control_demo_description/environment/path.sh
[1.915s] -- Symlinking: /home/juloau/Desktop/TFG/tfg-jlopez/code/ros2/install/ros2_control_demo_description/share/ros2_control_demo_description/environment/path.dsv
[1.930s] -- Symlinking: /home/juloau/Desktop/TFG/tfg-jlopez/code/ros2/install/ros2_control_demo_description/share/ros2_control_demo_description/local_setup.bash
[1.945s] -- Symlinking: /home/juloau/Desktop/TFG/tfg-jlopez/code/ros2/install/ros2_control_demo_description/share/ros2_control_demo_description/local_setup.sh
[1.960s] -- Symlinking: /home/juloau/Desktop/TFG/tfg-jlopez/code/ros2/install/ros2_control_demo_description/share/ros2_control_demo_description/local_setup.zsh
[1.975s] -- Symlinking: /home/juloau/Desktop/TFG/tfg-jlopez/code/ros2/install/ros2_control_demo_description/share/ros2_control_demo_description/local_setup.dsv
[1.990s] -- Symlinking: /home/juloau/Desktop/TFG/tfg-jlopez/code/ros2/install/ros2_control_demo_description/share/ros2_control_demo_description/package.dsv
[2.007s] -- Symlinking: /home/juloau/Desktop/TFG/tfg-jlopez/code/ros2/install/ros2_control_demo_description/share/ament_index/resource_index/packages/ros2_control_demo_description
[2.025s] -- Symlinking: /home/juloau/Desktop/TFG/tfg-jlopez/code/ros2/install/ros2_control_demo_description/share/ros2_control_demo_description/cmake/ros2_control_demo_descriptionConfig.cmake
[2.042s] -- Symlinking: /home/juloau/Desktop/TFG/tfg-jlopez/code/ros2/install/ros2_control_demo_description/share/ros2_control_demo_description/cmake/ros2_control_demo_descriptionConfig-version.cmake
[2.056s] -- Symlinking: /home/juloau/Desktop/TFG/tfg-jlopez/code/ros2/install/ros2_control_demo_description/share/ros2_control_demo_description/package.xml
[2.090s] Invoked command in '/home/juloau/Desktop/TFG/tfg-jlopez/code/ros2/build/ros2_control_demo_description' returned '0': CMAKE_PREFIX_PATH=${CMAKE_PREFIX_PATH}:/opt/ros/humble /usr/bin/cmake --install /home/juloau/Desktop/TFG/tfg-jlopez/code/ros2/build/ros2_control_demo_description
