[0.022s] Invoking command in '/home/juloau/Desktop/TFG/tfg-jlopez/code/ros2/build/kinematics_interface': CMAKE_PREFIX_PATH=${CMAKE_PREFIX_PATH}:/home/juloau/Desktop/TFG/tfg-jlopez/code/ros2/install/rqt_joint_trajectory_controller:/home/juloau/Desktop/TFG/tfg-jlopez/code/ros2/install/rqt_controller_manager:/home/juloau/Desktop/TFG/tfg-jlopez/code/ros2/install/ros2controlcli:/home/juloau/Desktop/TFG/tfg-jlopez/code/ros2/install/ros2_controllers_test_nodes:/home/juloau/Desktop/TFG/tfg-jlopez/code/ros2/install/ros2_control_demo_testing:/opt/ros/humble /usr/bin/cmake --build /home/juloau/Desktop/TFG/tfg-jlopez/code/ros2/build/kinematics_interface -- -j8 -l8
[0.106s] [100%] Built target kinematics_interface
[0.124s] Invoked command in '/home/juloau/Desktop/TFG/tfg-jlopez/code/ros2/build/kinematics_interface' returned '0': CMAKE_PREFIX_PATH=${CMAKE_PREFIX_PATH}:/home/juloau/Desktop/TFG/tfg-jlopez/code/ros2/install/rqt_joint_trajectory_controller:/home/juloau/Desktop/TFG/tfg-jlopez/code/ros2/install/rqt_controller_manager:/home/juloau/Desktop/TFG/tfg-jlopez/code/ros2/install/ros2controlcli:/home/juloau/Desktop/TFG/tfg-jlopez/code/ros2/install/ros2_controllers_test_nodes:/home/juloau/Desktop/TFG/tfg-jlopez/code/ros2/install/ros2_control_demo_testing:/opt/ros/humble /usr/bin/cmake --build /home/juloau/Desktop/TFG/tfg-jlopez/code/ros2/build/kinematics_interface -- -j8 -l8
[0.174s] Invoking command in '/home/juloau/Desktop/TFG/tfg-jlopez/code/ros2/build/kinematics_interface': CMAKE_PREFIX_PATH=${CMAKE_PREFIX_PATH}:/home/juloau/Desktop/TFG/tfg-jlopez/code/ros2/install/rqt_joint_trajectory_controller:/home/juloau/Desktop/TFG/tfg-jlopez/code/ros2/install/rqt_controller_manager:/home/juloau/Desktop/TFG/tfg-jlopez/code/ros2/install/ros2controlcli:/home/juloau/Desktop/TFG/tfg-jlopez/code/ros2/install/ros2_controllers_test_nodes:/home/juloau/Desktop/TFG/tfg-jlopez/code/ros2/install/ros2_control_demo_testing:/opt/ros/humble /usr/bin/cmake --install /home/juloau/Desktop/TFG/tfg-jlopez/code/ros2/build/kinematics_interface
[0.185s] -- Install configuration: ""
[0.185s] -- Execute custom install script
[0.186s] -- Up-to-date symlink: /home/juloau/Desktop/TFG/tfg-jlopez/code/ros2/install/kinematics_interface/include/kinematics_interface/kinematics_interface/kinematics_interface.hpp
[0.186s] -- Up-to-date symlink: /home/juloau/Desktop/TFG/tfg-jlopez/code/ros2/install/kinematics_interface/include/kinematics_interface/kinematics_interface/visibility_control.h
[0.186s] -- Up-to-date symlink: /home/juloau/Desktop/TFG/tfg-jlopez/code/ros2/install/kinematics_interface/share/kinematics_interface/environment/library_path.sh
[0.186s] -- Up-to-date symlink: /home/juloau/Desktop/TFG/tfg-jlopez/code/ros2/install/kinematics_interface/share/kinematics_interface/environment/library_path.dsv
[0.187s] -- Up-to-date symlink: /home/juloau/Desktop/TFG/tfg-jlopez/code/ros2/install/kinematics_interface/share/ament_index/resource_index/package_run_dependencies/kinematics_interface
[0.187s] -- Up-to-date symlink: /home/juloau/Desktop/TFG/tfg-jlopez/code/ros2/install/kinematics_interface/share/ament_index/resource_index/parent_prefix_path/kinematics_interface
[0.187s] -- Up-to-date symlink: /home/juloau/Desktop/TFG/tfg-jlopez/code/ros2/install/kinematics_interface/share/kinematics_interface/environment/ament_prefix_path.sh
[0.187s] -- Up-to-date symlink: /home/juloau/Desktop/TFG/tfg-jlopez/code/ros2/install/kinematics_interface/share/kinematics_interface/environment/ament_prefix_path.dsv
[0.187s] -- Up-to-date symlink: /home/juloau/Desktop/TFG/tfg-jlopez/code/ros2/install/kinematics_interface/share/kinematics_interface/environment/path.sh
[0.188s] -- Up-to-date symlink: /home/juloau/Desktop/TFG/tfg-jlopez/code/ros2/install/kinematics_interface/share/kinematics_interface/environment/path.dsv
[0.188s] -- Up-to-date symlink: /home/juloau/Desktop/TFG/tfg-jlopez/code/ros2/install/kinematics_interface/share/kinematics_interface/local_setup.bash
[0.188s] -- Up-to-date symlink: /home/juloau/Desktop/TFG/tfg-jlopez/code/ros2/install/kinematics_interface/share/kinematics_interface/local_setup.sh
[0.188s] -- Up-to-date symlink: /home/juloau/Desktop/TFG/tfg-jlopez/code/ros2/install/kinematics_interface/share/kinematics_interface/local_setup.zsh
[0.188s] -- Up-to-date symlink: /home/juloau/Desktop/TFG/tfg-jlopez/code/ros2/install/kinematics_interface/share/kinematics_interface/local_setup.dsv
[0.189s] -- Symlinking: /home/juloau/Desktop/TFG/tfg-jlopez/code/ros2/install/kinematics_interface/share/kinematics_interface/package.dsv
[0.204s] -- Up-to-date symlink: /home/juloau/Desktop/TFG/tfg-jlopez/code/ros2/install/kinematics_interface/share/ament_index/resource_index/packages/kinematics_interface
[0.204s] -- Up-to-date symlink: /home/juloau/Desktop/TFG/tfg-jlopez/code/ros2/install/kinematics_interface/share/kinematics_interface/cmake/ament_cmake_export_targets-extras.cmake
[0.205s] -- Up-to-date symlink: /home/juloau/Desktop/TFG/tfg-jlopez/code/ros2/install/kinematics_interface/share/kinematics_interface/cmake/ament_cmake_export_dependencies-extras.cmake
[0.205s] -- Up-to-date symlink: /home/juloau/Desktop/TFG/tfg-jlopez/code/ros2/install/kinematics_interface/share/kinematics_interface/cmake/kinematics_interfaceConfig.cmake
[0.205s] -- Up-to-date symlink: /home/juloau/Desktop/TFG/tfg-jlopez/code/ros2/install/kinematics_interface/share/kinematics_interface/cmake/kinematics_interfaceConfig-version.cmake
[0.205s] -- Up-to-date symlink: /home/juloau/Desktop/TFG/tfg-jlopez/code/ros2/install/kinematics_interface/share/kinematics_interface/package.xml
[0.211s] -- Up-to-date: /home/juloau/Desktop/TFG/tfg-jlopez/code/ros2/install/kinematics_interface/lib/libkinematics_interface.so
[0.211s] -- Up-to-date: /home/juloau/Desktop/TFG/tfg-jlopez/code/ros2/install/kinematics_interface/share/kinematics_interface/cmake/export_kinematics_interfaceExport.cmake
[0.211s] -- Up-to-date: /home/juloau/Desktop/TFG/tfg-jlopez/code/ros2/install/kinematics_interface/share/kinematics_interface/cmake/export_kinematics_interfaceExport-noconfig.cmake
[0.214s] Invoked command in '/home/juloau/Desktop/TFG/tfg-jlopez/code/ros2/build/kinematics_interface' returned '0': CMAKE_PREFIX_PATH=${CMAKE_PREFIX_PATH}:/home/juloau/Desktop/TFG/tfg-jlopez/code/ros2/install/rqt_joint_trajectory_controller:/home/juloau/Desktop/TFG/tfg-jlopez/code/ros2/install/rqt_controller_manager:/home/juloau/Desktop/TFG/tfg-jlopez/code/ros2/install/ros2controlcli:/home/juloau/Desktop/TFG/tfg-jlopez/code/ros2/install/ros2_controllers_test_nodes:/home/juloau/Desktop/TFG/tfg-jlopez/code/ros2/install/ros2_control_demo_testing:/opt/ros/humble /usr/bin/cmake --install /home/juloau/Desktop/TFG/tfg-jlopez/code/ros2/build/kinematics_interface
