[0.015s] Invoking command in '/home/juloau/Desktop/TFG/tfg-jlopez/code/ros2/build/basic_diffbot': CMAKE_PREFIX_PATH=${CMAKE_PREFIX_PATH}:/opt/ros/humble /usr/bin/cmake --build /home/juloau/Desktop/TFG/tfg-jlopez/code/ros2/build/basic_diffbot -- -j8 -l8
[0.050s] Invoked command in '/home/juloau/Desktop/TFG/tfg-jlopez/code/ros2/build/basic_diffbot' returned '0': CMAKE_PREFIX_PATH=${CMAKE_PREFIX_PATH}:/opt/ros/humble /usr/bin/cmake --build /home/juloau/Desktop/TFG/tfg-jlopez/code/ros2/build/basic_diffbot -- -j8 -l8
[0.077s] Invoking command in '/home/juloau/Desktop/TFG/tfg-jlopez/code/ros2/build/basic_diffbot': CMAKE_PREFIX_PATH=${CMAKE_PREFIX_PATH}:/opt/ros/humble /usr/bin/cmake --install /home/juloau/Desktop/TFG/tfg-jlopez/code/ros2/build/basic_diffbot
[0.084s] -- Install configuration: ""
[0.084s] -- Up-to-date: /home/juloau/Desktop/TFG/tfg-jlopez/code/ros2/install/basic_diffbot/share/basic_diffbot/launch
[0.084s] -- Up-to-date: /home/juloau/Desktop/TFG/tfg-jlopez/code/ros2/install/basic_diffbot/share/basic_diffbot/launch/display_launch.py
[0.084s] -- Up-to-date: /home/juloau/Desktop/TFG/tfg-jlopez/code/ros2/install/basic_diffbot/share/basic_diffbot/launch/simple_robot_gz_launch.py
[0.085s] -- Up-to-date: /home/juloau/Desktop/TFG/tfg-jlopez/code/ros2/install/basic_diffbot/share/basic_diffbot/launch/one_robot_gz_launch.py
[0.085s] -- Up-to-date: /home/juloau/Desktop/TFG/tfg-jlopez/code/ros2/install/basic_diffbot/share/basic_diffbot/urdf
[0.085s] -- Up-to-date: /home/juloau/Desktop/TFG/tfg-jlopez/code/ros2/install/basic_diffbot/share/basic_diffbot/urdf/the_simplest_diffbot.xacro
[0.085s] -- Up-to-date: /home/juloau/Desktop/TFG/tfg-jlopez/code/ros2/install/basic_diffbot/share/basic_diffbot/urdf/caster_diffbot_gz.xacro
[0.085s] -- Up-to-date: /home/juloau/Desktop/TFG/tfg-jlopez/code/ros2/install/basic_diffbot/share/basic_diffbot/urdf/caster_diffbot.xacro
[0.085s] -- Up-to-date: /home/juloau/Desktop/TFG/tfg-jlopez/code/ros2/install/basic_diffbot/share/basic_diffbot/urdf/the_simplest_diffbot_gz.xacro
[0.085s] -- Up-to-date: /home/juloau/Desktop/TFG/tfg-jlopez/code/ros2/install/basic_diffbot/share/basic_diffbot/meshes
[0.085s] -- Up-to-date: /home/juloau/Desktop/TFG/tfg-jlopez/code/ros2/install/basic_diffbot/share/basic_diffbot/meshes/base_caster.stl
[0.086s] -- Up-to-date: /home/juloau/Desktop/TFG/tfg-jlopez/code/ros2/install/basic_diffbot/share/basic_diffbot/meshes/husky_wheel.stl
[0.086s] -- Up-to-date: /home/juloau/Desktop/TFG/tfg-jlopez/code/ros2/install/basic_diffbot/share/basic_diffbot/meshes/wheel_ring.stl
[0.086s] -- Up-to-date: /home/juloau/Desktop/TFG/tfg-jlopez/code/ros2/install/basic_diffbot/share/basic_diffbot/meshes/caster_wheel.stl
[0.087s] -- Up-to-date: /home/juloau/Desktop/TFG/tfg-jlopez/code/ros2/install/basic_diffbot/share/basic_diffbot/meshes/base_plate.stl
[0.087s] -- Up-to-date: /home/juloau/Desktop/TFG/tfg-jlopez/code/ros2/install/basic_diffbot/share/basic_diffbot/rviz
[0.087s] -- Up-to-date: /home/juloau/Desktop/TFG/tfg-jlopez/code/ros2/install/basic_diffbot/share/basic_diffbot/rviz/robot_display.rviz
[0.087s] -- Up-to-date: /home/juloau/Desktop/TFG/tfg-jlopez/code/ros2/install/basic_diffbot/share/basic_diffbot/worlds
[0.087s] -- Up-to-date: /home/juloau/Desktop/TFG/tfg-jlopez/code/ros2/install/basic_diffbot/share/basic_diffbot/worlds/empty.world
[0.087s] -- Up-to-date: /home/juloau/Desktop/TFG/tfg-jlopez/code/ros2/install/basic_diffbot/share/basic_diffbot/roboticaposgrado
[0.088s] -- Up-to-date: /home/juloau/Desktop/TFG/tfg-jlopez/code/ros2/install/basic_diffbot/share/basic_diffbot/roboticaposgrado/model.config
[0.088s] -- Up-to-date: /home/juloau/Desktop/TFG/tfg-jlopez/code/ros2/install/basic_diffbot/share/basic_diffbot/roboticaposgrado/meshes
[0.088s] -- Up-to-date: /home/juloau/Desktop/TFG/tfg-jlopez/code/ros2/install/basic_diffbot/share/basic_diffbot/roboticaposgrado/meshes/RP_logo.dae
[0.088s] -- Up-to-date: /home/juloau/Desktop/TFG/tfg-jlopez/code/ros2/install/basic_diffbot/share/basic_diffbot/roboticaposgrado/model-1_4.sdf
[0.088s] -- Up-to-date: /home/juloau/Desktop/TFG/tfg-jlopez/code/ros2/install/basic_diffbot/share/basic_diffbot/roboticaposgrado/materials
[0.088s] -- Up-to-date: /home/juloau/Desktop/TFG/tfg-jlopez/code/ros2/install/basic_diffbot/share/basic_diffbot/roboticaposgrado/materials/textures
[0.088s] -- Up-to-date: /home/juloau/Desktop/TFG/tfg-jlopez/code/ros2/install/basic_diffbot/share/basic_diffbot/roboticaposgrado/materials/textures/RoboticaPosgrado_logo.png
[0.088s] -- Up-to-date: /home/juloau/Desktop/TFG/tfg-jlopez/code/ros2/install/basic_diffbot/share/basic_diffbot/roboticaposgrado/materials/textures/Marker0_4x4.png
[0.088s] -- Up-to-date: /home/juloau/Desktop/TFG/tfg-jlopez/code/ros2/install/basic_diffbot/share/basic_diffbot/roboticaposgrado/model-1_5.sdf
[0.088s] -- Up-to-date: /home/juloau/Desktop/TFG/tfg-jlopez/code/ros2/install/basic_diffbot/share/basic_diffbot/roboticaposgrado/model.sdf
[0.088s] -- Up-to-date: /home/juloau/Desktop/TFG/tfg-jlopez/code/ros2/install/basic_diffbot/share/ament_index/resource_index/package_run_dependencies/basic_diffbot
[0.089s] -- Up-to-date: /home/juloau/Desktop/TFG/tfg-jlopez/code/ros2/install/basic_diffbot/share/ament_index/resource_index/parent_prefix_path/basic_diffbot
[0.089s] -- Up-to-date: /home/juloau/Desktop/TFG/tfg-jlopez/code/ros2/install/basic_diffbot/share/basic_diffbot/environment/ament_prefix_path.sh
[0.089s] -- Up-to-date: /home/juloau/Desktop/TFG/tfg-jlopez/code/ros2/install/basic_diffbot/share/basic_diffbot/environment/ament_prefix_path.dsv
[0.089s] -- Up-to-date: /home/juloau/Desktop/TFG/tfg-jlopez/code/ros2/install/basic_diffbot/share/basic_diffbot/environment/path.sh
[0.089s] -- Up-to-date: /home/juloau/Desktop/TFG/tfg-jlopez/code/ros2/install/basic_diffbot/share/basic_diffbot/environment/path.dsv
[0.089s] -- Up-to-date: /home/juloau/Desktop/TFG/tfg-jlopez/code/ros2/install/basic_diffbot/share/basic_diffbot/local_setup.bash
[0.089s] -- Up-to-date: /home/juloau/Desktop/TFG/tfg-jlopez/code/ros2/install/basic_diffbot/share/basic_diffbot/local_setup.sh
[0.089s] -- Up-to-date: /home/juloau/Desktop/TFG/tfg-jlopez/code/ros2/install/basic_diffbot/share/basic_diffbot/local_setup.zsh
[0.089s] -- Up-to-date: /home/juloau/Desktop/TFG/tfg-jlopez/code/ros2/install/basic_diffbot/share/basic_diffbot/local_setup.dsv
[0.089s] -- Installing: /home/juloau/Desktop/TFG/tfg-jlopez/code/ros2/install/basic_diffbot/share/basic_diffbot/package.dsv
[0.089s] -- Up-to-date: /home/juloau/Desktop/TFG/tfg-jlopez/code/ros2/install/basic_diffbot/share/ament_index/resource_index/packages/basic_diffbot
[0.089s] -- Up-to-date: /home/juloau/Desktop/TFG/tfg-jlopez/code/ros2/install/basic_diffbot/share/basic_diffbot/cmake/basic_diffbotConfig.cmake
[0.089s] -- Up-to-date: /home/juloau/Desktop/TFG/tfg-jlopez/code/ros2/install/basic_diffbot/share/basic_diffbot/cmake/basic_diffbotConfig-version.cmake
[0.089s] -- Up-to-date: /home/juloau/Desktop/TFG/tfg-jlopez/code/ros2/install/basic_diffbot/share/basic_diffbot/package.xml
[0.090s] Invoked command in '/home/juloau/Desktop/TFG/tfg-jlopez/code/ros2/build/basic_diffbot' returned '0': CMAKE_PREFIX_PATH=${CMAKE_PREFIX_PATH}:/opt/ros/humble /usr/bin/cmake --install /home/juloau/Desktop/TFG/tfg-jlopez/code/ros2/build/basic_diffbot
