-- Found ament_cmake: 1.3.10 (/opt/ros/humble/share/ament_cmake/cmake)
-- Override CMake install command with custom implementation using symlinks instead of copying resources
-- Found forward_command_controller: 2.37.0 (/home/juloau/Desktop/TFG/tfg-jlopez/code/ros2/install/forward_command_controller/share/forward_command_controller/cmake)
-- Found rosidl_generator_c: 3.1.5 (/opt/ros/humble/share/rosidl_generator_c/cmake)
-- Found rosidl_adapter: 3.1.5 (/opt/ros/humble/share/rosidl_adapter/cmake)
-- Found rosidl_generator_cpp: 3.1.5 (/opt/ros/humble/share/rosidl_generator_cpp/cmake)
-- Using all available rosidl_typesupport_c: rosidl_typesupport_fastrtps_c;rosidl_typesupport_introspection_c
-- Using all available rosidl_typesupport_cpp: rosidl_typesupport_fastrtps_cpp;rosidl_typesupport_introspection_cpp
-- Found rmw_implementation_cmake: 6.1.2 (/opt/ros/humble/share/rmw_implementation_cmake/cmake)
-- Found rmw_fastrtps_cpp: 6.2.7 (/opt/ros/humble/share/rmw_fastrtps_cpp/cmake)
-- Found TinyXML2 via Config file: TinyXML2_DIR-NOTFOUND
-- Found TinyXML2 via Config file: TinyXML2_DIR-NOTFOUND
-- Found TinyXML2 via Config file: TinyXML2_DIR-NOTFOUND
-- Found TinyXML2 via Config file: TinyXML2_DIR-NOTFOUND
-- Using RMW implementation 'rmw_fastrtps_cpp' as default
-- Found parameter_traits: 0.3.8 (/opt/ros/humble/share/parameter_traits/cmake)
-- Found ament_cmake_gmock: 1.3.10 (/opt/ros/humble/share/ament_cmake_gmock/cmake)
-- Found controller_manager: 2.42.0 (/home/juloau/Desktop/TFG/tfg-jlopez/code/ros2/install/controller_manager/share/controller_manager/cmake)
-- Found ros2_control_test_assets: 2.42.0 (/home/juloau/Desktop/TFG/tfg-jlopez/code/ros2/install/ros2_control_test_assets/share/ros2_control_test_assets/cmake)
-- Found gmock sources under '/opt/ros/humble/src/gmock_vendor': C++ tests using 'Google Mock' will be built
-- Found ament_cmake_gtest: 1.3.10 (/opt/ros/humble/share/ament_cmake_gtest/cmake)
-- Found gtest sources under '/opt/ros/humble/src/gtest_vendor': C++ tests using 'Google Test' will be built
-- Configuring done
-- Generating done
-- Build files have been written to: /home/juloau/Desktop/TFG/tfg-jlopez/code/ros2/build/velocity_controllers
[35m[1mConsolidate compiler generated dependencies of target gmock_main[0m
[35m[1mConsolidate compiler generated dependencies of target gmock[0m
[35m[1mConsolidate compiler generated dependencies of target velocity_controllers[0m
[  9%] [32mBuilding CXX object gmock/CMakeFiles/gmock_main.dir/src/gmock_main.cc.o[0m
[ 18%] [32mBuilding CXX object gmock/CMakeFiles/gmock.dir/src/gmock-all.cc.o[0m
[ 27%] [32mBuilding CXX object gmock/CMakeFiles/gmock.dir/opt/ros/humble/src/gtest_vendor/src/gtest-all.cc.o[0m
[ 36%] [32mBuilding CXX object CMakeFiles/velocity_controllers.dir/src/joint_group_velocity_controller.cpp.o[0m
[ 45%] [32m[1mLinking CXX static library libgmock_main.a[0m
[ 45%] Built target gmock_main
[ 54%] [32m[1mLinking CXX shared library libvelocity_controllers.so[0m
[ 54%] Built target velocity_controllers
[ 63%] [32m[1mLinking CXX static library libgmock.a[0m
[ 63%] Built target gmock
[35m[1mConsolidate compiler generated dependencies of target test_load_joint_group_velocity_controller[0m
[35m[1mConsolidate compiler generated dependencies of target test_joint_group_velocity_controller[0m
[ 72%] [32mBuilding CXX object CMakeFiles/test_load_joint_group_velocity_controller.dir/test/test_load_joint_group_velocity_controller.cpp.o[0m
[ 81%] [32mBuilding CXX object CMakeFiles/test_joint_group_velocity_controller.dir/test/test_joint_group_velocity_controller.cpp.o[0m
[ 90%] [32m[1mLinking CXX executable test_load_joint_group_velocity_controller[0m
[100%] [32m[1mLinking CXX executable test_joint_group_velocity_controller[0m
[100%] Built target test_load_joint_group_velocity_controller
[100%] Built target test_joint_group_velocity_controller
-- Install configuration: ""
-- Execute custom install script
-- Up-to-date symlink: /home/juloau/Desktop/TFG/tfg-jlopez/code/ros2/install/velocity_controllers/share/velocity_controllers//velocity_controllers_plugins.xml
-- Up-to-date symlink: /home/juloau/Desktop/TFG/tfg-jlopez/code/ros2/install/velocity_controllers/include/velocity_controllers/velocity_controllers/joint_group_velocity_controller.hpp
-- Up-to-date symlink: /home/juloau/Desktop/TFG/tfg-jlopez/code/ros2/install/velocity_controllers/include/velocity_controllers/velocity_controllers/visibility_control.h
-- Up-to-date symlink: /home/juloau/Desktop/TFG/tfg-jlopez/code/ros2/install/velocity_controllers/share/velocity_controllers/environment/library_path.sh
-- Up-to-date symlink: /home/juloau/Desktop/TFG/tfg-jlopez/code/ros2/install/velocity_controllers/share/velocity_controllers/environment/library_path.dsv
-- Up-to-date symlink: /home/juloau/Desktop/TFG/tfg-jlopez/code/ros2/install/velocity_controllers/share/ament_index/resource_index/package_run_dependencies/velocity_controllers
-- Up-to-date symlink: /home/juloau/Desktop/TFG/tfg-jlopez/code/ros2/install/velocity_controllers/share/ament_index/resource_index/parent_prefix_path/velocity_controllers
-- Up-to-date symlink: /home/juloau/Desktop/TFG/tfg-jlopez/code/ros2/install/velocity_controllers/share/velocity_controllers/environment/ament_prefix_path.sh
-- Up-to-date symlink: /home/juloau/Desktop/TFG/tfg-jlopez/code/ros2/install/velocity_controllers/share/velocity_controllers/environment/ament_prefix_path.dsv
-- Up-to-date symlink: /home/juloau/Desktop/TFG/tfg-jlopez/code/ros2/install/velocity_controllers/share/velocity_controllers/environment/path.sh
-- Up-to-date symlink: /home/juloau/Desktop/TFG/tfg-jlopez/code/ros2/install/velocity_controllers/share/velocity_controllers/environment/path.dsv
-- Up-to-date symlink: /home/juloau/Desktop/TFG/tfg-jlopez/code/ros2/install/velocity_controllers/share/velocity_controllers/local_setup.bash
-- Up-to-date symlink: /home/juloau/Desktop/TFG/tfg-jlopez/code/ros2/install/velocity_controllers/share/velocity_controllers/local_setup.sh
-- Up-to-date symlink: /home/juloau/Desktop/TFG/tfg-jlopez/code/ros2/install/velocity_controllers/share/velocity_controllers/local_setup.zsh
-- Up-to-date symlink: /home/juloau/Desktop/TFG/tfg-jlopez/code/ros2/install/velocity_controllers/share/velocity_controllers/local_setup.dsv
-- Symlinking: /home/juloau/Desktop/TFG/tfg-jlopez/code/ros2/install/velocity_controllers/share/velocity_controllers/package.dsv
-- Up-to-date symlink: /home/juloau/Desktop/TFG/tfg-jlopez/code/ros2/install/velocity_controllers/share/ament_index/resource_index/packages/velocity_controllers
-- Up-to-date symlink: /home/juloau/Desktop/TFG/tfg-jlopez/code/ros2/install/velocity_controllers/share/ament_index/resource_index/controller_interface__pluginlib__plugin/velocity_controllers
-- Up-to-date symlink: /home/juloau/Desktop/TFG/tfg-jlopez/code/ros2/install/velocity_controllers/share/velocity_controllers/cmake/ament_cmake_export_targets-extras.cmake
-- Up-to-date symlink: /home/juloau/Desktop/TFG/tfg-jlopez/code/ros2/install/velocity_controllers/share/velocity_controllers/cmake/ament_cmake_export_dependencies-extras.cmake
-- Up-to-date symlink: /home/juloau/Desktop/TFG/tfg-jlopez/code/ros2/install/velocity_controllers/share/velocity_controllers/cmake/velocity_controllersConfig.cmake
-- Up-to-date symlink: /home/juloau/Desktop/TFG/tfg-jlopez/code/ros2/install/velocity_controllers/share/velocity_controllers/cmake/velocity_controllersConfig-version.cmake
-- Up-to-date symlink: /home/juloau/Desktop/TFG/tfg-jlopez/code/ros2/install/velocity_controllers/share/velocity_controllers/package.xml
-- Installing: /home/juloau/Desktop/TFG/tfg-jlopez/code/ros2/install/velocity_controllers/lib/libvelocity_controllers.so
-- Set runtime path of "/home/juloau/Desktop/TFG/tfg-jlopez/code/ros2/install/velocity_controllers/lib/libvelocity_controllers.so" to ""
-- Up-to-date: /home/juloau/Desktop/TFG/tfg-jlopez/code/ros2/install/velocity_controllers/share/velocity_controllers/cmake/export_velocity_controllersExport.cmake
-- Up-to-date: /home/juloau/Desktop/TFG/tfg-jlopez/code/ros2/install/velocity_controllers/share/velocity_controllers/cmake/export_velocity_controllersExport-noconfig.cmake
