\BOOKMARK [0][-]{chapter.1}{\376\377\000I\000n\000t\000r\000o\000d\000u\000c\000c\000i\000\363\000n}{}% 1
\BOOKMARK [1][-]{section.1.1}{\376\377\000L\000a\000\040\000r\000o\000b\000\363\000t\000i\000c\000a}{chapter.1}% 2
\BOOKMARK [2][-]{subsection.1.1.1}{\376\377\000R\000o\000b\000o\000t\000s\000\040\000i\000n\000d\000u\000s\000t\000r\000i\000a\000l\000e\000s}{section.1.1}% 3
\BOOKMARK [2][-]{subsection.1.1.2}{\376\377\000R\000o\000b\000o\000t\000s\000\040\000d\000e\000\040\000s\000e\000r\000v\000i\000c\000i\000o}{section.1.1}% 4
\BOOKMARK [1][-]{section.1.2}{\376\377\000R\000o\000b\000o\000t\000s\000\040\000d\000e\000\040\000c\000a\000m\000p\000o}{chapter.1}% 5
\BOOKMARK [1][-]{section.1.3}{\376\377\000R\000o\000b\000o\000t\000s\000\040\000d\000e\000\040\000b\000a\000j\000o\000\040\000c\000o\000s\000t\000e}{chapter.1}% 6
\BOOKMARK [1][-]{section.1.4}{\376\377\000C\000o\000n\000s\000e\000r\000v\000a\000c\000i\000\363\000n\000\040\000d\000e\000\040\000c\000a\000r\000r\000e\000t\000e\000r\000a\000s\000\040\000e\000n\000\040\000E\000s\000p\000a\000\361\000a}{chapter.1}% 7
\BOOKMARK [1][-]{section.1.5}{\376\377\000D\000e\000t\000e\000r\000i\000o\000r\000o\000s\000\040\000d\000e\000l\000\040\000p\000a\000v\000i\000m\000e\000n\000t\000o}{chapter.1}% 8
\BOOKMARK [0][-]{chapter.2}{\376\377\000E\000s\000t\000a\000d\000o\000\040\000d\000e\000l\000\040\000a\000r\000t\000e}{}% 9
\BOOKMARK [0][-]{chapter.3}{\376\377\000O\000b\000j\000e\000t\000i\000v\000o\000s}{}% 10
\BOOKMARK [1][-]{section.3.1}{\376\377\000D\000e\000s\000c\000r\000i\000p\000c\000i\000\363\000n\000\040\000d\000e\000l\000\040\000p\000r\000o\000b\000l\000e\000m\000a}{chapter.3}% 11
\BOOKMARK [1][-]{section.3.2}{\376\377\000R\000e\000q\000u\000i\000s\000i\000t\000o\000s}{chapter.3}% 12
\BOOKMARK [1][-]{section.3.3}{\376\377\000C\000o\000m\000p\000e\000t\000e\000n\000c\000i\000a\000s}{chapter.3}% 13
\BOOKMARK [2][-]{subsection.3.3.1}{\376\377\000C\000o\000m\000p\000e\000t\000e\000n\000c\000i\000a\000s\000\040\000e\000m\000p\000l\000e\000a\000d\000a\000s}{section.3.3}% 14
\BOOKMARK [2][-]{subsection.3.3.2}{\376\377\000C\000o\000m\000p\000e\000t\000e\000n\000c\000i\000a\000s\000\040\000a\000d\000q\000u\000i\000r\000i\000d\000a\000s}{section.3.3}% 15
\BOOKMARK [1][-]{section.3.4}{\376\377\000M\000e\000t\000o\000d\000o\000l\000o\000g\000\355\000a}{chapter.3}% 16
\BOOKMARK [1][-]{section.3.5}{\376\377\000P\000l\000a\000n\000\040\000d\000e\000\040\000t\000r\000a\000b\000a\000j\000o}{chapter.3}% 17
\BOOKMARK [0][-]{chapter.4}{\376\377\000P\000l\000a\000t\000a\000f\000o\000r\000m\000a\000\040\000d\000e\000\040\000d\000e\000s\000a\000r\000r\000o\000l\000l\000o}{}% 18
\BOOKMARK [1][-]{section.4.1}{\376\377\000H\000a\000r\000d\000w\000a\000r\000e}{chapter.4}% 19
\BOOKMARK [2][-]{subsection.4.1.1}{\376\377\000R\000a\000s\000p\000b\000e\000r\000r\000y\000\040\000p\000i}{section.4.1}% 20
\BOOKMARK [2][-]{subsection.4.1.2}{\376\377\000R\000a\000s\000p\000b\000e\000r\000r\000y\000\040\000p\000i\000\040\000c\000\341\000m\000a\000r\000a}{section.4.1}% 21
\BOOKMARK [2][-]{subsection.4.1.3}{\376\377\000G\000P\000S\000\040\000N\000E\000O\000\040\0006\000M}{section.4.1}% 22
\BOOKMARK [2][-]{subsection.4.1.4}{\376\377\000S\000e\000v\000o\000m\000o\000t\000o\000r\000e\000s\000\040\000P\000a\000r\000a\000l\000l\000a\000x}{section.4.1}% 23
\BOOKMARK [2][-]{subsection.4.1.5}{\376\377\000R\000u\000e\000d\000a\000s\000\040\000A\000c\000t\000i\000v\000i\000t\000y\000B\000o\000t}{section.4.1}% 24
\BOOKMARK [2][-]{subsection.4.1.6}{\376\377\000G\000o\000o\000g\000l\000e\000\040\000C\000o\000r\000a\000l\000\040\000U\000S\000B}{section.4.1}% 25
\BOOKMARK [2][-]{subsection.4.1.7}{\376\377\000P\000o\000w\000e\000r\000B\000a\000n\000k}{section.4.1}% 26
\BOOKMARK [2][-]{subsection.4.1.8}{\376\377\000R\000u\000e\000d\000a\000\040\000L\000o\000c\000a}{section.4.1}% 27
\BOOKMARK [2][-]{subsection.4.1.9}{\376\377\000O\000r\000d\000e\000n\000a\000d\000o\000r\000\040\000p\000r\000i\000n\000c\000i\000p\000a\000l}{section.4.1}% 28
\BOOKMARK [1][-]{section.4.2}{\376\377\000S\000o\000f\000t\000w\000a\000r\000e}{chapter.4}% 29
\BOOKMARK [2][-]{subsection.4.2.1}{\376\377\000F\000r\000e\000e\000c\000a\000d}{section.4.2}% 30
\BOOKMARK [2][-]{subsection.4.2.2}{\376\377\000P\000y\000t\000h\000o\000n}{section.4.2}% 31
\BOOKMARK [2][-]{subsection.4.2.3}{\376\377\000O\000p\000e\000n\000C\000V}{section.4.2}% 32
\BOOKMARK [2][-]{subsection.4.2.4}{\376\377\000S\000o\000f\000t\000w\000a\000r\000e\000\040\000m\000a\000t\000e\000m\000\341\000t\000i\000c\000o}{section.4.2}% 33
\BOOKMARK [2][-]{subsection.4.2.5}{\376\377\000S\000o\000f\000t\000w\000a\000r\000e\000\040\000l\000o\000c\000a\000l\000i\000z\000a\000c\000i\000\363\000n}{section.4.2}% 34
\BOOKMARK [2][-]{subsection.4.2.6}{\376\377\000U\000b\000u\000n\000t\000u}{section.4.2}% 35
\BOOKMARK [2][-]{subsection.4.2.7}{\376\377\000R\000O\000S\0002}{section.4.2}% 36
\BOOKMARK [2][-]{subsection.4.2.8}{\376\377\000R\000o\000s\0002\000\040\000C\000o\000n\000t\000r\000o\000l}{section.4.2}% 37
\BOOKMARK [2][-]{subsection.4.2.9}{\376\377\000G\000a\000z\000e\000b\000o}{section.4.2}% 38
\BOOKMARK [2][-]{subsection.4.2.10}{\376\377\000H\000e\000r\000r\000a\000m\000i\000e\000n\000t\000a\000s\000\040\000d\000e\000\040\000v\000i\000s\000u\000a\000l\000i\000z\000a\000c\000i\000\363\000n}{section.4.2}% 39
\BOOKMARK [2][-]{subsection.4.2.11}{\376\377\000G\000o\000o\000g\000l\000e\000\040\000C\000o\000l\000a\000b\000/\000J\000u\000p\000y\000t\000e\000r\000\040\000N\000o\000t\000e\000b\000o\000o\000k}{section.4.2}% 40
\BOOKMARK [2][-]{subsection.4.2.12}{\376\377\000Y\000O\000L\000O\000v\0008}{section.4.2}% 41
\BOOKMARK [2][-]{subsection.4.2.13}{\376\377\000T\000e\000n\000s\000o\000r\000F\000l\000o\000w\000\040\000L\000i\000t\000e\000\040\000E\000d\000g\000e\000\040\000T\000P\000U}{section.4.2}% 42
\BOOKMARK [2][-]{subsection.4.2.14}{\376\377\000I\000n\000t\000e\000r\000f\000a\000z\000\040\000W\000e\000b}{section.4.2}% 43
\BOOKMARK [1][-]{section.4.3}{\376\377\000S\000e\000g\000u\000n\000d\000a\000\040\000s\000e\000c\000c\000i\000\363\000n}{chapter.4}% 44
\BOOKMARK [2][-]{subsection.4.3.1}{\376\377\000N\000\372\000m\000e\000r\000o\000s}{section.4.3}% 45
\BOOKMARK [2][-]{subsection.4.3.2}{\376\377\000L\000i\000s\000t\000a\000s}{section.4.3}% 46
\BOOKMARK [0][-]{chapter.5}{\376\377\000D\000i\000s\000e\000\361\000o}{}% 47
\BOOKMARK [1][-]{section.5.1}{\376\377\000S\000n\000i\000p\000p\000e\000t\000s}{chapter.5}% 48
\BOOKMARK [1][-]{section.5.2}{\376\377\000V\000e\000r\000b\000a\000t\000i\000m}{chapter.5}% 49
\BOOKMARK [1][-]{section.5.3}{\376\377\000E\000c\000u\000a\000c\000i\000o\000n\000e\000s}{chapter.5}% 50
\BOOKMARK [1][-]{section.5.4}{\376\377\000T\000a\000b\000l\000a\000s\000\040\000o\000\040\000c\000u\000a\000d\000r\000o\000s}{chapter.5}% 51
\BOOKMARK [0][-]{chapter.6}{\376\377\000C\000o\000n\000c\000l\000u\000s\000i\000o\000n\000e\000s}{}% 52
\BOOKMARK [1][-]{section.6.1}{\376\377\000C\000o\000n\000c\000l\000u\000s\000i\000o\000n\000e\000s}{chapter.6}% 53
\BOOKMARK [1][-]{section.6.2}{\376\377\000C\000o\000r\000r\000e\000c\000t\000o\000r\000\040\000o\000r\000t\000o\000g\000r\000\341\000f\000i\000c\000o}{chapter.6}% 54
\BOOKMARK [0][-]{appendix*.88}{\376\377\000B\000i\000b\000l\000i\000o\000g\000r\000a\000f\000\355\000a}{}% 55
