This is pdfTeX, Version 3.141592653-2.6-1.40.22 (TeX Live 2022/dev/Debian) (preloaded format=pdflatex 2024.3.16)  16 SEP 2024 22:51
entering extended mode
 restricted \write18 enabled.
 %&-line parsing enabled.
**memoria.tex
(./memoria.tex
LaTeX2e <2021-11-15> patch level 1
L3 programming layer <2022-01-21> (./estilo.tex
(/usr/share/texlive/texmf-dist/tex/latex/base/book.cls
Document Class: book 2021/10/04 v1.4n Standard LaTeX document class
(/usr/share/texlive/texmf-dist/tex/latex/base/bk12.clo
File: bk12.clo 2021/10/04 v1.4n Standard LaTeX file (size option)
)
\c@part=\count185
\c@chapter=\count186
\c@section=\count187
\c@subsection=\count188
\c@subsubsection=\count189
\c@paragraph=\count190
\c@subparagraph=\count191
\c@figure=\count192
\c@table=\count193
\abovecaptionskip=\skip47
\belowcaptionskip=\skip48
\bibindent=\dimen138
)
(/usr/share/texlive/texmf-dist/tex/generic/babel/babel.sty
Package: babel 2022/01/26 3.70 The Babel package
\babel@savecnt=\count194
\U@D=\dimen139
\l@unhyphenated=\language10

(/usr/share/texlive/texmf-dist/tex/generic/babel/txtbabel.def)
\bbl@readstream=\read2
\bbl@dirlevel=\count195

(/usr/share/texlive/texmf-dist/tex/generic/babel-spanish/spanish.ldf
Language: spanish.ldf 2021/05/27 v5.0q Spanish support from the babel system
\es@quottoks=\toks16
\es@quotdepth=\count196
Package babel Info: Making " an active character on input line 570.
Package babel Info: Making . an active character on input line 675.
Package babel Info: Making < an active character on input line 722.
Package babel Info: Making > an active character on input line 722.
))
(/usr/share/texlive/texmf-dist/tex/latex/base/inputenc.sty
Package: inputenc 2021/02/14 v1.3d Input encoding file
\inpenc@prehook=\toks17
\inpenc@posthook=\toks18
)
(/usr/share/texlive/texmf-dist/tex/latex/geometry/geometry.sty
Package: geometry 2020/01/02 v5.9 Page Geometry

(/usr/share/texlive/texmf-dist/tex/latex/graphics/keyval.sty
Package: keyval 2014/10/28 v1.15 key=value parser (DPC)
\KV@toks@=\toks19
)
(/usr/share/texlive/texmf-dist/tex/generic/iftex/ifvtex.sty
Package: ifvtex 2019/10/25 v1.7 ifvtex legacy package. Use iftex instead.

(/usr/share/texlive/texmf-dist/tex/generic/iftex/iftex.sty
Package: iftex 2020/03/06 v1.0d TeX engine tests
))
\Gm@cnth=\count197
\Gm@cntv=\count198
\c@Gm@tempcnt=\count199
\Gm@bindingoffset=\dimen140
\Gm@wd@mp=\dimen141
\Gm@odd@mp=\dimen142
\Gm@even@mp=\dimen143
\Gm@layoutwidth=\dimen144
\Gm@layoutheight=\dimen145
\Gm@layouthoffset=\dimen146
\Gm@layoutvoffset=\dimen147
\Gm@dimlist=\toks20
)
(/usr/share/texlive/texmf-dist/tex/latex/base/makeidx.sty
Package: makeidx 2021/10/04 v1.0m Standard LaTeX package
)
(/usr/share/texlive/texmf-dist/tex/latex/url/url.sty
\Urlmuskip=\muskip16
Package: url 2013/09/16  ver 3.4  Verb mode for urls, etc.
)
(/usr/share/texlive/texmf-dist/tex/latex/graphics/graphicx.sty
Package: graphicx 2021/09/16 v1.2d Enhanced LaTeX Graphics (DPC,SPQR)

(/usr/share/texlive/texmf-dist/tex/latex/graphics/graphics.sty
Package: graphics 2021/03/04 v1.4d Standard LaTeX Graphics (DPC,SPQR)

(/usr/share/texlive/texmf-dist/tex/latex/graphics/trig.sty
Package: trig 2021/08/11 v1.11 sin cos tan (DPC)
)
(/usr/share/texlive/texmf-dist/tex/latex/graphics-cfg/graphics.cfg
File: graphics.cfg 2016/06/04 v1.11 sample graphics configuration
)
Package graphics Info: Driver file: pdftex.def on input line 107.

(/usr/share/texlive/texmf-dist/tex/latex/graphics-def/pdftex.def
File: pdftex.def 2020/10/05 v1.2a Graphics/color driver for pdftex
))
\Gin@req@height=\dimen148
\Gin@req@width=\dimen149
)
(/usr/share/texlive/texmf-dist/tex/latex/graphics/color.sty
Package: color 2021/12/07 v1.3c Standard LaTeX Color (DPC)

(/usr/share/texlive/texmf-dist/tex/latex/graphics-cfg/color.cfg
File: color.cfg 2016/01/02 v1.6 sample color configuration
)
Package color Info: Driver file: pdftex.def on input line 149.
)
(/usr/share/texlive/texmf-dist/tex/latex/caption/caption.sty
Package: caption 2020/10/26 v3.5g Customizing captions (AR)

(/usr/share/texlive/texmf-dist/tex/latex/caption/caption3.sty
Package: caption3 2020/10/21 v2.2e caption3 kernel (AR)
\captionmargin=\dimen150
\captionmargin@=\dimen151
\captionwidth=\dimen152
\caption@tempdima=\dimen153
\caption@indent=\dimen154
\caption@parindent=\dimen155
\caption@hangindent=\dimen156
Package caption Info: Standard document class detected.
)
\c@caption@flags=\count266
\c@continuedfloat=\count267
)
(/usr/share/texlive/texmf-dist/tex/latex/acronym/acronym.sty
Package: acronym 2020/04/17 v1.47 Support for acronyms (Tobias Oetiker)

(/usr/share/texlive/texmf-dist/tex/latex/bigfoot/suffix.sty
Package: suffix 2006/07/15 1.5a Variant command support
)
(/usr/share/texlive/texmf-dist/tex/generic/xstring/xstring.sty
(/usr/share/texlive/texmf-dist/tex/generic/xstring/xstring.tex
\integerpart=\count268
\decimalpart=\count269
)
Package: xstring 2021/07/21 v1.84 String manipulations (CT)
)
\AC@clearlist=\toks21
)
(/usr/share/texlive/texmf-dist/tex/latex/hyphenat/hyphenat.sty
Package: hyphenat 2009/09/02 v2.3c hyphenation utilities
\langwohyphens=\language11
LaTeX Info: Redefining \_ on input line 43.
)
(/usr/share/texlive/texmf-dist/tex/latex/a4wide/a4wide.sty
Package: a4wide 1994/08/30

(/usr/share/texlive/texmf-dist/tex/latex/ntgclass/a4.sty
Package: a4 2020/02/18 v1.2g A4 based page layout
))
(/usr/share/texlive/texmf-dist/tex/latex/subfigure/subfigure.sty
Package: subfigure 2002/03/15 v2.1.5 subfigure package
\subfigtopskip=\skip49
\subfigcapskip=\skip50
\subfigcaptopadj=\dimen157
\subfigbottomskip=\skip51
\subfigcapmargin=\dimen158
\subfiglabelskip=\skip52
\c@subfigure=\count270
\c@lofdepth=\count271
\c@subtable=\count272
\c@lotdepth=\count273

****************************************
* Local config file subfigure.cfg used *
****************************************
(/usr/share/texlive/texmf-dist/tex/latex/subfigure/subfigure.cfg)
\subfig@top=\skip53
\subfig@bottom=\skip54
)
(/usr/share/texlive/texmf-dist/tex/latex/float/float.sty
Package: float 2001/11/08 v1.3d Float enhancements (AL)
\c@float@type=\count274
\float@exts=\toks22
\float@box=\box50
\@float@everytoks=\toks23
\@floatcapt=\box51
)
(/usr/share/texlive/texmf-dist/tex/latex/titlesec/titlesec.sty
Package: titlesec 2021/07/05 v2.14 Sectioning titles
\ttl@box=\box52
\beforetitleunit=\skip55
\aftertitleunit=\skip56
\ttl@plus=\dimen159
\ttl@minus=\dimen160
\ttl@toksa=\toks24
\titlewidth=\dimen161
\titlewidthlast=\dimen162
\titlewidthfirst=\dimen163
)
(/usr/share/texlive/texmf-dist/tex/latex/fncychap/fncychap.sty
Package: fncychap 2007/07/30 v1.34 LaTeX package (Revised chapters)
\RW=\skip57
\mylen=\skip58
\myhi=\skip59
\px=\skip60
\py=\skip61
\pyy=\skip62
\pxx=\skip63
) (./listings.sty
\lst@mode=\count275
\lst@gtempboxa=\box53
\lst@token=\toks25
\lst@length=\count276
\lst@currlwidth=\dimen164
\lst@column=\count277
\lst@pos=\count278
\lst@lostspace=\dimen165
\lst@width=\dimen166
\lst@newlines=\count279
\lst@lineno=\count280
\lst@maxwidth=\dimen167
(./lstmisc.sty
File: lstmisc.sty 2007/02/22 1.4 (Carsten Heinz)
\c@lstnumber=\count281
\lst@skipnumbers=\count282
\lst@framebox=\box54
) (/usr/share/texlive/texmf-dist/tex/latex/listings/listings.cfg
File: listings.cfg 2020/03/24 1.8d listings configuration
))
Package: listings 2007/02/22 1.4 (Carsten Heinz)
 (/usr/share/texlive/texmf-dist/tex/latex/eurosym/eurosym.sty
Package: eurosym 1998/08/06 v1.1 European currency symbol ``Euro''
\@eurobox=\box55
)
(/usr/share/texlive/texmf-dist/tex/latex/hyperref/hyperref.sty
Package: hyperref 2021-06-07 v7.00m Hypertext links for LaTeX

(/usr/share/texlive/texmf-dist/tex/generic/ltxcmds/ltxcmds.sty
Package: ltxcmds 2020-05-10 v1.25 LaTeX kernel commands for general use (HO)
)
(/usr/share/texlive/texmf-dist/tex/generic/pdftexcmds/pdftexcmds.sty
Package: pdftexcmds 2020-06-27 v0.33 Utility functions of pdfTeX for LuaTeX (HO
)

(/usr/share/texlive/texmf-dist/tex/generic/infwarerr/infwarerr.sty
Package: infwarerr 2019/12/03 v1.5 Providing info/warning/error messages (HO)
)
Package pdftexcmds Info: \pdf@primitive is available.
Package pdftexcmds Info: \pdf@ifprimitive is available.
Package pdftexcmds Info: \pdfdraftmode found.
)
(/usr/share/texlive/texmf-dist/tex/generic/kvsetkeys/kvsetkeys.sty
Package: kvsetkeys 2019/12/15 v1.18 Key value parser (HO)
)
(/usr/share/texlive/texmf-dist/tex/generic/kvdefinekeys/kvdefinekeys.sty
Package: kvdefinekeys 2019-12-19 v1.6 Define keys (HO)
)
(/usr/share/texlive/texmf-dist/tex/generic/pdfescape/pdfescape.sty
Package: pdfescape 2019/12/09 v1.15 Implements pdfTeX's escape features (HO)
)
(/usr/share/texlive/texmf-dist/tex/latex/hycolor/hycolor.sty
Package: hycolor 2020-01-27 v1.10 Color options for hyperref/bookmark (HO)
)
(/usr/share/texlive/texmf-dist/tex/latex/letltxmacro/letltxmacro.sty
Package: letltxmacro 2019/12/03 v1.6 Let assignment for LaTeX macros (HO)
)
(/usr/share/texlive/texmf-dist/tex/latex/auxhook/auxhook.sty
Package: auxhook 2019-12-17 v1.6 Hooks for auxiliary files (HO)
)
(/usr/share/texlive/texmf-dist/tex/latex/kvoptions/kvoptions.sty
Package: kvoptions 2020-10-07 v3.14 Key value format for package options (HO)
)
\@linkdim=\dimen168
\Hy@linkcounter=\count283
\Hy@pagecounter=\count284

(/usr/share/texlive/texmf-dist/tex/latex/hyperref/pd1enc.def
File: pd1enc.def 2021-06-07 v7.00m Hyperref: PDFDocEncoding definition (HO)
Now handling font encoding PD1 ...
... no UTF-8 mapping file for font encoding PD1
)
(/usr/share/texlive/texmf-dist/tex/latex/hyperref/hyperref-langpatches.def
File: hyperref-langpatches.def 2021-06-07 v7.00m Hyperref: patches for babel la
nguages
)
(/usr/share/texlive/texmf-dist/tex/generic/intcalc/intcalc.sty
Package: intcalc 2019/12/15 v1.3 Expandable calculations with integers (HO)
)
(/usr/share/texlive/texmf-dist/tex/generic/etexcmds/etexcmds.sty
Package: etexcmds 2019/12/15 v1.7 Avoid name clashes with e-TeX commands (HO)
)
\Hy@SavedSpaceFactor=\count285

(/usr/share/texlive/texmf-dist/tex/latex/hyperref/puenc.def
File: puenc.def 2021-06-07 v7.00m Hyperref: PDF Unicode definition (HO)
Now handling font encoding PU ...
... no UTF-8 mapping file for font encoding PU
)
Package hyperref Info: Hyper figures OFF on input line 4192.
Package hyperref Info: Link nesting OFF on input line 4197.
Package hyperref Info: Hyper index ON on input line 4200.
Package hyperref Info: Plain pages OFF on input line 4207.
Package hyperref Info: Backreferencing OFF on input line 4212.
Package hyperref Info: Implicit mode ON; LaTeX internals redefined.
Package hyperref Info: Bookmarks ON on input line 4445.
\c@Hy@tempcnt=\count286
LaTeX Info: Redefining \url on input line 4804.
\XeTeXLinkMargin=\dimen169

(/usr/share/texlive/texmf-dist/tex/generic/bitset/bitset.sty
Package: bitset 2019/12/09 v1.3 Handle bit-vector datatype (HO)

(/usr/share/texlive/texmf-dist/tex/generic/bigintcalc/bigintcalc.sty
Package: bigintcalc 2019/12/15 v1.5 Expandable calculations on big integers (HO
)
))
\Fld@menulength=\count287
\Field@Width=\dimen170
\Fld@charsize=\dimen171
Package hyperref Info: Hyper figures OFF on input line 6076.
Package hyperref Info: Link nesting OFF on input line 6081.
Package hyperref Info: Hyper index ON on input line 6084.
Package hyperref Info: backreferencing OFF on input line 6091.
Package hyperref Info: Link coloring OFF on input line 6096.
Package hyperref Info: Link coloring with OCG OFF on input line 6101.
Package hyperref Info: PDF/A mode OFF on input line 6106.
LaTeX Info: Redefining \ref on input line 6146.
LaTeX Info: Redefining \pageref on input line 6150.

(/usr/share/texlive/texmf-dist/tex/latex/base/atbegshi-ltx.sty
Package: atbegshi-ltx 2021/01/10 v1.0c Emulation of the original atbegshi
package with kernel methods
)
\Hy@abspage=\count288
\c@Item=\count289
\c@Hfootnote=\count290
)
Package hyperref Info: Driver (autodetected): hpdftex.

(/usr/share/texlive/texmf-dist/tex/latex/hyperref/hpdftex.def
File: hpdftex.def 2021-06-07 v7.00m Hyperref driver for pdfTeX

(/usr/share/texlive/texmf-dist/tex/latex/base/atveryend-ltx.sty
Package: atveryend-ltx 2020/08/19 v1.0a Emulation of the original atveryend pac
kage
with kernel methods
)
\Fld@listcount=\count291
\c@bookmark@seq@number=\count292

(/usr/share/texlive/texmf-dist/tex/latex/rerunfilecheck/rerunfilecheck.sty
Package: rerunfilecheck 2019/12/05 v1.9 Rerun checks for auxiliary files (HO)

(/usr/share/texlive/texmf-dist/tex/generic/uniquecounter/uniquecounter.sty
Package: uniquecounter 2019/12/15 v1.4 Provide unlimited unique counter (HO)
)
Package uniquecounter Info: New unique counter `rerunfilecheck' on input line 2
86.
)
\Hy@SectionHShift=\skip64
)
(/usr/share/texlive/texmf-dist/tex/latex/pgf/frontendlayer/tikz.sty
(/usr/share/texlive/texmf-dist/tex/latex/pgf/basiclayer/pgf.sty
(/usr/share/texlive/texmf-dist/tex/latex/pgf/utilities/pgfrcs.sty
(/usr/share/texlive/texmf-dist/tex/generic/pgf/utilities/pgfutil-common.tex
\pgfutil@everybye=\toks26
\pgfutil@tempdima=\dimen172
\pgfutil@tempdimb=\dimen173

(/usr/share/texlive/texmf-dist/tex/generic/pgf/utilities/pgfutil-common-lists.t
ex)) (/usr/share/texlive/texmf-dist/tex/generic/pgf/utilities/pgfutil-latex.def
\pgfutil@abb=\box56
) (/usr/share/texlive/texmf-dist/tex/generic/pgf/utilities/pgfrcs.code.tex
(/usr/share/texlive/texmf-dist/tex/generic/pgf/pgf.revision.tex)
Package: pgfrcs 2021/05/15 v3.1.9a (3.1.9a)
))
Package: pgf 2021/05/15 v3.1.9a (3.1.9a)

(/usr/share/texlive/texmf-dist/tex/latex/pgf/basiclayer/pgfcore.sty
(/usr/share/texlive/texmf-dist/tex/latex/pgf/systemlayer/pgfsys.sty
(/usr/share/texlive/texmf-dist/tex/generic/pgf/systemlayer/pgfsys.code.tex
Package: pgfsys 2021/05/15 v3.1.9a (3.1.9a)

(/usr/share/texlive/texmf-dist/tex/generic/pgf/utilities/pgfkeys.code.tex
\pgfkeys@pathtoks=\toks27
\pgfkeys@temptoks=\toks28

(/usr/share/texlive/texmf-dist/tex/generic/pgf/utilities/pgfkeysfiltered.code.t
ex
\pgfkeys@tmptoks=\toks29
))
\pgf@x=\dimen174
\pgf@y=\dimen175
\pgf@xa=\dimen176
\pgf@ya=\dimen177
\pgf@xb=\dimen178
\pgf@yb=\dimen179
\pgf@xc=\dimen180
\pgf@yc=\dimen181
\pgf@xd=\dimen182
\pgf@yd=\dimen183
\w@pgf@writea=\write3
\r@pgf@reada=\read3
\c@pgf@counta=\count293
\c@pgf@countb=\count294
\c@pgf@countc=\count295
\c@pgf@countd=\count296
\t@pgf@toka=\toks30
\t@pgf@tokb=\toks31
\t@pgf@tokc=\toks32
\pgf@sys@id@count=\count297
 (/usr/share/texlive/texmf-dist/tex/generic/pgf/systemlayer/pgf.cfg
File: pgf.cfg 2021/05/15 v3.1.9a (3.1.9a)
)
Driver file for pgf: pgfsys-pdftex.def

(/usr/share/texlive/texmf-dist/tex/generic/pgf/systemlayer/pgfsys-pdftex.def
File: pgfsys-pdftex.def 2021/05/15 v3.1.9a (3.1.9a)

(/usr/share/texlive/texmf-dist/tex/generic/pgf/systemlayer/pgfsys-common-pdf.de
f
File: pgfsys-common-pdf.def 2021/05/15 v3.1.9a (3.1.9a)
)))
(/usr/share/texlive/texmf-dist/tex/generic/pgf/systemlayer/pgfsyssoftpath.code.
tex
File: pgfsyssoftpath.code.tex 2021/05/15 v3.1.9a (3.1.9a)
\pgfsyssoftpath@smallbuffer@items=\count298
\pgfsyssoftpath@bigbuffer@items=\count299
)
(/usr/share/texlive/texmf-dist/tex/generic/pgf/systemlayer/pgfsysprotocol.code.
tex
File: pgfsysprotocol.code.tex 2021/05/15 v3.1.9a (3.1.9a)
)) (/usr/share/texlive/texmf-dist/tex/latex/xcolor/xcolor.sty
Package: xcolor 2021/10/31 v2.13 LaTeX color extensions (UK)

(/usr/share/texlive/texmf-dist/tex/latex/graphics-cfg/color.cfg
File: color.cfg 2016/01/02 v1.6 sample color configuration
)
Package xcolor Info: Driver file: pdftex.def on input line 227.
LaTeX Info: Redefining \color on input line 711.
Package xcolor Info: Model `cmy' substituted by `cmy0' on input line 1352.
Package xcolor Info: Model `hsb' substituted by `rgb' on input line 1356.
Package xcolor Info: Model `RGB' extended on input line 1368.
Package xcolor Info: Model `HTML' substituted by `rgb' on input line 1370.
Package xcolor Info: Model `Hsb' substituted by `hsb' on input line 1371.
Package xcolor Info: Model `tHsb' substituted by `hsb' on input line 1372.
Package xcolor Info: Model `HSB' substituted by `hsb' on input line 1373.
Package xcolor Info: Model `Gray' substituted by `gray' on input line 1374.
Package xcolor Info: Model `wave' substituted by `hsb' on input line 1375.
)
(/usr/share/texlive/texmf-dist/tex/generic/pgf/basiclayer/pgfcore.code.tex
Package: pgfcore 2021/05/15 v3.1.9a (3.1.9a)

(/usr/share/texlive/texmf-dist/tex/generic/pgf/math/pgfmath.code.tex
(/usr/share/texlive/texmf-dist/tex/generic/pgf/math/pgfmathcalc.code.tex
(/usr/share/texlive/texmf-dist/tex/generic/pgf/math/pgfmathutil.code.tex)
(/usr/share/texlive/texmf-dist/tex/generic/pgf/math/pgfmathparser.code.tex
\pgfmath@dimen=\dimen184
\pgfmath@count=\count300
\pgfmath@box=\box57
\pgfmath@toks=\toks33
\pgfmath@stack@operand=\toks34
\pgfmath@stack@operation=\toks35
)
(/usr/share/texlive/texmf-dist/tex/generic/pgf/math/pgfmathfunctions.code.tex
(/usr/share/texlive/texmf-dist/tex/generic/pgf/math/pgfmathfunctions.basic.code
.tex)
(/usr/share/texlive/texmf-dist/tex/generic/pgf/math/pgfmathfunctions.trigonomet
ric.code.tex)
(/usr/share/texlive/texmf-dist/tex/generic/pgf/math/pgfmathfunctions.random.cod
e.tex)
(/usr/share/texlive/texmf-dist/tex/generic/pgf/math/pgfmathfunctions.comparison
.code.tex)
(/usr/share/texlive/texmf-dist/tex/generic/pgf/math/pgfmathfunctions.base.code.
tex)
(/usr/share/texlive/texmf-dist/tex/generic/pgf/math/pgfmathfunctions.round.code
.tex)
(/usr/share/texlive/texmf-dist/tex/generic/pgf/math/pgfmathfunctions.misc.code.
tex)
(/usr/share/texlive/texmf-dist/tex/generic/pgf/math/pgfmathfunctions.integerari
thmetics.code.tex)))
(/usr/share/texlive/texmf-dist/tex/generic/pgf/math/pgfmathfloat.code.tex
\c@pgfmathroundto@lastzeros=\count301
))
(/usr/share/texlive/texmf-dist/tex/generic/pgf/math/pgfint.code.tex)
(/usr/share/texlive/texmf-dist/tex/generic/pgf/basiclayer/pgfcorepoints.code.te
x
File: pgfcorepoints.code.tex 2021/05/15 v3.1.9a (3.1.9a)
\pgf@picminx=\dimen185
\pgf@picmaxx=\dimen186
\pgf@picminy=\dimen187
\pgf@picmaxy=\dimen188
\pgf@pathminx=\dimen189
\pgf@pathmaxx=\dimen190
\pgf@pathminy=\dimen191
\pgf@pathmaxy=\dimen192
\pgf@xx=\dimen193
\pgf@xy=\dimen194
\pgf@yx=\dimen195
\pgf@yy=\dimen196
\pgf@zx=\dimen197
\pgf@zy=\dimen198
)
(/usr/share/texlive/texmf-dist/tex/generic/pgf/basiclayer/pgfcorepathconstruct.
code.tex
File: pgfcorepathconstruct.code.tex 2021/05/15 v3.1.9a (3.1.9a)
\pgf@path@lastx=\dimen199
\pgf@path@lasty=\dimen256
)
(/usr/share/texlive/texmf-dist/tex/generic/pgf/basiclayer/pgfcorepathusage.code
.tex
File: pgfcorepathusage.code.tex 2021/05/15 v3.1.9a (3.1.9a)
\pgf@shorten@end@additional=\dimen257
\pgf@shorten@start@additional=\dimen258
)
(/usr/share/texlive/texmf-dist/tex/generic/pgf/basiclayer/pgfcorescopes.code.te
x
File: pgfcorescopes.code.tex 2021/05/15 v3.1.9a (3.1.9a)
\pgfpic=\box58
\pgf@hbox=\box59
\pgf@layerbox@main=\box60
\pgf@picture@serial@count=\count302
)
(/usr/share/texlive/texmf-dist/tex/generic/pgf/basiclayer/pgfcoregraphicstate.c
ode.tex
File: pgfcoregraphicstate.code.tex 2021/05/15 v3.1.9a (3.1.9a)
\pgflinewidth=\dimen259
)
(/usr/share/texlive/texmf-dist/tex/generic/pgf/basiclayer/pgfcoretransformation
s.code.tex
File: pgfcoretransformations.code.tex 2021/05/15 v3.1.9a (3.1.9a)
\pgf@pt@x=\dimen260
\pgf@pt@y=\dimen261
\pgf@pt@temp=\dimen262
)
(/usr/share/texlive/texmf-dist/tex/generic/pgf/basiclayer/pgfcorequick.code.tex
File: pgfcorequick.code.tex 2021/05/15 v3.1.9a (3.1.9a)
)
(/usr/share/texlive/texmf-dist/tex/generic/pgf/basiclayer/pgfcoreobjects.code.t
ex
File: pgfcoreobjects.code.tex 2021/05/15 v3.1.9a (3.1.9a)
)
(/usr/share/texlive/texmf-dist/tex/generic/pgf/basiclayer/pgfcorepathprocessing
.code.tex
File: pgfcorepathprocessing.code.tex 2021/05/15 v3.1.9a (3.1.9a)
)
(/usr/share/texlive/texmf-dist/tex/generic/pgf/basiclayer/pgfcorearrows.code.te
x
File: pgfcorearrows.code.tex 2021/05/15 v3.1.9a (3.1.9a)
\pgfarrowsep=\dimen263
)
(/usr/share/texlive/texmf-dist/tex/generic/pgf/basiclayer/pgfcoreshade.code.tex
File: pgfcoreshade.code.tex 2021/05/15 v3.1.9a (3.1.9a)
\pgf@max=\dimen264
\pgf@sys@shading@range@num=\count303
\pgf@shadingcount=\count304
)
(/usr/share/texlive/texmf-dist/tex/generic/pgf/basiclayer/pgfcoreimage.code.tex
File: pgfcoreimage.code.tex 2021/05/15 v3.1.9a (3.1.9a)

(/usr/share/texlive/texmf-dist/tex/generic/pgf/basiclayer/pgfcoreexternal.code.
tex
File: pgfcoreexternal.code.tex 2021/05/15 v3.1.9a (3.1.9a)
\pgfexternal@startupbox=\box61
))
(/usr/share/texlive/texmf-dist/tex/generic/pgf/basiclayer/pgfcorelayers.code.te
x
File: pgfcorelayers.code.tex 2021/05/15 v3.1.9a (3.1.9a)
)
(/usr/share/texlive/texmf-dist/tex/generic/pgf/basiclayer/pgfcoretransparency.c
ode.tex
File: pgfcoretransparency.code.tex 2021/05/15 v3.1.9a (3.1.9a)
)
(/usr/share/texlive/texmf-dist/tex/generic/pgf/basiclayer/pgfcorepatterns.code.
tex
File: pgfcorepatterns.code.tex 2021/05/15 v3.1.9a (3.1.9a)
)
(/usr/share/texlive/texmf-dist/tex/generic/pgf/basiclayer/pgfcorerdf.code.tex
File: pgfcorerdf.code.tex 2021/05/15 v3.1.9a (3.1.9a)
)))
(/usr/share/texlive/texmf-dist/tex/generic/pgf/modules/pgfmoduleshapes.code.tex
File: pgfmoduleshapes.code.tex 2021/05/15 v3.1.9a (3.1.9a)
\pgfnodeparttextbox=\box62
) (/usr/share/texlive/texmf-dist/tex/generic/pgf/modules/pgfmoduleplot.code.tex
File: pgfmoduleplot.code.tex 2021/05/15 v3.1.9a (3.1.9a)
)
(/usr/share/texlive/texmf-dist/tex/latex/pgf/compatibility/pgfcomp-version-0-65
.sty
Package: pgfcomp-version-0-65 2021/05/15 v3.1.9a (3.1.9a)
\pgf@nodesepstart=\dimen265
\pgf@nodesepend=\dimen266
)
(/usr/share/texlive/texmf-dist/tex/latex/pgf/compatibility/pgfcomp-version-1-18
.sty
Package: pgfcomp-version-1-18 2021/05/15 v3.1.9a (3.1.9a)
)) (/usr/share/texlive/texmf-dist/tex/latex/pgf/utilities/pgffor.sty
(/usr/share/texlive/texmf-dist/tex/latex/pgf/utilities/pgfkeys.sty
(/usr/share/texlive/texmf-dist/tex/generic/pgf/utilities/pgfkeys.code.tex))
(/usr/share/texlive/texmf-dist/tex/latex/pgf/math/pgfmath.sty
(/usr/share/texlive/texmf-dist/tex/generic/pgf/math/pgfmath.code.tex))
(/usr/share/texlive/texmf-dist/tex/generic/pgf/utilities/pgffor.code.tex
Package: pgffor 2021/05/15 v3.1.9a (3.1.9a)

(/usr/share/texlive/texmf-dist/tex/generic/pgf/math/pgfmath.code.tex)
\pgffor@iter=\dimen267
\pgffor@skip=\dimen268
\pgffor@stack=\toks36
\pgffor@toks=\toks37
))
(/usr/share/texlive/texmf-dist/tex/generic/pgf/frontendlayer/tikz/tikz.code.tex
Package: tikz 2021/05/15 v3.1.9a (3.1.9a)

(/usr/share/texlive/texmf-dist/tex/generic/pgf/libraries/pgflibraryplothandlers
.code.tex
File: pgflibraryplothandlers.code.tex 2021/05/15 v3.1.9a (3.1.9a)
\pgf@plot@mark@count=\count305
\pgfplotmarksize=\dimen269
)
\tikz@lastx=\dimen270
\tikz@lasty=\dimen271
\tikz@lastxsaved=\dimen272
\tikz@lastysaved=\dimen273
\tikz@lastmovetox=\dimen274
\tikz@lastmovetoy=\dimen275
\tikzleveldistance=\dimen276
\tikzsiblingdistance=\dimen277
\tikz@figbox=\box63
\tikz@figbox@bg=\box64
\tikz@tempbox=\box65
\tikz@tempbox@bg=\box66
\tikztreelevel=\count306
\tikznumberofchildren=\count307
\tikznumberofcurrentchild=\count308
\tikz@fig@count=\count309

(/usr/share/texlive/texmf-dist/tex/generic/pgf/modules/pgfmodulematrix.code.tex
File: pgfmodulematrix.code.tex 2021/05/15 v3.1.9a (3.1.9a)
\pgfmatrixcurrentrow=\count310
\pgfmatrixcurrentcolumn=\count311
\pgf@matrix@numberofcolumns=\count312
)
\tikz@expandcount=\count313

(/usr/share/texlive/texmf-dist/tex/generic/pgf/frontendlayer/tikz/libraries/tik
zlibrarytopaths.code.tex
File: tikzlibrarytopaths.code.tex 2021/05/15 v3.1.9a (3.1.9a)
)))
(/usr/share/texlive/texmf-dist/tex/generic/pgf/frontendlayer/tikz/libraries/tik
zlibrarypositioning.code.tex
File: tikzlibrarypositioning.code.tex 2021/05/15 v3.1.9a (3.1.9a)
)
(/usr/share/texlive/texmf-dist/tex/generic/pgf/frontendlayer/tikz/libraries/tik
zlibraryshapes.code.tex
File: tikzlibraryshapes.code.tex 2021/05/15 v3.1.9a (3.1.9a)

(/usr/share/texlive/texmf-dist/tex/generic/pgf/frontendlayer/tikz/libraries/tik
zlibraryshapes.geometric.code.tex
File: tikzlibraryshapes.geometric.code.tex 2021/05/15 v3.1.9a (3.1.9a)

(/usr/share/texlive/texmf-dist/tex/generic/pgf/libraries/shapes/pgflibraryshape
s.geometric.code.tex
File: pgflibraryshapes.geometric.code.tex 2021/05/15 v3.1.9a (3.1.9a)
))
(/usr/share/texlive/texmf-dist/tex/generic/pgf/frontendlayer/tikz/libraries/tik
zlibraryshapes.misc.code.tex
File: tikzlibraryshapes.misc.code.tex 2021/05/15 v3.1.9a (3.1.9a)

(/usr/share/texlive/texmf-dist/tex/generic/pgf/libraries/shapes/pgflibraryshape
s.misc.code.tex
File: pgflibraryshapes.misc.code.tex 2021/05/15 v3.1.9a (3.1.9a)
))
(/usr/share/texlive/texmf-dist/tex/generic/pgf/frontendlayer/tikz/libraries/tik
zlibraryshapes.symbols.code.tex
File: tikzlibraryshapes.symbols.code.tex 2021/05/15 v3.1.9a (3.1.9a)

(/usr/share/texlive/texmf-dist/tex/generic/pgf/libraries/shapes/pgflibraryshape
s.symbols.code.tex
File: pgflibraryshapes.symbols.code.tex 2021/05/15 v3.1.9a (3.1.9a)
))
(/usr/share/texlive/texmf-dist/tex/generic/pgf/frontendlayer/tikz/libraries/tik
zlibraryshapes.arrows.code.tex
File: tikzlibraryshapes.arrows.code.tex 2021/05/15 v3.1.9a (3.1.9a)

(/usr/share/texlive/texmf-dist/tex/generic/pgf/libraries/shapes/pgflibraryshape
s.arrows.code.tex
File: pgflibraryshapes.arrows.code.tex 2021/05/15 v3.1.9a (3.1.9a)
))
(/usr/share/texlive/texmf-dist/tex/generic/pgf/frontendlayer/tikz/libraries/tik
zlibraryshapes.callouts.code.tex
(/usr/share/texlive/texmf-dist/tex/generic/pgf/libraries/shapes/pgflibraryshape
s.callouts.code.tex))
(/usr/share/texlive/texmf-dist/tex/generic/pgf/frontendlayer/tikz/libraries/tik
zlibraryshapes.multipart.code.tex
File: tikzlibraryshapes.multipart.code.tex 2021/05/15 v3.1.9a (3.1.9a)

(/usr/share/texlive/texmf-dist/tex/generic/pgf/libraries/shapes/pgflibraryshape
s.multipart.code.tex
File: pgflibraryshapes.multipart.code.tex 2021/05/15 v3.1.9a (3.1.9a)
\pgfnodepartlowerbox=\box67
\pgfnodeparttwobox=\box68
\pgfnodepartthreebox=\box69
\pgfnodepartfourbox=\box70
\pgfnodeparttwentybox=\box71
\pgfnodepartnineteenbox=\box72
\pgfnodeparteighteenbox=\box73
\pgfnodepartseventeenbox=\box74
\pgfnodepartsixteenbox=\box75
\pgfnodepartfifteenbox=\box76
\pgfnodepartfourteenbox=\box77
\pgfnodepartthirteenbox=\box78
\pgfnodeparttwelvebox=\box79
\pgfnodepartelevenbox=\box80
\pgfnodeparttenbox=\box81
\pgfnodepartninebox=\box82
\pgfnodeparteightbox=\box83
\pgfnodepartsevenbox=\box84
\pgfnodepartsixbox=\box85
\pgfnodepartfivebox=\box86
)))
(/usr/share/texlive/texmf-dist/tex/latex/listings/lstlang1.sty
File: lstlang1.sty 2020/03/24 1.8d listings language file
) (./lstmisc.sty
File: lstmisc.sty 2007/02/22 1.4 (Carsten Heinz)
) (/usr/share/texlive/texmf-dist/tex/latex/listings/lstlang1.sty
File: lstlang1.sty 2020/03/24 1.8d listings language file
)
(/usr/share/texlive/texmf-dist/tex/latex/listings/lstlang1.sty
File: lstlang1.sty 2020/03/24 1.8d listings language file
)
Package caption Info: Option `declare type' requires the `newfloat' package on 
input line 101.

(/usr/share/texlive/texmf-dist/tex/latex/newfloat/newfloat.sty
Package: newfloat 2019/09/02 v1.1l Defining new floating environments (AR)
Package newfloat Info: Document class `book' detected (Hy).
)
Package newfloat Info: New float `code' with options `' on input line 101.
\c@code=\count314
Package newfloat Info: float type `code'=4 on input line 101.
\c@locodedepth=\count315
Package newfloat Info: New float `myequation' with options `' on input line 102
.
\c@myequation=\count316
Package newfloat Info: float type `myequation'=8 on input line 102.
\c@lomyequationdepth=\count317
)
\@indexfile=\write4
\openout4 = `memoria.idx'.


Writing index file memoria.idx
(/usr/share/texlive/texmf-dist/tex/latex/l3backend/l3backend-pdftex.def
File: l3backend-pdftex.def 2022-01-12 L3 backend support: PDF output (pdfTeX)
\l__color_backend_stack_int=\count318
\l__pdf_internal_box=\box87
)
(./memoria.aux
LaTeX Info: Redefining \. on input line 26.
LaTeX Info: Redefining \% on input line 26.


LaTeX Warning: Label `cap:capitulo3' multiply defined.

)
\openout1 = `memoria.aux'.

LaTeX Font Info:    Checking defaults for OML/cmm/m/it on input line 5.
LaTeX Font Info:    ... okay on input line 5.
LaTeX Font Info:    Checking defaults for OMS/cmsy/m/n on input line 5.
LaTeX Font Info:    ... okay on input line 5.
LaTeX Font Info:    Checking defaults for OT1/cmr/m/n on input line 5.
LaTeX Font Info:    ... okay on input line 5.
LaTeX Font Info:    Checking defaults for T1/cmr/m/n on input line 5.
LaTeX Font Info:    ... okay on input line 5.
LaTeX Font Info:    Checking defaults for TS1/cmr/m/n on input line 5.
LaTeX Font Info:    ... okay on input line 5.
LaTeX Font Info:    Checking defaults for OMX/cmex/m/n on input line 5.
LaTeX Font Info:    ... okay on input line 5.
LaTeX Font Info:    Checking defaults for U/cmr/m/n on input line 5.
LaTeX Font Info:    ... okay on input line 5.
LaTeX Font Info:    Checking defaults for PD1/pdf/m/n on input line 5.
LaTeX Font Info:    ... okay on input line 5.
LaTeX Font Info:    Checking defaults for PU/pdf/m/n on input line 5.
LaTeX Font Info:    ... okay on input line 5.
LaTeX Info: Redefining \. on input line 5.
LaTeX Info: Redefining \% on input line 5.

*geometry* driver: auto-detecting
*geometry* detected driver: pdftex
*geometry* verbose mode - [ preamble ] result:
* driver: pdftex
* paper: a4paper
* layout: <same size as paper>
* layoutoffset:(h,v)=(0.0pt,0.0pt)
* modes: 
* h-part:(L,W,R)=(99.58464pt, 441.01773pt, 56.9055pt)
* v-part:(T,H,B)=(85.35826pt, 702.78308pt, 56.9055pt)
* \paperwidth=597.50787pt
* \paperheight=845.04684pt
* \textwidth=441.01773pt
* \textheight=702.78308pt
* \oddsidemargin=27.31465pt
* \evensidemargin=27.31465pt
* \topmargin=-41.59085pt
* \headheight=12.0pt
* \headsep=42.67912pt
* \topskip=12.0pt
* \footskip=30.0pt
* \marginparwidth=54.2025pt
* \marginparsep=7.0pt
* \columnsep=10.0pt
* \skip\footins=10.8pt plus 4.0pt minus 2.0pt
* \hoffset=0.0pt
* \voffset=0.0pt
* \mag=1000
* \@twocolumnfalse
* \@twosidefalse
* \@mparswitchfalse
* \@reversemarginfalse
* (1in=72.27pt=25.4mm, 1cm=28.453pt)

(/usr/share/texlive/texmf-dist/tex/context/base/mkii/supp-pdf.mkii
[Loading MPS to PDF converter (version 2006.09.02).]
\scratchcounter=\count319
\scratchdimen=\dimen278
\scratchbox=\box88
\nofMPsegments=\count320
\nofMParguments=\count321
\everyMPshowfont=\toks38
\MPscratchCnt=\count322
\MPscratchDim=\dimen279
\MPnumerator=\count323
\makeMPintoPDFobject=\count324
\everyMPtoPDFconversion=\toks39
) (/usr/share/texlive/texmf-dist/tex/latex/epstopdf-pkg/epstopdf-base.sty
Package: epstopdf-base 2020-01-24 v2.11 Base part for package epstopdf
Package epstopdf-base Info: Redefining graphics rule for `.eps' on input line 4
85.

(/usr/share/texlive/texmf-dist/tex/latex/latexconfig/epstopdf-sys.cfg
File: epstopdf-sys.cfg 2010/07/13 v1.3 Configuration of (r)epstopdf for TeX Liv
e
))
Package caption Info: Begin \AtBeginDocument code.
Package caption Info: float package is loaded.
Package caption Info: hyperref package is loaded.
Package caption Info: listings package is loaded.
Package caption Info: subfigure package is loaded.
Package caption Info: End \AtBeginDocument code.
\c@lstlisting=\count325
Package hyperref Info: Link coloring OFF on input line 5.

(/usr/share/texlive/texmf-dist/tex/latex/hyperref/nameref.sty
Package: nameref 2021-04-02 v2.47 Cross-referencing by name of section

(/usr/share/texlive/texmf-dist/tex/latex/refcount/refcount.sty
Package: refcount 2019/12/15 v3.6 Data extraction from label references (HO)
)
(/usr/share/texlive/texmf-dist/tex/generic/gettitlestring/gettitlestring.sty
Package: gettitlestring 2019/12/15 v1.6 Cleanup title references (HO)
)
\c@section@level=\count326
)
LaTeX Info: Redefining \ref on input line 5.
LaTeX Info: Redefining \pageref on input line 5.
LaTeX Info: Redefining \nameref on input line 5.

(./memoria.out) (./memoria.out)
\@outlinefile=\write5
\openout5 = `memoria.out'.

Package newfloat Info: `float' package detected.
 (./portada/indice.tex (./portada/portada.tex
<figs/logo_urjc.jpg, id=212, 525.965pt x 210.7875pt>
File: figs/logo_urjc.jpg Graphic file (type jpg)
<use figs/logo_urjc.jpg>
Package pdftex.def Info: figs/logo_urjc.jpg  used on input line 5.
(pdftex.def)             Requested size: 525.9637pt x 210.78699pt.

[1


{/var/lib/texmf/fonts/map/pdftex/updmap/pdftex.map} <./figs/logo_urjc.jpg>])
(./portada/licencia.tex
<figs/by-nc-sa.png, id=222, 97.0827pt x 33.9669pt>
File: figs/by-nc-sa.png Graphic file (type png)
<use figs/by-nc-sa.png>
Package pdftex.def Info: figs/by-nc-sa.png  used on input line 8.
(pdftex.def)             Requested size: 110.25443pt x 38.57701pt.
) (./portada/agradecimientos.tex [2


 <./figs/by-nc-sa.png>]
Underfull \hbox (badness 10000) in paragraph at lines 5--6

 []


Underfull \hbox (badness 10000) in paragraph at lines 7--8

 []


Underfull \hbox (badness 10000) in paragraph at lines 9--10

 []


Underfull \hbox (badness 10000) in paragraph at lines 11--12

 []


Underfull \hbox (badness 10000) in paragraph at lines 13--14

 []


Underfull \hbox (badness 10000) in paragraph at lines 15--18

 []

[3


]) (./portada/resumen.tex [4]
Underfull \hbox (badness 10000) in paragraph at lines 5--6

 []


Underfull \hbox (badness 10000) in paragraph at lines 7--8

 []


Underfull \hbox (badness 10000) in paragraph at lines 9--10

 []

) (./portada/acronimos.tex [5


]

LaTeX Warning: Hyper reference `acro:KUKA' on page \es@scroman {vi} undefined o
n input line 8.


LaTeX Warning: Hyper reference `acro:KUKA' on page \es@scroman {vi} undefined o
n input line 8.


LaTeX Warning: Hyper reference `acro:ABB' on page \es@scroman {vi} undefined on
 input line 9.


LaTeX Warning: Hyper reference `acro:ABB' on page \es@scroman {vi} undefined on
 input line 9.


LaTeX Warning: Hyper reference `acro:BSA' on page \es@scroman {vi} undefined on
 input line 10.


LaTeX Warning: Hyper reference `acro:BSA' on page \es@scroman {vi} undefined on
 input line 10.


LaTeX Warning: Hyper reference `acro:AGV' on page \es@scroman {vi} undefined on
 input line 12.


LaTeX Warning: Hyper reference `acro:AGV' on page \es@scroman {vi} undefined on
 input line 12.


LaTeX Warning: Hyper reference `acro:AMR' on page \es@scroman {vi} undefined on
 input line 13.


LaTeX Warning: Hyper reference `acro:AMR' on page \es@scroman {vi} undefined on
 input line 13.


LaTeX Warning: Hyper reference `acro:GPS' on page \es@scroman {vi} undefined on
 input line 20.


LaTeX Warning: Hyper reference `acro:GPS' on page \es@scroman {vi} undefined on
 input line 20.


LaTeX Warning: Hyper reference `acro:CAD' on page \es@scroman {vi} undefined on
 input line 22.


LaTeX Warning: Hyper reference `acro:CAD' on page \es@scroman {vi} undefined on
 input line 22.

[6


])
LaTeX Info: Redefining \. on input line 11.
LaTeX Info: Redefining \% on input line 11.
 [7] (./memoria.toc
LaTeX Info: Redefining \. on input line 1.
LaTeX Info: Redefining \% on input line 1.
LaTeX Font Info:    External font `cmex10' loaded for size
(Font)              <12> on input line 3.
LaTeX Font Info:    External font `cmex10' loaded for size
(Font)              <8> on input line 3.
LaTeX Font Info:    External font `cmex10' loaded for size
(Font)              <6> on input line 3.
 [8


])
\tf@toc=\write6
\openout6 = `memoria.toc'.

LaTeX Info: Redefining \. on input line 15.
LaTeX Info: Redefining \% on input line 15.
 [9] (./memoria.lof
LaTeX Info: Redefining \. on input line 1.
LaTeX Info: Redefining \% on input line 1.
 [10

])
\tf@lof=\write7
\openout7 = `memoria.lof'.

LaTeX Info: Redefining \. on input line 18.
LaTeX Info: Redefining \% on input line 18.
 [11] (./memoria.locode)
\tf@locode=\write8
\openout8 = `memoria.locode'.


[12

] (./memoria.lomyequation)
\tf@lomyequation=\write9
\openout9 = `memoria.lomyequation'.

 [13

] (./memoria.lot
LaTeX Info: Redefining \. on input line 1.
LaTeX Info: Redefining \% on input line 1.
)
\tf@lot=\write10
\openout10 = `memoria.lot'.

 [14

])
(./capitulos/capitulo1.tex
Cap\'{\i }tulo 1.

Underfull \hbox (badness 10000) in paragraph at lines 7--8

 []


Underfull \hbox (badness 10000) in paragraph at lines 22--23

 []


Underfull \hbox (badness 10000) in paragraph at lines 24--25

 []

[1



]
<figs/memnon.jpeg, id=550, 1654.983pt x 1103.322pt>
File: figs/memnon.jpeg Graphic file (type jpg)
<use figs/memnon.jpeg>
Package pdftex.def Info: figs/memnon.jpeg  used on input line 31.
(pdftex.def)             Requested size: 176.40439pt x 117.59468pt.
<figs/terracota.png, id=553, 410.53375pt x 309.155pt>
File: figs/terracota.png Graphic file (type png)
<use figs/terracota.png>
Package pdftex.def Info: figs/terracota.png  used on input line 38.
(pdftex.def)             Requested size: 154.35889pt x 116.23946pt.
LaTeX Font Info:    External font `cmex10' loaded for size
(Font)              <7> on input line 48.
LaTeX Font Info:    External font `cmex10' loaded for size
(Font)              <5> on input line 48.

Underfull \hbox (badness 10000) in paragraph at lines 53--54

 []

<figs/arquimedes.png, id=561, 455.7025pt x 405.515pt>
File: figs/arquimedes.png Graphic file (type png)
<use figs/arquimedes.png>
Package pdftex.def Info: figs/arquimedes.png  used on input line 62.
(pdftex.def)             Requested size: 132.30666pt x 117.73865pt.
<figs/eolipila.png, id=562, 342.27875pt x 398.48875pt>
File: figs/eolipila.png Graphic file (type png)
<use figs/eolipila.png>
Package pdftex.def Info: figs/eolipila.png  used on input line 69.
(pdftex.def)             Requested size: 132.30666pt x 154.0358pt.

Underfull \hbox (badness 10000) in paragraph at lines 90--91

 []

LaTeX Info: Redefining \. on input line 91.
LaTeX Info: Redefining \% on input line 91.
[2 <./figs/memnon.jpeg> <./figs/terracota.png> <./figs/arquimedes.png> <./figs/
eolipila.png>]
<figs/electro-sparko.png, id=578, 227.85126pt x 316.18124pt>
File: figs/electro-sparko.png Graphic file (type png)
<use figs/electro-sparko.png>
Package pdftex.def Info: figs/electro-sparko.png  used on input line 95.
(pdftex.def)             Requested size: 227.62204pt x 315.87169pt.
<figs/issac-law.png, id=579, 382.42876pt x 281.05pt>
File: figs/issac-law.png Graphic file (type png)
<use figs/issac-law.png>
Package pdftex.def Info: figs/issac-law.png  used on input line 103.
(pdftex.def)             Requested size: 341.43306pt x 250.93564pt.


LaTeX Warning: `!h' float specifier changed to `!ht'.

Package acronym Info: Label `acro:SRI' newly defined as it shall be overridden
although it is yet undefined on input line 112.

Underfull \hbox (badness 10000) in paragraph at lines 112--113

 []

LaTeX Info: Redefining \. on input line 113.
LaTeX Info: Redefining \% on input line 113.
[3 <./figs/electro-sparko.png>]
<figs/shakey.png, id=591, 234.8775pt x 359.3425pt>
File: figs/shakey.png Graphic file (type png)
<use figs/shakey.png>
Package pdftex.def Info: figs/shakey.png  used on input line 116.
(pdftex.def)             Requested size: 227.62204pt x 348.24377pt.


LaTeX Warning: `!h' float specifier changed to `!ht'.

<figs/stanford.png, id=594, 363.3575pt x 389.455pt>
File: figs/stanford.png Graphic file (type png)
<use figs/stanford.png>
Package pdftex.def Info: figs/stanford.png  used on input line 127.
(pdftex.def)             Requested size: 227.62204pt x 243.97331pt.

LaTeX Warning: `!h' float specifier changed to `!ht'.

LaTeX Info: Redefining \. on input line 141.
LaTeX Info: Redefining \% on input line 141.
[4 <./figs/issac-law.png>]

LaTeX Warning: Text page 5 contains only floats.


Overfull \vbox (0.43398pt too high) has occurred while \output is active []

LaTeX Info: Redefining \. on input line 141.
LaTeX Info: Redefining \% on input line 141.

[5 <./figs/shakey.png> <./figs/stanford.png>]
<figs/brazoIRB140.png, id=615, 432.61626pt x 245.91875pt>
File: figs/brazoIRB140.png Graphic file (type png)
<use figs/brazoIRB140.png>
Package pdftex.def Info: figs/brazoIRB140.png  used on input line 148.
(pdftex.def)             Requested size: 176.40439pt x 100.27573pt.
<figs/cobot.png, id=618, 275.0275pt x 256.96pt>
File: figs/cobot.png Graphic file (type png)
<use figs/cobot.png>
Package pdftex.def Info: figs/cobot.png  used on input line 155.
(pdftex.def)             Requested size: 132.30666pt x 123.61777pt.

Underfull \hbox (badness 10000) in paragraph at lines 176--177

 []

LaTeX Info: Redefining \. on input line 177.
LaTeX Info: Redefining \% on input line 177.
[6 <./figs/brazoIRB140.png> <./figs/cobot.png>]
<figs/gama-baja.png, id=636, 187.70125pt x 124.465pt>
File: figs/gama-baja.png Graphic file (type png)
<use figs/gama-baja.png>
Package pdftex.def Info: figs/gama-baja.png  used on input line 183.
(pdftex.def)             Requested size: 132.30666pt x 87.73833pt.
<figs/gama-alta.png, id=637, 193.72375pt x 148.555pt>
File: figs/gama-alta.png Graphic file (type png)
<use figs/gama-alta.png>
Package pdftex.def Info: figs/gama-alta.png  used on input line 190.
(pdftex.def)             Requested size: 132.30666pt x 101.45807pt.
Package acronym Info: Label `acro:FLL' newly defined as it shall be overridden
although it is yet undefined on input line 200.
<figs/FLL_TO19.jpg, id=647, 205.93324pt x 115.77702pt>
File: figs/FLL_TO19.jpg Graphic file (type jpg)
<use figs/FLL_TO19.jpg>
Package pdftex.def Info: figs/FLL_TO19.jpg  used on input line 209.
(pdftex.def)             Requested size: 154.35889pt x 86.78484pt.
<figs/spot.jpg, id=652, 827.4915pt x 551.661pt>
File: figs/spot.jpg Graphic file (type jpg)
<use figs/spot.jpg>
Package pdftex.def Info: figs/spot.jpg  used on input line 216.
(pdftex.def)             Requested size: 132.30666pt x 88.20021pt.

Underfull \hbox (badness 10000) in paragraph at lines 233--234

 []

LaTeX Info: Redefining \. on input line 234.
LaTeX Info: Redefining \% on input line 234.
[7 <./figs/gama-baja.png> <./figs/gama-alta.png>]
<figs/davincimed.png, id=669, 588.1975pt x 340.27126pt>
File: figs/davincimed.png Graphic file (type png)
<use figs/davincimed.png>
Package pdftex.def Info: figs/davincimed.png  used on input line 239.
(pdftex.def)             Requested size: 220.50887pt x 127.56505pt.
<figs/mako.png, id=672, 335.2525pt x 646.415pt>
File: figs/mako.png Graphic file (type png)
<use figs/mako.png>
Package pdftex.def Info: figs/mako.png  used on input line 246.
(pdftex.def)             Requested size: 66.14996pt x 127.54472pt.
<figs/marsi.png, id=675, 597.23125pt x 832.10875pt>
File: figs/marsi.png Graphic file (type png)
<use figs/marsi.png>
Package pdftex.def Info: figs/marsi.png  used on input line 252.
(pdftex.def)             Requested size: 88.2022pt x 122.88098pt.
<figs/cyberdyne.jpg, id=678, 291.0875pt x 301.125pt>
File: figs/cyberdyne.jpg Graphic file (type jpg)
<use figs/cyberdyne.jpg>
Package pdftex.def Info: figs/cyberdyne.jpg  used on input line 258.
(pdftex.def)             Requested size: 110.25443pt x 114.0565pt.

Underfull \hbox (badness 10000) in paragraph at lines 270--270
[][][]$\OT1/cmtt/m/n/10 https : / / www . stryker . com / content / dam / stryk
er / joint-[]replacement / systems /
 []


Underfull \hbox (badness 1057) in paragraph at lines 280--281
[]\OT1/cmr/m/n/12 Los robots de log^^S^^Pstica son sistemas automatizados dise~
nados para mejorar
 []

LaTeX Info: Redefining \. on input line 281.
LaTeX Info: Redefining \% on input line 281.
[8 <./figs/FLL_TO19.jpg> <./figs/spot.jpg> <./figs/davincimed.png> <./figs/mako
.png> <./figs/marsi.png> <./figs/cyberdyne.jpg>]
<figs/skypod.png, id=696, 611.28375pt x 376.40625pt>
File: figs/skypod.png Graphic file (type png)
<use figs/skypod.png>
Package pdftex.def Info: figs/skypod.png  used on input line 286.
(pdftex.def)             Requested size: 132.30666pt x 81.46565pt.
<figs/amazon.png, id=699, 964.60374pt x 537.00626pt>
File: figs/amazon.png Graphic file (type png)
<use figs/amazon.png>
Package pdftex.def Info: figs/amazon.png  used on input line 293.
(pdftex.def)             Requested size: 132.30666pt x 73.65627pt.

Underfull \hbox (badness 10000) in paragraph at lines 311--312

 []

<figs/strawberry.png, id=706, 623.32875pt x 416.55624pt>
File: figs/strawberry.png Graphic file (type png)
<use figs/strawberry.png>
Package pdftex.def Info: figs/strawberry.png  used on input line 318.
(pdftex.def)             Requested size: 132.30666pt x 88.41374pt.
<figs/komatsu.jpeg, id=709, 173.448pt x 96.36pt>
File: figs/komatsu.jpeg Graphic file (type jpg)
<use figs/komatsu.jpeg>
Package pdftex.def Info: figs/komatsu.jpeg  used on input line 325.
(pdftex.def)             Requested size: 132.30666pt x 73.50781pt.
<figs/tello.png, id=712, 860.21375pt x 667.49374pt>
File: figs/tello.png Graphic file (type png)
<use figs/tello.png>
Package pdftex.def Info: figs/tello.png  used on input line 331.
(pdftex.def)             Requested size: 132.30666pt x 102.66602pt.
<figs/perseverance.jpg, id=715, 321.2pt x 240.9pt>
File: figs/perseverance.jpg Graphic file (type jpg)
<use figs/perseverance.jpg>
Package pdftex.def Info: figs/perseverance.jpg  used on input line 337.
(pdftex.def)             Requested size: 132.30666pt x 99.23279pt.
LaTeX Info: Redefining \. on input line 342.
LaTeX Info: Redefining \% on input line 342.
[9 <./figs/Skypod.png> <./figs/amazon.png>]
Underfull \hbox (badness 10000) in paragraph at lines 349--349
[][][]$\OT1/cmtt/m/n/10 https : / / www . komatsu . com / en / technology / sma
rt-[]mining / loading-[]and-[]haulage /
 []


Underfull \hbox (badness 4832) in paragraph at lines 362--363
[]\OT1/cmr/m/it/12 Componentes asequibles\OT1/cmr/m/n/12 . Utilizan materiales 
y componentes electr^^Sonicos
 []


Underfull \hbox (badness 3209) in paragraph at lines 362--363
\OT1/cmr/m/n/12 m^^Sas baratos, como puden ser: motores de bajo coste como Para
llax,
 []

LaTeX Info: Redefining \. on input line 363.
LaTeX Info: Redefining \% on input line 363.
[10 <./figs/strawberry.png> <./figs/komatsu.jpeg> <./figs/tello.png> <./figs/pe
rseverance.jpg>]
Underfull \hbox (badness 10000) in paragraph at lines 371--372

 []

<figs/handlowcost.png, id=738, 848.16875pt x 431.6125pt>
File: figs/handlowcost.png Graphic file (type png)
<use figs/handlowcost.png>
Package pdftex.def Info: figs/handlowcost.png  used on input line 375.
(pdftex.def)             Requested size: 455.24408pt x 231.66447pt.

Overfull \hbox (14.22635pt too wide) in paragraph at lines 375--376
 [] 
 []

LaTeX Info: Redefining \. on input line 385.
LaTeX Info: Redefining \% on input line 385.
[11 <./figs/handlowcost.png>]
Package acronym Info: Label `acro:IA' newly defined as it shall be overridden
although it is yet undefined on input line 390.
LaTeX Info: Redefining \. on input line 397.
LaTeX Info: Redefining \% on input line 397.
 [12]
Package acronym Info: Label `acro:MITMA' newly defined as it shall be overridde
n
although it is yet undefined on input line 401.

Underfull \hbox (badness 10000) in paragraph at lines 401--401
[][][][]$\OT1/cmtt/m/n/10 https :
 []

Package acronym Info: Label `acro:RCE' newly defined as it shall be overridden
although it is yet undefined on input line 401.
Package acronym Info: Label `acro:CEDEX' newly defined as it shall be overridde
n
although it is yet undefined on input line 403.
Package acronym Info: Label `acro:AEC' newly defined as it shall be overridden
although it is yet undefined on input line 405.
Package acronym Info: Label `acro:ACEX' newly defined as it shall be overridden

although it is yet undefined on input line 407.
LaTeX Info: Redefining \. on input line 408.
LaTeX Info: Redefining \% on input line 408.
[13]
Underfull \hbox (badness 10000) in paragraph at lines 410--410
[][][][]$\OT1/cmtt/m/n/10 https : / / www . abc . es / motor / reportajes /
 []


Underfull \hbox (badness 10000) in paragraph at lines 410--410
\OT1/cmtt/m/n/10 emisiones-[]accidentes-[]aumento-[]mal-[]estado-[]carreteras-[
]senales-[]20230309230204-[]nt . html ?
 []


Underfull \hbox (badness 1052) in paragraph at lines 413--414
\OT1/cmr/m/n/12 y semirr^^S^^Pgidos urbanos, y los podemos clasificar en cuatro
 grandes categor^^S^^Pas:
 []


Underfull \hbox (badness 10000) in paragraph at lines 413--414

 []

<figs/glon.png, id=786, 213.79875pt x 188.705pt>
File: figs/glon.png Graphic file (type png)
<use figs/glon.png>
Package pdftex.def Info: figs/glon.png  used on input line 492.
(pdftex.def)             Requested size: 132.30666pt x 116.77704pt.
<figs/gtran.png, id=787, 213.79875pt x 188.705pt>
File: figs/gtran.png Graphic file (type png)
<use figs/gtran.png>
Package pdftex.def Info: figs/gtran.png  used on input line 499.
(pdftex.def)             Requested size: 132.30666pt x 116.77704pt.
<figs/gpc.png, id=788, 213.79875pt x 188.705pt>
File: figs/gpc.png Graphic file (type png)
<use figs/gpc.png>
Package pdftex.def Info: figs/gpc.png  used on input line 505.
(pdftex.def)             Requested size: 132.30666pt x 116.77704pt.
<figs/bache.png, id=789, 247.92625pt x 152.57pt>
File: figs/bache.png Graphic file (type png)
<use figs/bache.png>
Package pdftex.def Info: figs/bache.png  used on input line 518.
(pdftex.def)             Requested size: 132.30666pt x 81.42044pt.
<figs/meteo.png, id=790, 247.92625pt x 152.57pt>
File: figs/meteo.png Graphic file (type png)
<use figs/meteo.png>
Package pdftex.def Info: figs/meteo.png  used on input line 525.
(pdftex.def)             Requested size: 132.30666pt x 81.42044pt.
<figs/blandon.png, id=791, 247.92625pt x 152.57pt>
File: figs/blandon.png Graphic file (type png)
<use figs/blandon.png>
Package pdftex.def Info: figs/blandon.png  used on input line 531.
(pdftex.def)             Requested size: 132.30666pt x 81.42044pt.
<figs/hueco.png, id=792, 247.92625pt x 152.57pt>
File: figs/hueco.png Graphic file (type png)
<use figs/hueco.png>
Package pdftex.def Info: figs/hueco.png  used on input line 537.
(pdftex.def)             Requested size: 132.30666pt x 81.42044pt.
<figs/rod.png, id=793, 211.79124pt x 159.59625pt>
File: figs/rod.png Graphic file (type png)
<use figs/rod.png>
Package pdftex.def Info: figs/rod.png  used on input line 550.
(pdftex.def)             Requested size: 132.30666pt x 99.70355pt.
<figs/abo.png, id=794, 211.79124pt x 159.59625pt>
File: figs/abo.png Graphic file (type png)
<use figs/abo.png>
Package pdftex.def Info: figs/abo.png  used on input line 557.
(pdftex.def)             Requested size: 132.30666pt x 99.70355pt.
<figs/amp.png, id=795, 211.79124pt x 159.59625pt>
File: figs/amp.png Graphic file (type png)
<use figs/amp.png>
Package pdftex.def Info: figs/amp.png  used on input line 563.
(pdftex.def)             Requested size: 132.30666pt x 99.70355pt.
<figs/art.png, id=796, 211.79124pt x 159.59625pt>
File: figs/art.png Graphic file (type png)
<use figs/art.png>
Package pdftex.def Info: figs/art.png  used on input line 569.
(pdftex.def)             Requested size: 132.30666pt x 99.70355pt.
<figs/ond.png, id=797, 211.79124pt x 159.59625pt>
File: figs/ond.png Graphic file (type png)
<use figs/ond.png>
Package pdftex.def Info: figs/ond.png  used on input line 576.
(pdftex.def)             Requested size: 132.30666pt x 99.70355pt.
<figs/dep.png, id=798, 211.79124pt x 159.59625pt>
File: figs/dep.png Graphic file (type png)
<use figs/dep.png>
Package pdftex.def Info: figs/dep.png  used on input line 582.
(pdftex.def)             Requested size: 132.30666pt x 99.70355pt.
<figs/ex.png, id=799, 263.98625pt x 181.67876pt>
File: figs/ex.png Graphic file (type png)
<use figs/ex.png>
Package pdftex.def Info: figs/ex.png  used on input line 596.
(pdftex.def)             Requested size: 132.30666pt x 91.05537pt.
<figs/parcheo.png, id=800, 263.98625pt x 181.67876pt>
File: figs/parcheo.png Graphic file (type png)
<use figs/parcheo.png>
Package pdftex.def Info: figs/parcheo.png  used on input line 603.
(pdftex.def)             Requested size: 132.30666pt x 91.05537pt.
LaTeX Info: Redefining \. on input line 612.
LaTeX Info: Redefining \% on input line 612.
[14]
Underfull \hbox (badness 10000) in paragraph at lines 613--615

 []

) (./capitulos/capitulo2.tex
LaTeX Info: Redefining \. on input line 1.
LaTeX Info: Redefining \% on input line 1.
 [15 <./figs/glon.png> <./figs/gtran.png> <./figs/gpc.png> <./figs/bache.png> <
./figs/meteo.png> <./figs/blandon.png> <./figs/hueco.png>]
LaTeX Info: Redefining \. on input line 1.
LaTeX Info: Redefining \% on input line 1.
 [16 <./figs/rod.png> <./figs/abo.png> <./figs/amp.png> <./figs/art.png> <./fig
s/ond.png> <./figs/dep.png> <./figs/ex.png> <./figs/parcheo.png>]
Cap\'{\i }tulo 2.

Underfull \hbox (badness 10000) in paragraph at lines 6--7

 []

Package acronym Info: Label `acro:SIG' newly defined as it shall be overridden
although it is yet undefined on input line 21.
<figs/infrarob.png, id=838, 470.75874pt x 383.4325pt>
File: figs/infrarob.png Graphic file (type png)
<use figs/infrarob.png>
Package pdftex.def Info: figs/infrarob.png  used on input line 25.
(pdftex.def)             Requested size: 284.52756pt x 231.74628pt.

LaTeX Warning: `!h' float specifier changed to `!ht'.

[17

]
<figs/heron.png, id=852, 762.85pt x 331.2375pt>
File: figs/heron.png Graphic file (type png)
<use figs/heron.png>
Package pdftex.def Info: figs/heron.png  used on input line 54.
(pdftex.def)             Requested size: 455.24408pt x 197.67252pt.

Overfull \hbox (14.22635pt too wide) in paragraph at lines 54--55
 [] 
 []


LaTeX Warning: `!h' float specifier changed to `!ht'.

LaTeX Info: Redefining \. on input line 64.
LaTeX Info: Redefining \% on input line 64.
[18 <./figs/infrarob.png>]
<figs/enr.png, id=866, 1020.81375pt x 527.9725pt>
File: figs/enr.png Graphic file (type png)
<use figs/enr.png>
Package pdftex.def Info: figs/enr.png  used on input line 82.
(pdftex.def)             Requested size: 455.24408pt x 235.45859pt.

Overfull \hbox (14.22635pt too wide) in paragraph at lines 82--83
 [] 
 []

LaTeX Info: Redefining \. on input line 86.
LaTeX Info: Redefining \% on input line 86.
[19 <./figs/heron.png>]
LaTeX Info: Redefining \. on input line 110.
LaTeX Info: Redefining \% on input line 110.
 [20 <./figs/enr.png>]
<figs/omicron.png, id=883, 704.6325pt x 475.7775pt>
File: figs/omicron.png Graphic file (type png)
<use figs/omicron.png>
Package pdftex.def Info: figs/omicron.png  used on input line 113.
(pdftex.def)             Requested size: 455.24408pt x 307.38594pt.

Overfull \hbox (14.22635pt too wide) in paragraph at lines 113--114
 [] 
 []

LaTeX Info: Redefining \. on input line 125.
LaTeX Info: Redefining \% on input line 125.
[21 <./figs/omicron.png>]
Underfull \hbox (badness 2057) in paragraph at lines 145--146
[]\OT1/cmr/m/it/12 Robustez\OT1/cmr/m/n/12 . Los m^^Setodos son robustos en div
ersas condiciones, incluyendo
 []

LaTeX Info: Redefining \. on input line 154.
LaTeX Info: Redefining \% on input line 154.
[22]
Underfull \hbox (badness 10000) in paragraph at lines 160--161

 []

) (./capitulos/capitulo3.tex
LaTeX Info: Redefining \. on input line 1.
LaTeX Info: Redefining \% on input line 1.
 [23]
Cap\'{\i }tulo 3.

Underfull \hbox (badness 10000) in paragraph at lines 6--7

 []

Package acronym Info: Label `acro:DANA' newly defined as it shall be overridden

although it is yet undefined on input line 20.

Underfull \hbox (badness 10000) in paragraph at lines 22--22
[][][][]$\OT1/cmtt/m/n/10 https :
 []

[24

]
Underfull \hbox (badness 2126) in paragraph at lines 35--36
[]\OT1/cmr/m/n/12 Desarrollar software necesario usando herramientas rob^^Sotic
as para poder
 []

LaTeX Info: Redefining \. on input line 51.
LaTeX Info: Redefining \% on input line 51.
[25]
Underfull \hbox (badness 1596) in paragraph at lines 68--70
\OT1/cmr/m/n/12 atendiendo a los elementos de sensorizaci^^Son y actuaci^^Son m
^^Sas adecuados
 []


Underfull \hbox (badness 1867) in paragraph at lines 70--72
\OT1/cmr/m/n/12 aplicaciones rob^^Soticas y sitemas inteligentes en red usando 
\OT1/cmr/m/it/12 middlewares\OT1/cmr/m/n/12 ,
 []

LaTeX Info: Redefining \. on input line 74.
LaTeX Info: Redefining \% on input line 74.
[26]
LaTeX Info: Redefining \. on input line 92.
LaTeX Info: Redefining \% on input line 92.
 [27]
Package acronym Info: Label `acro:PDCA' newly defined as it shall be overridden

although it is yet undefined on input line 101.

Underfull \hbox (badness 1571) in paragraph at lines 121--122
\OT1/cmr/m/n/12 en plataformas online como Google Scholar y otras relacionadas 
con el
 []

LaTeX Info: Redefining \. on input line 123.
LaTeX Info: Redefining \% on input line 123.
[28]
LaTeX Info: Redefining \. on input line 142.
LaTeX Info: Redefining \% on input line 142.
 [29]) (./capitulos/capitulo4.tex
LaTeX Info: Redefining \. on input line 1.
LaTeX Info: Redefining \% on input line 1.
 [30]
Cap\'{\i }tulo 4.

Underfull \hbox (badness 10000) in paragraph at lines 6--7

 []

Package acronym Info: Label `acro:CSI' newly defined as it shall be overridden
although it is yet undefined on input line 22.
[31

]
<figs/raspberrypi4.png, id=995, 710.655pt x 390.45876pt>
File: figs/raspberrypi4.png Graphic file (type png)
<use figs/raspberrypi4.png>
Package pdftex.def Info: figs/raspberrypi4.png  used on input line 29.
(pdftex.def)             Requested size: 398.33858pt x 218.86394pt.
<figs/campi.png, id=1001, 415.5525pt x 291.0875pt>
File: figs/campi.png Graphic file (type png)
<use figs/campi.png>
Package pdftex.def Info: figs/campi.png  used on input line 47.
(pdftex.def)             Requested size: 170.71652pt x 119.58205pt.


LaTeX Warning: `!h' float specifier changed to `!ht'.

LaTeX Info: Redefining \. on input line 59.
LaTeX Info: Redefining \% on input line 59.
[32 <./figs/raspberrypi4.png>]
Package acronym Info: Label `acro:UART' newly defined as it shall be overridden

although it is yet undefined on input line 60.
<figs/GPSNEO6MV2.jpeg, id=1015, 225.84375pt x 225.84375pt>
File: figs/GPSNEO6MV2.jpeg Graphic file (type jpg)
<use figs/GPSNEO6MV2.jpeg>
Package pdftex.def Info: figs/GPSNEO6MV2.jpeg  used on input line 64.
(pdftex.def)             Requested size: 113.81102pt x 113.81412pt.
Package acronym Info: Label `acro:PWM' newly defined as it shall be overridden
although it is yet undefined on input line 75.
LaTeX Info: Redefining \. on input line 76.
LaTeX Info: Redefining \% on input line 76.
 [33 <./figs/campi.png> <./figs/GPSNEO6MV2.jpeg>]
<figs/parallax.png, id=1027, 288.07625pt x 432.61626pt>
File: figs/parallax.png Graphic file (type png)
<use figs/parallax.png>
Package pdftex.def Info: figs/parallax.png  used on input line 82.
(pdftex.def)             Requested size: 88.2022pt x 132.45935pt.
<figs/diyi.png, id=1030, 460.72125pt x 436.63126pt>
File: figs/diyi.png Graphic file (type png)
<use figs/diyi.png>
Package pdftex.def Info: figs/diyi.png  used on input line 89.
(pdftex.def)             Requested size: 145.53665pt x 137.926pt.

Underfull \hbox (badness 10000) in paragraph at lines 101--101
[][][]$\OT1/cmtt/m/n/10 https : / / es . aliexpress . com / item / 100500455153
9283 . html ? spm = a2g0o . productlist . main .
 []

<figs/wheel.png, id=1036, 429.605pt x 412.54124pt>
File: figs/wheel.png Graphic file (type png)
<use figs/wheel.png>
Package pdftex.def Info: figs/wheel.png  used on input line 110.
(pdftex.def)             Requested size: 113.81102pt x 109.28514pt.

LaTeX Warning: `!h' float specifier changed to `!ht'.


Underfull \hbox (badness 10000) in paragraph at lines 117--117
[][][]$\OT1/cmtt/m/n/10 https : / / es . rs-[]online . com / web / p / accesori
os-[]para-[]kits-[]de-[]desarrollo / 8430897 ?
 []

LaTeX Info: Redefining \. on input line 122.
LaTeX Info: Redefining \% on input line 122.
[34 <./figs/parallax.png> <./figs/diyi.png>]
<figs/googlecoral.png, id=1051, 232.87pt x 217.81375pt>
File: figs/googlecoral.png Graphic file (type png)
<use figs/googlecoral.png>
Package pdftex.def Info: figs/googlecoral.png  used on input line 127.
(pdftex.def)             Requested size: 113.81102pt x 106.45049pt.
LaTeX Info: Redefining \. on input line 139.
LaTeX Info: Redefining \% on input line 139.
 [35 <./figs/wheel.png> <./figs/googlecoral.png>]
<figs/powerbank.png, id=1061, 225.84375pt x 225.84375pt>
File: figs/powerbank.png Graphic file (type png)
<use figs/powerbank.png>
Package pdftex.def Info: figs/powerbank.png  used on input line 142.
(pdftex.def)             Requested size: 142.26378pt x 142.27196pt.
<figs/ruedaloca.png, id=1066, 379.4175pt x 416.55624pt>
File: figs/ruedaloca.png Graphic file (type png)
<use figs/ruedaloca.png>
Package pdftex.def Info: figs/ruedaloca.png  used on input line 157.
(pdftex.def)             Requested size: 113.81102pt x 124.94876pt.

Underfull \hbox (badness 10000) in paragraph at lines 164--164
[][][]$\OT1/cmtt/m/n/10 https : / / www . amazon . es / dp / B0BZZCJJT8 ? ref =
 cm _ sw _ r _ mwn _ dp _ N64JV6SGENWN4YPSD849 & ref _
 []


Underfull \hbox (badness 10000) in paragraph at lines 164--164
\OT1/cmtt/m/n/10 =cm _ sw _ r _ mwn _ dp _ N64JV6SGENWN4YPSD849 & social _ shar
e = cm _ sw _ r _ mwn _ dp _
 []

LaTeX Info: Redefining \. on input line 166.
LaTeX Info: Redefining \% on input line 166.
[36 <./figs/powerbank.png> <./figs/ruedaloca.png>]
<figs/ordenador.png, id=1077, 225.84375pt x 225.84375pt>
File: figs/ordenador.png Graphic file (type png)
<use figs/ordenador.png>
Package pdftex.def Info: figs/ordenador.png  used on input line 173.
(pdftex.def)             Requested size: 113.81102pt x 113.81412pt.

Overfull \hbox (38.50264pt too wide) in paragraph at lines 184--202
 [] 
 []

LaTeX Info: Redefining \. on input line 212.
LaTeX Info: Redefining \% on input line 212.
[37 <./figs/ordenador.png>]
<figs/freecad.png, id=1088, 225.84375pt x 225.84375pt>
File: figs/freecad.png Graphic file (type png)
<use figs/freecad.png>
Package pdftex.def Info: figs/freecad.png  used on input line 220.
(pdftex.def)             Requested size: 85.35826pt x 85.35973pt.
LaTeX Info: Redefining \. on input line 234.
LaTeX Info: Redefining \% on input line 234.
 [38 <./figs/freecad.png>]
<figs/python.png, id=1097, 148.555pt x 148.555pt>
File: figs/python.png Graphic file (type png)
<use figs/python.png>
Package pdftex.def Info: figs/python.png  used on input line 239.
(pdftex.def)             Requested size: 113.81102pt x 113.81647pt.
LaTeX Info: Redefining \. on input line 258.
LaTeX Info: Redefining \% on input line 258.
 [39 <./figs/python.png>]
<figs/opencv.png, id=1108, 233.87375pt x 216.81pt>
File: figs/opencv.png Graphic file (type png)
<use figs/opencv.png>
Package pdftex.def Info: figs/opencv.png  used on input line 270.
(pdftex.def)             Requested size: 85.35826pt x 79.13002pt.

Underfull \hbox (badness 2269) in paragraph at lines 282--283
[]\OT1/cmr/m/n/12 Ubuntu (Figura []4.13[]) es una distribuci^^Son GNU/Linux bas
ada en Debian
 []

<figs/ubuntu.png, id=1113, 225.84375pt x 225.84375pt>
File: figs/ubuntu.png Graphic file (type png)
<use figs/ubuntu.png>
Package pdftex.def Info: figs/ubuntu.png  used on input line 286.
(pdftex.def)             Requested size: 113.81102pt x 113.81412pt.

LaTeX Warning: `!h' float specifier changed to `!ht'.

Package acronym Info: Label `acro:LTS' newly defined as it shall be overridden
although it is yet undefined on input line 295.

Underfull \hbox (badness 10000) in paragraph at lines 295--295
[][][][]$\OT1/cmtt/m/n/10 https : / / robotics . stackexchange . com / question
s / 104413 /
 []

LaTeX Info: Redefining \. on input line 296.
LaTeX Info: Redefining \% on input line 296.
[40 <./figs/opencv.png>]
Package acronym Info: Label `acro:ROS' newly defined as it shall be overridden
although it is yet undefined on input line 319.
LaTeX Info: Redefining \. on input line 320.
LaTeX Info: Redefining \% on input line 320.
 [41 <./figs/ubuntu.png>]
<figs/foxy.png, id=1149, 661.0061pt x 785.27524pt>
File: figs/foxy.png Graphic file (type png)
<use figs/foxy.png>
Package pdftex.def Info: figs/foxy.png  used on input line 330.
(pdftex.def)             Requested size: 154.35889pt x 183.37741pt.
<figs/humble.png, id=1152, 633.94737pt x 773.09882pt>
File: figs/humble.png Graphic file (type png)
<use figs/humble.png>
Package pdftex.def Info: figs/humble.png  used on input line 337.
(pdftex.def)             Requested size: 154.35889pt x 188.2371pt.
LaTeX Info: Redefining \. on input line 355.
LaTeX Info: Redefining \% on input line 355.
 [42 <./figs/foxy.png> <./figs/humble.png>]
<figs/gazebo.png, id=1178, 225.84375pt x 225.84375pt>
File: figs/gazebo.png Graphic file (type png)
<use figs/gazebo.png>
Package pdftex.def Info: figs/gazebo.png  used on input line 375.
(pdftex.def)             Requested size: 113.81102pt x 113.81412pt.

Underfull \hbox (badness 10000) in paragraph at lines 388--389

 []

LaTeX Info: Redefining \. on input line 389.
LaTeX Info: Redefining \% on input line 389.
[43 <./figs/gazebo.png>]
<figs/rviz.png, id=1190, 280.04625pt x 181.67876pt>
File: figs/rviz.png Graphic file (type png)
<use figs/rviz.png>
Package pdftex.def Info: figs/rviz.png  used on input line 392.
(pdftex.def)             Requested size: 113.81102pt x 73.83452pt.
Package acronym Info: Label `acro:CLI' newly defined as it shall be overridden
although it is yet undefined on input line 407.
LaTeX Info: Redefining \. on input line 413.
LaTeX Info: Redefining \% on input line 413.
 [44 <./figs/rviz.png>]
<figs/googlecolab.png, id=1213, 187.70125pt x 176.66pt>
File: figs/googlecolab.png Graphic file (type png)
<use figs/googlecolab.png>
Package pdftex.def Info: figs/googlecolab.png  used on input line 416.
(pdftex.def)             Requested size: 113.81102pt x 107.11818pt.
Package acronym Info: Label `acro:YOLO' newly defined as it shall be overridden

although it is yet undefined on input line 427.
<figs/yolov8.png, id=1220, 301.125pt x 168.63pt>
File: figs/yolov8.png Graphic file (type png)
<use figs/yolov8.png>
Package pdftex.def Info: figs/yolov8.png  used on input line 431.
(pdftex.def)             Requested size: 113.81102pt x 63.73526pt.
LaTeX Info: Redefining \. on input line 444.
LaTeX Info: Redefining \% on input line 444.
 [45 <./figs/googlecolab.png> <./figs/yolov8.png>]
<figs/tflite.png, id=1229, 301.125pt x 168.63pt>
File: figs/tflite.png Graphic file (type png)
<use figs/tflite.png>
Package pdftex.def Info: figs/tflite.png  used on input line 447.
(pdftex.def)             Requested size: 170.71652pt x 95.60547pt.
LaTeX Info: Redefining \. on input line 468.
LaTeX Info: Redefining \% on input line 468.
 [46 <./figs/tflite.png>]
<figs/osm.png, id=1248, 225.84375pt x 225.84375pt>
File: figs/osm.png Graphic file (type png)
<use figs/osm.png>
Package pdftex.def Info: figs/osm.png  used on input line 472.
(pdftex.def)             Requested size: 113.81102pt x 113.81412pt.
) (./capitulos/capitulo5.tex
LaTeX Info: Redefining \. on input line 1.
LaTeX Info: Redefining \% on input line 1.

[47 <./figs/osm.png>]
Cap\'{\i }tulo 5.

Underfull \hbox (badness 10000) in paragraph at lines 6--7

 []

Package hyperref Info: bookmark level for unknown code defaults to 0 on input l
ine 32.

LaTeX Warning: `h' float specifier changed to `ht'.


Underfull \hbox (badness 3514) in paragraph at lines 58--59
[]\OT1/cmr/m/n/12 Para mencionar identificadores usados en el c^^Sodigo ---como
 nombres de
 []


Underfull \hbox (badness 7832) in paragraph at lines 58--59
\OT1/cmr/m/n/12 funciones o variables--- en el texto, usa el entorno literal o 
verbatim
 []

[48

]
Package hyperref Info: bookmark level for unknown myequation defaults to 0 on i
nput line 76.
LaTeX Info: Redefining \. on input line 115.
LaTeX Info: Redefining \% on input line 115.
 [49]
Underfull \hbox (badness 10000) in paragraph at lines 117--118

 []

<figs/roomba.jpg, id=1302, 669.50125pt x 342.27875pt>
File: figs/roomba.jpg Graphic file (type jpg)
<use figs/roomba.jpg>
Package pdftex.def Info: figs/roomba.jpg  used on input line 128.
(pdftex.def)             Requested size: 227.62204pt x 116.368pt.
LaTeX Info: Redefining \. on input line 141.
LaTeX Info: Redefining \% on input line 141.
[50 <./figs/roomba.jpg>]
Underfull \hbox (badness 4981) in paragraph at lines 160--161
[] []\OT1/cmr/bx/n/12 Referencias bibliogr^^Saficas[] \OT1/cmr/m/n/12 Cita, sob
re todo en este cap^^S^^Ptulo, referencias
 []


Underfull \hbox (badness 2189) in paragraph at lines 160--161
\OT1/cmr/m/n/12 bibliogr^^Saficas que respalden tu argumento. Para citarlas bas
ta con poner la
 []


Underfull \hbox (badness 2409) in paragraph at lines 160--161
\OT1/cmr/m/n/12 instrucci^^Son [][]\OT1/cmtt/m/n/12 \cite []\OT1/cmr/m/n/12 con
 el identificador de la cita. Por ejemplo: libros como
 []


Underfull \hbox (badness 6047) in paragraph at lines 162--163
[]\OT1/cmr/m/n/12 Las referencias, con todo su contenido, est^^San recogidas en
 el fichero
 []

) (./capitulos/capitulo6.tex
LaTeX Info: Redefining \. on input line 1.
LaTeX Info: Redefining \% on input line 1.
 [51]
LaTeX Info: Redefining \. on input line 1.
LaTeX Info: Redefining \% on input line 1.
 [52]
Cap\'{\i }tulo 6.

Underfull \hbox (badness 10000) in paragraph at lines 6--7

 []


Underfull \hbox (badness 10000) in paragraph at lines 18--19

 []


Underfull \hbox (badness 10000) in paragraph at lines 20--21

 []


Underfull \hbox (badness 10000) in paragraph at lines 22--23

 []

[53

])
LaTeX Info: Redefining \. on input line 32.
LaTeX Info: Redefining \% on input line 32.
 [54]
No file memoria.ind.
(./memoria.bbl
Underfull \hbox (badness 1803) in paragraph at lines 29--33
[]\OT1/cmr/m/n/12 Cuenca S^^Sanchez, A., Farinango Galeano, W., and
 []


Underfull \hbox (badness 10000) in paragraph at lines 50--57
[]\OT1/cmr/m/n/12 Katsamenis, I.,
 []

[55


]
LaTeX Info: Redefining \. on input line 134.
LaTeX Info: Redefining \% on input line 134.
 [56])
LaTeX Info: Redefining \. on input line 39.
LaTeX Info: Redefining \% on input line 39.
 [57] (./memoria.aux
LaTeX Info: Redefining \. on input line 26.
LaTeX Info: Redefining \% on input line 26.
)

LaTeX Warning: There were undefined references.


LaTeX Warning: There were multiply-defined labels.

Package rerunfilecheck Info: File `memoria.out' has not changed.
(rerunfilecheck)             Checksum: C9B97232C1ACB7824C9B40D8FED1AD20;6619.
 ) 
Here is how much of TeX's memory you used:
 28605 strings out of 480112
 538388 string characters out of 5892631
 1026348 words of memory out of 5000000
 45626 multiletter control sequences out of 15000+600000
 476079 words of font info for 52 fonts, out of 8000000 for 9000
 91 hyphenation exceptions out of 8191
 89i,10n,92p,1342b,1426s stack positions out of 5000i,500n,10000p,200000b,80000s
 </home/juloau/.texlive2021/texmf-var/fonts/pk/ljfour/jknappen/ec/tcrm1200.60
0pk></usr/share/texlive/texmf-dist/fonts/type1/public/amsfonts/cm/cmbx12.pfb></
usr/share/texlive/texmf-dist/fonts/type1/public/amsfonts/cm/cmcsc10.pfb></usr/s
hare/texlive/texmf-dist/fonts/type1/public/amsfonts/cm/cmex10.pfb></usr/share/t
exlive/texmf-dist/fonts/type1/public/amsfonts/cm/cmmi12.pfb></usr/share/texlive
/texmf-dist/fonts/type1/public/amsfonts/cm/cmmi6.pfb></usr/share/texlive/texmf-
dist/fonts/type1/public/amsfonts/cm/cmmi8.pfb></usr/share/texlive/texmf-dist/fo
nts/type1/public/amsfonts/cm/cmr12.pfb></usr/share/texlive/texmf-dist/fonts/typ
e1/public/amsfonts/cm/cmr17.pfb></usr/share/texlive/texmf-dist/fonts/type1/publ
ic/amsfonts/cm/cmr6.pfb></usr/share/texlive/texmf-dist/fonts/type1/public/amsfo
nts/cm/cmr7.pfb></usr/share/texlive/texmf-dist/fonts/type1/public/amsfonts/cm/c
mr8.pfb></usr/share/texlive/texmf-dist/fonts/type1/public/amsfonts/cm/cmsl12.pf
b></usr/share/texlive/texmf-dist/fonts/type1/public/amsfonts/cm/cmsy10.pfb></us
r/share/texlive/texmf-dist/fonts/type1/public/amsfonts/cm/cmti12.pfb></usr/shar
e/texlive/texmf-dist/fonts/type1/public/amsfonts/cm/cmtt10.pfb></usr/share/texl
ive/texmf-dist/fonts/type1/public/amsfonts/cm/cmtt12.pfb></usr/share/texlive/te
xmf-dist/fonts/type1/public/eurosym/feymr10.pfb>
Output written on memoria.pdf (71 pages, 19644402 bytes).
PDF statistics:
 1514 PDF objects out of 1728 (max. 8388607)
 1234 compressed objects within 13 object streams
 354 named destinations out of 1000 (max. 500000)
 766 words of extra memory for PDF output out of 10000 (max. 10000000)

