[0.032s] Invoking command in '/home/juloau/Desktop/TFG/tfg-jlopez/code/ros2/build/effort_controllers': AMENT_PREFIX_PATH=/home/juloau/Desktop/TFG/tfg-jlopez/code/ros2/install/forward_command_controller:/home/juloau/Desktop/TFG/tfg-jlopez/code/ros2/install/controller_manager:/home/juloau/Desktop/TFG/tfg-jlopez/code/ros2/install/hardware_interface_testing:/home/juloau/Desktop/TFG/tfg-jlopez/code/ros2/install/controller_interface:/home/juloau/Desktop/TFG/tfg-jlopez/code/ros2/install/hardware_interface:/home/juloau/Desktop/TFG/tfg-jlopez/code/ros2/install/ros2_control_test_assets:/home/juloau/Desktop/TFG/tfg-jlopez/code/ros2/install/realtime_tools:/home/juloau/Desktop/TFG/tfg-jlopez/code/ros2/install/controller_manager_msgs:/home/juloau/Desktop/TFG/tfg-jlopez/code/ros2/install/control_msgs:${AMENT_PREFIX_PATH} CMAKE_PREFIX_PATH=/home/juloau/Desktop/TFG/tfg-jlopez/code/ros2/install/forward_command_controller:/home/juloau/Desktop/TFG/tfg-jlopez/code/ros2/install/controller_manager:/home/juloau/Desktop/TFG/tfg-jlopez/code/ros2/install/hardware_interface_testing:/home/juloau/Desktop/TFG/tfg-jlopez/code/ros2/install/controller_interface:/home/juloau/Desktop/TFG/tfg-jlopez/code/ros2/install/hardware_interface:/home/juloau/Desktop/TFG/tfg-jlopez/code/ros2/install/ros2_control_test_assets:/home/juloau/Desktop/TFG/tfg-jlopez/code/ros2/install/realtime_tools:/home/juloau/Desktop/TFG/tfg-jlopez/code/ros2/install/controller_manager_msgs:/home/juloau/Desktop/TFG/tfg-jlopez/code/ros2/install/control_msgs:/opt/ros/humble LD_LIBRARY_PATH=/home/juloau/Desktop/TFG/tfg-jlopez/code/ros2/install/forward_command_controller/lib:/home/juloau/Desktop/TFG/tfg-jlopez/code/ros2/install/controller_manager/lib:/home/juloau/Desktop/TFG/tfg-jlopez/code/ros2/install/hardware_interface_testing/lib:/home/juloau/Desktop/TFG/tfg-jlopez/code/ros2/install/controller_interface/lib:/home/juloau/Desktop/TFG/tfg-jlopez/code/ros2/install/hardware_interface/lib:/home/juloau/Desktop/TFG/tfg-jlopez/code/ros2/install/realtime_tools/lib:/home/juloau/Desktop/TFG/tfg-jlopez/code/ros2/install/controller_manager_msgs/lib:/home/juloau/Desktop/TFG/tfg-jlopez/code/ros2/install/control_msgs/lib:/usr/lib/x86_64-linux-gnu/gazebo-11/plugins:/opt/ros/humble/opt/rviz_ogre_vendor/lib:/opt/ros/humble/lib/x86_64-linux-gnu:/opt/ros/humble/lib:/usr/share/gazebo/../../lib/x86_64-linux-gnu/gazebo-11/plugins PYTHONPATH=/home/juloau/Desktop/TFG/tfg-jlopez/code/ros2/install/controller_manager/local/lib/python3.10/dist-packages:/home/juloau/Desktop/TFG/tfg-jlopez/code/ros2/install/controller_manager_msgs/local/lib/python3.10/dist-packages:/home/juloau/Desktop/TFG/tfg-jlopez/code/ros2/install/control_msgs/local/lib/python3.10/dist-packages:${PYTHONPATH} /usr/bin/cmake /home/juloau/Desktop/TFG/tfg-jlopez/code/ros2/src/ros-controls/ros2_controllers/effort_controllers -DAMENT_CMAKE_SYMLINK_INSTALL=1 -DCMAKE_INSTALL_PREFIX=/home/juloau/Desktop/TFG/tfg-jlopez/code/ros2/install/effort_controllers
[0.116s] -- The CXX compiler identification is GNU 11.4.0
[0.125s] -- Detecting CXX compiler ABI info
[0.226s] -- Detecting CXX compiler ABI info - done
[0.237s] -- Check for working CXX compiler: /usr/bin/c++ - skipped
[0.237s] -- Detecting CXX compile features
[0.238s] -- Detecting CXX compile features - done
[0.243s] -- Found ament_cmake: 1.3.9 (/opt/ros/humble/share/ament_cmake/cmake)
[0.458s] -- Found Python3: /usr/bin/python3 (found version "3.10.12") found components: Interpreter 
[0.544s] -- Override CMake install command with custom implementation using symlinks instead of copying resources
[0.601s] -- Found backward_ros: 1.0.2 (/opt/ros/humble/share/backward_ros/cmake)
[0.617s] -- Found libdw: /usr/lib/x86_64-linux-gnu/libdw.so  
[0.627s] -- Could NOT find libbfd (missing: LIBBFD_LIBRARY LIBBFD_INCLUDE_DIR) 
[0.627s] -- BACKWARD_HAS_UNWIND=1
[0.627s] -- BACKWARD_HAS_BACKTRACE=0
[0.627s] -- BACKWARD_HAS_BACKTRACE_SYMBOL=0
[0.627s] -- BACKWARD_HAS_DW=1
[0.627s] -- BACKWARD_HAS_BFD=0
[0.628s] -- Found Backward: /opt/ros/humble/share/backward_ros/cmake  
[0.628s] -- Found forward_command_controller: 2.37.0 (/home/juloau/Desktop/TFG/tfg-jlopez/code/ros2/install/forward_command_controller/share/forward_command_controller/cmake)
[0.695s] -- Found rosidl_generator_c: 3.1.5 (/opt/ros/humble/share/rosidl_generator_c/cmake)
[0.705s] -- Found rosidl_adapter: 3.1.5 (/opt/ros/humble/share/rosidl_adapter/cmake)
[0.720s] -- Found rosidl_generator_cpp: 3.1.5 (/opt/ros/humble/share/rosidl_generator_cpp/cmake)
[0.743s] -- Using all available rosidl_typesupport_c: rosidl_typesupport_fastrtps_c;rosidl_typesupport_introspection_c
[0.776s] -- Using all available rosidl_typesupport_cpp: rosidl_typesupport_fastrtps_cpp;rosidl_typesupport_introspection_cpp
[1.942s] -- Found rmw_implementation_cmake: 6.1.2 (/opt/ros/humble/share/rmw_implementation_cmake/cmake)
[1.949s] -- Found rmw_fastrtps_cpp: 6.2.6 (/opt/ros/humble/share/rmw_fastrtps_cpp/cmake)
[2.022s] -- Found TinyXML2 via Config file: TinyXML2_DIR-NOTFOUND
[2.116s] -- Found OpenSSL: /usr/lib/x86_64-linux-gnu/libcrypto.so (found version "3.0.2")  
[2.123s] -- Found TinyXML2 via Config file: TinyXML2_DIR-NOTFOUND
[2.154s] -- Found FastRTPS: /opt/ros/humble/include  
[2.184s] -- Found TinyXML2 via Config file: TinyXML2_DIR-NOTFOUND
[2.203s] -- Found TinyXML2 via Config file: TinyXML2_DIR-NOTFOUND
[2.229s] -- Using RMW implementation 'rmw_fastrtps_cpp' as default
[2.265s] -- Looking for C++ include pthread.h
[2.508s] -- Looking for C++ include pthread.h - found
[2.509s] -- Performing Test CMAKE_HAVE_LIBC_PTHREAD
[2.759s] -- Performing Test CMAKE_HAVE_LIBC_PTHREAD - Success
[2.761s] -- Found Threads: TRUE  
[4.050s] -- Found parameter_traits: 0.3.8 (/opt/ros/humble/share/parameter_traits/cmake)
[4.577s] -- Found ament_cmake_gmock: 1.3.9 (/opt/ros/humble/share/ament_cmake_gmock/cmake)
[4.578s] -- Found controller_manager: 2.42.0 (/home/juloau/Desktop/TFG/tfg-jlopez/code/ros2/install/controller_manager/share/controller_manager/cmake)
[5.068s] -- Found ros2_control_test_assets: 2.42.0 (/home/juloau/Desktop/TFG/tfg-jlopez/code/ros2/install/ros2_control_test_assets/share/ros2_control_test_assets/cmake)
[5.074s] -- Found gmock sources under '/opt/ros/humble/src/gmock_vendor': C++ tests using 'Google Mock' will be built
[5.132s] -- The C compiler identification is GNU 11.4.0
[5.141s] -- Detecting C compiler ABI info
[5.276s] -- Detecting C compiler ABI info - done
[5.296s] -- Check for working C compiler: /usr/bin/cc - skipped
[5.297s] -- Detecting C compile features
[5.298s] -- Detecting C compile features - done
[5.311s] -- Found ament_cmake_gtest: 1.3.9 (/opt/ros/humble/share/ament_cmake_gtest/cmake)
[5.313s] -- Found gtest sources under '/opt/ros/humble/src/gtest_vendor': C++ tests using 'Google Test' will be built
[6.150s] -- Configuring done
[6.261s] -- Generating done
[6.265s] -- Build files have been written to: /home/juloau/Desktop/TFG/tfg-jlopez/code/ros2/build/effort_controllers
[6.283s] Invoked command in '/home/juloau/Desktop/TFG/tfg-jlopez/code/ros2/build/effort_controllers' returned '0': AMENT_PREFIX_PATH=/home/juloau/Desktop/TFG/tfg-jlopez/code/ros2/install/forward_command_controller:/home/juloau/Desktop/TFG/tfg-jlopez/code/ros2/install/controller_manager:/home/juloau/Desktop/TFG/tfg-jlopez/code/ros2/install/hardware_interface_testing:/home/juloau/Desktop/TFG/tfg-jlopez/code/ros2/install/controller_interface:/home/juloau/Desktop/TFG/tfg-jlopez/code/ros2/install/hardware_interface:/home/juloau/Desktop/TFG/tfg-jlopez/code/ros2/install/ros2_control_test_assets:/home/juloau/Desktop/TFG/tfg-jlopez/code/ros2/install/realtime_tools:/home/juloau/Desktop/TFG/tfg-jlopez/code/ros2/install/controller_manager_msgs:/home/juloau/Desktop/TFG/tfg-jlopez/code/ros2/install/control_msgs:${AMENT_PREFIX_PATH} CMAKE_PREFIX_PATH=/home/juloau/Desktop/TFG/tfg-jlopez/code/ros2/install/forward_command_controller:/home/juloau/Desktop/TFG/tfg-jlopez/code/ros2/install/controller_manager:/home/juloau/Desktop/TFG/tfg-jlopez/code/ros2/install/hardware_interface_testing:/home/juloau/Desktop/TFG/tfg-jlopez/code/ros2/install/controller_interface:/home/juloau/Desktop/TFG/tfg-jlopez/code/ros2/install/hardware_interface:/home/juloau/Desktop/TFG/tfg-jlopez/code/ros2/install/ros2_control_test_assets:/home/juloau/Desktop/TFG/tfg-jlopez/code/ros2/install/realtime_tools:/home/juloau/Desktop/TFG/tfg-jlopez/code/ros2/install/controller_manager_msgs:/home/juloau/Desktop/TFG/tfg-jlopez/code/ros2/install/control_msgs:/opt/ros/humble LD_LIBRARY_PATH=/home/juloau/Desktop/TFG/tfg-jlopez/code/ros2/install/forward_command_controller/lib:/home/juloau/Desktop/TFG/tfg-jlopez/code/ros2/install/controller_manager/lib:/home/juloau/Desktop/TFG/tfg-jlopez/code/ros2/install/hardware_interface_testing/lib:/home/juloau/Desktop/TFG/tfg-jlopez/code/ros2/install/controller_interface/lib:/home/juloau/Desktop/TFG/tfg-jlopez/code/ros2/install/hardware_interface/lib:/home/juloau/Desktop/TFG/tfg-jlopez/code/ros2/install/realtime_tools/lib:/home/juloau/Desktop/TFG/tfg-jlopez/code/ros2/install/controller_manager_msgs/lib:/home/juloau/Desktop/TFG/tfg-jlopez/code/ros2/install/control_msgs/lib:/usr/lib/x86_64-linux-gnu/gazebo-11/plugins:/opt/ros/humble/opt/rviz_ogre_vendor/lib:/opt/ros/humble/lib/x86_64-linux-gnu:/opt/ros/humble/lib:/usr/share/gazebo/../../lib/x86_64-linux-gnu/gazebo-11/plugins PYTHONPATH=/home/juloau/Desktop/TFG/tfg-jlopez/code/ros2/install/controller_manager/local/lib/python3.10/dist-packages:/home/juloau/Desktop/TFG/tfg-jlopez/code/ros2/install/controller_manager_msgs/local/lib/python3.10/dist-packages:/home/juloau/Desktop/TFG/tfg-jlopez/code/ros2/install/control_msgs/local/lib/python3.10/dist-packages:${PYTHONPATH} /usr/bin/cmake /home/juloau/Desktop/TFG/tfg-jlopez/code/ros2/src/ros-controls/ros2_controllers/effort_controllers -DAMENT_CMAKE_SYMLINK_INSTALL=1 -DCMAKE_INSTALL_PREFIX=/home/juloau/Desktop/TFG/tfg-jlopez/code/ros2/install/effort_controllers
[6.286s] Invoking command in '/home/juloau/Desktop/TFG/tfg-jlopez/code/ros2/build/effort_controllers': AMENT_PREFIX_PATH=/home/juloau/Desktop/TFG/tfg-jlopez/code/ros2/install/forward_command_controller:/home/juloau/Desktop/TFG/tfg-jlopez/code/ros2/install/controller_manager:/home/juloau/Desktop/TFG/tfg-jlopez/code/ros2/install/hardware_interface_testing:/home/juloau/Desktop/TFG/tfg-jlopez/code/ros2/install/controller_interface:/home/juloau/Desktop/TFG/tfg-jlopez/code/ros2/install/hardware_interface:/home/juloau/Desktop/TFG/tfg-jlopez/code/ros2/install/ros2_control_test_assets:/home/juloau/Desktop/TFG/tfg-jlopez/code/ros2/install/realtime_tools:/home/juloau/Desktop/TFG/tfg-jlopez/code/ros2/install/controller_manager_msgs:/home/juloau/Desktop/TFG/tfg-jlopez/code/ros2/install/control_msgs:${AMENT_PREFIX_PATH} CMAKE_PREFIX_PATH=/home/juloau/Desktop/TFG/tfg-jlopez/code/ros2/install/forward_command_controller:/home/juloau/Desktop/TFG/tfg-jlopez/code/ros2/install/controller_manager:/home/juloau/Desktop/TFG/tfg-jlopez/code/ros2/install/hardware_interface_testing:/home/juloau/Desktop/TFG/tfg-jlopez/code/ros2/install/controller_interface:/home/juloau/Desktop/TFG/tfg-jlopez/code/ros2/install/hardware_interface:/home/juloau/Desktop/TFG/tfg-jlopez/code/ros2/install/ros2_control_test_assets:/home/juloau/Desktop/TFG/tfg-jlopez/code/ros2/install/realtime_tools:/home/juloau/Desktop/TFG/tfg-jlopez/code/ros2/install/controller_manager_msgs:/home/juloau/Desktop/TFG/tfg-jlopez/code/ros2/install/control_msgs:/opt/ros/humble LD_LIBRARY_PATH=/home/juloau/Desktop/TFG/tfg-jlopez/code/ros2/install/forward_command_controller/lib:/home/juloau/Desktop/TFG/tfg-jlopez/code/ros2/install/controller_manager/lib:/home/juloau/Desktop/TFG/tfg-jlopez/code/ros2/install/hardware_interface_testing/lib:/home/juloau/Desktop/TFG/tfg-jlopez/code/ros2/install/controller_interface/lib:/home/juloau/Desktop/TFG/tfg-jlopez/code/ros2/install/hardware_interface/lib:/home/juloau/Desktop/TFG/tfg-jlopez/code/ros2/install/realtime_tools/lib:/home/juloau/Desktop/TFG/tfg-jlopez/code/ros2/install/controller_manager_msgs/lib:/home/juloau/Desktop/TFG/tfg-jlopez/code/ros2/install/control_msgs/lib:/usr/lib/x86_64-linux-gnu/gazebo-11/plugins:/opt/ros/humble/opt/rviz_ogre_vendor/lib:/opt/ros/humble/lib/x86_64-linux-gnu:/opt/ros/humble/lib:/usr/share/gazebo/../../lib/x86_64-linux-gnu/gazebo-11/plugins PYTHONPATH=/home/juloau/Desktop/TFG/tfg-jlopez/code/ros2/install/controller_manager/local/lib/python3.10/dist-packages:/home/juloau/Desktop/TFG/tfg-jlopez/code/ros2/install/controller_manager_msgs/local/lib/python3.10/dist-packages:/home/juloau/Desktop/TFG/tfg-jlopez/code/ros2/install/control_msgs/local/lib/python3.10/dist-packages:${PYTHONPATH} /usr/bin/cmake --build /home/juloau/Desktop/TFG/tfg-jlopez/code/ros2/build/effort_controllers -- -j8 -l8
[6.376s] [ 18%] [32mBuilding CXX object gmock/CMakeFiles/gmock.dir/opt/ros/humble/src/gtest_vendor/src/gtest-all.cc.o[0m
[6.377s] [ 27%] [32mBuilding CXX object gmock/CMakeFiles/gmock.dir/src/gmock-all.cc.o[0m
[6.377s] [ 18%] [32mBuilding CXX object gmock/CMakeFiles/gmock_main.dir/src/gmock_main.cc.o[0m
[6.377s] [ 36%] [32mBuilding CXX object CMakeFiles/effort_controllers.dir/src/joint_group_effort_controller.cpp.o[0m
[9.675s] [ 45%] [32m[1mLinking CXX static library libgmock_main.a[0m
[9.751s] [ 45%] Built target gmock_main
[14.005s] [ 54%] [32m[1mLinking CXX shared library libeffort_controllers.so[0m
[14.711s] [ 54%] Built target effort_controllers
[14.944s] [ 63%] [32m[1mLinking CXX static library libgmock.a[0m
[15.080s] [ 63%] Built target gmock
[15.124s] [ 72%] [32mBuilding CXX object CMakeFiles/test_load_joint_group_effort_controller.dir/test/test_load_joint_group_effort_controller.cpp.o[0m
[15.126s] [ 81%] [32mBuilding CXX object CMakeFiles/test_joint_group_effort_controller.dir/test/test_joint_group_effort_controller.cpp.o[0m
[26.560s] [ 90%] [32m[1mLinking CXX executable test_joint_group_effort_controller[0m
[26.965s] [100%] [32m[1mLinking CXX executable test_load_joint_group_effort_controller[0m
[27.466s] [100%] Built target test_joint_group_effort_controller
[28.695s] [100%] Built target test_load_joint_group_effort_controller
[28.709s] Invoked command in '/home/juloau/Desktop/TFG/tfg-jlopez/code/ros2/build/effort_controllers' returned '0': AMENT_PREFIX_PATH=/home/juloau/Desktop/TFG/tfg-jlopez/code/ros2/install/forward_command_controller:/home/juloau/Desktop/TFG/tfg-jlopez/code/ros2/install/controller_manager:/home/juloau/Desktop/TFG/tfg-jlopez/code/ros2/install/hardware_interface_testing:/home/juloau/Desktop/TFG/tfg-jlopez/code/ros2/install/controller_interface:/home/juloau/Desktop/TFG/tfg-jlopez/code/ros2/install/hardware_interface:/home/juloau/Desktop/TFG/tfg-jlopez/code/ros2/install/ros2_control_test_assets:/home/juloau/Desktop/TFG/tfg-jlopez/code/ros2/install/realtime_tools:/home/juloau/Desktop/TFG/tfg-jlopez/code/ros2/install/controller_manager_msgs:/home/juloau/Desktop/TFG/tfg-jlopez/code/ros2/install/control_msgs:${AMENT_PREFIX_PATH} CMAKE_PREFIX_PATH=/home/juloau/Desktop/TFG/tfg-jlopez/code/ros2/install/forward_command_controller:/home/juloau/Desktop/TFG/tfg-jlopez/code/ros2/install/controller_manager:/home/juloau/Desktop/TFG/tfg-jlopez/code/ros2/install/hardware_interface_testing:/home/juloau/Desktop/TFG/tfg-jlopez/code/ros2/install/controller_interface:/home/juloau/Desktop/TFG/tfg-jlopez/code/ros2/install/hardware_interface:/home/juloau/Desktop/TFG/tfg-jlopez/code/ros2/install/ros2_control_test_assets:/home/juloau/Desktop/TFG/tfg-jlopez/code/ros2/install/realtime_tools:/home/juloau/Desktop/TFG/tfg-jlopez/code/ros2/install/controller_manager_msgs:/home/juloau/Desktop/TFG/tfg-jlopez/code/ros2/install/control_msgs:/opt/ros/humble LD_LIBRARY_PATH=/home/juloau/Desktop/TFG/tfg-jlopez/code/ros2/install/forward_command_controller/lib:/home/juloau/Desktop/TFG/tfg-jlopez/code/ros2/install/controller_manager/lib:/home/juloau/Desktop/TFG/tfg-jlopez/code/ros2/install/hardware_interface_testing/lib:/home/juloau/Desktop/TFG/tfg-jlopez/code/ros2/install/controller_interface/lib:/home/juloau/Desktop/TFG/tfg-jlopez/code/ros2/install/hardware_interface/lib:/home/juloau/Desktop/TFG/tfg-jlopez/code/ros2/install/realtime_tools/lib:/home/juloau/Desktop/TFG/tfg-jlopez/code/ros2/install/controller_manager_msgs/lib:/home/juloau/Desktop/TFG/tfg-jlopez/code/ros2/install/control_msgs/lib:/usr/lib/x86_64-linux-gnu/gazebo-11/plugins:/opt/ros/humble/opt/rviz_ogre_vendor/lib:/opt/ros/humble/lib/x86_64-linux-gnu:/opt/ros/humble/lib:/usr/share/gazebo/../../lib/x86_64-linux-gnu/gazebo-11/plugins PYTHONPATH=/home/juloau/Desktop/TFG/tfg-jlopez/code/ros2/install/controller_manager/local/lib/python3.10/dist-packages:/home/juloau/Desktop/TFG/tfg-jlopez/code/ros2/install/controller_manager_msgs/local/lib/python3.10/dist-packages:/home/juloau/Desktop/TFG/tfg-jlopez/code/ros2/install/control_msgs/local/lib/python3.10/dist-packages:${PYTHONPATH} /usr/bin/cmake --build /home/juloau/Desktop/TFG/tfg-jlopez/code/ros2/build/effort_controllers -- -j8 -l8
[28.752s] Invoking command in '/home/juloau/Desktop/TFG/tfg-jlopez/code/ros2/build/effort_controllers': AMENT_PREFIX_PATH=/home/juloau/Desktop/TFG/tfg-jlopez/code/ros2/install/forward_command_controller:/home/juloau/Desktop/TFG/tfg-jlopez/code/ros2/install/controller_manager:/home/juloau/Desktop/TFG/tfg-jlopez/code/ros2/install/hardware_interface_testing:/home/juloau/Desktop/TFG/tfg-jlopez/code/ros2/install/controller_interface:/home/juloau/Desktop/TFG/tfg-jlopez/code/ros2/install/hardware_interface:/home/juloau/Desktop/TFG/tfg-jlopez/code/ros2/install/ros2_control_test_assets:/home/juloau/Desktop/TFG/tfg-jlopez/code/ros2/install/realtime_tools:/home/juloau/Desktop/TFG/tfg-jlopez/code/ros2/install/controller_manager_msgs:/home/juloau/Desktop/TFG/tfg-jlopez/code/ros2/install/control_msgs:${AMENT_PREFIX_PATH} CMAKE_PREFIX_PATH=/home/juloau/Desktop/TFG/tfg-jlopez/code/ros2/install/forward_command_controller:/home/juloau/Desktop/TFG/tfg-jlopez/code/ros2/install/controller_manager:/home/juloau/Desktop/TFG/tfg-jlopez/code/ros2/install/hardware_interface_testing:/home/juloau/Desktop/TFG/tfg-jlopez/code/ros2/install/controller_interface:/home/juloau/Desktop/TFG/tfg-jlopez/code/ros2/install/hardware_interface:/home/juloau/Desktop/TFG/tfg-jlopez/code/ros2/install/ros2_control_test_assets:/home/juloau/Desktop/TFG/tfg-jlopez/code/ros2/install/realtime_tools:/home/juloau/Desktop/TFG/tfg-jlopez/code/ros2/install/controller_manager_msgs:/home/juloau/Desktop/TFG/tfg-jlopez/code/ros2/install/control_msgs:/opt/ros/humble LD_LIBRARY_PATH=/home/juloau/Desktop/TFG/tfg-jlopez/code/ros2/install/forward_command_controller/lib:/home/juloau/Desktop/TFG/tfg-jlopez/code/ros2/install/controller_manager/lib:/home/juloau/Desktop/TFG/tfg-jlopez/code/ros2/install/hardware_interface_testing/lib:/home/juloau/Desktop/TFG/tfg-jlopez/code/ros2/install/controller_interface/lib:/home/juloau/Desktop/TFG/tfg-jlopez/code/ros2/install/hardware_interface/lib:/home/juloau/Desktop/TFG/tfg-jlopez/code/ros2/install/realtime_tools/lib:/home/juloau/Desktop/TFG/tfg-jlopez/code/ros2/install/controller_manager_msgs/lib:/home/juloau/Desktop/TFG/tfg-jlopez/code/ros2/install/control_msgs/lib:/usr/lib/x86_64-linux-gnu/gazebo-11/plugins:/opt/ros/humble/opt/rviz_ogre_vendor/lib:/opt/ros/humble/lib/x86_64-linux-gnu:/opt/ros/humble/lib:/usr/share/gazebo/../../lib/x86_64-linux-gnu/gazebo-11/plugins PYTHONPATH=/home/juloau/Desktop/TFG/tfg-jlopez/code/ros2/install/controller_manager/local/lib/python3.10/dist-packages:/home/juloau/Desktop/TFG/tfg-jlopez/code/ros2/install/controller_manager_msgs/local/lib/python3.10/dist-packages:/home/juloau/Desktop/TFG/tfg-jlopez/code/ros2/install/control_msgs/local/lib/python3.10/dist-packages:${PYTHONPATH} /usr/bin/cmake --install /home/juloau/Desktop/TFG/tfg-jlopez/code/ros2/build/effort_controllers
[28.762s] -- Install configuration: ""
[28.763s] -- Execute custom install script
[28.764s] -- Symlinking: /home/juloau/Desktop/TFG/tfg-jlopez/code/ros2/install/effort_controllers/share/effort_controllers//effort_controllers_plugins.xml
[28.776s] -- Symlinking: /home/juloau/Desktop/TFG/tfg-jlopez/code/ros2/install/effort_controllers/include/effort_controllers/effort_controllers/joint_group_effort_controller.hpp
[28.787s] -- Symlinking: /home/juloau/Desktop/TFG/tfg-jlopez/code/ros2/install/effort_controllers/include/effort_controllers/effort_controllers/visibility_control.h
[28.799s] -- Symlinking: /home/juloau/Desktop/TFG/tfg-jlopez/code/ros2/install/effort_controllers/share/effort_controllers/environment/library_path.sh
[28.811s] -- Symlinking: /home/juloau/Desktop/TFG/tfg-jlopez/code/ros2/install/effort_controllers/share/effort_controllers/environment/library_path.dsv
[28.821s] -- Symlinking: /home/juloau/Desktop/TFG/tfg-jlopez/code/ros2/install/effort_controllers/share/ament_index/resource_index/package_run_dependencies/effort_controllers
[28.832s] -- Symlinking: /home/juloau/Desktop/TFG/tfg-jlopez/code/ros2/install/effort_controllers/share/ament_index/resource_index/parent_prefix_path/effort_controllers
[28.843s] -- Symlinking: /home/juloau/Desktop/TFG/tfg-jlopez/code/ros2/install/effort_controllers/share/effort_controllers/environment/ament_prefix_path.sh
[28.854s] -- Symlinking: /home/juloau/Desktop/TFG/tfg-jlopez/code/ros2/install/effort_controllers/share/effort_controllers/environment/ament_prefix_path.dsv
[28.865s] -- Symlinking: /home/juloau/Desktop/TFG/tfg-jlopez/code/ros2/install/effort_controllers/share/effort_controllers/environment/path.sh
[28.875s] -- Symlinking: /home/juloau/Desktop/TFG/tfg-jlopez/code/ros2/install/effort_controllers/share/effort_controllers/environment/path.dsv
[28.886s] -- Symlinking: /home/juloau/Desktop/TFG/tfg-jlopez/code/ros2/install/effort_controllers/share/effort_controllers/local_setup.bash
[28.897s] -- Symlinking: /home/juloau/Desktop/TFG/tfg-jlopez/code/ros2/install/effort_controllers/share/effort_controllers/local_setup.sh
[28.907s] -- Symlinking: /home/juloau/Desktop/TFG/tfg-jlopez/code/ros2/install/effort_controllers/share/effort_controllers/local_setup.zsh
[28.918s] -- Symlinking: /home/juloau/Desktop/TFG/tfg-jlopez/code/ros2/install/effort_controllers/share/effort_controllers/local_setup.dsv
[28.929s] -- Symlinking: /home/juloau/Desktop/TFG/tfg-jlopez/code/ros2/install/effort_controllers/share/effort_controllers/package.dsv
[28.941s] -- Symlinking: /home/juloau/Desktop/TFG/tfg-jlopez/code/ros2/install/effort_controllers/share/ament_index/resource_index/packages/effort_controllers
[28.954s] -- Symlinking: /home/juloau/Desktop/TFG/tfg-jlopez/code/ros2/install/effort_controllers/share/ament_index/resource_index/controller_interface__pluginlib__plugin/effort_controllers
[28.966s] -- Symlinking: /home/juloau/Desktop/TFG/tfg-jlopez/code/ros2/install/effort_controllers/share/effort_controllers/cmake/ament_cmake_export_targets-extras.cmake
[28.978s] -- Symlinking: /home/juloau/Desktop/TFG/tfg-jlopez/code/ros2/install/effort_controllers/share/effort_controllers/cmake/ament_cmake_export_dependencies-extras.cmake
[28.990s] -- Symlinking: /home/juloau/Desktop/TFG/tfg-jlopez/code/ros2/install/effort_controllers/share/effort_controllers/cmake/effort_controllersConfig.cmake
[29.002s] -- Symlinking: /home/juloau/Desktop/TFG/tfg-jlopez/code/ros2/install/effort_controllers/share/effort_controllers/cmake/effort_controllersConfig-version.cmake
[29.016s] -- Symlinking: /home/juloau/Desktop/TFG/tfg-jlopez/code/ros2/install/effort_controllers/share/effort_controllers/package.xml
[29.029s] -- Installing: /home/juloau/Desktop/TFG/tfg-jlopez/code/ros2/install/effort_controllers/lib/libeffort_controllers.so
[29.030s] -- Set runtime path of "/home/juloau/Desktop/TFG/tfg-jlopez/code/ros2/install/effort_controllers/lib/libeffort_controllers.so" to ""
[29.030s] -- Installing: /home/juloau/Desktop/TFG/tfg-jlopez/code/ros2/install/effort_controllers/share/effort_controllers/cmake/export_effort_controllersExport.cmake
[29.030s] -- Installing: /home/juloau/Desktop/TFG/tfg-jlopez/code/ros2/install/effort_controllers/share/effort_controllers/cmake/export_effort_controllersExport-noconfig.cmake
[29.034s] Invoked command in '/home/juloau/Desktop/TFG/tfg-jlopez/code/ros2/build/effort_controllers' returned '0': AMENT_PREFIX_PATH=/home/juloau/Desktop/TFG/tfg-jlopez/code/ros2/install/forward_command_controller:/home/juloau/Desktop/TFG/tfg-jlopez/code/ros2/install/controller_manager:/home/juloau/Desktop/TFG/tfg-jlopez/code/ros2/install/hardware_interface_testing:/home/juloau/Desktop/TFG/tfg-jlopez/code/ros2/install/controller_interface:/home/juloau/Desktop/TFG/tfg-jlopez/code/ros2/install/hardware_interface:/home/juloau/Desktop/TFG/tfg-jlopez/code/ros2/install/ros2_control_test_assets:/home/juloau/Desktop/TFG/tfg-jlopez/code/ros2/install/realtime_tools:/home/juloau/Desktop/TFG/tfg-jlopez/code/ros2/install/controller_manager_msgs:/home/juloau/Desktop/TFG/tfg-jlopez/code/ros2/install/control_msgs:${AMENT_PREFIX_PATH} CMAKE_PREFIX_PATH=/home/juloau/Desktop/TFG/tfg-jlopez/code/ros2/install/forward_command_controller:/home/juloau/Desktop/TFG/tfg-jlopez/code/ros2/install/controller_manager:/home/juloau/Desktop/TFG/tfg-jlopez/code/ros2/install/hardware_interface_testing:/home/juloau/Desktop/TFG/tfg-jlopez/code/ros2/install/controller_interface:/home/juloau/Desktop/TFG/tfg-jlopez/code/ros2/install/hardware_interface:/home/juloau/Desktop/TFG/tfg-jlopez/code/ros2/install/ros2_control_test_assets:/home/juloau/Desktop/TFG/tfg-jlopez/code/ros2/install/realtime_tools:/home/juloau/Desktop/TFG/tfg-jlopez/code/ros2/install/controller_manager_msgs:/home/juloau/Desktop/TFG/tfg-jlopez/code/ros2/install/control_msgs:/opt/ros/humble LD_LIBRARY_PATH=/home/juloau/Desktop/TFG/tfg-jlopez/code/ros2/install/forward_command_controller/lib:/home/juloau/Desktop/TFG/tfg-jlopez/code/ros2/install/controller_manager/lib:/home/juloau/Desktop/TFG/tfg-jlopez/code/ros2/install/hardware_interface_testing/lib:/home/juloau/Desktop/TFG/tfg-jlopez/code/ros2/install/controller_interface/lib:/home/juloau/Desktop/TFG/tfg-jlopez/code/ros2/install/hardware_interface/lib:/home/juloau/Desktop/TFG/tfg-jlopez/code/ros2/install/realtime_tools/lib:/home/juloau/Desktop/TFG/tfg-jlopez/code/ros2/install/controller_manager_msgs/lib:/home/juloau/Desktop/TFG/tfg-jlopez/code/ros2/install/control_msgs/lib:/usr/lib/x86_64-linux-gnu/gazebo-11/plugins:/opt/ros/humble/opt/rviz_ogre_vendor/lib:/opt/ros/humble/lib/x86_64-linux-gnu:/opt/ros/humble/lib:/usr/share/gazebo/../../lib/x86_64-linux-gnu/gazebo-11/plugins PYTHONPATH=/home/juloau/Desktop/TFG/tfg-jlopez/code/ros2/install/controller_manager/local/lib/python3.10/dist-packages:/home/juloau/Desktop/TFG/tfg-jlopez/code/ros2/install/controller_manager_msgs/local/lib/python3.10/dist-packages:/home/juloau/Desktop/TFG/tfg-jlopez/code/ros2/install/control_msgs/local/lib/python3.10/dist-packages:${PYTHONPATH} /usr/bin/cmake --install /home/juloau/Desktop/TFG/tfg-jlopez/code/ros2/build/effort_controllers
