[0.021s] Invoking command in '/home/juloau/Desktop/TFG/tfg-jlopez/code/ros2/build/realtime_tools': CMAKE_PREFIX_PATH=${CMAKE_PREFIX_PATH}:/home/juloau/Desktop/TFG/tfg-jlopez/code/ros2/install/rqt_joint_trajectory_controller:/home/juloau/Desktop/TFG/tfg-jlopez/code/ros2/install/rqt_controller_manager:/home/juloau/Desktop/TFG/tfg-jlopez/code/ros2/install/ros2controlcli:/home/juloau/Desktop/TFG/tfg-jlopez/code/ros2/install/ros2_controllers_test_nodes:/home/juloau/Desktop/TFG/tfg-jlopez/code/ros2/install/ros2_control_demo_testing:/opt/ros/humble /usr/bin/cmake --build /home/juloau/Desktop/TFG/tfg-jlopez/code/ros2/build/realtime_tools -- -j8 -l8
[0.146s] [  8%] Built target thread_priority
[0.147s] [ 17%] Built target gmock_main
[0.149s] [ 30%] Built target gmock
[0.163s] [ 39%] Built target realtime_tools
[0.257s] [ 47%] Built target realtime_box_best_effort_tests
[0.268s] [ 56%] Built target realtime_box_tests
[0.277s] [ 65%] Built target realtime_buffer_tests
[0.292s] [ 73%] Built target realtime_clock_tests
[0.295s] [ 82%] Built target realtime_server_goal_handle_tests
[0.298s] [ 91%] Built target realtime_publisher_tests_non_polling
[0.299s] [100%] Built target realtime_publisher_tests
[0.314s] Invoked command in '/home/juloau/Desktop/TFG/tfg-jlopez/code/ros2/build/realtime_tools' returned '0': CMAKE_PREFIX_PATH=${CMAKE_PREFIX_PATH}:/home/juloau/Desktop/TFG/tfg-jlopez/code/ros2/install/rqt_joint_trajectory_controller:/home/juloau/Desktop/TFG/tfg-jlopez/code/ros2/install/rqt_controller_manager:/home/juloau/Desktop/TFG/tfg-jlopez/code/ros2/install/ros2controlcli:/home/juloau/Desktop/TFG/tfg-jlopez/code/ros2/install/ros2_controllers_test_nodes:/home/juloau/Desktop/TFG/tfg-jlopez/code/ros2/install/ros2_control_demo_testing:/opt/ros/humble /usr/bin/cmake --build /home/juloau/Desktop/TFG/tfg-jlopez/code/ros2/build/realtime_tools -- -j8 -l8
[0.423s] Invoking command in '/home/juloau/Desktop/TFG/tfg-jlopez/code/ros2/build/realtime_tools': CMAKE_PREFIX_PATH=${CMAKE_PREFIX_PATH}:/home/juloau/Desktop/TFG/tfg-jlopez/code/ros2/install/rqt_joint_trajectory_controller:/home/juloau/Desktop/TFG/tfg-jlopez/code/ros2/install/rqt_controller_manager:/home/juloau/Desktop/TFG/tfg-jlopez/code/ros2/install/ros2controlcli:/home/juloau/Desktop/TFG/tfg-jlopez/code/ros2/install/ros2_controllers_test_nodes:/home/juloau/Desktop/TFG/tfg-jlopez/code/ros2/install/ros2_control_demo_testing:/opt/ros/humble /usr/bin/cmake --install /home/juloau/Desktop/TFG/tfg-jlopez/code/ros2/build/realtime_tools
[0.433s] -- Install configuration: ""
[0.434s] -- Execute custom install script
[0.436s] -- Up-to-date symlink: /home/juloau/Desktop/TFG/tfg-jlopez/code/ros2/install/realtime_tools/include/realtime_tools/realtime_tools/realtime_box.h
[0.436s] -- Up-to-date symlink: /home/juloau/Desktop/TFG/tfg-jlopez/code/ros2/install/realtime_tools/include/realtime_tools/realtime_tools/realtime_box_best_effort.h
[0.436s] -- Up-to-date symlink: /home/juloau/Desktop/TFG/tfg-jlopez/code/ros2/install/realtime_tools/include/realtime_tools/realtime_tools/realtime_buffer.h
[0.436s] -- Up-to-date symlink: /home/juloau/Desktop/TFG/tfg-jlopez/code/ros2/install/realtime_tools/include/realtime_tools/realtime_tools/realtime_clock.h
[0.439s] -- Up-to-date symlink: /home/juloau/Desktop/TFG/tfg-jlopez/code/ros2/install/realtime_tools/include/realtime_tools/realtime_tools/realtime_publisher.h
[0.439s] -- Up-to-date symlink: /home/juloau/Desktop/TFG/tfg-jlopez/code/ros2/install/realtime_tools/include/realtime_tools/realtime_tools/realtime_server_goal_handle.h
[0.439s] -- Up-to-date symlink: /home/juloau/Desktop/TFG/tfg-jlopez/code/ros2/install/realtime_tools/include/realtime_tools/realtime_tools/thread_priority.hpp
[0.439s] -- Up-to-date symlink: /home/juloau/Desktop/TFG/tfg-jlopez/code/ros2/install/realtime_tools/share/realtime_tools/environment/library_path.sh
[0.439s] -- Up-to-date symlink: /home/juloau/Desktop/TFG/tfg-jlopez/code/ros2/install/realtime_tools/share/realtime_tools/environment/library_path.dsv
[0.439s] -- Up-to-date symlink: /home/juloau/Desktop/TFG/tfg-jlopez/code/ros2/install/realtime_tools/share/ament_index/resource_index/package_run_dependencies/realtime_tools
[0.440s] -- Up-to-date symlink: /home/juloau/Desktop/TFG/tfg-jlopez/code/ros2/install/realtime_tools/share/ament_index/resource_index/parent_prefix_path/realtime_tools
[0.440s] -- Up-to-date symlink: /home/juloau/Desktop/TFG/tfg-jlopez/code/ros2/install/realtime_tools/share/realtime_tools/environment/ament_prefix_path.sh
[0.440s] -- Up-to-date symlink: /home/juloau/Desktop/TFG/tfg-jlopez/code/ros2/install/realtime_tools/share/realtime_tools/environment/ament_prefix_path.dsv
[0.440s] -- Up-to-date symlink: /home/juloau/Desktop/TFG/tfg-jlopez/code/ros2/install/realtime_tools/share/realtime_tools/environment/path.sh
[0.440s] -- Up-to-date symlink: /home/juloau/Desktop/TFG/tfg-jlopez/code/ros2/install/realtime_tools/share/realtime_tools/environment/path.dsv
[0.441s] -- Up-to-date symlink: /home/juloau/Desktop/TFG/tfg-jlopez/code/ros2/install/realtime_tools/share/realtime_tools/local_setup.bash
[0.441s] -- Up-to-date symlink: /home/juloau/Desktop/TFG/tfg-jlopez/code/ros2/install/realtime_tools/share/realtime_tools/local_setup.sh
[0.441s] -- Up-to-date symlink: /home/juloau/Desktop/TFG/tfg-jlopez/code/ros2/install/realtime_tools/share/realtime_tools/local_setup.zsh
[0.441s] -- Up-to-date symlink: /home/juloau/Desktop/TFG/tfg-jlopez/code/ros2/install/realtime_tools/share/realtime_tools/local_setup.dsv
[0.442s] -- Symlinking: /home/juloau/Desktop/TFG/tfg-jlopez/code/ros2/install/realtime_tools/share/realtime_tools/package.dsv
[0.454s] -- Up-to-date symlink: /home/juloau/Desktop/TFG/tfg-jlopez/code/ros2/install/realtime_tools/share/ament_index/resource_index/packages/realtime_tools
[0.455s] -- Up-to-date symlink: /home/juloau/Desktop/TFG/tfg-jlopez/code/ros2/install/realtime_tools/share/realtime_tools/cmake/ament_cmake_export_targets-extras.cmake
[0.455s] -- Up-to-date symlink: /home/juloau/Desktop/TFG/tfg-jlopez/code/ros2/install/realtime_tools/share/realtime_tools/cmake/ament_cmake_export_dependencies-extras.cmake
[0.456s] -- Up-to-date symlink: /home/juloau/Desktop/TFG/tfg-jlopez/code/ros2/install/realtime_tools/share/realtime_tools/cmake/realtime_toolsConfig.cmake
[0.456s] -- Up-to-date symlink: /home/juloau/Desktop/TFG/tfg-jlopez/code/ros2/install/realtime_tools/share/realtime_tools/cmake/realtime_toolsConfig-version.cmake
[0.456s] -- Up-to-date symlink: /home/juloau/Desktop/TFG/tfg-jlopez/code/ros2/install/realtime_tools/share/realtime_tools/package.xml
[0.457s] -- Up-to-date: /home/juloau/Desktop/TFG/tfg-jlopez/code/ros2/install/realtime_tools/lib/librealtime_tools.so
[0.458s] -- Up-to-date: /home/juloau/Desktop/TFG/tfg-jlopez/code/ros2/install/realtime_tools/lib/libthread_priority.so
[0.459s] -- Up-to-date: /home/juloau/Desktop/TFG/tfg-jlopez/code/ros2/install/realtime_tools/share/realtime_tools/cmake/export_realtime_toolsExport.cmake
[0.459s] -- Up-to-date: /home/juloau/Desktop/TFG/tfg-jlopez/code/ros2/install/realtime_tools/share/realtime_tools/cmake/export_realtime_toolsExport-noconfig.cmake
[0.461s] Invoked command in '/home/juloau/Desktop/TFG/tfg-jlopez/code/ros2/build/realtime_tools' returned '0': CMAKE_PREFIX_PATH=${CMAKE_PREFIX_PATH}:/home/juloau/Desktop/TFG/tfg-jlopez/code/ros2/install/rqt_joint_trajectory_controller:/home/juloau/Desktop/TFG/tfg-jlopez/code/ros2/install/rqt_controller_manager:/home/juloau/Desktop/TFG/tfg-jlopez/code/ros2/install/ros2controlcli:/home/juloau/Desktop/TFG/tfg-jlopez/code/ros2/install/ros2_controllers_test_nodes:/home/juloau/Desktop/TFG/tfg-jlopez/code/ros2/install/ros2_control_demo_testing:/opt/ros/humble /usr/bin/cmake --install /home/juloau/Desktop/TFG/tfg-jlopez/code/ros2/build/realtime_tools
