[0.009s] Invoking command in '/home/juloau/Desktop/TFG/tfg-jlopez/code/ros2/build/pibotj_pothole': /usr/bin/cmake --build /home/juloau/Desktop/TFG/tfg-jlopez/code/ros2/build/pibotj_pothole -- -j8 -l8
[0.030s] -- Found ament_cmake: 1.3.9 (/opt/ros/humble/share/ament_cmake/cmake)
[0.162s] -- Override CMake install command with custom implementation using symlinks instead of copying resources
[0.168s] -- Found urdf: 2.6.0 (/opt/ros/humble/share/urdf/cmake)
[0.204s] -- Found controller_manager: 2.41.0 (/opt/ros/humble/share/controller_manager/cmake)
[0.222s] -- Found rosidl_generator_c: 3.1.5 (/opt/ros/humble/share/rosidl_generator_c/cmake)
[0.224s] -- Found rosidl_adapter: 3.1.5 (/opt/ros/humble/share/rosidl_adapter/cmake)
[0.229s] -- Found rosidl_generator_cpp: 3.1.5 (/opt/ros/humble/share/rosidl_generator_cpp/cmake)
[0.239s] -- Using all available rosidl_typesupport_c: rosidl_typesupport_fastrtps_c;rosidl_typesupport_introspection_c
[0.251s] -- Using all available rosidl_typesupport_cpp: rosidl_typesupport_fastrtps_cpp;rosidl_typesupport_introspection_cpp
[0.820s] -- Found rmw_implementation_cmake: 6.1.2 (/opt/ros/humble/share/rmw_implementation_cmake/cmake)
[0.821s] -- Found rmw_fastrtps_cpp: 6.2.6 (/opt/ros/humble/share/rmw_fastrtps_cpp/cmake)
[0.850s] -- Found TinyXML2 via Config file: TinyXML2_DIR-NOTFOUND
[0.857s] -- Found TinyXML2 via Config file: TinyXML2_DIR-NOTFOUND
[0.878s] -- Found TinyXML2 via Config file: TinyXML2_DIR-NOTFOUND
[0.886s] -- Found TinyXML2 via Config file: TinyXML2_DIR-NOTFOUND
[0.894s] -- Using RMW implementation 'rmw_fastrtps_cpp' as default
[1.486s] [31mCMake Error at CMakeLists.txt:15 (find_package):
[1.487s]   By not providing "Findjoint_state_controller.cmake" in CMAKE_MODULE_PATH
[1.487s]   this project has asked CMake to find a package configuration file provided
[1.487s]   by "joint_state_controller", but CMake did not find one.
[1.487s] 
[1.487s]   Could not find a package configuration file provided by
[1.487s]   "joint_state_controller" with any of the following names:
[1.487s] 
[1.487s]     joint_state_controllerConfig.cmake
[1.487s]     joint_state_controller-config.cmake
[1.487s] 
[1.487s]   Add the installation prefix of "joint_state_controller" to
[1.488s]   CMAKE_PREFIX_PATH or set "joint_state_controller_DIR" to a directory
[1.488s]   containing one of the above files.  If "joint_state_controller" provides a
[1.488s]   separate development package or SDK, be sure it has been installed.
[1.488s] 
[1.488s] [0m
[1.488s] -- Configuring incomplete, errors occurred!
[1.488s] See also "/home/juloau/Desktop/TFG/tfg-jlopez/code/ros2/build/pibotj_pothole/CMakeFiles/CMakeOutput.log".
[1.493s] gmake: *** [Makefile:226: cmake_check_build_system] Error 1
[1.495s] Invoked command in '/home/juloau/Desktop/TFG/tfg-jlopez/code/ros2/build/pibotj_pothole' returned '2': /usr/bin/cmake --build /home/juloau/Desktop/TFG/tfg-jlopez/code/ros2/build/pibotj_pothole -- -j8 -l8
