[0.012s] Invoking command in '/home/juloau/Desktop/TFG/tfg-jlopez/code/ros2/build/basic_diffbot': CMAKE_PREFIX_PATH=${CMAKE_PREFIX_PATH}:/opt/ros/humble /usr/bin/cmake /home/juloau/Desktop/TFG/tfg-jlopez/code/ros2/src/basic_diffbot -DCMAKE_INSTALL_PREFIX=/home/juloau/Desktop/TFG/tfg-jlopez/code/ros2/install/basic_diffbot
[0.062s] -- The C compiler identification is GNU 11.4.0
[0.113s] -- The CXX compiler identification is GNU 11.4.0
[0.122s] -- Detecting C compiler ABI info
[0.187s] -- Detecting C compiler ABI info - done
[0.194s] -- Check for working C compiler: /usr/bin/cc - skipped
[0.195s] -- Detecting C compile features
[0.195s] -- Detecting C compile features - done
[0.198s] -- Detecting CXX compiler ABI info
[0.269s] -- Detecting CXX compiler ABI info - done
[0.277s] -- Check for working CXX compiler: /usr/bin/c++ - skipped
[0.277s] -- Detecting CXX compile features
[0.278s] -- Detecting CXX compile features - done
[0.280s] -- Found ament_cmake: 1.3.9 (/opt/ros/humble/share/ament_cmake/cmake)
[0.430s] -- Found Python3: /usr/bin/python3 (found version "3.10.12") found components: Interpreter 
[0.517s] -- Found rclcpp: 16.0.9 (/opt/ros/humble/share/rclcpp/cmake)
[0.560s] -- Found rosidl_generator_c: 3.1.5 (/opt/ros/humble/share/rosidl_generator_c/cmake)
[0.565s] -- Found rosidl_adapter: 3.1.5 (/opt/ros/humble/share/rosidl_adapter/cmake)
[0.573s] -- Found rosidl_generator_cpp: 3.1.5 (/opt/ros/humble/share/rosidl_generator_cpp/cmake)
[0.585s] -- Using all available rosidl_typesupport_c: rosidl_typesupport_fastrtps_c;rosidl_typesupport_introspection_c
[0.603s] -- Using all available rosidl_typesupport_cpp: rosidl_typesupport_fastrtps_cpp;rosidl_typesupport_introspection_cpp
[0.670s] -- Found rmw_implementation_cmake: 6.1.2 (/opt/ros/humble/share/rmw_implementation_cmake/cmake)
[0.673s] -- Found rmw_fastrtps_cpp: 6.2.6 (/opt/ros/humble/share/rmw_fastrtps_cpp/cmake)
[0.766s] -- Found OpenSSL: /usr/lib/x86_64-linux-gnu/libcrypto.so (found version "3.0.2")  
[0.792s] -- Found FastRTPS: /opt/ros/humble/include  
[0.837s] -- Using RMW implementation 'rmw_fastrtps_cpp' as default
[0.847s] -- Looking for pthread.h
[0.913s] -- Looking for pthread.h - found
[0.913s] -- Performing Test CMAKE_HAVE_LIBC_PTHREAD
[0.983s] -- Performing Test CMAKE_HAVE_LIBC_PTHREAD - Success
[0.984s] -- Found Threads: TRUE  
[1.149s] -- Found geometry_msgs: 4.2.4 (/opt/ros/humble/share/geometry_msgs/cmake)
[1.195s] -- Found nav_msgs: 4.2.4 (/opt/ros/humble/share/nav_msgs/cmake)
[1.284s] -- Found tf2: 0.25.7 (/opt/ros/humble/share/tf2/cmake)
[1.354s] [33mCMake Warning (dev) at /home/juloau/Desktop/TFG/tfg-jlopez/code/ros2/build/basic_diffbot/ament_cmake_core/package.cmake:3:
[1.354s]   Syntax Warning in cmake code at column 67
[1.354s] 
[1.354s]   Argument not separated from preceding token by whitespace.
[1.354s] Call Stack (most recent call first):
[1.354s]   /opt/ros/humble/share/ament_cmake_core/cmake/core/ament_package_xml.cmake:100 (include)
[1.354s]   /opt/ros/humble/share/ament_cmake_core/cmake/core/ament_package_xml.cmake:49 (_ament_package_xml)
[1.354s]   /opt/ros/humble/share/ament_cmake_core/cmake/core/ament_package.cmake:63 (ament_package_xml)
[1.354s]   CMakeLists.txt:26 (ament_package)
[1.355s] This warning is for project developers.  Use -Wno-dev to suppress it.
[1.355s] [0m
[1.355s] [33mCMake Warning (dev) at /home/juloau/Desktop/TFG/tfg-jlopez/code/ros2/build/basic_diffbot/ament_cmake_core/package.cmake:3:
[1.355s]   Syntax Warning in cmake code at column 84
[1.355s] 
[1.355s]   Argument not separated from preceding token by whitespace.
[1.355s] Call Stack (most recent call first):
[1.355s]   /opt/ros/humble/share/ament_cmake_core/cmake/core/ament_package_xml.cmake:100 (include)
[1.355s]   /opt/ros/humble/share/ament_cmake_core/cmake/core/ament_package_xml.cmake:49 (_ament_package_xml)
[1.355s]   /opt/ros/humble/share/ament_cmake_core/cmake/core/ament_package.cmake:63 (ament_package_xml)
[1.355s]   CMakeLists.txt:26 (ament_package)
[1.355s] This warning is for project developers.  Use -Wno-dev to suppress it.
[1.355s] [0m
[1.357s] -- Configuring done
[1.361s] -- Generating done
[1.362s] -- Build files have been written to: /home/juloau/Desktop/TFG/tfg-jlopez/code/ros2/build/basic_diffbot
[1.370s] Invoked command in '/home/juloau/Desktop/TFG/tfg-jlopez/code/ros2/build/basic_diffbot' returned '0': CMAKE_PREFIX_PATH=${CMAKE_PREFIX_PATH}:/opt/ros/humble /usr/bin/cmake /home/juloau/Desktop/TFG/tfg-jlopez/code/ros2/src/basic_diffbot -DCMAKE_INSTALL_PREFIX=/home/juloau/Desktop/TFG/tfg-jlopez/code/ros2/install/basic_diffbot
[1.372s] Invoking command in '/home/juloau/Desktop/TFG/tfg-jlopez/code/ros2/build/basic_diffbot': CMAKE_PREFIX_PATH=${CMAKE_PREFIX_PATH}:/opt/ros/humble /usr/bin/cmake --build /home/juloau/Desktop/TFG/tfg-jlopez/code/ros2/build/basic_diffbot -- -j8 -l8
[1.406s] Invoked command in '/home/juloau/Desktop/TFG/tfg-jlopez/code/ros2/build/basic_diffbot' returned '0': CMAKE_PREFIX_PATH=${CMAKE_PREFIX_PATH}:/opt/ros/humble /usr/bin/cmake --build /home/juloau/Desktop/TFG/tfg-jlopez/code/ros2/build/basic_diffbot -- -j8 -l8
[1.425s] Invoking command in '/home/juloau/Desktop/TFG/tfg-jlopez/code/ros2/build/basic_diffbot': CMAKE_PREFIX_PATH=${CMAKE_PREFIX_PATH}:/opt/ros/humble /usr/bin/cmake --install /home/juloau/Desktop/TFG/tfg-jlopez/code/ros2/build/basic_diffbot
[1.433s] -- Install configuration: ""
[1.433s] -- Installing: /home/juloau/Desktop/TFG/tfg-jlopez/code/ros2/install/basic_diffbot/share/basic_diffbot/launch
[1.433s] -- Installing: /home/juloau/Desktop/TFG/tfg-jlopez/code/ros2/install/basic_diffbot/share/basic_diffbot/launch/display_launch.py
[1.433s] -- Installing: /home/juloau/Desktop/TFG/tfg-jlopez/code/ros2/install/basic_diffbot/share/basic_diffbot/launch/simple_robot_gz_launch.py
[1.433s] -- Installing: /home/juloau/Desktop/TFG/tfg-jlopez/code/ros2/install/basic_diffbot/share/basic_diffbot/launch/one_robot_gz_launch.py
[1.433s] -- Installing: /home/juloau/Desktop/TFG/tfg-jlopez/code/ros2/install/basic_diffbot/share/basic_diffbot/urdf
[1.434s] -- Installing: /home/juloau/Desktop/TFG/tfg-jlopez/code/ros2/install/basic_diffbot/share/basic_diffbot/urdf/the_simplest_diffbot.xacro
[1.434s] -- Installing: /home/juloau/Desktop/TFG/tfg-jlopez/code/ros2/install/basic_diffbot/share/basic_diffbot/urdf/caster_diffbot_gz.xacro
[1.434s] -- Installing: /home/juloau/Desktop/TFG/tfg-jlopez/code/ros2/install/basic_diffbot/share/basic_diffbot/urdf/caster_diffbot.xacro
[1.434s] -- Installing: /home/juloau/Desktop/TFG/tfg-jlopez/code/ros2/install/basic_diffbot/share/basic_diffbot/urdf/the_simplest_diffbot_gz.xacro
[1.434s] -- Installing: /home/juloau/Desktop/TFG/tfg-jlopez/code/ros2/install/basic_diffbot/share/basic_diffbot/meshes
[1.434s] -- Installing: /home/juloau/Desktop/TFG/tfg-jlopez/code/ros2/install/basic_diffbot/share/basic_diffbot/meshes/base_caster.stl
[1.435s] -- Installing: /home/juloau/Desktop/TFG/tfg-jlopez/code/ros2/install/basic_diffbot/share/basic_diffbot/meshes/husky_wheel.stl
[1.436s] -- Installing: /home/juloau/Desktop/TFG/tfg-jlopez/code/ros2/install/basic_diffbot/share/basic_diffbot/meshes/wheel_ring.stl
[1.437s] -- Installing: /home/juloau/Desktop/TFG/tfg-jlopez/code/ros2/install/basic_diffbot/share/basic_diffbot/meshes/caster_wheel.stl
[1.438s] -- Installing: /home/juloau/Desktop/TFG/tfg-jlopez/code/ros2/install/basic_diffbot/share/basic_diffbot/meshes/base_plate.stl
[1.442s] -- Installing: /home/juloau/Desktop/TFG/tfg-jlopez/code/ros2/install/basic_diffbot/share/basic_diffbot/rviz
[1.443s] -- Installing: /home/juloau/Desktop/TFG/tfg-jlopez/code/ros2/install/basic_diffbot/share/basic_diffbot/rviz/robot_display.rviz
[1.443s] -- Installing: /home/juloau/Desktop/TFG/tfg-jlopez/code/ros2/install/basic_diffbot/share/basic_diffbot/worlds
[1.443s] -- Installing: /home/juloau/Desktop/TFG/tfg-jlopez/code/ros2/install/basic_diffbot/share/basic_diffbot/worlds/empty.world
[1.443s] -- Installing: /home/juloau/Desktop/TFG/tfg-jlopez/code/ros2/install/basic_diffbot/share/basic_diffbot/roboticaposgrado
[1.444s] -- Installing: /home/juloau/Desktop/TFG/tfg-jlopez/code/ros2/install/basic_diffbot/share/basic_diffbot/roboticaposgrado/model.config
[1.444s] -- Installing: /home/juloau/Desktop/TFG/tfg-jlopez/code/ros2/install/basic_diffbot/share/basic_diffbot/roboticaposgrado/meshes
[1.444s] -- Installing: /home/juloau/Desktop/TFG/tfg-jlopez/code/ros2/install/basic_diffbot/share/basic_diffbot/roboticaposgrado/meshes/RP_logo.dae
[1.444s] -- Installing: /home/juloau/Desktop/TFG/tfg-jlopez/code/ros2/install/basic_diffbot/share/basic_diffbot/roboticaposgrado/model-1_4.sdf
[1.445s] -- Installing: /home/juloau/Desktop/TFG/tfg-jlopez/code/ros2/install/basic_diffbot/share/basic_diffbot/roboticaposgrado/materials
[1.445s] -- Installing: /home/juloau/Desktop/TFG/tfg-jlopez/code/ros2/install/basic_diffbot/share/basic_diffbot/roboticaposgrado/materials/textures
[1.445s] -- Installing: /home/juloau/Desktop/TFG/tfg-jlopez/code/ros2/install/basic_diffbot/share/basic_diffbot/roboticaposgrado/materials/textures/RoboticaPosgrado_logo.png
[1.445s] -- Installing: /home/juloau/Desktop/TFG/tfg-jlopez/code/ros2/install/basic_diffbot/share/basic_diffbot/roboticaposgrado/materials/textures/Marker0_4x4.png
[1.445s] -- Installing: /home/juloau/Desktop/TFG/tfg-jlopez/code/ros2/install/basic_diffbot/share/basic_diffbot/roboticaposgrado/model-1_5.sdf
[1.445s] -- Installing: /home/juloau/Desktop/TFG/tfg-jlopez/code/ros2/install/basic_diffbot/share/basic_diffbot/roboticaposgrado/model.sdf
[1.446s] -- Installing: /home/juloau/Desktop/TFG/tfg-jlopez/code/ros2/install/basic_diffbot/share/ament_index/resource_index/package_run_dependencies/basic_diffbot
[1.446s] -- Installing: /home/juloau/Desktop/TFG/tfg-jlopez/code/ros2/install/basic_diffbot/share/ament_index/resource_index/parent_prefix_path/basic_diffbot
[1.446s] -- Installing: /home/juloau/Desktop/TFG/tfg-jlopez/code/ros2/install/basic_diffbot/share/basic_diffbot/environment/ament_prefix_path.sh
[1.446s] -- Installing: /home/juloau/Desktop/TFG/tfg-jlopez/code/ros2/install/basic_diffbot/share/basic_diffbot/environment/ament_prefix_path.dsv
[1.446s] -- Installing: /home/juloau/Desktop/TFG/tfg-jlopez/code/ros2/install/basic_diffbot/share/basic_diffbot/environment/path.sh
[1.446s] -- Installing: /home/juloau/Desktop/TFG/tfg-jlopez/code/ros2/install/basic_diffbot/share/basic_diffbot/environment/path.dsv
[1.446s] -- Installing: /home/juloau/Desktop/TFG/tfg-jlopez/code/ros2/install/basic_diffbot/share/basic_diffbot/local_setup.bash
[1.446s] -- Installing: /home/juloau/Desktop/TFG/tfg-jlopez/code/ros2/install/basic_diffbot/share/basic_diffbot/local_setup.sh
[1.446s] -- Installing: /home/juloau/Desktop/TFG/tfg-jlopez/code/ros2/install/basic_diffbot/share/basic_diffbot/local_setup.zsh
[1.446s] -- Installing: /home/juloau/Desktop/TFG/tfg-jlopez/code/ros2/install/basic_diffbot/share/basic_diffbot/local_setup.dsv
[1.447s] -- Installing: /home/juloau/Desktop/TFG/tfg-jlopez/code/ros2/install/basic_diffbot/share/basic_diffbot/package.dsv
[1.447s] -- Installing: /home/juloau/Desktop/TFG/tfg-jlopez/code/ros2/install/basic_diffbot/share/ament_index/resource_index/packages/basic_diffbot
[1.447s] -- Installing: /home/juloau/Desktop/TFG/tfg-jlopez/code/ros2/install/basic_diffbot/share/basic_diffbot/cmake/basic_diffbotConfig.cmake
[1.447s] -- Installing: /home/juloau/Desktop/TFG/tfg-jlopez/code/ros2/install/basic_diffbot/share/basic_diffbot/cmake/basic_diffbotConfig-version.cmake
[1.447s] -- Installing: /home/juloau/Desktop/TFG/tfg-jlopez/code/ros2/install/basic_diffbot/share/basic_diffbot/package.xml
[1.456s] Invoked command in '/home/juloau/Desktop/TFG/tfg-jlopez/code/ros2/build/basic_diffbot' returned '0': CMAKE_PREFIX_PATH=${CMAKE_PREFIX_PATH}:/opt/ros/humble /usr/bin/cmake --install /home/juloau/Desktop/TFG/tfg-jlopez/code/ros2/build/basic_diffbot
