[0.726s] Invoking command in '/home/juloau/Desktop/TFG/tfg-jlopez/code/ros2/build/joint_limits': CMAKE_PREFIX_PATH=${CMAKE_PREFIX_PATH}:/home/juloau/Desktop/TFG/tfg-jlopez/code/ros2/install/rqt_joint_trajectory_controller:/home/juloau/Desktop/TFG/tfg-jlopez/code/ros2/install/rqt_controller_manager:/home/juloau/Desktop/TFG/tfg-jlopez/code/ros2/install/ros2controlcli:/home/juloau/Desktop/TFG/tfg-jlopez/code/ros2/install/ros2_controllers_test_nodes:/home/juloau/Desktop/TFG/tfg-jlopez/code/ros2/install/ros2_control_demo_testing:/home/juloau/Desktop/TFG/tfg-jlopez/code/ros2/install/pibotj_rr:/opt/ros/humble /usr/bin/cmake --build /home/juloau/Desktop/TFG/tfg-jlopez/code/ros2/build/joint_limits -- -j8 -l8
[0.895s] [ 33%] Built target gtest
[0.912s] [ 66%] Built target gtest_main
[1.000s] [100%] Built target joint_limits_rosparam_test
[1.050s] Invoked command in '/home/juloau/Desktop/TFG/tfg-jlopez/code/ros2/build/joint_limits' returned '0': CMAKE_PREFIX_PATH=${CMAKE_PREFIX_PATH}:/home/juloau/Desktop/TFG/tfg-jlopez/code/ros2/install/rqt_joint_trajectory_controller:/home/juloau/Desktop/TFG/tfg-jlopez/code/ros2/install/rqt_controller_manager:/home/juloau/Desktop/TFG/tfg-jlopez/code/ros2/install/ros2controlcli:/home/juloau/Desktop/TFG/tfg-jlopez/code/ros2/install/ros2_controllers_test_nodes:/home/juloau/Desktop/TFG/tfg-jlopez/code/ros2/install/ros2_control_demo_testing:/home/juloau/Desktop/TFG/tfg-jlopez/code/ros2/install/pibotj_rr:/opt/ros/humble /usr/bin/cmake --build /home/juloau/Desktop/TFG/tfg-jlopez/code/ros2/build/joint_limits -- -j8 -l8
[1.173s] Invoking command in '/home/juloau/Desktop/TFG/tfg-jlopez/code/ros2/build/joint_limits': CMAKE_PREFIX_PATH=${CMAKE_PREFIX_PATH}:/home/juloau/Desktop/TFG/tfg-jlopez/code/ros2/install/rqt_joint_trajectory_controller:/home/juloau/Desktop/TFG/tfg-jlopez/code/ros2/install/rqt_controller_manager:/home/juloau/Desktop/TFG/tfg-jlopez/code/ros2/install/ros2controlcli:/home/juloau/Desktop/TFG/tfg-jlopez/code/ros2/install/ros2_controllers_test_nodes:/home/juloau/Desktop/TFG/tfg-jlopez/code/ros2/install/ros2_control_demo_testing:/home/juloau/Desktop/TFG/tfg-jlopez/code/ros2/install/pibotj_rr:/opt/ros/humble /usr/bin/cmake --install /home/juloau/Desktop/TFG/tfg-jlopez/code/ros2/build/joint_limits
[1.666s] -- Install configuration: ""
[1.666s] -- Execute custom install script
[1.666s] -- Up-to-date symlink: /home/juloau/Desktop/TFG/tfg-jlopez/code/ros2/install/joint_limits/include/joint_limits/joint_limits.hpp
[1.667s] -- Up-to-date symlink: /home/juloau/Desktop/TFG/tfg-jlopez/code/ros2/install/joint_limits/include/joint_limits/joint_limits_rosparam.hpp
[1.667s] -- Up-to-date symlink: /home/juloau/Desktop/TFG/tfg-jlopez/code/ros2/install/joint_limits/lib/joint_limits/joint_limits_rosparam_test
[1.667s] -- Up-to-date symlink: /home/juloau/Desktop/TFG/tfg-jlopez/code/ros2/install/joint_limits/share/joint_limits/test/joint_limits_rosparam.yaml
[1.669s] -- Up-to-date symlink: /home/juloau/Desktop/TFG/tfg-jlopez/code/ros2/install/joint_limits/share/ament_index/resource_index/package_run_dependencies/joint_limits
[1.669s] -- Up-to-date symlink: /home/juloau/Desktop/TFG/tfg-jlopez/code/ros2/install/joint_limits/share/ament_index/resource_index/parent_prefix_path/joint_limits
[1.669s] -- Up-to-date symlink: /home/juloau/Desktop/TFG/tfg-jlopez/code/ros2/install/joint_limits/share/joint_limits/environment/ament_prefix_path.sh
[1.670s] -- Up-to-date symlink: /home/juloau/Desktop/TFG/tfg-jlopez/code/ros2/install/joint_limits/share/joint_limits/environment/ament_prefix_path.dsv
[1.670s] -- Up-to-date symlink: /home/juloau/Desktop/TFG/tfg-jlopez/code/ros2/install/joint_limits/share/joint_limits/environment/path.sh
[1.670s] -- Up-to-date symlink: /home/juloau/Desktop/TFG/tfg-jlopez/code/ros2/install/joint_limits/share/joint_limits/environment/path.dsv
[1.670s] -- Up-to-date symlink: /home/juloau/Desktop/TFG/tfg-jlopez/code/ros2/install/joint_limits/share/joint_limits/local_setup.bash
[1.670s] -- Up-to-date symlink: /home/juloau/Desktop/TFG/tfg-jlopez/code/ros2/install/joint_limits/share/joint_limits/local_setup.sh
[1.671s] -- Up-to-date symlink: /home/juloau/Desktop/TFG/tfg-jlopez/code/ros2/install/joint_limits/share/joint_limits/local_setup.zsh
[1.671s] -- Up-to-date symlink: /home/juloau/Desktop/TFG/tfg-jlopez/code/ros2/install/joint_limits/share/joint_limits/local_setup.dsv
[1.671s] -- Symlinking: /home/juloau/Desktop/TFG/tfg-jlopez/code/ros2/install/joint_limits/share/joint_limits/package.dsv
[1.671s] -- Up-to-date symlink: /home/juloau/Desktop/TFG/tfg-jlopez/code/ros2/install/joint_limits/share/ament_index/resource_index/packages/joint_limits
[1.671s] -- Up-to-date symlink: /home/juloau/Desktop/TFG/tfg-jlopez/code/ros2/install/joint_limits/share/joint_limits/cmake/ament_cmake_export_dependencies-extras.cmake
[1.672s] -- Up-to-date symlink: /home/juloau/Desktop/TFG/tfg-jlopez/code/ros2/install/joint_limits/share/joint_limits/cmake/ament_cmake_export_include_directories-extras.cmake
[1.672s] -- Up-to-date symlink: /home/juloau/Desktop/TFG/tfg-jlopez/code/ros2/install/joint_limits/share/joint_limits/cmake/joint_limitsConfig.cmake
[1.672s] -- Up-to-date symlink: /home/juloau/Desktop/TFG/tfg-jlopez/code/ros2/install/joint_limits/share/joint_limits/cmake/joint_limitsConfig-version.cmake
[1.672s] -- Up-to-date symlink: /home/juloau/Desktop/TFG/tfg-jlopez/code/ros2/install/joint_limits/share/joint_limits/package.xml
[1.672s] Invoked command in '/home/juloau/Desktop/TFG/tfg-jlopez/code/ros2/build/joint_limits' returned '0': CMAKE_PREFIX_PATH=${CMAKE_PREFIX_PATH}:/home/juloau/Desktop/TFG/tfg-jlopez/code/ros2/install/rqt_joint_trajectory_controller:/home/juloau/Desktop/TFG/tfg-jlopez/code/ros2/install/rqt_controller_manager:/home/juloau/Desktop/TFG/tfg-jlopez/code/ros2/install/ros2controlcli:/home/juloau/Desktop/TFG/tfg-jlopez/code/ros2/install/ros2_controllers_test_nodes:/home/juloau/Desktop/TFG/tfg-jlopez/code/ros2/install/ros2_control_demo_testing:/home/juloau/Desktop/TFG/tfg-jlopez/code/ros2/install/pibotj_rr:/opt/ros/humble /usr/bin/cmake --install /home/juloau/Desktop/TFG/tfg-jlopez/code/ros2/build/joint_limits
