[0.015s] Invoking command in '/home/juloau/Desktop/TFG/tfg-jlopez/code/ros2/build/pibotj': CMAKE_PREFIX_PATH=${CMAKE_PREFIX_PATH}:/opt/ros/humble /usr/bin/cmake /home/juloau/Desktop/TFG/tfg-jlopez/code/ros2/src/pibotj -DCMAKE_INSTALL_PREFIX=/home/juloau/Desktop/TFG/tfg-jlopez/code/ros2/install/pibotj
[0.067s] -- The C compiler identification is GNU 11.4.0
[0.120s] -- The CXX compiler identification is GNU 11.4.0
[0.129s] -- Detecting C compiler ABI info
[0.193s] -- Detecting C compiler ABI info - done
[0.202s] -- Check for working C compiler: /usr/bin/cc - skipped
[0.202s] -- Detecting C compile features
[0.202s] -- Detecting C compile features - done
[0.205s] -- Detecting CXX compiler ABI info
[0.280s] -- Detecting CXX compiler ABI info - done
[0.288s] -- Check for working CXX compiler: /usr/bin/c++ - skipped
[0.289s] -- Detecting CXX compile features
[0.289s] -- Detecting CXX compile features - done
[0.292s] -- Found ament_cmake: 1.3.9 (/opt/ros/humble/share/ament_cmake/cmake)
[0.503s] -- Found Python3: /usr/bin/python3 (found version "3.10.12") found components: Interpreter 
[0.613s] -- Found rclcpp: 16.0.9 (/opt/ros/humble/share/rclcpp/cmake)
[0.661s] -- Found rosidl_generator_c: 3.1.5 (/opt/ros/humble/share/rosidl_generator_c/cmake)
[0.666s] -- Found rosidl_adapter: 3.1.5 (/opt/ros/humble/share/rosidl_adapter/cmake)
[0.675s] -- Found rosidl_generator_cpp: 3.1.5 (/opt/ros/humble/share/rosidl_generator_cpp/cmake)
[0.697s] -- Using all available rosidl_typesupport_c: rosidl_typesupport_fastrtps_c;rosidl_typesupport_introspection_c
[0.725s] -- Using all available rosidl_typesupport_cpp: rosidl_typesupport_fastrtps_cpp;rosidl_typesupport_introspection_cpp
[0.807s] -- Found rmw_implementation_cmake: 6.1.2 (/opt/ros/humble/share/rmw_implementation_cmake/cmake)
[0.812s] -- Found rmw_fastrtps_cpp: 6.2.6 (/opt/ros/humble/share/rmw_fastrtps_cpp/cmake)
[0.924s] -- Found OpenSSL: /usr/lib/x86_64-linux-gnu/libcrypto.so (found version "3.0.2")  
[0.953s] -- Found FastRTPS: /opt/ros/humble/include  
[1.003s] -- Using RMW implementation 'rmw_fastrtps_cpp' as default
[1.014s] -- Looking for pthread.h
[1.081s] -- Looking for pthread.h - found
[1.082s] -- Performing Test CMAKE_HAVE_LIBC_PTHREAD
[1.149s] -- Performing Test CMAKE_HAVE_LIBC_PTHREAD - Success
[1.150s] -- Found Threads: TRUE  
[1.314s] -- Found geometry_msgs: 4.2.4 (/opt/ros/humble/share/geometry_msgs/cmake)
[1.360s] -- Found nav_msgs: 4.2.4 (/opt/ros/humble/share/nav_msgs/cmake)
[1.447s] -- Found tf2: 0.25.7 (/opt/ros/humble/share/tf2/cmake)
[1.535s] [33mCMake Warning (dev) at /home/juloau/Desktop/TFG/tfg-jlopez/code/ros2/build/pibotj/ament_cmake_core/package.cmake:3:
[1.535s]   Syntax Warning in cmake code at column 60
[1.535s] 
[1.535s]   Argument not separated from preceding token by whitespace.
[1.535s] Call Stack (most recent call first):
[1.535s]   /opt/ros/humble/share/ament_cmake_core/cmake/core/ament_package_xml.cmake:100 (include)
[1.535s]   /opt/ros/humble/share/ament_cmake_core/cmake/core/ament_package_xml.cmake:49 (_ament_package_xml)
[1.535s]   /opt/ros/humble/share/ament_cmake_core/cmake/core/ament_package.cmake:63 (ament_package_xml)
[1.535s]   CMakeLists.txt:26 (ament_package)
[1.535s] This warning is for project developers.  Use -Wno-dev to suppress it.
[1.535s] [0m
[1.535s] [33mCMake Warning (dev) at /home/juloau/Desktop/TFG/tfg-jlopez/code/ros2/build/pibotj/ament_cmake_core/package.cmake:3:
[1.536s]   Syntax Warning in cmake code at column 77
[1.536s] 
[1.536s]   Argument not separated from preceding token by whitespace.
[1.536s] Call Stack (most recent call first):
[1.536s]   /opt/ros/humble/share/ament_cmake_core/cmake/core/ament_package_xml.cmake:100 (include)
[1.536s]   /opt/ros/humble/share/ament_cmake_core/cmake/core/ament_package_xml.cmake:49 (_ament_package_xml)
[1.536s]   /opt/ros/humble/share/ament_cmake_core/cmake/core/ament_package.cmake:63 (ament_package_xml)
[1.536s]   CMakeLists.txt:26 (ament_package)
[1.536s] This warning is for project developers.  Use -Wno-dev to suppress it.
[1.536s] [0m
[1.538s] -- Configuring done
[1.542s] -- Generating done
[1.544s] -- Build files have been written to: /home/juloau/Desktop/TFG/tfg-jlopez/code/ros2/build/pibotj
[1.553s] Invoked command in '/home/juloau/Desktop/TFG/tfg-jlopez/code/ros2/build/pibotj' returned '0': CMAKE_PREFIX_PATH=${CMAKE_PREFIX_PATH}:/opt/ros/humble /usr/bin/cmake /home/juloau/Desktop/TFG/tfg-jlopez/code/ros2/src/pibotj -DCMAKE_INSTALL_PREFIX=/home/juloau/Desktop/TFG/tfg-jlopez/code/ros2/install/pibotj
[1.554s] Invoking command in '/home/juloau/Desktop/TFG/tfg-jlopez/code/ros2/build/pibotj': CMAKE_PREFIX_PATH=${CMAKE_PREFIX_PATH}:/opt/ros/humble /usr/bin/cmake --build /home/juloau/Desktop/TFG/tfg-jlopez/code/ros2/build/pibotj -- -j8 -l8
[1.592s] Invoked command in '/home/juloau/Desktop/TFG/tfg-jlopez/code/ros2/build/pibotj' returned '0': CMAKE_PREFIX_PATH=${CMAKE_PREFIX_PATH}:/opt/ros/humble /usr/bin/cmake --build /home/juloau/Desktop/TFG/tfg-jlopez/code/ros2/build/pibotj -- -j8 -l8
[1.613s] Invoking command in '/home/juloau/Desktop/TFG/tfg-jlopez/code/ros2/build/pibotj': CMAKE_PREFIX_PATH=${CMAKE_PREFIX_PATH}:/opt/ros/humble /usr/bin/cmake --install /home/juloau/Desktop/TFG/tfg-jlopez/code/ros2/build/pibotj
[1.619s] -- Install configuration: ""
[1.619s] -- Installing: /home/juloau/Desktop/TFG/tfg-jlopez/code/ros2/install/pibotj/share/pibotj/launch
[1.620s] -- Installing: /home/juloau/Desktop/TFG/tfg-jlopez/code/ros2/install/pibotj/share/pibotj/launch/display_launch.py
[1.620s] -- Installing: /home/juloau/Desktop/TFG/tfg-jlopez/code/ros2/install/pibotj/share/pibotj/launch/simple_robot_gz_launch.py
[1.620s] -- Installing: /home/juloau/Desktop/TFG/tfg-jlopez/code/ros2/install/pibotj/share/pibotj/launch/one_robot_gz_launch.py
[1.620s] -- Installing: /home/juloau/Desktop/TFG/tfg-jlopez/code/ros2/install/pibotj/share/pibotj/urdf
[1.620s] -- Installing: /home/juloau/Desktop/TFG/tfg-jlopez/code/ros2/install/pibotj/share/pibotj/urdf/the_simplest_diffbot.xacro
[1.620s] -- Installing: /home/juloau/Desktop/TFG/tfg-jlopez/code/ros2/install/pibotj/share/pibotj/urdf/caster_diffbot_gz.xacro
[1.620s] -- Installing: /home/juloau/Desktop/TFG/tfg-jlopez/code/ros2/install/pibotj/share/pibotj/urdf/caster_diffbot.xacro
[1.620s] -- Installing: /home/juloau/Desktop/TFG/tfg-jlopez/code/ros2/install/pibotj/share/pibotj/urdf/the_simplest_diffbot_gz.xacro
[1.620s] -- Installing: /home/juloau/Desktop/TFG/tfg-jlopez/code/ros2/install/pibotj/share/pibotj/meshes
[1.621s] -- Installing: /home/juloau/Desktop/TFG/tfg-jlopez/code/ros2/install/pibotj/share/pibotj/meshes/wheel.stl
[1.621s] -- Installing: /home/juloau/Desktop/TFG/tfg-jlopez/code/ros2/install/pibotj/share/pibotj/meshes/base_caster.stl
[1.621s] -- Installing: /home/juloau/Desktop/TFG/tfg-jlopez/code/ros2/install/pibotj/share/pibotj/meshes/husky_wheel.stl
[1.622s] -- Installing: /home/juloau/Desktop/TFG/tfg-jlopez/code/ros2/install/pibotj/share/pibotj/meshes/wheel_ring.stl
[1.623s] -- Installing: /home/juloau/Desktop/TFG/tfg-jlopez/code/ros2/install/pibotj/share/pibotj/meshes/caster_wheel.stl
[1.624s] -- Installing: /home/juloau/Desktop/TFG/tfg-jlopez/code/ros2/install/pibotj/share/pibotj/meshes/base_plate.stl
[1.625s] -- Installing: /home/juloau/Desktop/TFG/tfg-jlopez/code/ros2/install/pibotj/share/pibotj/meshes/base.stl
[1.626s] -- Installing: /home/juloau/Desktop/TFG/tfg-jlopez/code/ros2/install/pibotj/share/pibotj/meshes/camara.stl
[1.626s] -- Installing: /home/juloau/Desktop/TFG/tfg-jlopez/code/ros2/install/pibotj/share/pibotj/meshes/bolaloca.stl
[1.627s] -- Installing: /home/juloau/Desktop/TFG/tfg-jlopez/code/ros2/install/pibotj/share/pibotj/rviz
[1.627s] -- Installing: /home/juloau/Desktop/TFG/tfg-jlopez/code/ros2/install/pibotj/share/pibotj/rviz/robot_display.rviz
[1.627s] -- Installing: /home/juloau/Desktop/TFG/tfg-jlopez/code/ros2/install/pibotj/share/pibotj/worlds
[1.627s] -- Installing: /home/juloau/Desktop/TFG/tfg-jlopez/code/ros2/install/pibotj/share/pibotj/worlds/empty.world
[1.627s] -- Installing: /home/juloau/Desktop/TFG/tfg-jlopez/code/ros2/install/pibotj/share/pibotj/roboticaposgrado
[1.627s] -- Installing: /home/juloau/Desktop/TFG/tfg-jlopez/code/ros2/install/pibotj/share/pibotj/roboticaposgrado/model.config
[1.627s] -- Installing: /home/juloau/Desktop/TFG/tfg-jlopez/code/ros2/install/pibotj/share/pibotj/roboticaposgrado/meshes
[1.627s] -- Installing: /home/juloau/Desktop/TFG/tfg-jlopez/code/ros2/install/pibotj/share/pibotj/roboticaposgrado/meshes/RP_logo.dae
[1.628s] -- Installing: /home/juloau/Desktop/TFG/tfg-jlopez/code/ros2/install/pibotj/share/pibotj/roboticaposgrado/model-1_4.sdf
[1.628s] -- Installing: /home/juloau/Desktop/TFG/tfg-jlopez/code/ros2/install/pibotj/share/pibotj/roboticaposgrado/materials
[1.628s] -- Installing: /home/juloau/Desktop/TFG/tfg-jlopez/code/ros2/install/pibotj/share/pibotj/roboticaposgrado/materials/textures
[1.628s] -- Installing: /home/juloau/Desktop/TFG/tfg-jlopez/code/ros2/install/pibotj/share/pibotj/roboticaposgrado/materials/textures/RoboticaPosgrado_logo.png
[1.628s] -- Installing: /home/juloau/Desktop/TFG/tfg-jlopez/code/ros2/install/pibotj/share/pibotj/roboticaposgrado/materials/textures/Marker0_4x4.png
[1.628s] -- Installing: /home/juloau/Desktop/TFG/tfg-jlopez/code/ros2/install/pibotj/share/pibotj/roboticaposgrado/model-1_5.sdf
[1.628s] -- Installing: /home/juloau/Desktop/TFG/tfg-jlopez/code/ros2/install/pibotj/share/pibotj/roboticaposgrado/model.sdf
[1.628s] -- Installing: /home/juloau/Desktop/TFG/tfg-jlopez/code/ros2/install/pibotj/share/ament_index/resource_index/package_run_dependencies/pibotj
[1.629s] -- Installing: /home/juloau/Desktop/TFG/tfg-jlopez/code/ros2/install/pibotj/share/ament_index/resource_index/parent_prefix_path/pibotj
[1.629s] -- Installing: /home/juloau/Desktop/TFG/tfg-jlopez/code/ros2/install/pibotj/share/pibotj/environment/ament_prefix_path.sh
[1.629s] -- Installing: /home/juloau/Desktop/TFG/tfg-jlopez/code/ros2/install/pibotj/share/pibotj/environment/ament_prefix_path.dsv
[1.629s] -- Installing: /home/juloau/Desktop/TFG/tfg-jlopez/code/ros2/install/pibotj/share/pibotj/environment/path.sh
[1.629s] -- Installing: /home/juloau/Desktop/TFG/tfg-jlopez/code/ros2/install/pibotj/share/pibotj/environment/path.dsv
[1.629s] -- Installing: /home/juloau/Desktop/TFG/tfg-jlopez/code/ros2/install/pibotj/share/pibotj/local_setup.bash
[1.629s] -- Installing: /home/juloau/Desktop/TFG/tfg-jlopez/code/ros2/install/pibotj/share/pibotj/local_setup.sh
[1.629s] -- Installing: /home/juloau/Desktop/TFG/tfg-jlopez/code/ros2/install/pibotj/share/pibotj/local_setup.zsh
[1.629s] -- Installing: /home/juloau/Desktop/TFG/tfg-jlopez/code/ros2/install/pibotj/share/pibotj/local_setup.dsv
[1.630s] -- Installing: /home/juloau/Desktop/TFG/tfg-jlopez/code/ros2/install/pibotj/share/pibotj/package.dsv
[1.630s] -- Installing: /home/juloau/Desktop/TFG/tfg-jlopez/code/ros2/install/pibotj/share/ament_index/resource_index/packages/pibotj
[1.631s] -- Installing: /home/juloau/Desktop/TFG/tfg-jlopez/code/ros2/install/pibotj/share/pibotj/cmake/pibotjConfig.cmake
[1.631s] -- Installing: /home/juloau/Desktop/TFG/tfg-jlopez/code/ros2/install/pibotj/share/pibotj/cmake/pibotjConfig-version.cmake
[1.631s] -- Installing: /home/juloau/Desktop/TFG/tfg-jlopez/code/ros2/install/pibotj/share/pibotj/package.xml
[1.637s] Invoked command in '/home/juloau/Desktop/TFG/tfg-jlopez/code/ros2/build/pibotj' returned '0': CMAKE_PREFIX_PATH=${CMAKE_PREFIX_PATH}:/opt/ros/humble /usr/bin/cmake --install /home/juloau/Desktop/TFG/tfg-jlopez/code/ros2/build/pibotj
