[0.012s] Invoking command in '/home/juloau/Desktop/TFG/tfg-jlopez/code/ros2/build/pibotj_urdf_complete': CMAKE_PREFIX_PATH=${CMAKE_PREFIX_PATH}:/opt/ros/humble /usr/bin/cmake --build /home/juloau/Desktop/TFG/tfg-jlopez/code/ros2/build/pibotj_urdf_complete -- -j8 -l8
[0.033s] -- Found ament_cmake: 1.3.9 (/opt/ros/humble/share/ament_cmake/cmake)
[0.154s] -- Found ament_lint_auto: 0.12.11 (/opt/ros/humble/share/ament_lint_auto/cmake)
[0.227s] -- Added test 'flake8' to check Python code syntax and style conventions
[0.228s] -- Added test 'lint_cmake' to check CMake code style
[0.228s] -- Added test 'pep257' to check Python code against some of the docstring style conventions in PEP 257
[0.229s] -- Added test 'xmllint' to check XML markup files
[0.230s] -- Configuring done
[0.232s] -- Generating done
[0.233s] -- Build files have been written to: /home/juloau/Desktop/TFG/tfg-jlopez/code/ros2/build/pibotj_urdf_complete
[0.253s] Invoked command in '/home/juloau/Desktop/TFG/tfg-jlopez/code/ros2/build/pibotj_urdf_complete' returned '0': CMAKE_PREFIX_PATH=${CMAKE_PREFIX_PATH}:/opt/ros/humble /usr/bin/cmake --build /home/juloau/Desktop/TFG/tfg-jlopez/code/ros2/build/pibotj_urdf_complete -- -j8 -l8
[0.272s] Invoking command in '/home/juloau/Desktop/TFG/tfg-jlopez/code/ros2/build/pibotj_urdf_complete': CMAKE_PREFIX_PATH=${CMAKE_PREFIX_PATH}:/opt/ros/humble /usr/bin/cmake --install /home/juloau/Desktop/TFG/tfg-jlopez/code/ros2/build/pibotj_urdf_complete
[0.279s] -- Install configuration: ""
[0.279s] -- Up-to-date: /home/juloau/Desktop/TFG/tfg-jlopez/code/ros2/install/pibotj_urdf_complete/share/pibotj_urdf_complete/launch
[0.279s] -- Up-to-date: /home/juloau/Desktop/TFG/tfg-jlopez/code/ros2/install/pibotj_urdf_complete/share/pibotj_urdf_complete/launch/display.launch.py
[0.279s] -- Up-to-date: /home/juloau/Desktop/TFG/tfg-jlopez/code/ros2/install/pibotj_urdf_complete/share/pibotj_urdf_complete/urdf
[0.279s] -- Installing: /home/juloau/Desktop/TFG/tfg-jlopez/code/ros2/install/pibotj_urdf_complete/share/pibotj_urdf_complete/urdf/robot_parameters.xacro
[0.279s] -- Installing: /home/juloau/Desktop/TFG/tfg-jlopez/code/ros2/install/pibotj_urdf_complete/share/pibotj_urdf_complete/urdf/links_joints.xacro
[0.279s] -- Installing: /home/juloau/Desktop/TFG/tfg-jlopez/code/ros2/install/pibotj_urdf_complete/share/pibotj_urdf_complete/urdf/model.xacro
[0.279s] -- Up-to-date: /home/juloau/Desktop/TFG/tfg-jlopez/code/ros2/install/pibotj_urdf_complete/share/pibotj_urdf_complete/config
[0.279s] -- Up-to-date: /home/juloau/Desktop/TFG/tfg-jlopez/code/ros2/install/pibotj_urdf_complete/share/pibotj_urdf_complete/config/config.rviz
[0.279s] -- Installing: /home/juloau/Desktop/TFG/tfg-jlopez/code/ros2/install/pibotj_urdf_complete/share/pibotj_urdf_complete/meshes
[0.280s] -- Installing: /home/juloau/Desktop/TFG/tfg-jlopez/code/ros2/install/pibotj_urdf_complete/share/pibotj_urdf_complete/meshes/base.stl
[0.280s] -- Installing: /home/juloau/Desktop/TFG/tfg-jlopez/code/ros2/install/pibotj_urdf_complete/share/pibotj_urdf_complete/meshes/psuperior.stl
[0.280s] -- Installing: /home/juloau/Desktop/TFG/tfg-jlopez/code/ros2/install/pibotj_urdf_complete/share/pibotj_urdf_complete/meshes/camara.stl
[0.280s] -- Installing: /home/juloau/Desktop/TFG/tfg-jlopez/code/ros2/install/pibotj_urdf_complete/share/pibotj_urdf_complete/meshes/strasera.stl
[0.281s] -- Up-to-date: /home/juloau/Desktop/TFG/tfg-jlopez/code/ros2/install/pibotj_urdf_complete/share/ament_index/resource_index/package_run_dependencies/pibotj_urdf_complete
[0.281s] -- Installing: /home/juloau/Desktop/TFG/tfg-jlopez/code/ros2/install/pibotj_urdf_complete/share/ament_index/resource_index/parent_prefix_path/pibotj_urdf_complete
[0.281s] -- Up-to-date: /home/juloau/Desktop/TFG/tfg-jlopez/code/ros2/install/pibotj_urdf_complete/share/pibotj_urdf_complete/environment/ament_prefix_path.sh
[0.281s] -- Installing: /home/juloau/Desktop/TFG/tfg-jlopez/code/ros2/install/pibotj_urdf_complete/share/pibotj_urdf_complete/environment/ament_prefix_path.dsv
[0.281s] -- Up-to-date: /home/juloau/Desktop/TFG/tfg-jlopez/code/ros2/install/pibotj_urdf_complete/share/pibotj_urdf_complete/environment/path.sh
[0.281s] -- Installing: /home/juloau/Desktop/TFG/tfg-jlopez/code/ros2/install/pibotj_urdf_complete/share/pibotj_urdf_complete/environment/path.dsv
[0.281s] -- Up-to-date: /home/juloau/Desktop/TFG/tfg-jlopez/code/ros2/install/pibotj_urdf_complete/share/pibotj_urdf_complete/local_setup.bash
[0.281s] -- Up-to-date: /home/juloau/Desktop/TFG/tfg-jlopez/code/ros2/install/pibotj_urdf_complete/share/pibotj_urdf_complete/local_setup.sh
[0.282s] -- Up-to-date: /home/juloau/Desktop/TFG/tfg-jlopez/code/ros2/install/pibotj_urdf_complete/share/pibotj_urdf_complete/local_setup.zsh
[0.282s] -- Installing: /home/juloau/Desktop/TFG/tfg-jlopez/code/ros2/install/pibotj_urdf_complete/share/pibotj_urdf_complete/local_setup.dsv
[0.282s] -- Installing: /home/juloau/Desktop/TFG/tfg-jlopez/code/ros2/install/pibotj_urdf_complete/share/pibotj_urdf_complete/package.dsv
[0.282s] -- Up-to-date: /home/juloau/Desktop/TFG/tfg-jlopez/code/ros2/install/pibotj_urdf_complete/share/ament_index/resource_index/packages/pibotj_urdf_complete
[0.282s] -- Up-to-date: /home/juloau/Desktop/TFG/tfg-jlopez/code/ros2/install/pibotj_urdf_complete/share/pibotj_urdf_complete/cmake/pibotj_urdf_completeConfig.cmake
[0.282s] -- Up-to-date: /home/juloau/Desktop/TFG/tfg-jlopez/code/ros2/install/pibotj_urdf_complete/share/pibotj_urdf_complete/cmake/pibotj_urdf_completeConfig-version.cmake
[0.282s] -- Up-to-date: /home/juloau/Desktop/TFG/tfg-jlopez/code/ros2/install/pibotj_urdf_complete/share/pibotj_urdf_complete/package.xml
[0.283s] Invoked command in '/home/juloau/Desktop/TFG/tfg-jlopez/code/ros2/build/pibotj_urdf_complete' returned '0': CMAKE_PREFIX_PATH=${CMAKE_PREFIX_PATH}:/opt/ros/humble /usr/bin/cmake --install /home/juloau/Desktop/TFG/tfg-jlopez/code/ros2/build/pibotj_urdf_complete
