[0.570s] Invoking command in '/home/juloau/Desktop/TFG/tfg-jlopez/code/ros2/build/joint_limits': CMAKE_PREFIX_PATH=${CMAKE_PREFIX_PATH}:/home/juloau/Desktop/TFG/tfg-jlopez/code/ros2/install/rqt_joint_trajectory_controller:/home/juloau/Desktop/TFG/tfg-jlopez/code/ros2/install/rqt_controller_manager:/home/juloau/Desktop/TFG/tfg-jlopez/code/ros2/install/ros2controlcli:/home/juloau/Desktop/TFG/tfg-jlopez/code/ros2/install/ros2_controllers_test_nodes:/home/juloau/Desktop/TFG/tfg-jlopez/code/ros2/install/ros2_control_demo_testing:/home/juloau/Desktop/TFG/tfg-jlopez/code/ros2/install/pibotj_rr:/opt/ros/humble /usr/bin/cmake /home/juloau/Desktop/TFG/tfg-jlopez/code/ros2/src/ros-controls/ros2_control/joint_limits -DCMAKE_INSTALL_PREFIX=/home/juloau/Desktop/TFG/tfg-jlopez/code/ros2/install/joint_limits
[0.599s] -- Found ament_cmake: 1.3.10 (/opt/ros/humble/share/ament_cmake/cmake)
[0.870s] -- Override CMake install command with custom implementation using symlinks instead of copying resources
[0.894s] -- Found rclcpp: 16.0.10 (/opt/ros/humble/share/rclcpp/cmake)
[0.951s] -- Found rosidl_generator_c: 3.1.5 (/opt/ros/humble/share/rosidl_generator_c/cmake)
[0.958s] -- Found rosidl_adapter: 3.1.5 (/opt/ros/humble/share/rosidl_adapter/cmake)
[0.971s] -- Found rosidl_generator_cpp: 3.1.5 (/opt/ros/humble/share/rosidl_generator_cpp/cmake)
[1.006s] -- Using all available rosidl_typesupport_c: rosidl_typesupport_fastrtps_c;rosidl_typesupport_introspection_c
[1.030s] -- Using all available rosidl_typesupport_cpp: rosidl_typesupport_fastrtps_cpp;rosidl_typesupport_introspection_cpp
[1.115s] -- Found rmw_implementation_cmake: 6.1.2 (/opt/ros/humble/share/rmw_implementation_cmake/cmake)
[1.124s] -- Found rmw_fastrtps_cpp: 6.2.7 (/opt/ros/humble/share/rmw_fastrtps_cpp/cmake)
[1.375s] -- Using RMW implementation 'rmw_fastrtps_cpp' as default
[1.464s] -- Found rclcpp_lifecycle: 16.0.10 (/opt/ros/humble/share/rclcpp_lifecycle/cmake)
[1.486s] -- Found ament_cmake_gtest: 1.3.10 (/opt/ros/humble/share/ament_cmake_gtest/cmake)
[1.487s] -- Found launch_testing_ament_cmake: 1.0.6 (/opt/ros/humble/share/launch_testing_ament_cmake/cmake)
[1.488s] -- Found python_cmake_module: 0.10.0 (/opt/ros/humble/share/python_cmake_module/cmake)
[1.526s] -- Using PYTHON_EXECUTABLE: /usr/bin/python3
[1.526s] -- Using PYTHON_INCLUDE_DIRS: /usr/include/python3.10
[1.526s] -- Using PYTHON_LIBRARIES: /usr/lib/x86_64-linux-gnu/libpython3.10.so
[1.529s] -- Found gtest sources under '/opt/ros/humble/src/gtest_vendor': C++ tests using 'Google Test' will be built
[1.706s] -- Configuring done
[1.786s] -- Generating done
[1.794s] -- Build files have been written to: /home/juloau/Desktop/TFG/tfg-jlopez/code/ros2/build/joint_limits
[1.843s] Invoked command in '/home/juloau/Desktop/TFG/tfg-jlopez/code/ros2/build/joint_limits' returned '0': CMAKE_PREFIX_PATH=${CMAKE_PREFIX_PATH}:/home/juloau/Desktop/TFG/tfg-jlopez/code/ros2/install/rqt_joint_trajectory_controller:/home/juloau/Desktop/TFG/tfg-jlopez/code/ros2/install/rqt_controller_manager:/home/juloau/Desktop/TFG/tfg-jlopez/code/ros2/install/ros2controlcli:/home/juloau/Desktop/TFG/tfg-jlopez/code/ros2/install/ros2_controllers_test_nodes:/home/juloau/Desktop/TFG/tfg-jlopez/code/ros2/install/ros2_control_demo_testing:/home/juloau/Desktop/TFG/tfg-jlopez/code/ros2/install/pibotj_rr:/opt/ros/humble /usr/bin/cmake /home/juloau/Desktop/TFG/tfg-jlopez/code/ros2/src/ros-controls/ros2_control/joint_limits -DCMAKE_INSTALL_PREFIX=/home/juloau/Desktop/TFG/tfg-jlopez/code/ros2/install/joint_limits
[1.844s] Invoking command in '/home/juloau/Desktop/TFG/tfg-jlopez/code/ros2/build/joint_limits': CMAKE_PREFIX_PATH=${CMAKE_PREFIX_PATH}:/home/juloau/Desktop/TFG/tfg-jlopez/code/ros2/install/rqt_joint_trajectory_controller:/home/juloau/Desktop/TFG/tfg-jlopez/code/ros2/install/rqt_controller_manager:/home/juloau/Desktop/TFG/tfg-jlopez/code/ros2/install/ros2controlcli:/home/juloau/Desktop/TFG/tfg-jlopez/code/ros2/install/ros2_controllers_test_nodes:/home/juloau/Desktop/TFG/tfg-jlopez/code/ros2/install/ros2_control_demo_testing:/home/juloau/Desktop/TFG/tfg-jlopez/code/ros2/install/pibotj_rr:/opt/ros/humble /usr/bin/cmake --build /home/juloau/Desktop/TFG/tfg-jlopez/code/ros2/build/joint_limits -- -j8 -l8
[2.043s] [35m[1mConsolidate compiler generated dependencies of target gtest[0m
[2.050s] [35m[1mConsolidate compiler generated dependencies of target gtest_main[0m
[2.081s] [ 33%] Built target gtest_main
[2.095s] [ 66%] Built target gtest
[2.125s] [35m[1mConsolidate compiler generated dependencies of target joint_limits_rosparam_test[0m
[2.167s] [100%] Built target joint_limits_rosparam_test
[2.230s] Invoked command in '/home/juloau/Desktop/TFG/tfg-jlopez/code/ros2/build/joint_limits' returned '0': CMAKE_PREFIX_PATH=${CMAKE_PREFIX_PATH}:/home/juloau/Desktop/TFG/tfg-jlopez/code/ros2/install/rqt_joint_trajectory_controller:/home/juloau/Desktop/TFG/tfg-jlopez/code/ros2/install/rqt_controller_manager:/home/juloau/Desktop/TFG/tfg-jlopez/code/ros2/install/ros2controlcli:/home/juloau/Desktop/TFG/tfg-jlopez/code/ros2/install/ros2_controllers_test_nodes:/home/juloau/Desktop/TFG/tfg-jlopez/code/ros2/install/ros2_control_demo_testing:/home/juloau/Desktop/TFG/tfg-jlopez/code/ros2/install/pibotj_rr:/opt/ros/humble /usr/bin/cmake --build /home/juloau/Desktop/TFG/tfg-jlopez/code/ros2/build/joint_limits -- -j8 -l8
[2.328s] Invoking command in '/home/juloau/Desktop/TFG/tfg-jlopez/code/ros2/build/joint_limits': CMAKE_PREFIX_PATH=${CMAKE_PREFIX_PATH}:/home/juloau/Desktop/TFG/tfg-jlopez/code/ros2/install/rqt_joint_trajectory_controller:/home/juloau/Desktop/TFG/tfg-jlopez/code/ros2/install/rqt_controller_manager:/home/juloau/Desktop/TFG/tfg-jlopez/code/ros2/install/ros2controlcli:/home/juloau/Desktop/TFG/tfg-jlopez/code/ros2/install/ros2_controllers_test_nodes:/home/juloau/Desktop/TFG/tfg-jlopez/code/ros2/install/ros2_control_demo_testing:/home/juloau/Desktop/TFG/tfg-jlopez/code/ros2/install/pibotj_rr:/opt/ros/humble /usr/bin/cmake --install /home/juloau/Desktop/TFG/tfg-jlopez/code/ros2/build/joint_limits
[2.346s] -- Install configuration: ""
[2.347s] -- Execute custom install script
[2.348s] -- Up-to-date symlink: /home/juloau/Desktop/TFG/tfg-jlopez/code/ros2/install/joint_limits/include/joint_limits/joint_limits.hpp
[2.348s] -- Up-to-date symlink: /home/juloau/Desktop/TFG/tfg-jlopez/code/ros2/install/joint_limits/include/joint_limits/joint_limits_rosparam.hpp
[2.348s] -- Up-to-date symlink: /home/juloau/Desktop/TFG/tfg-jlopez/code/ros2/install/joint_limits/lib/joint_limits/joint_limits_rosparam_test
[2.349s] -- Up-to-date symlink: /home/juloau/Desktop/TFG/tfg-jlopez/code/ros2/install/joint_limits/share/joint_limits/test/joint_limits_rosparam.yaml
[2.349s] -- Up-to-date symlink: /home/juloau/Desktop/TFG/tfg-jlopez/code/ros2/install/joint_limits/share/ament_index/resource_index/package_run_dependencies/joint_limits
[2.350s] -- Up-to-date symlink: /home/juloau/Desktop/TFG/tfg-jlopez/code/ros2/install/joint_limits/share/ament_index/resource_index/parent_prefix_path/joint_limits
[2.351s] -- Up-to-date symlink: /home/juloau/Desktop/TFG/tfg-jlopez/code/ros2/install/joint_limits/share/joint_limits/environment/ament_prefix_path.sh
[2.355s] -- Up-to-date symlink: /home/juloau/Desktop/TFG/tfg-jlopez/code/ros2/install/joint_limits/share/joint_limits/environment/ament_prefix_path.dsv
[2.356s] -- Up-to-date symlink: /home/juloau/Desktop/TFG/tfg-jlopez/code/ros2/install/joint_limits/share/joint_limits/environment/path.sh
[2.357s] -- Up-to-date symlink: /home/juloau/Desktop/TFG/tfg-jlopez/code/ros2/install/joint_limits/share/joint_limits/environment/path.dsv
[2.357s] -- Up-to-date symlink: /home/juloau/Desktop/TFG/tfg-jlopez/code/ros2/install/joint_limits/share/joint_limits/local_setup.bash
[2.357s] -- Up-to-date symlink: /home/juloau/Desktop/TFG/tfg-jlopez/code/ros2/install/joint_limits/share/joint_limits/local_setup.sh
[2.357s] -- Up-to-date symlink: /home/juloau/Desktop/TFG/tfg-jlopez/code/ros2/install/joint_limits/share/joint_limits/local_setup.zsh
[2.357s] -- Up-to-date symlink: /home/juloau/Desktop/TFG/tfg-jlopez/code/ros2/install/joint_limits/share/joint_limits/local_setup.dsv
[2.357s] -- Symlinking: /home/juloau/Desktop/TFG/tfg-jlopez/code/ros2/install/joint_limits/share/joint_limits/package.dsv
[2.378s] -- Up-to-date symlink: /home/juloau/Desktop/TFG/tfg-jlopez/code/ros2/install/joint_limits/share/ament_index/resource_index/packages/joint_limits
[2.378s] -- Up-to-date symlink: /home/juloau/Desktop/TFG/tfg-jlopez/code/ros2/install/joint_limits/share/joint_limits/cmake/ament_cmake_export_dependencies-extras.cmake
[2.379s] -- Up-to-date symlink: /home/juloau/Desktop/TFG/tfg-jlopez/code/ros2/install/joint_limits/share/joint_limits/cmake/ament_cmake_export_include_directories-extras.cmake
[2.380s] -- Up-to-date symlink: /home/juloau/Desktop/TFG/tfg-jlopez/code/ros2/install/joint_limits/share/joint_limits/cmake/joint_limitsConfig.cmake
[2.380s] -- Up-to-date symlink: /home/juloau/Desktop/TFG/tfg-jlopez/code/ros2/install/joint_limits/share/joint_limits/cmake/joint_limitsConfig-version.cmake
[2.381s] -- Up-to-date symlink: /home/juloau/Desktop/TFG/tfg-jlopez/code/ros2/install/joint_limits/share/joint_limits/package.xml
[2.385s] Invoked command in '/home/juloau/Desktop/TFG/tfg-jlopez/code/ros2/build/joint_limits' returned '0': CMAKE_PREFIX_PATH=${CMAKE_PREFIX_PATH}:/home/juloau/Desktop/TFG/tfg-jlopez/code/ros2/install/rqt_joint_trajectory_controller:/home/juloau/Desktop/TFG/tfg-jlopez/code/ros2/install/rqt_controller_manager:/home/juloau/Desktop/TFG/tfg-jlopez/code/ros2/install/ros2controlcli:/home/juloau/Desktop/TFG/tfg-jlopez/code/ros2/install/ros2_controllers_test_nodes:/home/juloau/Desktop/TFG/tfg-jlopez/code/ros2/install/ros2_control_demo_testing:/home/juloau/Desktop/TFG/tfg-jlopez/code/ros2/install/pibotj_rr:/opt/ros/humble /usr/bin/cmake --install /home/juloau/Desktop/TFG/tfg-jlopez/code/ros2/build/joint_limits
