[0.000000] (-) TimerEvent: {}
[0.000185] (-) JobUnselected: {'identifier': 'ackermann_steering_controller'}
[0.000225] (-) JobUnselected: {'identifier': 'admittance_controller'}
[0.000245] (-) JobUnselected: {'identifier': 'bicycle_steering_controller'}
[0.000262] (-) JobUnselected: {'identifier': 'control_msgs'}
[0.000278] (-) JobUnselected: {'identifier': 'control_toolbox'}
[0.000293] (-) JobUnselected: {'identifier': 'controller_interface'}
[0.000309] (-) JobUnselected: {'identifier': 'controller_manager'}
[0.000324] (-) JobUnselected: {'identifier': 'controller_manager_msgs'}
[0.000339] (-) JobUnselected: {'identifier': 'diff_drive_controller'}
[0.000354] (-) JobUnselected: {'identifier': 'effort_controllers'}
[0.000369] (-) JobUnselected: {'identifier': 'force_torque_sensor_broadcaster'}
[0.000385] (-) JobUnselected: {'identifier': 'forward_command_controller'}
[0.000399] (-) JobUnselected: {'identifier': 'gazebo_ros2_control'}
[0.000414] (-) JobUnselected: {'identifier': 'gazebo_ros2_control_demos'}
[0.000429] (-) JobUnselected: {'identifier': 'gripper_controllers'}
[0.000444] (-) JobUnselected: {'identifier': 'gz_ros2_control_tests'}
[0.000459] (-) JobUnselected: {'identifier': 'hardware_interface'}
[0.000474] (-) JobUnselected: {'identifier': 'hardware_interface_testing'}
[0.000489] (-) JobUnselected: {'identifier': 'ign_ros2_control'}
[0.000505] (-) JobUnselected: {'identifier': 'ign_ros2_control_demos'}
[0.000520] (-) JobUnselected: {'identifier': 'imu_sensor_broadcaster'}
[0.000535] (-) JobUnselected: {'identifier': 'joint_limits'}
[0.000550] (-) JobUnselected: {'identifier': 'joint_state_broadcaster'}
[0.000564] (-) JobUnselected: {'identifier': 'joint_trajectory_controller'}
[0.000579] (-) JobUnselected: {'identifier': 'kinematics_interface'}
[0.000594] (-) JobUnselected: {'identifier': 'kinematics_interface_kdl'}
[0.000609] (-) JobUnselected: {'identifier': 'pibotj'}
[0.000624] (-) JobUnselected: {'identifier': 'pibotj_r2c'}
[0.000639] (-) JobUnselected: {'identifier': 'pid_controller'}
[0.000654] (-) JobUnselected: {'identifier': 'position_controllers'}
[0.000669] (-) JobUnselected: {'identifier': 'range_sensor_broadcaster'}
[0.000684] (-) JobUnselected: {'identifier': 'realtime_tools'}
[0.000698] (-) JobUnselected: {'identifier': 'ros2_control'}
[0.000713] (-) JobUnselected: {'identifier': 'ros2_control_demo_description'}
[0.000728] (-) JobUnselected: {'identifier': 'ros2_control_demo_example_1'}
[0.000756] (-) JobUnselected: {'identifier': 'ros2_control_demo_example_10'}
[0.000772] (-) JobUnselected: {'identifier': 'ros2_control_demo_example_11'}
[0.000787] (-) JobUnselected: {'identifier': 'ros2_control_demo_example_12'}
[0.000802] (-) JobUnselected: {'identifier': 'ros2_control_demo_example_14'}
[0.000817] (-) JobUnselected: {'identifier': 'ros2_control_demo_example_15'}
[0.000833] (-) JobUnselected: {'identifier': 'ros2_control_demo_example_2'}
[0.000848] (-) JobUnselected: {'identifier': 'ros2_control_demo_example_3'}
[0.000863] (-) JobUnselected: {'identifier': 'ros2_control_demo_example_4'}
[0.000878] (-) JobUnselected: {'identifier': 'ros2_control_demo_example_5'}
[0.000893] (-) JobUnselected: {'identifier': 'ros2_control_demo_example_6'}
[0.000908] (-) JobUnselected: {'identifier': 'ros2_control_demo_example_7'}
[0.000924] (-) JobUnselected: {'identifier': 'ros2_control_demo_example_8'}
[0.000939] (-) JobUnselected: {'identifier': 'ros2_control_demo_example_9'}
[0.000954] (-) JobUnselected: {'identifier': 'ros2_control_demo_testing'}
[0.000969] (-) JobUnselected: {'identifier': 'ros2_control_demos'}
[0.000985] (-) JobUnselected: {'identifier': 'ros2_control_test_assets'}
[0.001000] (-) JobUnselected: {'identifier': 'ros2_controllers'}
[0.001015] (-) JobUnselected: {'identifier': 'ros2_controllers_test_nodes'}
[0.001030] (-) JobUnselected: {'identifier': 'ros2controlcli'}
[0.001045] (-) JobUnselected: {'identifier': 'rqt_controller_manager'}
[0.001061] (-) JobUnselected: {'identifier': 'rqt_joint_trajectory_controller'}
[0.001076] (-) JobUnselected: {'identifier': 'steering_controllers_library'}
[0.001091] (-) JobUnselected: {'identifier': 'transmission_interface'}
[0.001113] (-) JobUnselected: {'identifier': 'tricycle_controller'}
[0.001129] (-) JobUnselected: {'identifier': 'tricycle_steering_controller'}
[0.001144] (-) JobUnselected: {'identifier': 'velocity_controllers'}
[0.001160] (-) EventReactorShutdown: {}
