[0.015s] Invoking command in '/home/juloau/Desktop/TFG/tfg-jlopez/code/ros2/build/pibotj_r2c': CMAKE_PREFIX_PATH=${CMAKE_PREFIX_PATH}:/home/juloau/Desktop/TFG/tfg-jlopez/code/ros2/install/rqt_joint_trajectory_controller:/home/juloau/Desktop/TFG/tfg-jlopez/code/ros2/install/rqt_controller_manager:/home/juloau/Desktop/TFG/tfg-jlopez/code/ros2/install/ros2controlcli:/home/juloau/Desktop/TFG/tfg-jlopez/code/ros2/install/ros2_controllers_test_nodes:/home/juloau/Desktop/TFG/tfg-jlopez/code/ros2/install/ros2_control_demo_testing:/opt/ros/humble /usr/bin/cmake --build /home/juloau/Desktop/TFG/tfg-jlopez/code/ros2/build/pibotj_r2c -- -j8 -l8
[0.045s] -- Found ament_cmake: 1.3.9 (/opt/ros/humble/share/ament_cmake/cmake)
[0.184s] -- Override CMake install command with custom implementation using symlinks instead of copying resources
[0.190s] -- Found ament_lint_auto: 0.12.11 (/opt/ros/humble/share/ament_lint_auto/cmake)
[0.267s] -- Added test 'copyright' to check source files copyright and LICENSE
[0.270s] -- Added test 'flake8' to check Python code syntax and style conventions
[0.271s] -- Added test 'lint_cmake' to check CMake code style
[0.271s] -- Added test 'pep257' to check Python code against some of the docstring style conventions in PEP 257
[0.273s] -- Added test 'xmllint' to check XML markup files
[0.274s] -- Configuring done
[0.276s] -- Generating done
[0.277s] -- Build files have been written to: /home/juloau/Desktop/TFG/tfg-jlopez/code/ros2/build/pibotj_r2c
[0.306s] Invoked command in '/home/juloau/Desktop/TFG/tfg-jlopez/code/ros2/build/pibotj_r2c' returned '0': CMAKE_PREFIX_PATH=${CMAKE_PREFIX_PATH}:/home/juloau/Desktop/TFG/tfg-jlopez/code/ros2/install/rqt_joint_trajectory_controller:/home/juloau/Desktop/TFG/tfg-jlopez/code/ros2/install/rqt_controller_manager:/home/juloau/Desktop/TFG/tfg-jlopez/code/ros2/install/ros2controlcli:/home/juloau/Desktop/TFG/tfg-jlopez/code/ros2/install/ros2_controllers_test_nodes:/home/juloau/Desktop/TFG/tfg-jlopez/code/ros2/install/ros2_control_demo_testing:/opt/ros/humble /usr/bin/cmake --build /home/juloau/Desktop/TFG/tfg-jlopez/code/ros2/build/pibotj_r2c -- -j8 -l8
[0.356s] Invoking command in '/home/juloau/Desktop/TFG/tfg-jlopez/code/ros2/build/pibotj_r2c': CMAKE_PREFIX_PATH=${CMAKE_PREFIX_PATH}:/home/juloau/Desktop/TFG/tfg-jlopez/code/ros2/install/rqt_joint_trajectory_controller:/home/juloau/Desktop/TFG/tfg-jlopez/code/ros2/install/rqt_controller_manager:/home/juloau/Desktop/TFG/tfg-jlopez/code/ros2/install/ros2controlcli:/home/juloau/Desktop/TFG/tfg-jlopez/code/ros2/install/ros2_controllers_test_nodes:/home/juloau/Desktop/TFG/tfg-jlopez/code/ros2/install/ros2_control_demo_testing:/opt/ros/humble /usr/bin/cmake --install /home/juloau/Desktop/TFG/tfg-jlopez/code/ros2/build/pibotj_r2c
[0.366s] -- Install configuration: ""
[0.366s] -- Execute custom install script
[0.366s] -- Up-to-date symlink: /home/juloau/Desktop/TFG/tfg-jlopez/code/ros2/install/pibotj_r2c/share/pibotj_r2c/config/ball_tracker_params_robot.yaml
[0.367s] -- Up-to-date symlink: /home/juloau/Desktop/TFG/tfg-jlopez/code/ros2/install/pibotj_r2c/share/pibotj_r2c/config/ball_tracker_params_sim.yaml
[0.367s] -- Up-to-date symlink: /home/juloau/Desktop/TFG/tfg-jlopez/code/ros2/install/pibotj_r2c/share/pibotj_r2c/config/drive_bot.rviz
[0.367s] -- Up-to-date symlink: /home/juloau/Desktop/TFG/tfg-jlopez/code/ros2/install/pibotj_r2c/share/pibotj_r2c/config/empty.yaml
[0.367s] -- Up-to-date symlink: /home/juloau/Desktop/TFG/tfg-jlopez/code/ros2/install/pibotj_r2c/share/pibotj_r2c/config/gaz_ros2_ctl_use_sim.yaml
[0.367s] -- Up-to-date symlink: /home/juloau/Desktop/TFG/tfg-jlopez/code/ros2/install/pibotj_r2c/share/pibotj_r2c/config/gazebo_params.yaml
[0.367s] -- Up-to-date symlink: /home/juloau/Desktop/TFG/tfg-jlopez/code/ros2/install/pibotj_r2c/share/pibotj_r2c/config/joystick.yaml
[0.367s] -- Up-to-date symlink: /home/juloau/Desktop/TFG/tfg-jlopez/code/ros2/install/pibotj_r2c/share/pibotj_r2c/config/main.rviz
[0.367s] -- Up-to-date symlink: /home/juloau/Desktop/TFG/tfg-jlopez/code/ros2/install/pibotj_r2c/share/pibotj_r2c/config/map.rviz
[0.367s] -- Up-to-date symlink: /home/juloau/Desktop/TFG/tfg-jlopez/code/ros2/install/pibotj_r2c/share/pibotj_r2c/config/mapper_params_online_async.yaml
[0.368s] -- Up-to-date symlink: /home/juloau/Desktop/TFG/tfg-jlopez/code/ros2/install/pibotj_r2c/share/pibotj_r2c/config/my_controllers.yaml
[0.368s] -- Up-to-date symlink: /home/juloau/Desktop/TFG/tfg-jlopez/code/ros2/install/pibotj_r2c/share/pibotj_r2c/config/nav2_params.yaml
[0.368s] -- Up-to-date symlink: /home/juloau/Desktop/TFG/tfg-jlopez/code/ros2/install/pibotj_r2c/share/pibotj_r2c/config/twist_mux.yaml
[0.368s] -- Up-to-date symlink: /home/juloau/Desktop/TFG/tfg-jlopez/code/ros2/install/pibotj_r2c/share/pibotj_r2c/config/view_bot.rviz
[0.368s] -- Up-to-date symlink: /home/juloau/Desktop/TFG/tfg-jlopez/code/ros2/install/pibotj_r2c/share/pibotj_r2c/description/camera.xacro
[0.368s] -- Up-to-date symlink: /home/juloau/Desktop/TFG/tfg-jlopez/code/ros2/install/pibotj_r2c/share/pibotj_r2c/description/depth_camera.xacro
[0.368s] -- Up-to-date symlink: /home/juloau/Desktop/TFG/tfg-jlopez/code/ros2/install/pibotj_r2c/share/pibotj_r2c/description/face.xacro
[0.368s] -- Up-to-date symlink: /home/juloau/Desktop/TFG/tfg-jlopez/code/ros2/install/pibotj_r2c/share/pibotj_r2c/description/gazebo_control.xacro
[0.369s] -- Up-to-date symlink: /home/juloau/Desktop/TFG/tfg-jlopez/code/ros2/install/pibotj_r2c/share/pibotj_r2c/description/inertial_macros.xacro
[0.369s] -- Up-to-date symlink: /home/juloau/Desktop/TFG/tfg-jlopez/code/ros2/install/pibotj_r2c/share/pibotj_r2c/description/lidar.xacro
[0.369s] -- Up-to-date symlink: /home/juloau/Desktop/TFG/tfg-jlopez/code/ros2/install/pibotj_r2c/share/pibotj_r2c/description/robot.urdf.xacro
[0.369s] -- Up-to-date symlink: /home/juloau/Desktop/TFG/tfg-jlopez/code/ros2/install/pibotj_r2c/share/pibotj_r2c/description/robot_core.xacro
[0.369s] -- Up-to-date symlink: /home/juloau/Desktop/TFG/tfg-jlopez/code/ros2/install/pibotj_r2c/share/pibotj_r2c/description/ros2_control.xacro
[0.369s] -- Up-to-date symlink: /home/juloau/Desktop/TFG/tfg-jlopez/code/ros2/install/pibotj_r2c/share/pibotj_r2c/launch/ball_tracker.launch.py
[0.369s] -- Up-to-date symlink: /home/juloau/Desktop/TFG/tfg-jlopez/code/ros2/install/pibotj_r2c/share/pibotj_r2c/launch/camera.launch.py
[0.369s] -- Up-to-date symlink: /home/juloau/Desktop/TFG/tfg-jlopez/code/ros2/install/pibotj_r2c/share/pibotj_r2c/launch/joystick.launch.py
[0.369s] -- Up-to-date symlink: /home/juloau/Desktop/TFG/tfg-jlopez/code/ros2/install/pibotj_r2c/share/pibotj_r2c/launch/launch_robot.launch.py
[0.370s] -- Up-to-date symlink: /home/juloau/Desktop/TFG/tfg-jlopez/code/ros2/install/pibotj_r2c/share/pibotj_r2c/launch/launch_sim.launch.py
[0.370s] -- Up-to-date symlink: /home/juloau/Desktop/TFG/tfg-jlopez/code/ros2/install/pibotj_r2c/share/pibotj_r2c/launch/localization_launch.py
[0.370s] -- Up-to-date symlink: /home/juloau/Desktop/TFG/tfg-jlopez/code/ros2/install/pibotj_r2c/share/pibotj_r2c/launch/navigation_launch.py
[0.370s] -- Up-to-date symlink: /home/juloau/Desktop/TFG/tfg-jlopez/code/ros2/install/pibotj_r2c/share/pibotj_r2c/launch/online_async_launch.py
[0.370s] -- Up-to-date symlink: /home/juloau/Desktop/TFG/tfg-jlopez/code/ros2/install/pibotj_r2c/share/pibotj_r2c/launch/rplidar.launch.py
[0.370s] -- Up-to-date symlink: /home/juloau/Desktop/TFG/tfg-jlopez/code/ros2/install/pibotj_r2c/share/pibotj_r2c/launch/rsp.launch.py
[0.370s] -- Up-to-date symlink: /home/juloau/Desktop/TFG/tfg-jlopez/code/ros2/install/pibotj_r2c/share/pibotj_r2c/worlds/empty.world
[0.370s] -- Up-to-date symlink: /home/juloau/Desktop/TFG/tfg-jlopez/code/ros2/install/pibotj_r2c/share/pibotj_r2c/worlds/obstacles.world
[0.371s] -- Up-to-date symlink: /home/juloau/Desktop/TFG/tfg-jlopez/code/ros2/install/pibotj_r2c/share/pibotj_r2c/meshes/base.stl
[0.371s] -- Up-to-date symlink: /home/juloau/Desktop/TFG/tfg-jlopez/code/ros2/install/pibotj_r2c/share/pibotj_r2c/meshes/bolaloca.stl
[0.371s] -- Up-to-date symlink: /home/juloau/Desktop/TFG/tfg-jlopez/code/ros2/install/pibotj_r2c/share/pibotj_r2c/meshes/camara.stl
[0.371s] -- Up-to-date symlink: /home/juloau/Desktop/TFG/tfg-jlopez/code/ros2/install/pibotj_r2c/share/pibotj_r2c/meshes/wheel_ring.stl
[0.371s] -- Up-to-date symlink: /home/juloau/Desktop/TFG/tfg-jlopez/code/ros2/install/pibotj_r2c/share/ament_index/resource_index/package_run_dependencies/pibotj_r2c
[0.371s] -- Up-to-date symlink: /home/juloau/Desktop/TFG/tfg-jlopez/code/ros2/install/pibotj_r2c/share/ament_index/resource_index/parent_prefix_path/pibotj_r2c
[0.371s] -- Up-to-date symlink: /home/juloau/Desktop/TFG/tfg-jlopez/code/ros2/install/pibotj_r2c/share/pibotj_r2c/environment/ament_prefix_path.sh
[0.372s] -- Up-to-date symlink: /home/juloau/Desktop/TFG/tfg-jlopez/code/ros2/install/pibotj_r2c/share/pibotj_r2c/environment/ament_prefix_path.dsv
[0.372s] -- Up-to-date symlink: /home/juloau/Desktop/TFG/tfg-jlopez/code/ros2/install/pibotj_r2c/share/pibotj_r2c/environment/path.sh
[0.372s] -- Up-to-date symlink: /home/juloau/Desktop/TFG/tfg-jlopez/code/ros2/install/pibotj_r2c/share/pibotj_r2c/environment/path.dsv
[0.372s] -- Up-to-date symlink: /home/juloau/Desktop/TFG/tfg-jlopez/code/ros2/install/pibotj_r2c/share/pibotj_r2c/local_setup.bash
[0.372s] -- Up-to-date symlink: /home/juloau/Desktop/TFG/tfg-jlopez/code/ros2/install/pibotj_r2c/share/pibotj_r2c/local_setup.sh
[0.372s] -- Up-to-date symlink: /home/juloau/Desktop/TFG/tfg-jlopez/code/ros2/install/pibotj_r2c/share/pibotj_r2c/local_setup.zsh
[0.372s] -- Up-to-date symlink: /home/juloau/Desktop/TFG/tfg-jlopez/code/ros2/install/pibotj_r2c/share/pibotj_r2c/local_setup.dsv
[0.373s] -- Symlinking: /home/juloau/Desktop/TFG/tfg-jlopez/code/ros2/install/pibotj_r2c/share/pibotj_r2c/package.dsv
[0.385s] -- Up-to-date symlink: /home/juloau/Desktop/TFG/tfg-jlopez/code/ros2/install/pibotj_r2c/share/ament_index/resource_index/packages/pibotj_r2c
[0.386s] -- Up-to-date symlink: /home/juloau/Desktop/TFG/tfg-jlopez/code/ros2/install/pibotj_r2c/share/pibotj_r2c/cmake/pibotj_r2cConfig.cmake
[0.386s] -- Up-to-date symlink: /home/juloau/Desktop/TFG/tfg-jlopez/code/ros2/install/pibotj_r2c/share/pibotj_r2c/cmake/pibotj_r2cConfig-version.cmake
[0.386s] -- Up-to-date symlink: /home/juloau/Desktop/TFG/tfg-jlopez/code/ros2/install/pibotj_r2c/share/pibotj_r2c/package.xml
[0.388s] Invoked command in '/home/juloau/Desktop/TFG/tfg-jlopez/code/ros2/build/pibotj_r2c' returned '0': CMAKE_PREFIX_PATH=${CMAKE_PREFIX_PATH}:/home/juloau/Desktop/TFG/tfg-jlopez/code/ros2/install/rqt_joint_trajectory_controller:/home/juloau/Desktop/TFG/tfg-jlopez/code/ros2/install/rqt_controller_manager:/home/juloau/Desktop/TFG/tfg-jlopez/code/ros2/install/ros2controlcli:/home/juloau/Desktop/TFG/tfg-jlopez/code/ros2/install/ros2_controllers_test_nodes:/home/juloau/Desktop/TFG/tfg-jlopez/code/ros2/install/ros2_control_demo_testing:/opt/ros/humble /usr/bin/cmake --install /home/juloau/Desktop/TFG/tfg-jlopez/code/ros2/build/pibotj_r2c
