running egg_info
creating ../../build/pibotj_rr/pibotj_rr.egg-info
writing ../../build/pibotj_rr/pibotj_rr.egg-info/PKG-INFO
writing dependency_links to ../../build/pibotj_rr/pibotj_rr.egg-info/dependency_links.txt
writing entry points to ../../build/pibotj_rr/pibotj_rr.egg-info/entry_points.txt
writing requirements to ../../build/pibotj_rr/pibotj_rr.egg-info/requires.txt
writing top-level names to ../../build/pibotj_rr/pibotj_rr.egg-info/top_level.txt
writing manifest file '../../build/pibotj_rr/pibotj_rr.egg-info/SOURCES.txt'
reading manifest file '../../build/pibotj_rr/pibotj_rr.egg-info/SOURCES.txt'
writing manifest file '../../build/pibotj_rr/pibotj_rr.egg-info/SOURCES.txt'
running build
running build_py
creating /home/juloau/Desktop/TFG/tfg-jlopez/code/ros2/build/pibotj_rr/build
creating /home/juloau/Desktop/TFG/tfg-jlopez/code/ros2/build/pibotj_rr/build/lib
creating /home/juloau/Desktop/TFG/tfg-jlopez/code/ros2/build/pibotj_rr/build/lib/pibotj_rr
copying pibotj_rr/motors_controller_node.py -> /home/juloau/Desktop/TFG/tfg-jlopez/code/ros2/build/pibotj_rr/build/lib/pibotj_rr
copying pibotj_rr/camera_tfv2_node.py -> /home/juloau/Desktop/TFG/tfg-jlopez/code/ros2/build/pibotj_rr/build/lib/pibotj_rr
copying pibotj_rr/__init__.py -> /home/juloau/Desktop/TFG/tfg-jlopez/code/ros2/build/pibotj_rr/build/lib/pibotj_rr
copying pibotj_rr/camera_tfv1_node.py -> /home/juloau/Desktop/TFG/tfg-jlopez/code/ros2/build/pibotj_rr/build/lib/pibotj_rr
copying pibotj_rr/gps_node.py -> /home/juloau/Desktop/TFG/tfg-jlopez/code/ros2/build/pibotj_rr/build/lib/pibotj_rr
copying pibotj_rr/camera.py -> /home/juloau/Desktop/TFG/tfg-jlopez/code/ros2/build/pibotj_rr/build/lib/pibotj_rr
running install
running install_lib
creating /home/juloau/Desktop/TFG/tfg-jlopez/code/ros2/install/pibotj_rr/lib/python3.10/site-packages/pibotj_rr
copying /home/juloau/Desktop/TFG/tfg-jlopez/code/ros2/build/pibotj_rr/build/lib/pibotj_rr/motors_controller_node.py -> /home/juloau/Desktop/TFG/tfg-jlopez/code/ros2/install/pibotj_rr/lib/python3.10/site-packages/pibotj_rr
copying /home/juloau/Desktop/TFG/tfg-jlopez/code/ros2/build/pibotj_rr/build/lib/pibotj_rr/camera_tfv2_node.py -> /home/juloau/Desktop/TFG/tfg-jlopez/code/ros2/install/pibotj_rr/lib/python3.10/site-packages/pibotj_rr
copying /home/juloau/Desktop/TFG/tfg-jlopez/code/ros2/build/pibotj_rr/build/lib/pibotj_rr/__init__.py -> /home/juloau/Desktop/TFG/tfg-jlopez/code/ros2/install/pibotj_rr/lib/python3.10/site-packages/pibotj_rr
copying /home/juloau/Desktop/TFG/tfg-jlopez/code/ros2/build/pibotj_rr/build/lib/pibotj_rr/camera_tfv1_node.py -> /home/juloau/Desktop/TFG/tfg-jlopez/code/ros2/install/pibotj_rr/lib/python3.10/site-packages/pibotj_rr
copying /home/juloau/Desktop/TFG/tfg-jlopez/code/ros2/build/pibotj_rr/build/lib/pibotj_rr/gps_node.py -> /home/juloau/Desktop/TFG/tfg-jlopez/code/ros2/install/pibotj_rr/lib/python3.10/site-packages/pibotj_rr
copying /home/juloau/Desktop/TFG/tfg-jlopez/code/ros2/build/pibotj_rr/build/lib/pibotj_rr/camera.py -> /home/juloau/Desktop/TFG/tfg-jlopez/code/ros2/install/pibotj_rr/lib/python3.10/site-packages/pibotj_rr
byte-compiling /home/juloau/Desktop/TFG/tfg-jlopez/code/ros2/install/pibotj_rr/lib/python3.10/site-packages/pibotj_rr/motors_controller_node.py to motors_controller_node.cpython-310.pyc
byte-compiling /home/juloau/Desktop/TFG/tfg-jlopez/code/ros2/install/pibotj_rr/lib/python3.10/site-packages/pibotj_rr/camera_tfv2_node.py to camera_tfv2_node.cpython-310.pyc
byte-compiling /home/juloau/Desktop/TFG/tfg-jlopez/code/ros2/install/pibotj_rr/lib/python3.10/site-packages/pibotj_rr/__init__.py to __init__.cpython-310.pyc
byte-compiling /home/juloau/Desktop/TFG/tfg-jlopez/code/ros2/install/pibotj_rr/lib/python3.10/site-packages/pibotj_rr/camera_tfv1_node.py to camera_tfv1_node.cpython-310.pyc
byte-compiling /home/juloau/Desktop/TFG/tfg-jlopez/code/ros2/install/pibotj_rr/lib/python3.10/site-packages/pibotj_rr/gps_node.py to gps_node.cpython-310.pyc
byte-compiling /home/juloau/Desktop/TFG/tfg-jlopez/code/ros2/install/pibotj_rr/lib/python3.10/site-packages/pibotj_rr/camera.py to camera.cpython-310.pyc
running install_data
creating /home/juloau/Desktop/TFG/tfg-jlopez/code/ros2/install/pibotj_rr/share/ament_index
creating /home/juloau/Desktop/TFG/tfg-jlopez/code/ros2/install/pibotj_rr/share/ament_index/resource_index
creating /home/juloau/Desktop/TFG/tfg-jlopez/code/ros2/install/pibotj_rr/share/ament_index/resource_index/packages
copying resource/pibotj_rr -> /home/juloau/Desktop/TFG/tfg-jlopez/code/ros2/install/pibotj_rr/share/ament_index/resource_index/packages
copying package.xml -> /home/juloau/Desktop/TFG/tfg-jlopez/code/ros2/install/pibotj_rr/share/pibotj_rr
running install_egg_info
Copying ../../build/pibotj_rr/pibotj_rr.egg-info to /home/juloau/Desktop/TFG/tfg-jlopez/code/ros2/install/pibotj_rr/lib/python3.10/site-packages/pibotj_rr-0.0.0-py3.10.egg-info
running install_scripts
Installing camera_node script to /home/juloau/Desktop/TFG/tfg-jlopez/code/ros2/install/pibotj_rr/lib/pibotj_rr
Installing camera_tfv1_node script to /home/juloau/Desktop/TFG/tfg-jlopez/code/ros2/install/pibotj_rr/lib/pibotj_rr
Installing camera_tfv2_node script to /home/juloau/Desktop/TFG/tfg-jlopez/code/ros2/install/pibotj_rr/lib/pibotj_rr
Installing gps_node script to /home/juloau/Desktop/TFG/tfg-jlopez/code/ros2/install/pibotj_rr/lib/pibotj_rr
Installing motors_controller_node script to /home/juloau/Desktop/TFG/tfg-jlopez/code/ros2/install/pibotj_rr/lib/pibotj_rr
writing list of installed files to '/home/juloau/Desktop/TFG/tfg-jlopez/code/ros2/build/pibotj_rr/install.log'
