[0.867s] Invoking command in '/home/juloau/Desktop/TFG/tfg-jlopez/code/ros2/src/pibotj_rr': PYTHONPATH=/home/juloau/Desktop/TFG/tfg-jlopez/code/ros2/build/pibotj_rr/prefix_override:/usr/lib/python3/dist-packages/colcon_core/task/python/colcon_distutils_commands:/home/juloau/Desktop/TFG/tfg-jlopez/code/ros2/install/pibotj_rr/lib/python3.10/site-packages:${PYTHONPATH} /usr/bin/python3 -W ignore:setup.py install is deprecated setup.py egg_info --egg-base ../../build/pibotj_rr build --build-base /home/juloau/Desktop/TFG/tfg-jlopez/code/ros2/build/pibotj_rr/build install --record /home/juloau/Desktop/TFG/tfg-jlopez/code/ros2/build/pibotj_rr/install.log --single-version-externally-managed install_data
[1.154s] running egg_info
[1.154s] creating ../../build/pibotj_rr/pibotj_rr.egg-info
[1.155s] writing ../../build/pibotj_rr/pibotj_rr.egg-info/PKG-INFO
[1.155s] writing dependency_links to ../../build/pibotj_rr/pibotj_rr.egg-info/dependency_links.txt
[1.155s] writing entry points to ../../build/pibotj_rr/pibotj_rr.egg-info/entry_points.txt
[1.155s] writing requirements to ../../build/pibotj_rr/pibotj_rr.egg-info/requires.txt
[1.155s] writing top-level names to ../../build/pibotj_rr/pibotj_rr.egg-info/top_level.txt
[1.155s] writing manifest file '../../build/pibotj_rr/pibotj_rr.egg-info/SOURCES.txt'
[1.157s] reading manifest file '../../build/pibotj_rr/pibotj_rr.egg-info/SOURCES.txt'
[1.157s] writing manifest file '../../build/pibotj_rr/pibotj_rr.egg-info/SOURCES.txt'
[1.158s] running build
[1.158s] running build_py
[1.158s] creating /home/juloau/Desktop/TFG/tfg-jlopez/code/ros2/build/pibotj_rr/build
[1.158s] creating /home/juloau/Desktop/TFG/tfg-jlopez/code/ros2/build/pibotj_rr/build/lib
[1.158s] creating /home/juloau/Desktop/TFG/tfg-jlopez/code/ros2/build/pibotj_rr/build/lib/pibotj_rr
[1.158s] copying pibotj_rr/motors_controller_node.py -> /home/juloau/Desktop/TFG/tfg-jlopez/code/ros2/build/pibotj_rr/build/lib/pibotj_rr
[1.158s] copying pibotj_rr/camera_tfv2_node.py -> /home/juloau/Desktop/TFG/tfg-jlopez/code/ros2/build/pibotj_rr/build/lib/pibotj_rr
[1.158s] copying pibotj_rr/__init__.py -> /home/juloau/Desktop/TFG/tfg-jlopez/code/ros2/build/pibotj_rr/build/lib/pibotj_rr
[1.158s] copying pibotj_rr/camera_tfv1_node.py -> /home/juloau/Desktop/TFG/tfg-jlopez/code/ros2/build/pibotj_rr/build/lib/pibotj_rr
[1.158s] copying pibotj_rr/gps_node.py -> /home/juloau/Desktop/TFG/tfg-jlopez/code/ros2/build/pibotj_rr/build/lib/pibotj_rr
[1.158s] copying pibotj_rr/camera.py -> /home/juloau/Desktop/TFG/tfg-jlopez/code/ros2/build/pibotj_rr/build/lib/pibotj_rr
[1.159s] running install
[1.159s] running install_lib
[1.160s] creating /home/juloau/Desktop/TFG/tfg-jlopez/code/ros2/install/pibotj_rr/lib/python3.10/site-packages/pibotj_rr
[1.160s] copying /home/juloau/Desktop/TFG/tfg-jlopez/code/ros2/build/pibotj_rr/build/lib/pibotj_rr/motors_controller_node.py -> /home/juloau/Desktop/TFG/tfg-jlopez/code/ros2/install/pibotj_rr/lib/python3.10/site-packages/pibotj_rr
[1.160s] copying /home/juloau/Desktop/TFG/tfg-jlopez/code/ros2/build/pibotj_rr/build/lib/pibotj_rr/camera_tfv2_node.py -> /home/juloau/Desktop/TFG/tfg-jlopez/code/ros2/install/pibotj_rr/lib/python3.10/site-packages/pibotj_rr
[1.160s] copying /home/juloau/Desktop/TFG/tfg-jlopez/code/ros2/build/pibotj_rr/build/lib/pibotj_rr/__init__.py -> /home/juloau/Desktop/TFG/tfg-jlopez/code/ros2/install/pibotj_rr/lib/python3.10/site-packages/pibotj_rr
[1.160s] copying /home/juloau/Desktop/TFG/tfg-jlopez/code/ros2/build/pibotj_rr/build/lib/pibotj_rr/camera_tfv1_node.py -> /home/juloau/Desktop/TFG/tfg-jlopez/code/ros2/install/pibotj_rr/lib/python3.10/site-packages/pibotj_rr
[1.160s] copying /home/juloau/Desktop/TFG/tfg-jlopez/code/ros2/build/pibotj_rr/build/lib/pibotj_rr/gps_node.py -> /home/juloau/Desktop/TFG/tfg-jlopez/code/ros2/install/pibotj_rr/lib/python3.10/site-packages/pibotj_rr
[1.160s] copying /home/juloau/Desktop/TFG/tfg-jlopez/code/ros2/build/pibotj_rr/build/lib/pibotj_rr/camera.py -> /home/juloau/Desktop/TFG/tfg-jlopez/code/ros2/install/pibotj_rr/lib/python3.10/site-packages/pibotj_rr
[1.160s] byte-compiling /home/juloau/Desktop/TFG/tfg-jlopez/code/ros2/install/pibotj_rr/lib/python3.10/site-packages/pibotj_rr/motors_controller_node.py to motors_controller_node.cpython-310.pyc
[1.161s] byte-compiling /home/juloau/Desktop/TFG/tfg-jlopez/code/ros2/install/pibotj_rr/lib/python3.10/site-packages/pibotj_rr/camera_tfv2_node.py to camera_tfv2_node.cpython-310.pyc
[1.163s] byte-compiling /home/juloau/Desktop/TFG/tfg-jlopez/code/ros2/install/pibotj_rr/lib/python3.10/site-packages/pibotj_rr/__init__.py to __init__.cpython-310.pyc
[1.163s] byte-compiling /home/juloau/Desktop/TFG/tfg-jlopez/code/ros2/install/pibotj_rr/lib/python3.10/site-packages/pibotj_rr/camera_tfv1_node.py to camera_tfv1_node.cpython-310.pyc
[1.164s] byte-compiling /home/juloau/Desktop/TFG/tfg-jlopez/code/ros2/install/pibotj_rr/lib/python3.10/site-packages/pibotj_rr/gps_node.py to gps_node.cpython-310.pyc
[1.164s] byte-compiling /home/juloau/Desktop/TFG/tfg-jlopez/code/ros2/install/pibotj_rr/lib/python3.10/site-packages/pibotj_rr/camera.py to camera.cpython-310.pyc
[1.165s] running install_data
[1.165s] creating /home/juloau/Desktop/TFG/tfg-jlopez/code/ros2/install/pibotj_rr/share/ament_index
[1.165s] creating /home/juloau/Desktop/TFG/tfg-jlopez/code/ros2/install/pibotj_rr/share/ament_index/resource_index
[1.165s] creating /home/juloau/Desktop/TFG/tfg-jlopez/code/ros2/install/pibotj_rr/share/ament_index/resource_index/packages
[1.165s] copying resource/pibotj_rr -> /home/juloau/Desktop/TFG/tfg-jlopez/code/ros2/install/pibotj_rr/share/ament_index/resource_index/packages
[1.165s] copying package.xml -> /home/juloau/Desktop/TFG/tfg-jlopez/code/ros2/install/pibotj_rr/share/pibotj_rr
[1.165s] running install_egg_info
[1.167s] Copying ../../build/pibotj_rr/pibotj_rr.egg-info to /home/juloau/Desktop/TFG/tfg-jlopez/code/ros2/install/pibotj_rr/lib/python3.10/site-packages/pibotj_rr-0.0.0-py3.10.egg-info
[1.168s] running install_scripts
[1.188s] Installing camera_node script to /home/juloau/Desktop/TFG/tfg-jlopez/code/ros2/install/pibotj_rr/lib/pibotj_rr
[1.188s] Installing camera_tfv1_node script to /home/juloau/Desktop/TFG/tfg-jlopez/code/ros2/install/pibotj_rr/lib/pibotj_rr
[1.188s] Installing camera_tfv2_node script to /home/juloau/Desktop/TFG/tfg-jlopez/code/ros2/install/pibotj_rr/lib/pibotj_rr
[1.188s] Installing gps_node script to /home/juloau/Desktop/TFG/tfg-jlopez/code/ros2/install/pibotj_rr/lib/pibotj_rr
[1.188s] Installing motors_controller_node script to /home/juloau/Desktop/TFG/tfg-jlopez/code/ros2/install/pibotj_rr/lib/pibotj_rr
[1.189s] writing list of installed files to '/home/juloau/Desktop/TFG/tfg-jlopez/code/ros2/build/pibotj_rr/install.log'
[1.209s] Invoked command in '/home/juloau/Desktop/TFG/tfg-jlopez/code/ros2/src/pibotj_rr' returned '0': PYTHONPATH=/home/juloau/Desktop/TFG/tfg-jlopez/code/ros2/build/pibotj_rr/prefix_override:/usr/lib/python3/dist-packages/colcon_core/task/python/colcon_distutils_commands:/home/juloau/Desktop/TFG/tfg-jlopez/code/ros2/install/pibotj_rr/lib/python3.10/site-packages:${PYTHONPATH} /usr/bin/python3 -W ignore:setup.py install is deprecated setup.py egg_info --egg-base ../../build/pibotj_rr build --build-base /home/juloau/Desktop/TFG/tfg-jlopez/code/ros2/build/pibotj_rr/build install --record /home/juloau/Desktop/TFG/tfg-jlopez/code/ros2/build/pibotj_rr/install.log --single-version-externally-managed install_data
