[0.230s] [34mcolcon[0m [1;30mDEBUG[0m [32mCommand line arguments: ['/usr/bin/colcon', 'build'][0m
[0.230s] [34mcolcon[0m [1;30mDEBUG[0m [32mParsed command line arguments: Namespace(log_base=None, log_level=None, verb_name='build', build_base='build', install_base='install', merge_install=False, symlink_install=False, test_result_base=None, continue_on_error=False, executor='parallel', parallel_workers=8, event_handlers=None, ignore_user_meta=False, metas=['./colcon.meta'], base_paths=['.'], packages_ignore=None, packages_ignore_regex=None, paths=None, packages_up_to=None, packages_up_to_regex=None, packages_above=None, packages_above_and_dependencies=None, packages_above_depth=None, packages_select_by_dep=None, packages_skip_by_dep=None, packages_skip_up_to=None, packages_select_build_failed=False, packages_skip_build_finished=False, packages_select_test_failures=False, packages_skip_test_passed=False, packages_select=None, packages_skip=None, packages_select_regex=None, packages_skip_regex=None, packages_start=None, packages_end=None, allow_overriding=[], cmake_args=None, cmake_target=None, cmake_target_skip_unavailable=False, cmake_clean_cache=False, cmake_clean_first=False, cmake_force_configure=False, ament_cmake_args=None, catkin_cmake_args=None, catkin_skip_building_tests=False, verb_parser=<colcon_defaults.argument_parser.defaults.DefaultArgumentsDecorator object at 0x7ae92e239570>, verb_extension=<colcon_core.verb.build.BuildVerb object at 0x7ae92e238f70>, main=<bound method BuildVerb.main of <colcon_core.verb.build.BuildVerb object at 0x7ae92e238f70>>)[0m
[0.628s] [34mcolcon.colcon_core.package_discovery[0m [1;30mLevel 1[0m discover_packages(colcon_meta) check parameters
[0.628s] [34mcolcon.colcon_core.package_discovery[0m [1;30mLevel 1[0m discover_packages(recursive) check parameters
[0.628s] [34mcolcon.colcon_core.package_discovery[0m [1;30mLevel 1[0m discover_packages(ignore) check parameters
[0.628s] [34mcolcon.colcon_core.package_discovery[0m [1;30mLevel 1[0m discover_packages(path) check parameters
[0.629s] [34mcolcon.colcon_core.package_discovery[0m [1;30mLevel 1[0m discover_packages(colcon_meta) discover
[0.629s] [34mcolcon.colcon_core.package_discovery[0m [1;30mLevel 1[0m discover_packages(recursive) discover
[0.629s] [34mcolcon.colcon_core.package_discovery[0m [1;30mINFO[0m Crawling recursively for packages in '/home/juloau/Desktop/TFG/tfg-jlopez/code/ros2'
[0.629s] [34mcolcon.colcon_core.package_identification[0m [1;30mLevel 1[0m _identify(.) by extensions ['ignore', 'ignore_ament_install']
[0.629s] [34mcolcon.colcon_core.package_identification[0m [1;30mLevel 1[0m _identify(.) by extension 'ignore'
[0.629s] [34mcolcon.colcon_core.package_identification[0m [1;30mLevel 1[0m _identify(.) by extension 'ignore_ament_install'
[0.629s] [34mcolcon.colcon_core.package_identification[0m [1;30mLevel 1[0m _identify(.) by extensions ['colcon_pkg']
[0.629s] [34mcolcon.colcon_core.package_identification[0m [1;30mLevel 1[0m _identify(.) by extension 'colcon_pkg'
[0.629s] [34mcolcon.colcon_core.package_identification[0m [1;30mLevel 1[0m _identify(.) by extensions ['colcon_meta']
[0.629s] [34mcolcon.colcon_core.package_identification[0m [1;30mLevel 1[0m _identify(.) by extension 'colcon_meta'
[0.629s] [34mcolcon.colcon_core.package_identification[0m [1;30mLevel 1[0m _identify(.) by extensions ['ros']
[0.629s] [34mcolcon.colcon_core.package_identification[0m [1;30mLevel 1[0m _identify(.) by extension 'ros'
[0.652s] [34mcolcon.colcon_core.package_identification[0m [1;30mLevel 1[0m _identify(.) by extensions ['cmake', 'python']
[0.652s] [34mcolcon.colcon_core.package_identification[0m [1;30mLevel 1[0m _identify(.) by extension 'cmake'
[0.653s] [34mcolcon.colcon_core.package_identification[0m [1;30mLevel 1[0m _identify(.) by extension 'python'
[0.653s] [34mcolcon.colcon_core.package_identification[0m [1;30mLevel 1[0m _identify(.) by extensions ['python_setup_py']
[0.653s] [34mcolcon.colcon_core.package_identification[0m [1;30mLevel 1[0m _identify(.) by extension 'python_setup_py'
[0.653s] [34mcolcon.colcon_core.package_identification[0m [1;30mLevel 1[0m _identify(build) by extensions ['ignore', 'ignore_ament_install']
[0.653s] [34mcolcon.colcon_core.package_identification[0m [1;30mLevel 1[0m _identify(build) by extension 'ignore'
[0.653s] [34mcolcon.colcon_core.package_identification[0m [1;30mLevel 1[0m _identify(build) ignored
[0.653s] [34mcolcon.colcon_core.package_identification[0m [1;30mLevel 1[0m _identify(install) by extensions ['ignore', 'ignore_ament_install']
[0.653s] [34mcolcon.colcon_core.package_identification[0m [1;30mLevel 1[0m _identify(install) by extension 'ignore'
[0.653s] [34mcolcon.colcon_core.package_identification[0m [1;30mLevel 1[0m _identify(install) ignored
[0.654s] [34mcolcon.colcon_core.package_identification[0m [1;30mLevel 1[0m _identify(log) by extensions ['ignore', 'ignore_ament_install']
[0.654s] [34mcolcon.colcon_core.package_identification[0m [1;30mLevel 1[0m _identify(log) by extension 'ignore'
[0.654s] [34mcolcon.colcon_core.package_identification[0m [1;30mLevel 1[0m _identify(log) ignored
[0.654s] [34mcolcon.colcon_core.package_identification[0m [1;30mLevel 1[0m _identify(src) by extensions ['ignore', 'ignore_ament_install']
[0.654s] [34mcolcon.colcon_core.package_identification[0m [1;30mLevel 1[0m _identify(src) by extension 'ignore'
[0.654s] [34mcolcon.colcon_core.package_identification[0m [1;30mLevel 1[0m _identify(src) by extension 'ignore_ament_install'
[0.654s] [34mcolcon.colcon_core.package_identification[0m [1;30mLevel 1[0m _identify(src) by extensions ['colcon_pkg']
[0.654s] [34mcolcon.colcon_core.package_identification[0m [1;30mLevel 1[0m _identify(src) by extension 'colcon_pkg'
[0.654s] [34mcolcon.colcon_core.package_identification[0m [1;30mLevel 1[0m _identify(src) by extensions ['colcon_meta']
[0.654s] [34mcolcon.colcon_core.package_identification[0m [1;30mLevel 1[0m _identify(src) by extension 'colcon_meta'
[0.654s] [34mcolcon.colcon_core.package_identification[0m [1;30mLevel 1[0m _identify(src) by extensions ['ros']
[0.654s] [34mcolcon.colcon_core.package_identification[0m [1;30mLevel 1[0m _identify(src) by extension 'ros'
[0.654s] [34mcolcon.colcon_core.package_identification[0m [1;30mLevel 1[0m _identify(src) by extensions ['cmake', 'python']
[0.654s] [34mcolcon.colcon_core.package_identification[0m [1;30mLevel 1[0m _identify(src) by extension 'cmake'
[0.654s] [34mcolcon.colcon_core.package_identification[0m [1;30mLevel 1[0m _identify(src) by extension 'python'
[0.654s] [34mcolcon.colcon_core.package_identification[0m [1;30mLevel 1[0m _identify(src) by extensions ['python_setup_py']
[0.654s] [34mcolcon.colcon_core.package_identification[0m [1;30mLevel 1[0m _identify(src) by extension 'python_setup_py'
[0.655s] [34mcolcon.colcon_core.package_identification[0m [1;30mLevel 1[0m _identify(src/pibotj) by extensions ['ignore', 'ignore_ament_install']
[0.655s] [34mcolcon.colcon_core.package_identification[0m [1;30mLevel 1[0m _identify(src/pibotj) by extension 'ignore'
[0.655s] [34mcolcon.colcon_core.package_identification[0m [1;30mLevel 1[0m _identify(src/pibotj) by extension 'ignore_ament_install'
[0.655s] [34mcolcon.colcon_core.package_identification[0m [1;30mLevel 1[0m _identify(src/pibotj) by extensions ['colcon_pkg']
[0.655s] [34mcolcon.colcon_core.package_identification[0m [1;30mLevel 1[0m _identify(src/pibotj) by extension 'colcon_pkg'
[0.655s] [34mcolcon.colcon_core.package_identification[0m [1;30mLevel 1[0m _identify(src/pibotj) by extensions ['colcon_meta']
[0.655s] [34mcolcon.colcon_core.package_identification[0m [1;30mLevel 1[0m _identify(src/pibotj) by extension 'colcon_meta'
[0.655s] [34mcolcon.colcon_core.package_identification[0m [1;30mLevel 1[0m _identify(src/pibotj) by extensions ['ros']
[0.655s] [34mcolcon.colcon_core.package_identification[0m [1;30mLevel 1[0m _identify(src/pibotj) by extension 'ros'
[0.659s] [34mcolcon.colcon_core.package_identification[0m [1;30mDEBUG[0m [32mPackage 'src/pibotj' with type 'ros.ament_cmake' and name 'pibotj'[0m
[0.659s] [34mcolcon.colcon_core.package_identification[0m [1;30mLevel 1[0m _identify(src/pibotj_r2c) by extensions ['ignore', 'ignore_ament_install']
[0.659s] [34mcolcon.colcon_core.package_identification[0m [1;30mLevel 1[0m _identify(src/pibotj_r2c) by extension 'ignore'
[0.660s] [34mcolcon.colcon_core.package_identification[0m [1;30mLevel 1[0m _identify(src/pibotj_r2c) by extension 'ignore_ament_install'
[0.660s] [34mcolcon.colcon_core.package_identification[0m [1;30mLevel 1[0m _identify(src/pibotj_r2c) by extensions ['colcon_pkg']
[0.660s] [34mcolcon.colcon_core.package_identification[0m [1;30mLevel 1[0m _identify(src/pibotj_r2c) by extension 'colcon_pkg'
[0.660s] [34mcolcon.colcon_core.package_identification[0m [1;30mLevel 1[0m _identify(src/pibotj_r2c) by extensions ['colcon_meta']
[0.660s] [34mcolcon.colcon_core.package_identification[0m [1;30mLevel 1[0m _identify(src/pibotj_r2c) by extension 'colcon_meta'
[0.660s] [34mcolcon.colcon_core.package_identification[0m [1;30mLevel 1[0m _identify(src/pibotj_r2c) by extensions ['ros']
[0.660s] [34mcolcon.colcon_core.package_identification[0m [1;30mLevel 1[0m _identify(src/pibotj_r2c) by extension 'ros'
[0.660s] [34mcolcon.colcon_core.package_identification[0m [1;30mDEBUG[0m [32mPackage 'src/pibotj_r2c' with type 'ros.ament_cmake' and name 'pibotj_r2c'[0m
[0.661s] [34mcolcon.colcon_core.package_identification[0m [1;30mLevel 1[0m _identify(src/pibotj_rr) by extensions ['ignore', 'ignore_ament_install']
[0.661s] [34mcolcon.colcon_core.package_identification[0m [1;30mLevel 1[0m _identify(src/pibotj_rr) by extension 'ignore'
[0.661s] [34mcolcon.colcon_core.package_identification[0m [1;30mLevel 1[0m _identify(src/pibotj_rr) by extension 'ignore_ament_install'
[0.661s] [34mcolcon.colcon_core.package_identification[0m [1;30mLevel 1[0m _identify(src/pibotj_rr) by extensions ['colcon_pkg']
[0.661s] [34mcolcon.colcon_core.package_identification[0m [1;30mLevel 1[0m _identify(src/pibotj_rr) by extension 'colcon_pkg'
[0.661s] [34mcolcon.colcon_core.package_identification[0m [1;30mLevel 1[0m _identify(src/pibotj_rr) by extensions ['colcon_meta']
[0.661s] [34mcolcon.colcon_core.package_identification[0m [1;30mLevel 1[0m _identify(src/pibotj_rr) by extension 'colcon_meta'
[0.661s] [34mcolcon.colcon_core.package_identification[0m [1;30mLevel 1[0m _identify(src/pibotj_rr) by extensions ['ros']
[0.661s] [34mcolcon.colcon_core.package_identification[0m [1;30mLevel 1[0m _identify(src/pibotj_rr) by extension 'ros'
[0.662s] [34mcolcon.colcon_core.package_identification[0m [1;30mDEBUG[0m [32mPackage 'src/pibotj_rr' with type 'ros.ament_python' and name 'pibotj_rr'[0m
[0.662s] [34mcolcon.colcon_core.package_identification[0m [1;30mLevel 1[0m _identify(src/ros2controlnw) by extensions ['ignore', 'ignore_ament_install']
[0.662s] [34mcolcon.colcon_core.package_identification[0m [1;30mLevel 1[0m _identify(src/ros2controlnw) by extension 'ignore'
[0.662s] [34mcolcon.colcon_core.package_identification[0m [1;30mLevel 1[0m _identify(src/ros2controlnw) ignored
[0.662s] [34mcolcon.colcon_core.package_discovery[0m [1;30mLevel 1[0m discover_packages(recursive) using defaults
[0.662s] [34mcolcon.colcon_core.package_discovery[0m [1;30mLevel 1[0m discover_packages(ignore) discover
[0.662s] [34mcolcon.colcon_core.package_discovery[0m [1;30mLevel 1[0m discover_packages(ignore) using defaults
[0.662s] [34mcolcon.colcon_core.package_discovery[0m [1;30mLevel 1[0m discover_packages(path) discover
[0.662s] [34mcolcon.colcon_core.package_discovery[0m [1;30mLevel 1[0m discover_packages(path) using defaults
[0.688s] [34mcolcon.colcon_core.package_discovery[0m [1;30mLevel 1[0m discover_packages(prefix_path) check parameters
[0.688s] [34mcolcon.colcon_core.package_discovery[0m [1;30mLevel 1[0m discover_packages(prefix_path) discover
[0.692s] [34mcolcon.colcon_installed_package_information.package_discovery[0m [1;30mDEBUG[0m [32mFound 499 installed packages in /opt/ros/humble[0m
[0.695s] [34mcolcon.colcon_core.package_discovery[0m [1;30mLevel 1[0m discover_packages(prefix_path) using defaults
[0.777s] [34mcolcon.colcon_core.verb[0m [1;30mLevel 5[0m set package 'pibotj' build argument 'cmake_args' from command line to 'None'
[0.777s] [34mcolcon.colcon_core.verb[0m [1;30mLevel 5[0m set package 'pibotj' build argument 'cmake_target' from command line to 'None'
[0.777s] [34mcolcon.colcon_core.verb[0m [1;30mLevel 5[0m set package 'pibotj' build argument 'cmake_target_skip_unavailable' from command line to 'False'
[0.777s] [34mcolcon.colcon_core.verb[0m [1;30mLevel 5[0m set package 'pibotj' build argument 'cmake_clean_cache' from command line to 'False'
[0.777s] [34mcolcon.colcon_core.verb[0m [1;30mLevel 5[0m set package 'pibotj' build argument 'cmake_clean_first' from command line to 'False'
[0.777s] [34mcolcon.colcon_core.verb[0m [1;30mLevel 5[0m set package 'pibotj' build argument 'cmake_force_configure' from command line to 'False'
[0.777s] [34mcolcon.colcon_core.verb[0m [1;30mLevel 5[0m set package 'pibotj' build argument 'ament_cmake_args' from command line to 'None'
[0.777s] [34mcolcon.colcon_core.verb[0m [1;30mLevel 5[0m set package 'pibotj' build argument 'catkin_cmake_args' from command line to 'None'
[0.777s] [34mcolcon.colcon_core.verb[0m [1;30mLevel 5[0m set package 'pibotj' build argument 'catkin_skip_building_tests' from command line to 'False'
[0.777s] [34mcolcon.colcon_core.verb[0m [1;30mDEBUG[0m [32mBuilding package 'pibotj' with the following arguments: {'ament_cmake_args': None, 'build_base': '/home/juloau/Desktop/TFG/tfg-jlopez/code/ros2/build/pibotj', 'catkin_cmake_args': None, 'catkin_skip_building_tests': False, 'cmake_args': None, 'cmake_clean_cache': False, 'cmake_clean_first': False, 'cmake_force_configure': False, 'cmake_target': None, 'cmake_target_skip_unavailable': False, 'install_base': '/home/juloau/Desktop/TFG/tfg-jlopez/code/ros2/install/pibotj', 'merge_install': False, 'path': '/home/juloau/Desktop/TFG/tfg-jlopez/code/ros2/src/pibotj', 'symlink_install': False, 'test_result_base': None}[0m
[0.777s] [34mcolcon.colcon_core.verb[0m [1;30mLevel 5[0m set package 'pibotj_r2c' build argument 'cmake_args' from command line to 'None'
[0.777s] [34mcolcon.colcon_core.verb[0m [1;30mLevel 5[0m set package 'pibotj_r2c' build argument 'cmake_target' from command line to 'None'
[0.777s] [34mcolcon.colcon_core.verb[0m [1;30mLevel 5[0m set package 'pibotj_r2c' build argument 'cmake_target_skip_unavailable' from command line to 'False'
[0.778s] [34mcolcon.colcon_core.verb[0m [1;30mLevel 5[0m set package 'pibotj_r2c' build argument 'cmake_clean_cache' from command line to 'False'
[0.778s] [34mcolcon.colcon_core.verb[0m [1;30mLevel 5[0m set package 'pibotj_r2c' build argument 'cmake_clean_first' from command line to 'False'
[0.778s] [34mcolcon.colcon_core.verb[0m [1;30mLevel 5[0m set package 'pibotj_r2c' build argument 'cmake_force_configure' from command line to 'False'
[0.778s] [34mcolcon.colcon_core.verb[0m [1;30mLevel 5[0m set package 'pibotj_r2c' build argument 'ament_cmake_args' from command line to 'None'
[0.778s] [34mcolcon.colcon_core.verb[0m [1;30mLevel 5[0m set package 'pibotj_r2c' build argument 'catkin_cmake_args' from command line to 'None'
[0.778s] [34mcolcon.colcon_core.verb[0m [1;30mLevel 5[0m set package 'pibotj_r2c' build argument 'catkin_skip_building_tests' from command line to 'False'
[0.778s] [34mcolcon.colcon_core.verb[0m [1;30mDEBUG[0m [32mBuilding package 'pibotj_r2c' with the following arguments: {'ament_cmake_args': None, 'build_base': '/home/juloau/Desktop/TFG/tfg-jlopez/code/ros2/build/pibotj_r2c', 'catkin_cmake_args': None, 'catkin_skip_building_tests': False, 'cmake_args': None, 'cmake_clean_cache': False, 'cmake_clean_first': False, 'cmake_force_configure': False, 'cmake_target': None, 'cmake_target_skip_unavailable': False, 'install_base': '/home/juloau/Desktop/TFG/tfg-jlopez/code/ros2/install/pibotj_r2c', 'merge_install': False, 'path': '/home/juloau/Desktop/TFG/tfg-jlopez/code/ros2/src/pibotj_r2c', 'symlink_install': False, 'test_result_base': None}[0m
[0.778s] [34mcolcon.colcon_core.verb[0m [1;30mLevel 5[0m set package 'pibotj_rr' build argument 'cmake_args' from command line to 'None'
[0.778s] [34mcolcon.colcon_core.verb[0m [1;30mLevel 5[0m set package 'pibotj_rr' build argument 'cmake_target' from command line to 'None'
[0.778s] [34mcolcon.colcon_core.verb[0m [1;30mLevel 5[0m set package 'pibotj_rr' build argument 'cmake_target_skip_unavailable' from command line to 'False'
[0.778s] [34mcolcon.colcon_core.verb[0m [1;30mLevel 5[0m set package 'pibotj_rr' build argument 'cmake_clean_cache' from command line to 'False'
[0.778s] [34mcolcon.colcon_core.verb[0m [1;30mLevel 5[0m set package 'pibotj_rr' build argument 'cmake_clean_first' from command line to 'False'
[0.778s] [34mcolcon.colcon_core.verb[0m [1;30mLevel 5[0m set package 'pibotj_rr' build argument 'cmake_force_configure' from command line to 'False'
[0.778s] [34mcolcon.colcon_core.verb[0m [1;30mLevel 5[0m set package 'pibotj_rr' build argument 'ament_cmake_args' from command line to 'None'
[0.778s] [34mcolcon.colcon_core.verb[0m [1;30mLevel 5[0m set package 'pibotj_rr' build argument 'catkin_cmake_args' from command line to 'None'
[0.778s] [34mcolcon.colcon_core.verb[0m [1;30mLevel 5[0m set package 'pibotj_rr' build argument 'catkin_skip_building_tests' from command line to 'False'
[0.778s] [34mcolcon.colcon_core.verb[0m [1;30mDEBUG[0m [32mBuilding package 'pibotj_rr' with the following arguments: {'ament_cmake_args': None, 'build_base': '/home/juloau/Desktop/TFG/tfg-jlopez/code/ros2/build/pibotj_rr', 'catkin_cmake_args': None, 'catkin_skip_building_tests': False, 'cmake_args': None, 'cmake_clean_cache': False, 'cmake_clean_first': False, 'cmake_force_configure': False, 'cmake_target': None, 'cmake_target_skip_unavailable': False, 'install_base': '/home/juloau/Desktop/TFG/tfg-jlopez/code/ros2/install/pibotj_rr', 'merge_install': False, 'path': '/home/juloau/Desktop/TFG/tfg-jlopez/code/ros2/src/pibotj_rr', 'symlink_install': False, 'test_result_base': None}[0m
[0.778s] [34mcolcon.colcon_core.executor[0m [1;30mINFO[0m Executing jobs using 'parallel' executor
[0.779s] [34mcolcon.colcon_parallel_executor.executor.parallel[0m [1;30mDEBUG[0m [32mrun_until_complete[0m
[0.779s] [34mcolcon.colcon_ros.task.ament_cmake.build[0m [1;30mINFO[0m Building ROS package in '/home/juloau/Desktop/TFG/tfg-jlopez/code/ros2/src/pibotj' with build type 'ament_cmake'
[0.779s] [34mcolcon.colcon_cmake.task.cmake.build[0m [1;30mINFO[0m Building CMake package in '/home/juloau/Desktop/TFG/tfg-jlopez/code/ros2/src/pibotj'
[0.783s] [34mcolcon.colcon_core.plugin_system[0m [1;30mINFO[0m Skipping extension 'colcon_core.shell.bat': Not used on non-Windows systems
[0.783s] [34mcolcon.colcon_core.shell[0m [1;30mINFO[0m Skip shell extension 'powershell' for command environment: Not usable outside of PowerShell
[0.783s] [34mcolcon.colcon_core.shell[0m [1;30mDEBUG[0m [32mSkip shell extension 'dsv' for command environment[0m
[0.787s] [34mcolcon.colcon_ros.task.ament_cmake.build[0m [1;30mINFO[0m Building ROS package in '/home/juloau/Desktop/TFG/tfg-jlopez/code/ros2/src/pibotj_r2c' with build type 'ament_cmake'
[0.787s] [34mcolcon.colcon_cmake.task.cmake.build[0m [1;30mINFO[0m Building CMake package in '/home/juloau/Desktop/TFG/tfg-jlopez/code/ros2/src/pibotj_r2c'
[0.788s] [34mcolcon.colcon_core.shell[0m [1;30mINFO[0m Skip shell extension 'powershell' for command environment: Not usable outside of PowerShell
[0.788s] [34mcolcon.colcon_core.shell[0m [1;30mDEBUG[0m [32mSkip shell extension 'dsv' for command environment[0m
[0.791s] [34mcolcon.colcon_ros.task.ament_python.build[0m [1;30mINFO[0m Building ROS package in '/home/juloau/Desktop/TFG/tfg-jlopez/code/ros2/src/pibotj_rr' with build type 'ament_python'
[0.791s] [34mcolcon.colcon_core.shell[0m [1;30mLevel 1[0m create_environment_hook('pibotj_rr', 'ament_prefix_path')
[0.791s] [34mcolcon.colcon_core.shell[0m [1;30mINFO[0m Creating environment hook '/home/juloau/Desktop/TFG/tfg-jlopez/code/ros2/install/pibotj_rr/share/pibotj_rr/hook/ament_prefix_path.ps1'
[0.792s] [34mcolcon.colcon_core.shell[0m [1;30mINFO[0m Creating environment descriptor '/home/juloau/Desktop/TFG/tfg-jlopez/code/ros2/install/pibotj_rr/share/pibotj_rr/hook/ament_prefix_path.dsv'
[0.793s] [34mcolcon.colcon_core.shell[0m [1;30mINFO[0m Creating environment hook '/home/juloau/Desktop/TFG/tfg-jlopez/code/ros2/install/pibotj_rr/share/pibotj_rr/hook/ament_prefix_path.sh'
[0.794s] [34mcolcon.colcon_core.shell[0m [1;30mINFO[0m Skip shell extension 'powershell' for command environment: Not usable outside of PowerShell
[0.794s] [34mcolcon.colcon_core.shell[0m [1;30mDEBUG[0m [32mSkip shell extension 'dsv' for command environment[0m
[0.803s] [34mcolcon.colcon_core.event_handler.log_command[0m [1;30mDEBUG[0m [32mInvoking command in '/home/juloau/Desktop/TFG/tfg-jlopez/code/ros2/build/pibotj': CMAKE_PREFIX_PATH=/opt/ros/humble /usr/bin/cmake /home/juloau/Desktop/TFG/tfg-jlopez/code/ros2/src/pibotj -DCMAKE_INSTALL_PREFIX=/home/juloau/Desktop/TFG/tfg-jlopez/code/ros2/install/pibotj[0m
[0.807s] [34mcolcon.colcon_core.event_handler.log_command[0m [1;30mDEBUG[0m [32mInvoking command in '/home/juloau/Desktop/TFG/tfg-jlopez/code/ros2/build/pibotj_r2c': CMAKE_PREFIX_PATH=/opt/ros/humble /usr/bin/cmake /home/juloau/Desktop/TFG/tfg-jlopez/code/ros2/src/pibotj_r2c -DCMAKE_INSTALL_PREFIX=/home/juloau/Desktop/TFG/tfg-jlopez/code/ros2/install/pibotj_r2c[0m
[1.139s] [34mcolcon.colcon_core.task.python.build[0m [1;30mINFO[0m Building Python package in '/home/juloau/Desktop/TFG/tfg-jlopez/code/ros2/src/pibotj_rr'
[1.139s] [34mcolcon.colcon_core.shell[0m [1;30mINFO[0m Skip shell extension 'powershell' for command environment: Not usable outside of PowerShell
[1.139s] [34mcolcon.colcon_core.shell[0m [1;30mDEBUG[0m [32mSkip shell extension 'dsv' for command environment[0m
[1.143s] [34mcolcon.colcon_core.event_handler.log_command[0m [1;30mDEBUG[0m [32mInvoked command in '/home/juloau/Desktop/TFG/tfg-jlopez/code/ros2/build/pibotj_r2c' returned '0': CMAKE_PREFIX_PATH=/opt/ros/humble /usr/bin/cmake /home/juloau/Desktop/TFG/tfg-jlopez/code/ros2/src/pibotj_r2c -DCMAKE_INSTALL_PREFIX=/home/juloau/Desktop/TFG/tfg-jlopez/code/ros2/install/pibotj_r2c[0m
[1.145s] [34mcolcon.colcon_core.event_handler.log_command[0m [1;30mDEBUG[0m [32mInvoking command in '/home/juloau/Desktop/TFG/tfg-jlopez/code/ros2/build/pibotj_r2c': CMAKE_PREFIX_PATH=/opt/ros/humble /usr/bin/cmake --build /home/juloau/Desktop/TFG/tfg-jlopez/code/ros2/build/pibotj_r2c -- -j8 -l8[0m
[1.180s] [34mcolcon.colcon_core.event_handler.log_command[0m [1;30mDEBUG[0m [32mInvoked command in '/home/juloau/Desktop/TFG/tfg-jlopez/code/ros2/build/pibotj_r2c' returned '0': CMAKE_PREFIX_PATH=/opt/ros/humble /usr/bin/cmake --build /home/juloau/Desktop/TFG/tfg-jlopez/code/ros2/build/pibotj_r2c -- -j8 -l8[0m
[1.209s] [34mcolcon.colcon_core.event_handler.log_command[0m [1;30mDEBUG[0m [32mInvoking command in '/home/juloau/Desktop/TFG/tfg-jlopez/code/ros2/build/pibotj_r2c': CMAKE_PREFIX_PATH=/opt/ros/humble /usr/bin/cmake --install /home/juloau/Desktop/TFG/tfg-jlopez/code/ros2/build/pibotj_r2c[0m
[1.238s] [34mcolcon.colcon_core.environment[0m [1;30mLevel 1[0m create_environment_scripts_only(pibotj_r2c)
[1.239s] [34mcolcon.colcon_core.event_handler.log_command[0m [1;30mDEBUG[0m [32mInvoked command in '/home/juloau/Desktop/TFG/tfg-jlopez/code/ros2/build/pibotj_r2c' returned '0': CMAKE_PREFIX_PATH=/opt/ros/humble /usr/bin/cmake --install /home/juloau/Desktop/TFG/tfg-jlopez/code/ros2/build/pibotj_r2c[0m
[1.242s] [34mcolcon.colcon_core.environment[0m [1;30mLevel 1[0m checking '/home/juloau/Desktop/TFG/tfg-jlopez/code/ros2/install/pibotj_r2c' for CMake module files
[1.243s] [34mcolcon.colcon_core.environment[0m [1;30mLevel 1[0m checking '/home/juloau/Desktop/TFG/tfg-jlopez/code/ros2/install/pibotj_r2c' for CMake config files
[1.243s] [34mcolcon.colcon_core.shell[0m [1;30mLevel 1[0m create_environment_hook('pibotj_r2c', 'cmake_prefix_path')
[1.243s] [34mcolcon.colcon_core.shell[0m [1;30mINFO[0m Creating environment hook '/home/juloau/Desktop/TFG/tfg-jlopez/code/ros2/install/pibotj_r2c/share/pibotj_r2c/hook/cmake_prefix_path.ps1'
[1.244s] [34mcolcon.colcon_core.shell[0m [1;30mINFO[0m Creating environment descriptor '/home/juloau/Desktop/TFG/tfg-jlopez/code/ros2/install/pibotj_r2c/share/pibotj_r2c/hook/cmake_prefix_path.dsv'
[1.244s] [34mcolcon.colcon_core.shell[0m [1;30mINFO[0m Creating environment hook '/home/juloau/Desktop/TFG/tfg-jlopez/code/ros2/install/pibotj_r2c/share/pibotj_r2c/hook/cmake_prefix_path.sh'
[1.245s] [34mcolcon.colcon_core.environment[0m [1;30mLevel 1[0m checking '/home/juloau/Desktop/TFG/tfg-jlopez/code/ros2/install/pibotj_r2c/bin'
[1.245s] [34mcolcon.colcon_core.environment[0m [1;30mLevel 1[0m checking '/home/juloau/Desktop/TFG/tfg-jlopez/code/ros2/install/pibotj_r2c/lib/pkgconfig/pibotj_r2c.pc'
[1.245s] [34mcolcon.colcon_core.environment[0m [1;30mLevel 1[0m checking '/home/juloau/Desktop/TFG/tfg-jlopez/code/ros2/install/pibotj_r2c/lib/python3.10/site-packages'
[1.245s] [34mcolcon.colcon_core.environment[0m [1;30mLevel 1[0m checking '/home/juloau/Desktop/TFG/tfg-jlopez/code/ros2/install/pibotj_r2c/bin'
[1.245s] [34mcolcon.colcon_core.shell[0m [1;30mINFO[0m Creating package script '/home/juloau/Desktop/TFG/tfg-jlopez/code/ros2/install/pibotj_r2c/share/pibotj_r2c/package.ps1'
[1.246s] [34mcolcon.colcon_core.shell[0m [1;30mINFO[0m Creating package descriptor '/home/juloau/Desktop/TFG/tfg-jlopez/code/ros2/install/pibotj_r2c/share/pibotj_r2c/package.dsv'
[1.247s] [34mcolcon.colcon_core.shell[0m [1;30mINFO[0m Creating package script '/home/juloau/Desktop/TFG/tfg-jlopez/code/ros2/install/pibotj_r2c/share/pibotj_r2c/package.sh'
[1.248s] [34mcolcon.colcon_core.shell[0m [1;30mINFO[0m Creating package script '/home/juloau/Desktop/TFG/tfg-jlopez/code/ros2/install/pibotj_r2c/share/pibotj_r2c/package.bash'
[1.249s] [34mcolcon.colcon_core.shell[0m [1;30mINFO[0m Creating package script '/home/juloau/Desktop/TFG/tfg-jlopez/code/ros2/install/pibotj_r2c/share/pibotj_r2c/package.zsh'
[1.249s] [34mcolcon.colcon_core.environment[0m [1;30mLevel 1[0m create_file_with_runtime_dependencies(/home/juloau/Desktop/TFG/tfg-jlopez/code/ros2/install/pibotj_r2c/share/colcon-core/packages/pibotj_r2c)
[1.268s] [34mcolcon.colcon_core.environment[0m [1;30mLevel 1[0m create_environment_scripts_only(pibotj_r2c)
[1.268s] [34mcolcon.colcon_core.environment[0m [1;30mLevel 1[0m checking '/home/juloau/Desktop/TFG/tfg-jlopez/code/ros2/install/pibotj_r2c' for CMake module files
[1.269s] [34mcolcon.colcon_core.environment[0m [1;30mLevel 1[0m checking '/home/juloau/Desktop/TFG/tfg-jlopez/code/ros2/install/pibotj_r2c' for CMake config files
[1.269s] [34mcolcon.colcon_core.shell[0m [1;30mLevel 1[0m create_environment_hook('pibotj_r2c', 'cmake_prefix_path')
[1.269s] [34mcolcon.colcon_core.shell[0m [1;30mINFO[0m Creating environment hook '/home/juloau/Desktop/TFG/tfg-jlopez/code/ros2/install/pibotj_r2c/share/pibotj_r2c/hook/cmake_prefix_path.ps1'
[1.270s] [34mcolcon.colcon_core.shell[0m [1;30mINFO[0m Creating environment descriptor '/home/juloau/Desktop/TFG/tfg-jlopez/code/ros2/install/pibotj_r2c/share/pibotj_r2c/hook/cmake_prefix_path.dsv'
[1.270s] [34mcolcon.colcon_core.shell[0m [1;30mINFO[0m Creating environment hook '/home/juloau/Desktop/TFG/tfg-jlopez/code/ros2/install/pibotj_r2c/share/pibotj_r2c/hook/cmake_prefix_path.sh'
[1.271s] [34mcolcon.colcon_core.environment[0m [1;30mLevel 1[0m checking '/home/juloau/Desktop/TFG/tfg-jlopez/code/ros2/install/pibotj_r2c/bin'
[1.271s] [34mcolcon.colcon_core.environment[0m [1;30mLevel 1[0m checking '/home/juloau/Desktop/TFG/tfg-jlopez/code/ros2/install/pibotj_r2c/lib/pkgconfig/pibotj_r2c.pc'
[1.271s] [34mcolcon.colcon_core.environment[0m [1;30mLevel 1[0m checking '/home/juloau/Desktop/TFG/tfg-jlopez/code/ros2/install/pibotj_r2c/lib/python3.10/site-packages'
[1.272s] [34mcolcon.colcon_core.environment[0m [1;30mLevel 1[0m checking '/home/juloau/Desktop/TFG/tfg-jlopez/code/ros2/install/pibotj_r2c/bin'
[1.272s] [34mcolcon.colcon_core.shell[0m [1;30mINFO[0m Creating package script '/home/juloau/Desktop/TFG/tfg-jlopez/code/ros2/install/pibotj_r2c/share/pibotj_r2c/package.ps1'
[1.273s] [34mcolcon.colcon_core.shell[0m [1;30mINFO[0m Creating package descriptor '/home/juloau/Desktop/TFG/tfg-jlopez/code/ros2/install/pibotj_r2c/share/pibotj_r2c/package.dsv'
[1.273s] [34mcolcon.colcon_core.shell[0m [1;30mINFO[0m Creating package script '/home/juloau/Desktop/TFG/tfg-jlopez/code/ros2/install/pibotj_r2c/share/pibotj_r2c/package.sh'
[1.274s] [34mcolcon.colcon_core.shell[0m [1;30mINFO[0m Creating package script '/home/juloau/Desktop/TFG/tfg-jlopez/code/ros2/install/pibotj_r2c/share/pibotj_r2c/package.bash'
[1.274s] [34mcolcon.colcon_core.shell[0m [1;30mINFO[0m Creating package script '/home/juloau/Desktop/TFG/tfg-jlopez/code/ros2/install/pibotj_r2c/share/pibotj_r2c/package.zsh'
[1.275s] [34mcolcon.colcon_core.environment[0m [1;30mLevel 1[0m create_file_with_runtime_dependencies(/home/juloau/Desktop/TFG/tfg-jlopez/code/ros2/install/pibotj_r2c/share/colcon-core/packages/pibotj_r2c)
[1.513s] [34mcolcon.colcon_core.event_handler.log_command[0m [1;30mDEBUG[0m [32mInvoked command in '/home/juloau/Desktop/TFG/tfg-jlopez/code/ros2/build/pibotj' returned '0': CMAKE_PREFIX_PATH=/opt/ros/humble /usr/bin/cmake /home/juloau/Desktop/TFG/tfg-jlopez/code/ros2/src/pibotj -DCMAKE_INSTALL_PREFIX=/home/juloau/Desktop/TFG/tfg-jlopez/code/ros2/install/pibotj[0m
[1.514s] [34mcolcon.colcon_core.event_handler.log_command[0m [1;30mDEBUG[0m [32mInvoking command in '/home/juloau/Desktop/TFG/tfg-jlopez/code/ros2/build/pibotj': CMAKE_PREFIX_PATH=/opt/ros/humble /usr/bin/cmake --build /home/juloau/Desktop/TFG/tfg-jlopez/code/ros2/build/pibotj -- -j8 -l8[0m
[1.552s] [34mcolcon.colcon_core.event_handler.log_command[0m [1;30mDEBUG[0m [32mInvoked command in '/home/juloau/Desktop/TFG/tfg-jlopez/code/ros2/build/pibotj' returned '0': CMAKE_PREFIX_PATH=/opt/ros/humble /usr/bin/cmake --build /home/juloau/Desktop/TFG/tfg-jlopez/code/ros2/build/pibotj -- -j8 -l8[0m
[1.572s] [34mcolcon.colcon_core.event_handler.log_command[0m [1;30mDEBUG[0m [32mInvoking command in '/home/juloau/Desktop/TFG/tfg-jlopez/code/ros2/build/pibotj': CMAKE_PREFIX_PATH=/opt/ros/humble /usr/bin/cmake --install /home/juloau/Desktop/TFG/tfg-jlopez/code/ros2/build/pibotj[0m
[1.599s] [34mcolcon.colcon_core.environment[0m [1;30mLevel 1[0m create_environment_scripts_only(pibotj)
[1.599s] [34mcolcon.colcon_core.environment[0m [1;30mLevel 1[0m checking '/home/juloau/Desktop/TFG/tfg-jlopez/code/ros2/install/pibotj' for CMake module files
[1.600s] [34mcolcon.colcon_core.event_handler.log_command[0m [1;30mDEBUG[0m [32mInvoked command in '/home/juloau/Desktop/TFG/tfg-jlopez/code/ros2/build/pibotj' returned '0': CMAKE_PREFIX_PATH=/opt/ros/humble /usr/bin/cmake --install /home/juloau/Desktop/TFG/tfg-jlopez/code/ros2/build/pibotj[0m
[1.600s] [34mcolcon.colcon_core.environment[0m [1;30mLevel 1[0m checking '/home/juloau/Desktop/TFG/tfg-jlopez/code/ros2/install/pibotj' for CMake config files
[1.600s] [34mcolcon.colcon_core.shell[0m [1;30mLevel 1[0m create_environment_hook('pibotj', 'cmake_prefix_path')
[1.601s] [34mcolcon.colcon_core.shell[0m [1;30mINFO[0m Creating environment hook '/home/juloau/Desktop/TFG/tfg-jlopez/code/ros2/install/pibotj/share/pibotj/hook/cmake_prefix_path.ps1'
[1.601s] [34mcolcon.colcon_core.shell[0m [1;30mINFO[0m Creating environment descriptor '/home/juloau/Desktop/TFG/tfg-jlopez/code/ros2/install/pibotj/share/pibotj/hook/cmake_prefix_path.dsv'
[1.601s] [34mcolcon.colcon_core.shell[0m [1;30mINFO[0m Creating environment hook '/home/juloau/Desktop/TFG/tfg-jlopez/code/ros2/install/pibotj/share/pibotj/hook/cmake_prefix_path.sh'
[1.602s] [34mcolcon.colcon_core.environment[0m [1;30mLevel 1[0m checking '/home/juloau/Desktop/TFG/tfg-jlopez/code/ros2/install/pibotj/bin'
[1.602s] [34mcolcon.colcon_core.environment[0m [1;30mLevel 1[0m checking '/home/juloau/Desktop/TFG/tfg-jlopez/code/ros2/install/pibotj/lib/pkgconfig/pibotj.pc'
[1.602s] [34mcolcon.colcon_core.environment[0m [1;30mLevel 1[0m checking '/home/juloau/Desktop/TFG/tfg-jlopez/code/ros2/install/pibotj/lib/python3.10/site-packages'
[1.602s] [34mcolcon.colcon_core.environment[0m [1;30mLevel 1[0m checking '/home/juloau/Desktop/TFG/tfg-jlopez/code/ros2/install/pibotj/bin'
[1.602s] [34mcolcon.colcon_core.shell[0m [1;30mINFO[0m Creating package script '/home/juloau/Desktop/TFG/tfg-jlopez/code/ros2/install/pibotj/share/pibotj/package.ps1'
[1.603s] [34mcolcon.colcon_core.shell[0m [1;30mINFO[0m Creating package descriptor '/home/juloau/Desktop/TFG/tfg-jlopez/code/ros2/install/pibotj/share/pibotj/package.dsv'
[1.603s] [34mcolcon.colcon_core.shell[0m [1;30mINFO[0m Creating package script '/home/juloau/Desktop/TFG/tfg-jlopez/code/ros2/install/pibotj/share/pibotj/package.sh'
[1.604s] [34mcolcon.colcon_core.shell[0m [1;30mINFO[0m Creating package script '/home/juloau/Desktop/TFG/tfg-jlopez/code/ros2/install/pibotj/share/pibotj/package.bash'
[1.604s] [34mcolcon.colcon_core.shell[0m [1;30mINFO[0m Creating package script '/home/juloau/Desktop/TFG/tfg-jlopez/code/ros2/install/pibotj/share/pibotj/package.zsh'
[1.604s] [34mcolcon.colcon_core.environment[0m [1;30mLevel 1[0m create_file_with_runtime_dependencies(/home/juloau/Desktop/TFG/tfg-jlopez/code/ros2/install/pibotj/share/colcon-core/packages/pibotj)
[1.623s] [34mcolcon.colcon_core.environment[0m [1;30mLevel 1[0m create_environment_scripts_only(pibotj)
[1.624s] [34mcolcon.colcon_core.environment[0m [1;30mLevel 1[0m checking '/home/juloau/Desktop/TFG/tfg-jlopez/code/ros2/install/pibotj' for CMake module files
[1.624s] [34mcolcon.colcon_core.environment[0m [1;30mLevel 1[0m checking '/home/juloau/Desktop/TFG/tfg-jlopez/code/ros2/install/pibotj' for CMake config files
[1.624s] [34mcolcon.colcon_core.shell[0m [1;30mLevel 1[0m create_environment_hook('pibotj', 'cmake_prefix_path')
[1.625s] [34mcolcon.colcon_core.shell[0m [1;30mINFO[0m Creating environment hook '/home/juloau/Desktop/TFG/tfg-jlopez/code/ros2/install/pibotj/share/pibotj/hook/cmake_prefix_path.ps1'
[1.625s] [34mcolcon.colcon_core.shell[0m [1;30mINFO[0m Creating environment descriptor '/home/juloau/Desktop/TFG/tfg-jlopez/code/ros2/install/pibotj/share/pibotj/hook/cmake_prefix_path.dsv'
[1.626s] [34mcolcon.colcon_core.shell[0m [1;30mINFO[0m Creating environment hook '/home/juloau/Desktop/TFG/tfg-jlopez/code/ros2/install/pibotj/share/pibotj/hook/cmake_prefix_path.sh'
[1.626s] [34mcolcon.colcon_core.environment[0m [1;30mLevel 1[0m checking '/home/juloau/Desktop/TFG/tfg-jlopez/code/ros2/install/pibotj/bin'
[1.626s] [34mcolcon.colcon_core.environment[0m [1;30mLevel 1[0m checking '/home/juloau/Desktop/TFG/tfg-jlopez/code/ros2/install/pibotj/lib/pkgconfig/pibotj.pc'
[1.627s] [34mcolcon.colcon_core.environment[0m [1;30mLevel 1[0m checking '/home/juloau/Desktop/TFG/tfg-jlopez/code/ros2/install/pibotj/lib/python3.10/site-packages'
[1.627s] [34mcolcon.colcon_core.environment[0m [1;30mLevel 1[0m checking '/home/juloau/Desktop/TFG/tfg-jlopez/code/ros2/install/pibotj/bin'
[1.627s] [34mcolcon.colcon_core.shell[0m [1;30mINFO[0m Creating package script '/home/juloau/Desktop/TFG/tfg-jlopez/code/ros2/install/pibotj/share/pibotj/package.ps1'
[1.628s] [34mcolcon.colcon_core.shell[0m [1;30mINFO[0m Creating package descriptor '/home/juloau/Desktop/TFG/tfg-jlopez/code/ros2/install/pibotj/share/pibotj/package.dsv'
[1.629s] [34mcolcon.colcon_core.shell[0m [1;30mINFO[0m Creating package script '/home/juloau/Desktop/TFG/tfg-jlopez/code/ros2/install/pibotj/share/pibotj/package.sh'
[1.629s] [34mcolcon.colcon_core.shell[0m [1;30mINFO[0m Creating package script '/home/juloau/Desktop/TFG/tfg-jlopez/code/ros2/install/pibotj/share/pibotj/package.bash'
[1.630s] [34mcolcon.colcon_core.shell[0m [1;30mINFO[0m Creating package script '/home/juloau/Desktop/TFG/tfg-jlopez/code/ros2/install/pibotj/share/pibotj/package.zsh'
[1.630s] [34mcolcon.colcon_core.environment[0m [1;30mLevel 1[0m create_file_with_runtime_dependencies(/home/juloau/Desktop/TFG/tfg-jlopez/code/ros2/install/pibotj/share/colcon-core/packages/pibotj)
[1.658s] [34mcolcon.colcon_core.event_handler.log_command[0m [1;30mDEBUG[0m [32mInvoking command in '/home/juloau/Desktop/TFG/tfg-jlopez/code/ros2/src/pibotj_rr': PYTHONPATH=/home/juloau/Desktop/TFG/tfg-jlopez/code/ros2/build/pibotj_rr/prefix_override:/usr/lib/python3/dist-packages/colcon_core/task/python/colcon_distutils_commands:/home/juloau/Desktop/TFG/tfg-jlopez/code/ros2/install/pibotj_rr/lib/python3.10/site-packages:${PYTHONPATH} /usr/bin/python3 -W ignore:setup.py install is deprecated setup.py egg_info --egg-base ../../build/pibotj_rr build --build-base /home/juloau/Desktop/TFG/tfg-jlopez/code/ros2/build/pibotj_rr/build install --record /home/juloau/Desktop/TFG/tfg-jlopez/code/ros2/build/pibotj_rr/install.log --single-version-externally-managed install_data[0m
[2.000s] [34mcolcon.colcon_core.environment[0m [1;30mLevel 1[0m checking '/home/juloau/Desktop/TFG/tfg-jlopez/code/ros2/install/pibotj_rr' for CMake module files
[2.001s] [34mcolcon.colcon_core.event_handler.log_command[0m [1;30mDEBUG[0m [32mInvoked command in '/home/juloau/Desktop/TFG/tfg-jlopez/code/ros2/src/pibotj_rr' returned '0': PYTHONPATH=/home/juloau/Desktop/TFG/tfg-jlopez/code/ros2/build/pibotj_rr/prefix_override:/usr/lib/python3/dist-packages/colcon_core/task/python/colcon_distutils_commands:/home/juloau/Desktop/TFG/tfg-jlopez/code/ros2/install/pibotj_rr/lib/python3.10/site-packages:${PYTHONPATH} /usr/bin/python3 -W ignore:setup.py install is deprecated setup.py egg_info --egg-base ../../build/pibotj_rr build --build-base /home/juloau/Desktop/TFG/tfg-jlopez/code/ros2/build/pibotj_rr/build install --record /home/juloau/Desktop/TFG/tfg-jlopez/code/ros2/build/pibotj_rr/install.log --single-version-externally-managed install_data[0m
[2.001s] [34mcolcon.colcon_core.environment[0m [1;30mLevel 1[0m checking '/home/juloau/Desktop/TFG/tfg-jlopez/code/ros2/install/pibotj_rr' for CMake config files
[2.001s] [34mcolcon.colcon_core.environment[0m [1;30mLevel 1[0m checking '/home/juloau/Desktop/TFG/tfg-jlopez/code/ros2/install/pibotj_rr/lib'
[2.002s] [34mcolcon.colcon_core.environment[0m [1;30mLevel 1[0m checking '/home/juloau/Desktop/TFG/tfg-jlopez/code/ros2/install/pibotj_rr/bin'
[2.002s] [34mcolcon.colcon_core.environment[0m [1;30mLevel 1[0m checking '/home/juloau/Desktop/TFG/tfg-jlopez/code/ros2/install/pibotj_rr/lib/pkgconfig/pibotj_rr.pc'
[2.002s] [34mcolcon.colcon_core.environment[0m [1;30mLevel 1[0m checking '/home/juloau/Desktop/TFG/tfg-jlopez/code/ros2/install/pibotj_rr/lib/python3.10/site-packages'
[2.002s] [34mcolcon.colcon_core.shell[0m [1;30mLevel 1[0m create_environment_hook('pibotj_rr', 'pythonpath')
[2.002s] [34mcolcon.colcon_core.shell[0m [1;30mINFO[0m Creating environment hook '/home/juloau/Desktop/TFG/tfg-jlopez/code/ros2/install/pibotj_rr/share/pibotj_rr/hook/pythonpath.ps1'
[2.003s] [34mcolcon.colcon_core.shell[0m [1;30mINFO[0m Creating environment descriptor '/home/juloau/Desktop/TFG/tfg-jlopez/code/ros2/install/pibotj_rr/share/pibotj_rr/hook/pythonpath.dsv'
[2.003s] [34mcolcon.colcon_core.shell[0m [1;30mINFO[0m Creating environment hook '/home/juloau/Desktop/TFG/tfg-jlopez/code/ros2/install/pibotj_rr/share/pibotj_rr/hook/pythonpath.sh'
[2.004s] [34mcolcon.colcon_core.environment[0m [1;30mLevel 1[0m checking '/home/juloau/Desktop/TFG/tfg-jlopez/code/ros2/install/pibotj_rr/bin'
[2.004s] [34mcolcon.colcon_core.environment[0m [1;30mLevel 1[0m create_environment_scripts_only(pibotj_rr)
[2.004s] [34mcolcon.colcon_core.shell[0m [1;30mINFO[0m Creating package script '/home/juloau/Desktop/TFG/tfg-jlopez/code/ros2/install/pibotj_rr/share/pibotj_rr/package.ps1'
[2.005s] [34mcolcon.colcon_core.shell[0m [1;30mINFO[0m Creating package descriptor '/home/juloau/Desktop/TFG/tfg-jlopez/code/ros2/install/pibotj_rr/share/pibotj_rr/package.dsv'
[2.005s] [34mcolcon.colcon_core.shell[0m [1;30mINFO[0m Creating package script '/home/juloau/Desktop/TFG/tfg-jlopez/code/ros2/install/pibotj_rr/share/pibotj_rr/package.sh'
[2.005s] [34mcolcon.colcon_core.shell[0m [1;30mINFO[0m Creating package script '/home/juloau/Desktop/TFG/tfg-jlopez/code/ros2/install/pibotj_rr/share/pibotj_rr/package.bash'
[2.006s] [34mcolcon.colcon_core.shell[0m [1;30mINFO[0m Creating package script '/home/juloau/Desktop/TFG/tfg-jlopez/code/ros2/install/pibotj_rr/share/pibotj_rr/package.zsh'
[2.006s] [34mcolcon.colcon_core.environment[0m [1;30mLevel 1[0m create_file_with_runtime_dependencies(/home/juloau/Desktop/TFG/tfg-jlopez/code/ros2/install/pibotj_rr/share/colcon-core/packages/pibotj_rr)
[2.006s] [34mcolcon.colcon_parallel_executor.executor.parallel[0m [1;30mDEBUG[0m [32mclosing loop[0m
[2.007s] [34mcolcon.colcon_parallel_executor.executor.parallel[0m [1;30mDEBUG[0m [32mloop closed[0m
[2.007s] [34mcolcon.colcon_parallel_executor.executor.parallel[0m [1;30mDEBUG[0m [32mrun_until_complete finished with '0'[0m
[2.007s] [34mcolcon.colcon_core.event_reactor[0m [1;30mDEBUG[0m [32mjoining thread[0m
[2.015s] [34mcolcon.colcon_core.plugin_system[0m [1;30mINFO[0m Skipping extension 'colcon_notification.desktop_notification.terminal_notifier': Not used on non-Darwin systems
[2.015s] [34mcolcon.colcon_core.plugin_system[0m [1;30mINFO[0m Skipping extension 'colcon_notification.desktop_notification.win32': Not used on non-Windows systems
[2.015s] [34mcolcon.colcon_notification.desktop_notification[0m [1;30mINFO[0m Sending desktop notification using 'notify2'
[2.050s] [34mcolcon.colcon_core.event_reactor[0m [1;30mDEBUG[0m [32mjoined thread[0m
[2.051s] [34mcolcon.colcon_core.shell[0m [1;30mINFO[0m Creating prefix script '/home/juloau/Desktop/TFG/tfg-jlopez/code/ros2/install/local_setup.ps1'
[2.053s] [34mcolcon.colcon_core.shell[0m [1;30mINFO[0m Creating prefix util module '/home/juloau/Desktop/TFG/tfg-jlopez/code/ros2/install/_local_setup_util_ps1.py'
[2.055s] [34mcolcon.colcon_core.shell[0m [1;30mINFO[0m Creating prefix chain script '/home/juloau/Desktop/TFG/tfg-jlopez/code/ros2/install/setup.ps1'
[2.056s] [34mcolcon.colcon_core.shell[0m [1;30mINFO[0m Creating prefix script '/home/juloau/Desktop/TFG/tfg-jlopez/code/ros2/install/local_setup.sh'
[2.058s] [34mcolcon.colcon_core.shell[0m [1;30mINFO[0m Creating prefix util module '/home/juloau/Desktop/TFG/tfg-jlopez/code/ros2/install/_local_setup_util_sh.py'
[2.058s] [34mcolcon.colcon_core.shell[0m [1;30mINFO[0m Creating prefix chain script '/home/juloau/Desktop/TFG/tfg-jlopez/code/ros2/install/setup.sh'
[2.060s] [34mcolcon.colcon_core.shell[0m [1;30mINFO[0m Creating prefix script '/home/juloau/Desktop/TFG/tfg-jlopez/code/ros2/install/local_setup.bash'
[2.061s] [34mcolcon.colcon_core.shell[0m [1;30mINFO[0m Creating prefix chain script '/home/juloau/Desktop/TFG/tfg-jlopez/code/ros2/install/setup.bash'
[2.062s] [34mcolcon.colcon_core.shell[0m [1;30mINFO[0m Creating prefix script '/home/juloau/Desktop/TFG/tfg-jlopez/code/ros2/install/local_setup.zsh'
[2.063s] [34mcolcon.colcon_core.shell[0m [1;30mINFO[0m Creating prefix chain script '/home/juloau/Desktop/TFG/tfg-jlopez/code/ros2/install/setup.zsh'
