Traceback (most recent call last):
  File "/home/juloau/Desktop/TFG/tfg-jlopez/code/ros2/src/pibotj_rr/setup.py", line 1, in <module>
    from setuptools import setup
  File "/usr/lib/python3/dist-packages/setuptools/__init__.py", line 8, in <module>
    import _distutils_hack.override  # noqa: F401
  File "/usr/lib/python3/dist-packages/_distutils_hack/__init__.py", line 11, in <module>
    warnings.filterwarnings('ignore',
  File "/usr/lib/python3.10/warnings.py", line 155, in filterwarnings
    message = re.compile(message, re.I)
  File "/usr/lib/python3.10/re.py", line 251, in compile
    return _compile(pattern, flags)
  File "/usr/lib/python3.10/re.py", line 303, in _compile
    p = sre_compile.compile(pattern, flags)
  File "/usr/lib/python3.10/sre_compile.py", line 792, in compile
    code = _code(p, flags)
  File "/usr/lib/python3.10/sre_compile.py", line 631, in _code
    _compile(code, p.data, flags)
  File "/usr/lib/python3.10/sre_compile.py", line 164, in _compile
    _compile(code, av[2], flags)
  File "/usr/lib/python3.10/sre_compile.py", line 149, in _compile
    if flags & SRE_FLAG_DOTALL:
KeyboardInterrupt
