[0.793s] Invoking command in '/home/juloau/Desktop/TFG/tfg-jlopez/code/ros2/src/pibotj_rr': PYTHONPATH=/home/juloau/Desktop/TFG/tfg-jlopez/code/ros2/build/pibotj_rr/prefix_override:/usr/lib/python3/dist-packages/colcon_core/task/python/colcon_distutils_commands:/home/juloau/Desktop/TFG/tfg-jlopez/code/ros2/install/pibotj_rr/lib/python3.10/site-packages:${PYTHONPATH} /usr/bin/python3 -W ignore:setup.py install is deprecated setup.py egg_info --egg-base ../../build/pibotj_rr build --build-base /home/juloau/Desktop/TFG/tfg-jlopez/code/ros2/build/pibotj_rr/build install --record /home/juloau/Desktop/TFG/tfg-jlopez/code/ros2/build/pibotj_rr/install.log --single-version-externally-managed install_data
[0.813s] Traceback (most recent call last):
[0.813s]   File "/home/juloau/Desktop/TFG/tfg-jlopez/code/ros2/src/pibotj_rr/setup.py", line 1, in <module>
[0.813s]     from setuptools import setup
[0.813s]   File "/usr/lib/python3/dist-packages/setuptools/__init__.py", line 8, in <module>
[0.813s]     import _distutils_hack.override  # noqa: F401
[0.813s]   File "/usr/lib/python3/dist-packages/_distutils_hack/__init__.py", line 11, in <module>
[0.813s]     warnings.filterwarnings('ignore',
[0.813s]   File "/usr/lib/python3.10/warnings.py", line 155, in filterwarnings
[0.813s]     message = re.compile(message, re.I)
[0.813s]   File "/usr/lib/python3.10/re.py", line 251, in compile
[0.813s]     return _compile(pattern, flags)
[0.813s]   File "/usr/lib/python3.10/re.py", line 303, in _compile
[0.814s]     p = sre_compile.compile(pattern, flags)
[0.814s]   File "/usr/lib/python3.10/sre_compile.py", line 792, in compile
[0.814s]     code = _code(p, flags)
[0.814s]   File "/usr/lib/python3.10/sre_compile.py", line 631, in _code
[0.814s]     _compile(code, p.data, flags)
[0.815s]   File "/usr/lib/python3.10/sre_compile.py", line 164, in _compile
[0.815s]     _compile(code, av[2], flags)
[0.815s]   File "/usr/lib/python3.10/sre_compile.py", line 149, in _compile
[0.815s]     if flags & SRE_FLAG_DOTALL:
[0.815s] KeyboardInterrupt
[0.818s] Invoked command in '/home/juloau/Desktop/TFG/tfg-jlopez/code/ros2/src/pibotj_rr' returned '-2': PYTHONPATH=/home/juloau/Desktop/TFG/tfg-jlopez/code/ros2/build/pibotj_rr/prefix_override:/usr/lib/python3/dist-packages/colcon_core/task/python/colcon_distutils_commands:/home/juloau/Desktop/TFG/tfg-jlopez/code/ros2/install/pibotj_rr/lib/python3.10/site-packages:${PYTHONPATH} /usr/bin/python3 -W ignore:setup.py install is deprecated setup.py egg_info --egg-base ../../build/pibotj_rr build --build-base /home/juloau/Desktop/TFG/tfg-jlopez/code/ros2/build/pibotj_rr/build install --record /home/juloau/Desktop/TFG/tfg-jlopez/code/ros2/build/pibotj_rr/install.log --single-version-externally-managed install_data
