[0.549s] Invoking command in '/home/juloau/Desktop/TFG/tfg-jlopez/code/ros2/build/joint_limits': CMAKE_PREFIX_PATH=${CMAKE_PREFIX_PATH}:/opt/ros/humble /usr/bin/cmake /home/juloau/Desktop/TFG/tfg-jlopez/code/ros2/src/ros-controls/ros2_control/joint_limits -DAMENT_CMAKE_SYMLINK_INSTALL=1 -DCMAKE_INSTALL_PREFIX=/home/juloau/Desktop/TFG/tfg-jlopez/code/ros2/install/joint_limits
[1.174s] -- The C compiler identification is GNU 11.4.0
[1.174s] -- The CXX compiler identification is GNU 11.4.0
[1.174s] -- Detecting C compiler ABI info
[1.175s] -- Detecting C compiler ABI info - done
[1.175s] -- Check for working C compiler: /usr/bin/cc - skipped
[1.175s] -- Detecting C compile features
[1.175s] -- Detecting C compile features - done
[1.175s] -- Detecting CXX compiler ABI info
[1.195s] -- Detecting CXX compiler ABI info - done
[1.211s] -- Check for working CXX compiler: /usr/bin/c++ - skipped
[1.211s] -- Detecting CXX compile features
[1.212s] -- Detecting CXX compile features - done
[1.218s] -- Found ament_cmake: 1.3.9 (/opt/ros/humble/share/ament_cmake/cmake)
[1.509s] -- Found Python3: /usr/bin/python3 (found version "3.10.12") found components: Interpreter 
[1.667s] -- Override CMake install command with custom implementation using symlinks instead of copying resources
[1.726s] -- Found rclcpp: 16.0.9 (/opt/ros/humble/share/rclcpp/cmake)
[1.823s] -- Found rosidl_generator_c: 3.1.5 (/opt/ros/humble/share/rosidl_generator_c/cmake)
[1.836s] -- Found rosidl_adapter: 3.1.5 (/opt/ros/humble/share/rosidl_adapter/cmake)
[1.856s] -- Found rosidl_generator_cpp: 3.1.5 (/opt/ros/humble/share/rosidl_generator_cpp/cmake)
[1.888s] -- Using all available rosidl_typesupport_c: rosidl_typesupport_fastrtps_c;rosidl_typesupport_introspection_c
[1.933s] -- Using all available rosidl_typesupport_cpp: rosidl_typesupport_fastrtps_cpp;rosidl_typesupport_introspection_cpp
[2.105s] -- Found rmw_implementation_cmake: 6.1.2 (/opt/ros/humble/share/rmw_implementation_cmake/cmake)
[2.105s] -- Found rmw_fastrtps_cpp: 6.2.6 (/opt/ros/humble/share/rmw_fastrtps_cpp/cmake)
[2.447s] -- Found OpenSSL: /usr/lib/x86_64-linux-gnu/libcrypto.so (found version "3.0.2")  
[2.530s] -- Found FastRTPS: /opt/ros/humble/include  
[2.675s] -- Using RMW implementation 'rmw_fastrtps_cpp' as default
[2.723s] -- Looking for pthread.h
[2.913s] -- Looking for pthread.h - found
[2.914s] -- Performing Test CMAKE_HAVE_LIBC_PTHREAD
[3.076s] -- Performing Test CMAKE_HAVE_LIBC_PTHREAD - Success
[3.076s] -- Found Threads: TRUE  
[3.455s] -- Found rclcpp_lifecycle: 16.0.9 (/opt/ros/humble/share/rclcpp_lifecycle/cmake)
[3.557s] -- Found ament_cmake_gtest: 1.3.9 (/opt/ros/humble/share/ament_cmake_gtest/cmake)
[3.564s] -- Found launch_testing_ament_cmake: 1.0.6 (/opt/ros/humble/share/launch_testing_ament_cmake/cmake)
[3.568s] -- Found python_cmake_module: 0.10.0 (/opt/ros/humble/share/python_cmake_module/cmake)
[3.609s] -- Found PythonInterp: /usr/bin/python3 (found suitable version "3.10.12", minimum required is "3.6") 
[3.620s] -- Found PythonLibs: /usr/lib/x86_64-linux-gnu/libpython3.10.so (found suitable version "3.10.12", minimum required is "3.5") 
[3.621s] -- Using PYTHON_EXECUTABLE: /usr/bin/python3
[3.621s] -- Using PYTHON_INCLUDE_DIRS: /usr/include/python3.10
[3.622s] -- Using PYTHON_LIBRARIES: /usr/lib/x86_64-linux-gnu/libpython3.10.so
[3.664s] -- Found PythonExtra: .so  
[3.671s] -- Found gtest sources under '/opt/ros/humble/src/gtest_vendor': C++ tests using 'Google Test' will be built
[4.007s] -- Configuring done
[4.070s] -- Generating done
[4.078s] -- Build files have been written to: /home/juloau/Desktop/TFG/tfg-jlopez/code/ros2/build/joint_limits
[4.160s] Invoked command in '/home/juloau/Desktop/TFG/tfg-jlopez/code/ros2/build/joint_limits' returned '0': CMAKE_PREFIX_PATH=${CMAKE_PREFIX_PATH}:/opt/ros/humble /usr/bin/cmake /home/juloau/Desktop/TFG/tfg-jlopez/code/ros2/src/ros-controls/ros2_control/joint_limits -DAMENT_CMAKE_SYMLINK_INSTALL=1 -DCMAKE_INSTALL_PREFIX=/home/juloau/Desktop/TFG/tfg-jlopez/code/ros2/install/joint_limits
[4.161s] Invoking command in '/home/juloau/Desktop/TFG/tfg-jlopez/code/ros2/build/joint_limits': CMAKE_PREFIX_PATH=${CMAKE_PREFIX_PATH}:/opt/ros/humble /usr/bin/cmake --build /home/juloau/Desktop/TFG/tfg-jlopez/code/ros2/build/joint_limits -- -j8 -l8
[4.433s] [ 16%] [32mBuilding CXX object gtest/CMakeFiles/gtest.dir/src/gtest-all.cc.o[0m
[4.508s] [ 33%] [32mBuilding CXX object gtest/CMakeFiles/gtest_main.dir/src/gtest_main.cc.o[0m
[6.177s] [ 50%] [32m[1mLinking CXX static library libgtest_main.a[0m
[6.398s] [ 50%] Built target gtest_main
[13.934s] [ 66%] [32m[1mLinking CXX static library libgtest.a[0m
[14.335s] [ 66%] Built target gtest
[14.477s] [ 83%] [32mBuilding CXX object CMakeFiles/joint_limits_rosparam_test.dir/test/joint_limits_rosparam_test.cpp.o[0m
[37.968s] [100%] [32m[1mLinking CXX executable joint_limits_rosparam_test[0m
[38.899s] [100%] Built target joint_limits_rosparam_test
[38.945s] Invoked command in '/home/juloau/Desktop/TFG/tfg-jlopez/code/ros2/build/joint_limits' returned '0': CMAKE_PREFIX_PATH=${CMAKE_PREFIX_PATH}:/opt/ros/humble /usr/bin/cmake --build /home/juloau/Desktop/TFG/tfg-jlopez/code/ros2/build/joint_limits -- -j8 -l8
[39.262s] Invoking command in '/home/juloau/Desktop/TFG/tfg-jlopez/code/ros2/build/joint_limits': CMAKE_PREFIX_PATH=${CMAKE_PREFIX_PATH}:/opt/ros/humble /usr/bin/cmake --install /home/juloau/Desktop/TFG/tfg-jlopez/code/ros2/build/joint_limits
[39.277s] -- Install configuration: ""
[39.282s] -- Execute custom install script
[39.294s] -- Symlinking: /home/juloau/Desktop/TFG/tfg-jlopez/code/ros2/install/joint_limits/include/joint_limits/joint_limits.hpp
[39.371s] -- Symlinking: /home/juloau/Desktop/TFG/tfg-jlopez/code/ros2/install/joint_limits/include/joint_limits/joint_limits_rosparam.hpp
[39.396s] -- Symlinking: /home/juloau/Desktop/TFG/tfg-jlopez/code/ros2/install/joint_limits/lib/joint_limits/joint_limits_rosparam_test
[39.431s] -- Symlinking: /home/juloau/Desktop/TFG/tfg-jlopez/code/ros2/install/joint_limits/share/joint_limits/test/joint_limits_rosparam.yaml
[39.463s] -- Symlinking: /home/juloau/Desktop/TFG/tfg-jlopez/code/ros2/install/joint_limits/share/ament_index/resource_index/package_run_dependencies/joint_limits
[39.507s] -- Symlinking: /home/juloau/Desktop/TFG/tfg-jlopez/code/ros2/install/joint_limits/share/ament_index/resource_index/parent_prefix_path/joint_limits
[39.545s] -- Symlinking: /home/juloau/Desktop/TFG/tfg-jlopez/code/ros2/install/joint_limits/share/joint_limits/environment/ament_prefix_path.sh
[39.592s] -- Symlinking: /home/juloau/Desktop/TFG/tfg-jlopez/code/ros2/install/joint_limits/share/joint_limits/environment/ament_prefix_path.dsv
[39.636s] -- Symlinking: /home/juloau/Desktop/TFG/tfg-jlopez/code/ros2/install/joint_limits/share/joint_limits/environment/path.sh
[39.677s] -- Symlinking: /home/juloau/Desktop/TFG/tfg-jlopez/code/ros2/install/joint_limits/share/joint_limits/environment/path.dsv
[39.744s] -- Symlinking: /home/juloau/Desktop/TFG/tfg-jlopez/code/ros2/install/joint_limits/share/joint_limits/local_setup.bash
[39.769s] -- Symlinking: /home/juloau/Desktop/TFG/tfg-jlopez/code/ros2/install/joint_limits/share/joint_limits/local_setup.sh
[39.802s] -- Symlinking: /home/juloau/Desktop/TFG/tfg-jlopez/code/ros2/install/joint_limits/share/joint_limits/local_setup.zsh
[39.821s] -- Symlinking: /home/juloau/Desktop/TFG/tfg-jlopez/code/ros2/install/joint_limits/share/joint_limits/local_setup.dsv
[39.857s] -- Symlinking: /home/juloau/Desktop/TFG/tfg-jlopez/code/ros2/install/joint_limits/share/joint_limits/package.dsv
[39.903s] -- Symlinking: /home/juloau/Desktop/TFG/tfg-jlopez/code/ros2/install/joint_limits/share/ament_index/resource_index/packages/joint_limits
[39.956s] -- Symlinking: /home/juloau/Desktop/TFG/tfg-jlopez/code/ros2/install/joint_limits/share/joint_limits/cmake/ament_cmake_export_dependencies-extras.cmake
[39.988s] -- Symlinking: /home/juloau/Desktop/TFG/tfg-jlopez/code/ros2/install/joint_limits/share/joint_limits/cmake/ament_cmake_export_include_directories-extras.cmake
[40.005s] -- Symlinking: /home/juloau/Desktop/TFG/tfg-jlopez/code/ros2/install/joint_limits/share/joint_limits/cmake/joint_limitsConfig.cmake
[40.027s] -- Symlinking: /home/juloau/Desktop/TFG/tfg-jlopez/code/ros2/install/joint_limits/share/joint_limits/cmake/joint_limitsConfig-version.cmake
[40.048s] -- Symlinking: /home/juloau/Desktop/TFG/tfg-jlopez/code/ros2/install/joint_limits/share/joint_limits/package.xml
[40.089s] Invoked command in '/home/juloau/Desktop/TFG/tfg-jlopez/code/ros2/build/joint_limits' returned '0': CMAKE_PREFIX_PATH=${CMAKE_PREFIX_PATH}:/opt/ros/humble /usr/bin/cmake --install /home/juloau/Desktop/TFG/tfg-jlopez/code/ros2/build/joint_limits
