[0.010s] Invoking command in '/home/juloau/Desktop/TFG/tfg-jlopez/code/ros2/build/pibotj_pothole': CMAKE_PREFIX_PATH=${CMAKE_PREFIX_PATH}:/opt/ros/humble /usr/bin/cmake --build /home/juloau/Desktop/TFG/tfg-jlopez/code/ros2/build/pibotj_pothole -- -j8 -l8
[0.047s] Invoked command in '/home/juloau/Desktop/TFG/tfg-jlopez/code/ros2/build/pibotj_pothole' returned '0': CMAKE_PREFIX_PATH=${CMAKE_PREFIX_PATH}:/opt/ros/humble /usr/bin/cmake --build /home/juloau/Desktop/TFG/tfg-jlopez/code/ros2/build/pibotj_pothole -- -j8 -l8
[0.076s] Invoking command in '/home/juloau/Desktop/TFG/tfg-jlopez/code/ros2/build/pibotj_pothole': CMAKE_PREFIX_PATH=${CMAKE_PREFIX_PATH}:/opt/ros/humble /usr/bin/cmake --install /home/juloau/Desktop/TFG/tfg-jlopez/code/ros2/build/pibotj_pothole
[0.082s] -- Install configuration: ""
[0.083s] -- Execute custom install script
[0.083s] -- Up-to-date symlink: /home/juloau/Desktop/TFG/tfg-jlopez/code/ros2/install/pibotj_pothole/share/ament_index/resource_index/package_run_dependencies/pibotj_pothole
[0.083s] -- Up-to-date symlink: /home/juloau/Desktop/TFG/tfg-jlopez/code/ros2/install/pibotj_pothole/share/ament_index/resource_index/parent_prefix_path/pibotj_pothole
[0.083s] -- Up-to-date symlink: /home/juloau/Desktop/TFG/tfg-jlopez/code/ros2/install/pibotj_pothole/share/pibotj_pothole/environment/ament_prefix_path.sh
[0.083s] -- Up-to-date symlink: /home/juloau/Desktop/TFG/tfg-jlopez/code/ros2/install/pibotj_pothole/share/pibotj_pothole/environment/ament_prefix_path.dsv
[0.084s] -- Up-to-date symlink: /home/juloau/Desktop/TFG/tfg-jlopez/code/ros2/install/pibotj_pothole/share/pibotj_pothole/environment/path.sh
[0.084s] -- Up-to-date symlink: /home/juloau/Desktop/TFG/tfg-jlopez/code/ros2/install/pibotj_pothole/share/pibotj_pothole/environment/path.dsv
[0.084s] -- Up-to-date symlink: /home/juloau/Desktop/TFG/tfg-jlopez/code/ros2/install/pibotj_pothole/share/pibotj_pothole/local_setup.bash
[0.084s] -- Up-to-date symlink: /home/juloau/Desktop/TFG/tfg-jlopez/code/ros2/install/pibotj_pothole/share/pibotj_pothole/local_setup.sh
[0.084s] -- Up-to-date symlink: /home/juloau/Desktop/TFG/tfg-jlopez/code/ros2/install/pibotj_pothole/share/pibotj_pothole/local_setup.zsh
[0.084s] -- Up-to-date symlink: /home/juloau/Desktop/TFG/tfg-jlopez/code/ros2/install/pibotj_pothole/share/pibotj_pothole/local_setup.dsv
[0.085s] -- Symlinking: /home/juloau/Desktop/TFG/tfg-jlopez/code/ros2/install/pibotj_pothole/share/pibotj_pothole/package.dsv
[0.093s] -- Up-to-date symlink: /home/juloau/Desktop/TFG/tfg-jlopez/code/ros2/install/pibotj_pothole/share/ament_index/resource_index/packages/pibotj_pothole
[0.093s] -- Up-to-date symlink: /home/juloau/Desktop/TFG/tfg-jlopez/code/ros2/install/pibotj_pothole/share/pibotj_pothole/cmake/pibotj_potholeConfig.cmake
[0.094s] -- Up-to-date symlink: /home/juloau/Desktop/TFG/tfg-jlopez/code/ros2/install/pibotj_pothole/share/pibotj_pothole/cmake/pibotj_potholeConfig-version.cmake
[0.094s] -- Up-to-date symlink: /home/juloau/Desktop/TFG/tfg-jlopez/code/ros2/install/pibotj_pothole/share/pibotj_pothole/package.xml
[0.096s] Invoked command in '/home/juloau/Desktop/TFG/tfg-jlopez/code/ros2/build/pibotj_pothole' returned '0': CMAKE_PREFIX_PATH=${CMAKE_PREFIX_PATH}:/opt/ros/humble /usr/bin/cmake --install /home/juloau/Desktop/TFG/tfg-jlopez/code/ros2/build/pibotj_pothole
