[0.007s] Invoking command in '/home/juloau/Desktop/TFG/tfg-jlopez/code/ros2/build/kinematics_interface': CMAKE_PREFIX_PATH=/opt/ros/humble /usr/bin/cmake --build /home/juloau/Desktop/TFG/tfg-jlopez/code/ros2/build/kinematics_interface -- -j8 -l8
[0.047s] [35m[1mConsolidate compiler generated dependencies of target kinematics_interface[0m
[0.067s] [100%] Built target kinematics_interface
[0.077s] Invoked command in '/home/juloau/Desktop/TFG/tfg-jlopez/code/ros2/build/kinematics_interface' returned '0': CMAKE_PREFIX_PATH=/opt/ros/humble /usr/bin/cmake --build /home/juloau/Desktop/TFG/tfg-jlopez/code/ros2/build/kinematics_interface -- -j8 -l8
[0.100s] Invoking command in '/home/juloau/Desktop/TFG/tfg-jlopez/code/ros2/build/kinematics_interface': CMAKE_PREFIX_PATH=/opt/ros/humble /usr/bin/cmake --install /home/juloau/Desktop/TFG/tfg-jlopez/code/ros2/build/kinematics_interface
[0.108s] -- Install configuration: ""
[0.109s] -- Execute custom install script
[0.111s] -- Up-to-date symlink: /home/juloau/Desktop/TFG/tfg-jlopez/code/ros2/install/kinematics_interface/include/kinematics_interface/kinematics_interface/kinematics_interface.hpp
[0.111s] -- Up-to-date symlink: /home/juloau/Desktop/TFG/tfg-jlopez/code/ros2/install/kinematics_interface/include/kinematics_interface/kinematics_interface/visibility_control.h
[0.112s] -- Up-to-date symlink: /home/juloau/Desktop/TFG/tfg-jlopez/code/ros2/install/kinematics_interface/share/kinematics_interface/environment/library_path.sh
[0.112s] -- Up-to-date symlink: /home/juloau/Desktop/TFG/tfg-jlopez/code/ros2/install/kinematics_interface/share/kinematics_interface/environment/library_path.dsv
[0.113s] -- Up-to-date symlink: /home/juloau/Desktop/TFG/tfg-jlopez/code/ros2/install/kinematics_interface/share/ament_index/resource_index/package_run_dependencies/kinematics_interface
[0.113s] -- Up-to-date symlink: /home/juloau/Desktop/TFG/tfg-jlopez/code/ros2/install/kinematics_interface/share/ament_index/resource_index/parent_prefix_path/kinematics_interface
[0.113s] -- Up-to-date symlink: /home/juloau/Desktop/TFG/tfg-jlopez/code/ros2/install/kinematics_interface/share/kinematics_interface/environment/ament_prefix_path.sh
[0.113s] -- Up-to-date symlink: /home/juloau/Desktop/TFG/tfg-jlopez/code/ros2/install/kinematics_interface/share/kinematics_interface/environment/ament_prefix_path.dsv
[0.114s] -- Up-to-date symlink: /home/juloau/Desktop/TFG/tfg-jlopez/code/ros2/install/kinematics_interface/share/kinematics_interface/environment/path.sh
[0.114s] -- Up-to-date symlink: /home/juloau/Desktop/TFG/tfg-jlopez/code/ros2/install/kinematics_interface/share/kinematics_interface/environment/path.dsv
[0.114s] -- Up-to-date symlink: /home/juloau/Desktop/TFG/tfg-jlopez/code/ros2/install/kinematics_interface/share/kinematics_interface/local_setup.bash
[0.114s] -- Up-to-date symlink: /home/juloau/Desktop/TFG/tfg-jlopez/code/ros2/install/kinematics_interface/share/kinematics_interface/local_setup.sh
[0.115s] -- Up-to-date symlink: /home/juloau/Desktop/TFG/tfg-jlopez/code/ros2/install/kinematics_interface/share/kinematics_interface/local_setup.zsh
[0.115s] -- Up-to-date symlink: /home/juloau/Desktop/TFG/tfg-jlopez/code/ros2/install/kinematics_interface/share/kinematics_interface/local_setup.dsv
[0.115s] -- Symlinking: /home/juloau/Desktop/TFG/tfg-jlopez/code/ros2/install/kinematics_interface/share/kinematics_interface/package.dsv
[0.124s] -- Up-to-date symlink: /home/juloau/Desktop/TFG/tfg-jlopez/code/ros2/install/kinematics_interface/share/ament_index/resource_index/packages/kinematics_interface
[0.124s] -- Up-to-date symlink: /home/juloau/Desktop/TFG/tfg-jlopez/code/ros2/install/kinematics_interface/share/kinematics_interface/cmake/ament_cmake_export_targets-extras.cmake
[0.125s] -- Up-to-date symlink: /home/juloau/Desktop/TFG/tfg-jlopez/code/ros2/install/kinematics_interface/share/kinematics_interface/cmake/ament_cmake_export_dependencies-extras.cmake
[0.125s] -- Up-to-date symlink: /home/juloau/Desktop/TFG/tfg-jlopez/code/ros2/install/kinematics_interface/share/kinematics_interface/cmake/kinematics_interfaceConfig.cmake
[0.126s] -- Up-to-date symlink: /home/juloau/Desktop/TFG/tfg-jlopez/code/ros2/install/kinematics_interface/share/kinematics_interface/cmake/kinematics_interfaceConfig-version.cmake
[0.126s] -- Up-to-date symlink: /home/juloau/Desktop/TFG/tfg-jlopez/code/ros2/install/kinematics_interface/share/kinematics_interface/package.xml
[0.127s] -- Up-to-date: /home/juloau/Desktop/TFG/tfg-jlopez/code/ros2/install/kinematics_interface/lib/libkinematics_interface.so
[0.127s] -- Up-to-date: /home/juloau/Desktop/TFG/tfg-jlopez/code/ros2/install/kinematics_interface/share/kinematics_interface/cmake/export_kinematics_interfaceExport.cmake
[0.128s] -- Up-to-date: /home/juloau/Desktop/TFG/tfg-jlopez/code/ros2/install/kinematics_interface/share/kinematics_interface/cmake/export_kinematics_interfaceExport-noconfig.cmake
[0.129s] Invoked command in '/home/juloau/Desktop/TFG/tfg-jlopez/code/ros2/build/kinematics_interface' returned '0': CMAKE_PREFIX_PATH=/opt/ros/humble /usr/bin/cmake --install /home/juloau/Desktop/TFG/tfg-jlopez/code/ros2/build/kinematics_interface
