-- The CXX compiler identification is GNU 11.4.0
-- Detecting CXX compiler ABI info
-- Detecting CXX compiler ABI info - done
-- Check for working CXX compiler: /usr/bin/c++ - skipped
-- Detecting CXX compile features
-- Detecting CXX compile features - done
-- Found ament_cmake: 1.3.9 (/opt/ros/humble/share/ament_cmake/cmake)
-- Found Python3: /usr/bin/python3 (found version "3.10.12") found components: Interpreter 
-- Override CMake install command with custom implementation using symlinks instead of copying resources
-- Found backward_ros: 1.0.2 (/opt/ros/humble/share/backward_ros/cmake)
-- Found libdw: /usr/lib/x86_64-linux-gnu/libdw.so  
-- Could NOT find libbfd (missing: LIBBFD_LIBRARY LIBBFD_INCLUDE_DIR) 
-- BACKWARD_HAS_UNWIND=1
-- BACKWARD_HAS_BACKTRACE=0
-- BACKWARD_HAS_BACKTRACE_SYMBOL=0
-- BACKWARD_HAS_DW=1
-- BACKWARD_HAS_BFD=0
-- Found Backward: /opt/ros/humble/share/backward_ros/cmake  
-- Found control_msgs: 4.6.0 (/home/juloau/Desktop/TFG/tfg-jlopez/code/ros2/install/control_msgs/share/control_msgs/cmake)
-- Found rosidl_generator_c: 3.1.5 (/opt/ros/humble/share/rosidl_generator_c/cmake)
-- Found rosidl_adapter: 3.1.5 (/opt/ros/humble/share/rosidl_adapter/cmake)
-- Found rosidl_generator_cpp: 3.1.5 (/opt/ros/humble/share/rosidl_generator_cpp/cmake)
-- Using all available rosidl_typesupport_c: rosidl_typesupport_fastrtps_c;rosidl_typesupport_introspection_c
-- Using all available rosidl_typesupport_cpp: rosidl_typesupport_fastrtps_cpp;rosidl_typesupport_introspection_cpp
-- Found control_toolbox: 3.2.0 (/home/juloau/Desktop/TFG/tfg-jlopez/code/ros2/install/control_toolbox/share/control_toolbox/cmake)
-- Found rmw_implementation_cmake: 6.1.2 (/opt/ros/humble/share/rmw_implementation_cmake/cmake)
-- Found rmw_fastrtps_cpp: 6.2.6 (/opt/ros/humble/share/rmw_fastrtps_cpp/cmake)
-- Found OpenSSL: /usr/lib/x86_64-linux-gnu/libcrypto.so (found version "3.0.2")  
-- Found FastRTPS: /opt/ros/humble/include  
-- Using RMW implementation 'rmw_fastrtps_cpp' as default
-- Looking for C++ include pthread.h
-- Looking for C++ include pthread.h - found
-- Performing Test CMAKE_HAVE_LIBC_PTHREAD
-- Performing Test CMAKE_HAVE_LIBC_PTHREAD - Success
-- Found Threads: TRUE  
-- Found parameter_traits: 0.3.8 (/opt/ros/humble/share/parameter_traits/cmake)
-- Found rclcpp_lifecycle: 16.0.9 (/opt/ros/humble/share/rclcpp_lifecycle/cmake)
-- Found controller_interface: 2.42.0 (/home/juloau/Desktop/TFG/tfg-jlopez/code/ros2/install/controller_interface/share/controller_interface/cmake)
-- Found ament_cmake_gmock: 1.3.9 (/opt/ros/humble/share/ament_cmake_gmock/cmake)
-- Found controller_manager: 2.42.0 (/home/juloau/Desktop/TFG/tfg-jlopez/code/ros2/install/controller_manager/share/controller_manager/cmake)
-- Found ros2_control_test_assets: 2.42.0 (/home/juloau/Desktop/TFG/tfg-jlopez/code/ros2/install/ros2_control_test_assets/share/ros2_control_test_assets/cmake)
-- Found gmock sources under '/opt/ros/humble/src/gmock_vendor': C++ tests using 'Google Mock' will be built
-- The C compiler identification is GNU 11.4.0
-- Detecting C compiler ABI info
-- Detecting C compiler ABI info - done
-- Check for working C compiler: /usr/bin/cc - skipped
-- Detecting C compile features
-- Detecting C compile features - done
-- Found ament_cmake_gtest: 1.3.9 (/opt/ros/humble/share/ament_cmake_gtest/cmake)
-- Found gtest sources under '/opt/ros/humble/src/gtest_vendor': C++ tests using 'Google Test' will be built
-- Configuring done
-- Generating done
-- Build files have been written to: /home/juloau/Desktop/TFG/tfg-jlopez/code/ros2/build/gripper_controllers
[  8%] [32mBuilding CXX object gmock/CMakeFiles/gmock_main.dir/src/gmock_main.cc.o[0m
[ 16%] [34m[1mRunning `/opt/ros/humble/bin/generate_parameter_library_cpp /home/juloau/Desktop/TFG/tfg-jlopez/code/ros2/build/gripper_controllers/gripper_action_controller_parameters/include//gripper_action_controller_parameters.hpp /home/juloau/Desktop/TFG/tfg-jlopez/code/ros2/src/ros-controls/ros2_controllers/gripper_controllers/src/gripper_action_controller_parameters.yaml `[0m
[ 25%] [32mBuilding CXX object gmock/CMakeFiles/gmock.dir/opt/ros/humble/src/gtest_vendor/src/gtest-all.cc.o[0m
[ 33%] [32mBuilding CXX object gmock/CMakeFiles/gmock.dir/src/gmock-all.cc.o[0m
[ 33%] Built target gripper_action_controller_parameters
[ 41%] [32mBuilding CXX object CMakeFiles/gripper_action_controller.dir/src/gripper_action_controller.cpp.o[0m
[ 50%] [32m[1mLinking CXX static library libgmock_main.a[0m
[ 50%] Built target gmock_main
[ 58%] [32m[1mLinking CXX static library libgmock.a[0m
[ 58%] Built target gmock
[ 66%] [32mBuilding CXX object CMakeFiles/test_load_gripper_action_controllers.dir/test/test_load_gripper_action_controllers.cpp.o[0m
[ 75%] [32m[1mLinking CXX shared library libgripper_action_controller.so[0m
[ 75%] Built target gripper_action_controller
[ 83%] [32mBuilding CXX object CMakeFiles/test_gripper_controllers.dir/test/test_gripper_controllers.cpp.o[0m
[ 91%] [32m[1mLinking CXX executable test_load_gripper_action_controllers[0m
[ 91%] Built target test_load_gripper_action_controllers
[100%] [32m[1mLinking CXX executable test_gripper_controllers[0m
[100%] Built target test_gripper_controllers
