[0.014s] Invoking command in '/home/juloau/Desktop/TFG/tfg-jlopez/code/ros2/build/control_toolbox': AMENT_PREFIX_PATH=/home/juloau/Desktop/TFG/tfg-jlopez/code/ros2/install/realtime_tools:/home/juloau/Desktop/TFG/tfg-jlopez/code/ros2/install/control_msgs:${AMENT_PREFIX_PATH} CMAKE_PREFIX_PATH=/home/juloau/Desktop/TFG/tfg-jlopez/code/ros2/install/realtime_tools:/home/juloau/Desktop/TFG/tfg-jlopez/code/ros2/install/control_msgs:/opt/ros/humble LD_LIBRARY_PATH=/home/juloau/Desktop/TFG/tfg-jlopez/code/ros2/install/realtime_tools/lib:/home/juloau/Desktop/TFG/tfg-jlopez/code/ros2/install/control_msgs/lib:/usr/lib/x86_64-linux-gnu/gazebo-11/plugins:/opt/ros/humble/opt/rviz_ogre_vendor/lib:/opt/ros/humble/lib/x86_64-linux-gnu:/opt/ros/humble/lib:/usr/share/gazebo/../../lib/x86_64-linux-gnu/gazebo-11/plugins PYTHONPATH=/home/juloau/Desktop/TFG/tfg-jlopez/code/ros2/install/control_msgs/local/lib/python3.10/dist-packages:${PYTHONPATH} /usr/bin/cmake --build /home/juloau/Desktop/TFG/tfg-jlopez/code/ros2/build/control_toolbox -- -j8 -l8
[0.037s] -- Found ament_cmake: 1.3.10 (/opt/ros/humble/share/ament_cmake/cmake)
[0.169s] -- Override CMake install command with custom implementation using symlinks instead of copying resources
[0.179s] -- Found control_msgs: 4.6.0 (/home/juloau/Desktop/TFG/tfg-jlopez/code/ros2/install/control_msgs/share/control_msgs/cmake)
[0.215s] -- Found rosidl_generator_c: 3.1.5 (/opt/ros/humble/share/rosidl_generator_c/cmake)
[0.218s] -- Found rosidl_adapter: 3.1.5 (/opt/ros/humble/share/rosidl_adapter/cmake)
[0.225s] -- Found rosidl_generator_cpp: 3.1.5 (/opt/ros/humble/share/rosidl_generator_cpp/cmake)
[0.237s] -- Using all available rosidl_typesupport_c: rosidl_typesupport_fastrtps_c;rosidl_typesupport_introspection_c
[0.257s] -- Using all available rosidl_typesupport_cpp: rosidl_typesupport_fastrtps_cpp;rosidl_typesupport_introspection_cpp
[0.405s] -- Found rclcpp: 16.0.10 (/opt/ros/humble/share/rclcpp/cmake)
[0.442s] -- Found rmw_implementation_cmake: 6.1.2 (/opt/ros/humble/share/rmw_implementation_cmake/cmake)
[0.444s] -- Found rmw_fastrtps_cpp: 6.2.7 (/opt/ros/humble/share/rmw_fastrtps_cpp/cmake)
[0.595s] -- Using RMW implementation 'rmw_fastrtps_cpp' as default
[0.641s] -- Found realtime_tools: 2.5.0 (/home/juloau/Desktop/TFG/tfg-jlopez/code/ros2/install/realtime_tools/share/realtime_tools/cmake)
[0.653s] -- Found filters: 2.1.0 (/opt/ros/humble/share/filters/cmake)
[0.654s] -- Found generate_parameter_library: 0.3.8 (/opt/ros/humble/share/generate_parameter_library/cmake)
[0.655s] -- Found parameter_traits: 0.3.8 (/opt/ros/humble/share/parameter_traits/cmake)
[0.663s] -- Found rclcpp_lifecycle: 16.0.10 (/opt/ros/humble/share/rclcpp_lifecycle/cmake)
[0.681s] -- Found pluginlib: 5.1.0 (/opt/ros/humble/share/pluginlib/cmake)
[0.702s] -- Found ament_cmake_gmock: 1.3.10 (/opt/ros/humble/share/ament_cmake_gmock/cmake)
[0.702s] -- Found ament_cmake_gtest: 1.3.10 (/opt/ros/humble/share/ament_cmake_gtest/cmake)
[0.703s] -- Found gmock sources under '/opt/ros/humble/src/gmock_vendor': C++ tests using 'Google Mock' will be built
[0.708s] -- Found gtest sources under '/opt/ros/humble/src/gtest_vendor': C++ tests using 'Google Test' will be built
[0.787s] -- Configuring done
[0.835s] -- Generating done
[0.838s] -- Build files have been written to: /home/juloau/Desktop/TFG/tfg-jlopez/code/ros2/build/control_toolbox
[0.871s] [35m[1mConsolidate compiler generated dependencies of target gmock_main[0m
[0.872s] [35m[1mConsolidate compiler generated dependencies of target gtest[0m
[0.872s] [35m[1mConsolidate compiler generated dependencies of target gtest_main[0m
[0.873s] [35m[1mConsolidate compiler generated dependencies of target gmock[0m
[0.877s] [35m[1mConsolidate compiler generated dependencies of target control_toolbox[0m
[0.886s] [  3%] Built target low_pass_filter_parameters
[0.893s] [ 10%] Built target gtest_main
[0.894s] [ 17%] Built target gmock_main
[0.897s] [ 24%] Built target gtest
[0.898s] [ 34%] Built target gmock
[0.903s] [35m[1mConsolidate compiler generated dependencies of target low_pass_filter[0m
[0.908s] [ 58%] Built target control_toolbox
[0.921s] [35m[1mConsolidate compiler generated dependencies of target pid_tests[0m
[0.923s] [35m[1mConsolidate compiler generated dependencies of target pid_parameters_tests[0m
[0.924s] [35m[1mConsolidate compiler generated dependencies of target pid_publisher_tests[0m
[0.930s] [ 65%] Built target low_pass_filter
[0.947s] [35m[1mConsolidate compiler generated dependencies of target test_low_pass_filter[0m
[0.948s] [35m[1mConsolidate compiler generated dependencies of target test_load_low_pass_filter[0m
[0.948s] [ 72%] Built target pid_tests
[0.951s] [ 79%] Built target pid_parameters_tests
[0.952s] [ 86%] Built target pid_publisher_tests
[0.975s] [ 93%] Built target test_load_low_pass_filter
[0.978s] [100%] Built target test_low_pass_filter
[0.988s] Invoked command in '/home/juloau/Desktop/TFG/tfg-jlopez/code/ros2/build/control_toolbox' returned '0': AMENT_PREFIX_PATH=/home/juloau/Desktop/TFG/tfg-jlopez/code/ros2/install/realtime_tools:/home/juloau/Desktop/TFG/tfg-jlopez/code/ros2/install/control_msgs:${AMENT_PREFIX_PATH} CMAKE_PREFIX_PATH=/home/juloau/Desktop/TFG/tfg-jlopez/code/ros2/install/realtime_tools:/home/juloau/Desktop/TFG/tfg-jlopez/code/ros2/install/control_msgs:/opt/ros/humble LD_LIBRARY_PATH=/home/juloau/Desktop/TFG/tfg-jlopez/code/ros2/install/realtime_tools/lib:/home/juloau/Desktop/TFG/tfg-jlopez/code/ros2/install/control_msgs/lib:/usr/lib/x86_64-linux-gnu/gazebo-11/plugins:/opt/ros/humble/opt/rviz_ogre_vendor/lib:/opt/ros/humble/lib/x86_64-linux-gnu:/opt/ros/humble/lib:/usr/share/gazebo/../../lib/x86_64-linux-gnu/gazebo-11/plugins PYTHONPATH=/home/juloau/Desktop/TFG/tfg-jlopez/code/ros2/install/control_msgs/local/lib/python3.10/dist-packages:${PYTHONPATH} /usr/bin/cmake --build /home/juloau/Desktop/TFG/tfg-jlopez/code/ros2/build/control_toolbox -- -j8 -l8
[1.040s] Invoking command in '/home/juloau/Desktop/TFG/tfg-jlopez/code/ros2/build/control_toolbox': AMENT_PREFIX_PATH=/home/juloau/Desktop/TFG/tfg-jlopez/code/ros2/install/realtime_tools:/home/juloau/Desktop/TFG/tfg-jlopez/code/ros2/install/control_msgs:${AMENT_PREFIX_PATH} CMAKE_PREFIX_PATH=/home/juloau/Desktop/TFG/tfg-jlopez/code/ros2/install/realtime_tools:/home/juloau/Desktop/TFG/tfg-jlopez/code/ros2/install/control_msgs:/opt/ros/humble LD_LIBRARY_PATH=/home/juloau/Desktop/TFG/tfg-jlopez/code/ros2/install/realtime_tools/lib:/home/juloau/Desktop/TFG/tfg-jlopez/code/ros2/install/control_msgs/lib:/usr/lib/x86_64-linux-gnu/gazebo-11/plugins:/opt/ros/humble/opt/rviz_ogre_vendor/lib:/opt/ros/humble/lib/x86_64-linux-gnu:/opt/ros/humble/lib:/usr/share/gazebo/../../lib/x86_64-linux-gnu/gazebo-11/plugins PYTHONPATH=/home/juloau/Desktop/TFG/tfg-jlopez/code/ros2/install/control_msgs/local/lib/python3.10/dist-packages:${PYTHONPATH} /usr/bin/cmake --install /home/juloau/Desktop/TFG/tfg-jlopez/code/ros2/build/control_toolbox
[1.047s] -- Install configuration: ""
[1.047s] -- Execute custom install script
[1.048s] -- Up-to-date symlink: /home/juloau/Desktop/TFG/tfg-jlopez/code/ros2/install/control_toolbox/include/low_pass_filter_parameters/low_pass_filter_parameters.hpp
[1.049s] -- Up-to-date symlink: /home/juloau/Desktop/TFG/tfg-jlopez/code/ros2/install/control_toolbox/share/control_toolbox//control_filters.xml
[1.050s] -- Up-to-date symlink: /home/juloau/Desktop/TFG/tfg-jlopez/code/ros2/install/control_toolbox/include/control_toolbox/control_filters/low_pass_filter.hpp
[1.050s] -- Up-to-date symlink: /home/juloau/Desktop/TFG/tfg-jlopez/code/ros2/install/control_toolbox/include/control_toolbox/control_toolbox/dither.hpp
[1.051s] -- Up-to-date symlink: /home/juloau/Desktop/TFG/tfg-jlopez/code/ros2/install/control_toolbox/include/control_toolbox/control_toolbox/filters.hpp
[1.051s] -- Up-to-date symlink: /home/juloau/Desktop/TFG/tfg-jlopez/code/ros2/install/control_toolbox/include/control_toolbox/control_toolbox/limited_proxy.hpp
[1.052s] -- Up-to-date symlink: /home/juloau/Desktop/TFG/tfg-jlopez/code/ros2/install/control_toolbox/include/control_toolbox/control_toolbox/pid.hpp
[1.052s] -- Up-to-date symlink: /home/juloau/Desktop/TFG/tfg-jlopez/code/ros2/install/control_toolbox/include/control_toolbox/control_toolbox/pid_ros.hpp
[1.052s] -- Up-to-date symlink: /home/juloau/Desktop/TFG/tfg-jlopez/code/ros2/install/control_toolbox/include/control_toolbox/control_toolbox/sine_sweep.hpp
[1.053s] -- Up-to-date symlink: /home/juloau/Desktop/TFG/tfg-jlopez/code/ros2/install/control_toolbox/include/control_toolbox/control_toolbox/sinusoid.hpp
[1.053s] -- Up-to-date symlink: /home/juloau/Desktop/TFG/tfg-jlopez/code/ros2/install/control_toolbox/include/control_toolbox/control_toolbox/visibility_control.hpp
[1.053s] -- Up-to-date symlink: /home/juloau/Desktop/TFG/tfg-jlopez/code/ros2/install/control_toolbox/share/control_toolbox/environment/library_path.sh
[1.053s] -- Up-to-date symlink: /home/juloau/Desktop/TFG/tfg-jlopez/code/ros2/install/control_toolbox/share/control_toolbox/environment/library_path.dsv
[1.053s] -- Up-to-date symlink: /home/juloau/Desktop/TFG/tfg-jlopez/code/ros2/install/control_toolbox/share/ament_index/resource_index/package_run_dependencies/control_toolbox
[1.053s] -- Up-to-date symlink: /home/juloau/Desktop/TFG/tfg-jlopez/code/ros2/install/control_toolbox/share/ament_index/resource_index/parent_prefix_path/control_toolbox
[1.054s] -- Up-to-date symlink: /home/juloau/Desktop/TFG/tfg-jlopez/code/ros2/install/control_toolbox/share/control_toolbox/environment/ament_prefix_path.sh
[1.054s] -- Up-to-date symlink: /home/juloau/Desktop/TFG/tfg-jlopez/code/ros2/install/control_toolbox/share/control_toolbox/environment/ament_prefix_path.dsv
[1.054s] -- Up-to-date symlink: /home/juloau/Desktop/TFG/tfg-jlopez/code/ros2/install/control_toolbox/share/control_toolbox/environment/path.sh
[1.054s] -- Up-to-date symlink: /home/juloau/Desktop/TFG/tfg-jlopez/code/ros2/install/control_toolbox/share/control_toolbox/environment/path.dsv
[1.054s] -- Up-to-date symlink: /home/juloau/Desktop/TFG/tfg-jlopez/code/ros2/install/control_toolbox/share/control_toolbox/local_setup.bash
[1.055s] -- Up-to-date symlink: /home/juloau/Desktop/TFG/tfg-jlopez/code/ros2/install/control_toolbox/share/control_toolbox/local_setup.sh
[1.055s] -- Up-to-date symlink: /home/juloau/Desktop/TFG/tfg-jlopez/code/ros2/install/control_toolbox/share/control_toolbox/local_setup.zsh
[1.055s] -- Up-to-date symlink: /home/juloau/Desktop/TFG/tfg-jlopez/code/ros2/install/control_toolbox/share/control_toolbox/local_setup.dsv
[1.055s] -- Symlinking: /home/juloau/Desktop/TFG/tfg-jlopez/code/ros2/install/control_toolbox/share/control_toolbox/package.dsv
[1.063s] -- Up-to-date symlink: /home/juloau/Desktop/TFG/tfg-jlopez/code/ros2/install/control_toolbox/share/ament_index/resource_index/packages/control_toolbox
[1.063s] -- Up-to-date symlink: /home/juloau/Desktop/TFG/tfg-jlopez/code/ros2/install/control_toolbox/share/ament_index/resource_index/filters__pluginlib__plugin/control_toolbox
[1.063s] -- Up-to-date symlink: /home/juloau/Desktop/TFG/tfg-jlopez/code/ros2/install/control_toolbox/share/control_toolbox/cmake/ament_cmake_export_targets-extras.cmake
[1.064s] -- Up-to-date symlink: /home/juloau/Desktop/TFG/tfg-jlopez/code/ros2/install/control_toolbox/share/control_toolbox/cmake/ament_cmake_export_dependencies-extras.cmake
[1.064s] -- Up-to-date symlink: /home/juloau/Desktop/TFG/tfg-jlopez/code/ros2/install/control_toolbox/share/control_toolbox/cmake/control_toolboxConfig.cmake
[1.064s] -- Up-to-date symlink: /home/juloau/Desktop/TFG/tfg-jlopez/code/ros2/install/control_toolbox/share/control_toolbox/cmake/control_toolboxConfig-version.cmake
[1.064s] -- Up-to-date symlink: /home/juloau/Desktop/TFG/tfg-jlopez/code/ros2/install/control_toolbox/share/control_toolbox/package.xml
[1.065s] -- Up-to-date: /home/juloau/Desktop/TFG/tfg-jlopez/code/ros2/install/control_toolbox/lib/libcontrol_toolbox.so
[1.066s] -- Up-to-date: /home/juloau/Desktop/TFG/tfg-jlopez/code/ros2/install/control_toolbox/lib/liblow_pass_filter.so
[1.067s] -- Up-to-date: /home/juloau/Desktop/TFG/tfg-jlopez/code/ros2/install/control_toolbox/share/control_toolbox/cmake/export_control_toolboxExport.cmake
[1.067s] -- Up-to-date: /home/juloau/Desktop/TFG/tfg-jlopez/code/ros2/install/control_toolbox/share/control_toolbox/cmake/export_control_toolboxExport-noconfig.cmake
[1.075s] Invoked command in '/home/juloau/Desktop/TFG/tfg-jlopez/code/ros2/build/control_toolbox' returned '0': AMENT_PREFIX_PATH=/home/juloau/Desktop/TFG/tfg-jlopez/code/ros2/install/realtime_tools:/home/juloau/Desktop/TFG/tfg-jlopez/code/ros2/install/control_msgs:${AMENT_PREFIX_PATH} CMAKE_PREFIX_PATH=/home/juloau/Desktop/TFG/tfg-jlopez/code/ros2/install/realtime_tools:/home/juloau/Desktop/TFG/tfg-jlopez/code/ros2/install/control_msgs:/opt/ros/humble LD_LIBRARY_PATH=/home/juloau/Desktop/TFG/tfg-jlopez/code/ros2/install/realtime_tools/lib:/home/juloau/Desktop/TFG/tfg-jlopez/code/ros2/install/control_msgs/lib:/usr/lib/x86_64-linux-gnu/gazebo-11/plugins:/opt/ros/humble/opt/rviz_ogre_vendor/lib:/opt/ros/humble/lib/x86_64-linux-gnu:/opt/ros/humble/lib:/usr/share/gazebo/../../lib/x86_64-linux-gnu/gazebo-11/plugins PYTHONPATH=/home/juloau/Desktop/TFG/tfg-jlopez/code/ros2/install/control_msgs/local/lib/python3.10/dist-packages:${PYTHONPATH} /usr/bin/cmake --install /home/juloau/Desktop/TFG/tfg-jlopez/code/ros2/build/control_toolbox
