[0.009s] Invoking command in '/home/juloau/Desktop/TFG/tfg-jlopez/code/ros2/build/pibotj': CMAKE_PREFIX_PATH=${CMAKE_PREFIX_PATH}:/opt/ros/humble /usr/bin/cmake /home/juloau/Desktop/TFG/tfg-jlopez/code/ros2/src/pibotj -DCMAKE_INSTALL_PREFIX=/home/juloau/Desktop/TFG/tfg-jlopez/code/ros2/install/pibotj
[0.058s] -- The C compiler identification is GNU 11.4.0
[0.109s] -- The CXX compiler identification is GNU 11.4.0
[0.116s] -- Detecting C compiler ABI info
[0.178s] -- Detecting C compiler ABI info - done
[0.185s] -- Check for working C compiler: /usr/bin/cc - skipped
[0.185s] -- Detecting C compile features
[0.186s] -- Detecting C compile features - done
[0.189s] -- Detecting CXX compiler ABI info
[0.260s] -- Detecting CXX compiler ABI info - done
[0.268s] -- Check for working CXX compiler: /usr/bin/c++ - skipped
[0.268s] -- Detecting CXX compile features
[0.269s] -- Detecting CXX compile features - done
[0.272s] -- Found ament_cmake: 1.3.9 (/opt/ros/humble/share/ament_cmake/cmake)
[0.425s] -- Found Python3: /usr/bin/python3 (found version "3.10.12") found components: Interpreter 
[0.531s] -- Found rclcpp: 16.0.9 (/opt/ros/humble/share/rclcpp/cmake)
[0.583s] -- Found rosidl_generator_c: 3.1.5 (/opt/ros/humble/share/rosidl_generator_c/cmake)
[0.587s] -- Found rosidl_adapter: 3.1.5 (/opt/ros/humble/share/rosidl_adapter/cmake)
[0.594s] -- Found rosidl_generator_cpp: 3.1.5 (/opt/ros/humble/share/rosidl_generator_cpp/cmake)
[0.606s] -- Using all available rosidl_typesupport_c: rosidl_typesupport_fastrtps_c;rosidl_typesupport_introspection_c
[0.622s] -- Using all available rosidl_typesupport_cpp: rosidl_typesupport_fastrtps_cpp;rosidl_typesupport_introspection_cpp
[0.684s] -- Found rmw_implementation_cmake: 6.1.2 (/opt/ros/humble/share/rmw_implementation_cmake/cmake)
[0.686s] -- Found rmw_fastrtps_cpp: 6.2.6 (/opt/ros/humble/share/rmw_fastrtps_cpp/cmake)
[0.761s] -- Found OpenSSL: /usr/lib/x86_64-linux-gnu/libcrypto.so (found version "3.0.2")  
[0.784s] -- Found FastRTPS: /opt/ros/humble/include  
[0.824s] -- Using RMW implementation 'rmw_fastrtps_cpp' as default
[0.834s] -- Looking for pthread.h
[0.899s] -- Looking for pthread.h - found
[0.899s] -- Performing Test CMAKE_HAVE_LIBC_PTHREAD
[0.968s] -- Performing Test CMAKE_HAVE_LIBC_PTHREAD - Success
[0.969s] -- Found Threads: TRUE  
[1.119s] -- Found geometry_msgs: 4.2.4 (/opt/ros/humble/share/geometry_msgs/cmake)
[1.159s] -- Found nav_msgs: 4.2.4 (/opt/ros/humble/share/nav_msgs/cmake)
[1.232s] -- Found tf2: 0.25.7 (/opt/ros/humble/share/tf2/cmake)
[1.293s] [33mCMake Warning (dev) at /home/juloau/Desktop/TFG/tfg-jlopez/code/ros2/build/pibotj/ament_cmake_core/package.cmake:3:
[1.293s]   Syntax Warning in cmake code at column 60
[1.293s] 
[1.293s]   Argument not separated from preceding token by whitespace.
[1.293s] Call Stack (most recent call first):
[1.293s]   /opt/ros/humble/share/ament_cmake_core/cmake/core/ament_package_xml.cmake:100 (include)
[1.293s]   /opt/ros/humble/share/ament_cmake_core/cmake/core/ament_package_xml.cmake:49 (_ament_package_xml)
[1.293s]   /opt/ros/humble/share/ament_cmake_core/cmake/core/ament_package.cmake:63 (ament_package_xml)
[1.293s]   CMakeLists.txt:26 (ament_package)
[1.293s] This warning is for project developers.  Use -Wno-dev to suppress it.
[1.293s] [0m
[1.294s] [33mCMake Warning (dev) at /home/juloau/Desktop/TFG/tfg-jlopez/code/ros2/build/pibotj/ament_cmake_core/package.cmake:3:
[1.294s]   Syntax Warning in cmake code at column 77
[1.294s] 
[1.294s]   Argument not separated from preceding token by whitespace.
[1.294s] Call Stack (most recent call first):
[1.294s]   /opt/ros/humble/share/ament_cmake_core/cmake/core/ament_package_xml.cmake:100 (include)
[1.294s]   /opt/ros/humble/share/ament_cmake_core/cmake/core/ament_package_xml.cmake:49 (_ament_package_xml)
[1.294s]   /opt/ros/humble/share/ament_cmake_core/cmake/core/ament_package.cmake:63 (ament_package_xml)
[1.294s]   CMakeLists.txt:26 (ament_package)
[1.294s] This warning is for project developers.  Use -Wno-dev to suppress it.
[1.295s] [0m
[1.295s] -- Configuring done
[1.299s] -- Generating done
[1.300s] -- Build files have been written to: /home/juloau/Desktop/TFG/tfg-jlopez/code/ros2/build/pibotj
[1.311s] Invoked command in '/home/juloau/Desktop/TFG/tfg-jlopez/code/ros2/build/pibotj' returned '0': CMAKE_PREFIX_PATH=${CMAKE_PREFIX_PATH}:/opt/ros/humble /usr/bin/cmake /home/juloau/Desktop/TFG/tfg-jlopez/code/ros2/src/pibotj -DCMAKE_INSTALL_PREFIX=/home/juloau/Desktop/TFG/tfg-jlopez/code/ros2/install/pibotj
[1.312s] Invoking command in '/home/juloau/Desktop/TFG/tfg-jlopez/code/ros2/build/pibotj': CMAKE_PREFIX_PATH=${CMAKE_PREFIX_PATH}:/opt/ros/humble /usr/bin/cmake --build /home/juloau/Desktop/TFG/tfg-jlopez/code/ros2/build/pibotj -- -j8 -l8
[1.346s] Invoked command in '/home/juloau/Desktop/TFG/tfg-jlopez/code/ros2/build/pibotj' returned '0': CMAKE_PREFIX_PATH=${CMAKE_PREFIX_PATH}:/opt/ros/humble /usr/bin/cmake --build /home/juloau/Desktop/TFG/tfg-jlopez/code/ros2/build/pibotj -- -j8 -l8
[1.375s] Invoking command in '/home/juloau/Desktop/TFG/tfg-jlopez/code/ros2/build/pibotj': CMAKE_PREFIX_PATH=${CMAKE_PREFIX_PATH}:/opt/ros/humble /usr/bin/cmake --install /home/juloau/Desktop/TFG/tfg-jlopez/code/ros2/build/pibotj
[1.381s] -- Install configuration: ""
[1.382s] -- Installing: /home/juloau/Desktop/TFG/tfg-jlopez/code/ros2/install/pibotj/share/pibotj/launch
[1.382s] -- Installing: /home/juloau/Desktop/TFG/tfg-jlopez/code/ros2/install/pibotj/share/pibotj/launch/display_launch.py
[1.382s] -- Installing: /home/juloau/Desktop/TFG/tfg-jlopez/code/ros2/install/pibotj/share/pibotj/launch/simple_robot_gz_launch.py
[1.382s] -- Installing: /home/juloau/Desktop/TFG/tfg-jlopez/code/ros2/install/pibotj/share/pibotj/launch/one_robot_gz_launch.py
[1.382s] -- Installing: /home/juloau/Desktop/TFG/tfg-jlopez/code/ros2/install/pibotj/share/pibotj/urdf
[1.382s] -- Installing: /home/juloau/Desktop/TFG/tfg-jlopez/code/ros2/install/pibotj/share/pibotj/urdf/the_simplest_diffbot.xacro
[1.382s] -- Installing: /home/juloau/Desktop/TFG/tfg-jlopez/code/ros2/install/pibotj/share/pibotj/urdf/caster_diffbot_gz.xacro
[1.382s] -- Installing: /home/juloau/Desktop/TFG/tfg-jlopez/code/ros2/install/pibotj/share/pibotj/urdf/caster_diffbot.xacro
[1.382s] -- Installing: /home/juloau/Desktop/TFG/tfg-jlopez/code/ros2/install/pibotj/share/pibotj/urdf/the_simplest_diffbot_gz.xacro
[1.382s] -- Installing: /home/juloau/Desktop/TFG/tfg-jlopez/code/ros2/install/pibotj/share/pibotj/meshes
[1.382s] -- Installing: /home/juloau/Desktop/TFG/tfg-jlopez/code/ros2/install/pibotj/share/pibotj/meshes/base_caster.stl
[1.383s] -- Installing: /home/juloau/Desktop/TFG/tfg-jlopez/code/ros2/install/pibotj/share/pibotj/meshes/husky_wheel.stl
[1.384s] -- Installing: /home/juloau/Desktop/TFG/tfg-jlopez/code/ros2/install/pibotj/share/pibotj/meshes/wheel_ring.stl
[1.385s] -- Installing: /home/juloau/Desktop/TFG/tfg-jlopez/code/ros2/install/pibotj/share/pibotj/meshes/caster_wheel.stl
[1.385s] -- Installing: /home/juloau/Desktop/TFG/tfg-jlopez/code/ros2/install/pibotj/share/pibotj/meshes/base_plate.stl
[1.387s] -- Installing: /home/juloau/Desktop/TFG/tfg-jlopez/code/ros2/install/pibotj/share/pibotj/rviz
[1.387s] -- Installing: /home/juloau/Desktop/TFG/tfg-jlopez/code/ros2/install/pibotj/share/pibotj/rviz/robot_display.rviz
[1.387s] -- Installing: /home/juloau/Desktop/TFG/tfg-jlopez/code/ros2/install/pibotj/share/pibotj/worlds
[1.388s] -- Installing: /home/juloau/Desktop/TFG/tfg-jlopez/code/ros2/install/pibotj/share/pibotj/worlds/empty.world
[1.388s] -- Installing: /home/juloau/Desktop/TFG/tfg-jlopez/code/ros2/install/pibotj/share/pibotj/roboticaposgrado
[1.388s] -- Installing: /home/juloau/Desktop/TFG/tfg-jlopez/code/ros2/install/pibotj/share/pibotj/roboticaposgrado/model.config
[1.388s] -- Installing: /home/juloau/Desktop/TFG/tfg-jlopez/code/ros2/install/pibotj/share/pibotj/roboticaposgrado/meshes
[1.388s] -- Installing: /home/juloau/Desktop/TFG/tfg-jlopez/code/ros2/install/pibotj/share/pibotj/roboticaposgrado/meshes/RP_logo.dae
[1.388s] -- Installing: /home/juloau/Desktop/TFG/tfg-jlopez/code/ros2/install/pibotj/share/pibotj/roboticaposgrado/model-1_4.sdf
[1.388s] -- Installing: /home/juloau/Desktop/TFG/tfg-jlopez/code/ros2/install/pibotj/share/pibotj/roboticaposgrado/materials
[1.388s] -- Installing: /home/juloau/Desktop/TFG/tfg-jlopez/code/ros2/install/pibotj/share/pibotj/roboticaposgrado/materials/textures
[1.388s] -- Installing: /home/juloau/Desktop/TFG/tfg-jlopez/code/ros2/install/pibotj/share/pibotj/roboticaposgrado/materials/textures/RoboticaPosgrado_logo.png
[1.388s] -- Installing: /home/juloau/Desktop/TFG/tfg-jlopez/code/ros2/install/pibotj/share/pibotj/roboticaposgrado/materials/textures/Marker0_4x4.png
[1.388s] -- Installing: /home/juloau/Desktop/TFG/tfg-jlopez/code/ros2/install/pibotj/share/pibotj/roboticaposgrado/model-1_5.sdf
[1.389s] -- Installing: /home/juloau/Desktop/TFG/tfg-jlopez/code/ros2/install/pibotj/share/pibotj/roboticaposgrado/model.sdf
[1.389s] -- Installing: /home/juloau/Desktop/TFG/tfg-jlopez/code/ros2/install/pibotj/share/ament_index/resource_index/package_run_dependencies/pibotj
[1.389s] -- Installing: /home/juloau/Desktop/TFG/tfg-jlopez/code/ros2/install/pibotj/share/ament_index/resource_index/parent_prefix_path/pibotj
[1.389s] -- Installing: /home/juloau/Desktop/TFG/tfg-jlopez/code/ros2/install/pibotj/share/pibotj/environment/ament_prefix_path.sh
[1.389s] -- Installing: /home/juloau/Desktop/TFG/tfg-jlopez/code/ros2/install/pibotj/share/pibotj/environment/ament_prefix_path.dsv
[1.389s] -- Installing: /home/juloau/Desktop/TFG/tfg-jlopez/code/ros2/install/pibotj/share/pibotj/environment/path.sh
[1.389s] -- Installing: /home/juloau/Desktop/TFG/tfg-jlopez/code/ros2/install/pibotj/share/pibotj/environment/path.dsv
[1.389s] -- Installing: /home/juloau/Desktop/TFG/tfg-jlopez/code/ros2/install/pibotj/share/pibotj/local_setup.bash
[1.389s] -- Installing: /home/juloau/Desktop/TFG/tfg-jlopez/code/ros2/install/pibotj/share/pibotj/local_setup.sh
[1.389s] -- Installing: /home/juloau/Desktop/TFG/tfg-jlopez/code/ros2/install/pibotj/share/pibotj/local_setup.zsh
[1.389s] -- Installing: /home/juloau/Desktop/TFG/tfg-jlopez/code/ros2/install/pibotj/share/pibotj/local_setup.dsv
[1.390s] -- Installing: /home/juloau/Desktop/TFG/tfg-jlopez/code/ros2/install/pibotj/share/pibotj/package.dsv
[1.390s] -- Installing: /home/juloau/Desktop/TFG/tfg-jlopez/code/ros2/install/pibotj/share/ament_index/resource_index/packages/pibotj
[1.390s] -- Installing: /home/juloau/Desktop/TFG/tfg-jlopez/code/ros2/install/pibotj/share/pibotj/cmake/pibotjConfig.cmake
[1.390s] -- Installing: /home/juloau/Desktop/TFG/tfg-jlopez/code/ros2/install/pibotj/share/pibotj/cmake/pibotjConfig-version.cmake
[1.390s] -- Installing: /home/juloau/Desktop/TFG/tfg-jlopez/code/ros2/install/pibotj/share/pibotj/package.xml
[1.392s] Invoked command in '/home/juloau/Desktop/TFG/tfg-jlopez/code/ros2/build/pibotj' returned '0': CMAKE_PREFIX_PATH=${CMAKE_PREFIX_PATH}:/opt/ros/humble /usr/bin/cmake --install /home/juloau/Desktop/TFG/tfg-jlopez/code/ros2/build/pibotj
