[0.031s] Invoking command in '/home/juloau/Desktop/TFG/tfg-jlopez/code/ros2/build/tricycle_steering_controller': AMENT_PREFIX_PATH=/home/juloau/Desktop/TFG/tfg-jlopez/code/ros2/install/steering_controllers_library:/home/juloau/Desktop/TFG/tfg-jlopez/code/ros2/install/controller_manager:/home/juloau/Desktop/TFG/tfg-jlopez/code/ros2/install/hardware_interface_testing:/home/juloau/Desktop/TFG/tfg-jlopez/code/ros2/install/controller_interface:/home/juloau/Desktop/TFG/tfg-jlopez/code/ros2/install/hardware_interface:/home/juloau/Desktop/TFG/tfg-jlopez/code/ros2/install/ros2_control_test_assets:/home/juloau/Desktop/TFG/tfg-jlopez/code/ros2/install/realtime_tools:/home/juloau/Desktop/TFG/tfg-jlopez/code/ros2/install/controller_manager_msgs:/home/juloau/Desktop/TFG/tfg-jlopez/code/ros2/install/control_msgs:${AMENT_PREFIX_PATH} CMAKE_PREFIX_PATH=/home/juloau/Desktop/TFG/tfg-jlopez/code/ros2/install/steering_controllers_library:/home/juloau/Desktop/TFG/tfg-jlopez/code/ros2/install/controller_manager:/home/juloau/Desktop/TFG/tfg-jlopez/code/ros2/install/hardware_interface_testing:/home/juloau/Desktop/TFG/tfg-jlopez/code/ros2/install/controller_interface:/home/juloau/Desktop/TFG/tfg-jlopez/code/ros2/install/hardware_interface:/home/juloau/Desktop/TFG/tfg-jlopez/code/ros2/install/ros2_control_test_assets:/home/juloau/Desktop/TFG/tfg-jlopez/code/ros2/install/realtime_tools:/home/juloau/Desktop/TFG/tfg-jlopez/code/ros2/install/controller_manager_msgs:/home/juloau/Desktop/TFG/tfg-jlopez/code/ros2/install/control_msgs:/opt/ros/humble LD_LIBRARY_PATH=/home/juloau/Desktop/TFG/tfg-jlopez/code/ros2/install/steering_controllers_library/lib:/home/juloau/Desktop/TFG/tfg-jlopez/code/ros2/install/controller_manager/lib:/home/juloau/Desktop/TFG/tfg-jlopez/code/ros2/install/hardware_interface_testing/lib:/home/juloau/Desktop/TFG/tfg-jlopez/code/ros2/install/controller_interface/lib:/home/juloau/Desktop/TFG/tfg-jlopez/code/ros2/install/hardware_interface/lib:/home/juloau/Desktop/TFG/tfg-jlopez/code/ros2/install/realtime_tools/lib:/home/juloau/Desktop/TFG/tfg-jlopez/code/ros2/install/controller_manager_msgs/lib:/home/juloau/Desktop/TFG/tfg-jlopez/code/ros2/install/control_msgs/lib:/usr/lib/x86_64-linux-gnu/gazebo-11/plugins:/opt/ros/humble/opt/rviz_ogre_vendor/lib:/opt/ros/humble/lib/x86_64-linux-gnu:/opt/ros/humble/lib:/usr/share/gazebo/../../lib/x86_64-linux-gnu/gazebo-11/plugins PYTHONPATH=/home/juloau/Desktop/TFG/tfg-jlopez/code/ros2/install/controller_manager/local/lib/python3.10/dist-packages:/home/juloau/Desktop/TFG/tfg-jlopez/code/ros2/install/controller_manager_msgs/local/lib/python3.10/dist-packages:/home/juloau/Desktop/TFG/tfg-jlopez/code/ros2/install/control_msgs/local/lib/python3.10/dist-packages:${PYTHONPATH} /usr/bin/cmake /home/juloau/Desktop/TFG/tfg-jlopez/code/ros2/src/ros-controls/ros2_controllers/tricycle_steering_controller -DAMENT_CMAKE_SYMLINK_INSTALL=1 -DCMAKE_INSTALL_PREFIX=/home/juloau/Desktop/TFG/tfg-jlopez/code/ros2/install/tricycle_steering_controller
[0.128s] -- The CXX compiler identification is GNU 11.4.0
[0.143s] -- Detecting CXX compiler ABI info
[0.252s] -- Detecting CXX compiler ABI info - done
[0.266s] -- Check for working CXX compiler: /usr/bin/c++ - skipped
[0.267s] -- Detecting CXX compile features
[0.267s] -- Detecting CXX compile features - done
[0.274s] -- Found ament_cmake: 1.3.9 (/opt/ros/humble/share/ament_cmake/cmake)
[0.500s] -- Found Python3: /usr/bin/python3 (found version "3.10.12") found components: Interpreter 
[0.595s] -- Override CMake install command with custom implementation using symlinks instead of copying resources
[0.680s] -- Found backward_ros: 1.0.2 (/opt/ros/humble/share/backward_ros/cmake)
[0.696s] -- Found libdw: /usr/lib/x86_64-linux-gnu/libdw.so  
[0.706s] -- Could NOT find libbfd (missing: LIBBFD_LIBRARY LIBBFD_INCLUDE_DIR) 
[0.706s] -- BACKWARD_HAS_UNWIND=1
[0.706s] -- BACKWARD_HAS_BACKTRACE=0
[0.706s] -- BACKWARD_HAS_BACKTRACE_SYMBOL=0
[0.707s] -- BACKWARD_HAS_DW=1
[0.707s] -- BACKWARD_HAS_BFD=0
[0.707s] -- Found Backward: /opt/ros/humble/share/backward_ros/cmake  
[0.708s] -- Found controller_interface: 2.42.0 (/home/juloau/Desktop/TFG/tfg-jlopez/code/ros2/install/controller_interface/share/controller_interface/cmake)
[0.771s] -- Found rosidl_generator_c: 3.1.5 (/opt/ros/humble/share/rosidl_generator_c/cmake)
[0.781s] -- Found rosidl_adapter: 3.1.5 (/opt/ros/humble/share/rosidl_adapter/cmake)
[0.796s] -- Found rosidl_generator_cpp: 3.1.5 (/opt/ros/humble/share/rosidl_generator_cpp/cmake)
[0.820s] -- Using all available rosidl_typesupport_c: rosidl_typesupport_fastrtps_c;rosidl_typesupport_introspection_c
[0.854s] -- Using all available rosidl_typesupport_cpp: rosidl_typesupport_fastrtps_cpp;rosidl_typesupport_introspection_cpp
[1.934s] -- Found rmw_implementation_cmake: 6.1.2 (/opt/ros/humble/share/rmw_implementation_cmake/cmake)
[1.940s] -- Found rmw_fastrtps_cpp: 6.2.6 (/opt/ros/humble/share/rmw_fastrtps_cpp/cmake)
[2.001s] -- Found TinyXML2 via Config file: TinyXML2_DIR-NOTFOUND
[2.075s] -- Found OpenSSL: /usr/lib/x86_64-linux-gnu/libcrypto.so (found version "3.0.2")  
[2.082s] -- Found TinyXML2 via Config file: TinyXML2_DIR-NOTFOUND
[2.102s] -- Found FastRTPS: /opt/ros/humble/include  
[2.117s] -- Found TinyXML2 via Config file: TinyXML2_DIR-NOTFOUND
[2.128s] -- Found TinyXML2 via Config file: TinyXML2_DIR-NOTFOUND
[2.142s] -- Using RMW implementation 'rmw_fastrtps_cpp' as default
[2.161s] -- Looking for C++ include pthread.h
[2.303s] -- Looking for C++ include pthread.h - found
[2.303s] -- Performing Test CMAKE_HAVE_LIBC_PTHREAD
[2.450s] -- Performing Test CMAKE_HAVE_LIBC_PTHREAD - Success
[2.452s] -- Found Threads: TRUE  
[2.870s] -- Found generate_parameter_library: 0.3.8 (/opt/ros/humble/share/generate_parameter_library/cmake)
[2.874s] -- Found parameter_traits: 0.3.8 (/opt/ros/humble/share/parameter_traits/cmake)
[2.915s] -- Found realtime_tools: 2.5.0 (/home/juloau/Desktop/TFG/tfg-jlopez/code/ros2/install/realtime_tools/share/realtime_tools/cmake)
[2.983s] -- Found std_srvs: 4.2.4 (/opt/ros/humble/share/std_srvs/cmake)
[3.008s] -- Found steering_controllers_library: 2.37.0 (/home/juloau/Desktop/TFG/tfg-jlopez/code/ros2/install/steering_controllers_library/share/steering_controllers_library/cmake)
[3.829s] -- Found eigen3_cmake_module: 0.1.1 (/opt/ros/humble/share/eigen3_cmake_module/cmake)
[3.831s] -- Found Eigen3: TRUE (found version "3.4.0") 
[3.831s] -- Ensuring Eigen3 include directory is part of orocos-kdl CMake target
[4.477s] -- Found ament_cmake_gmock: 1.3.9 (/opt/ros/humble/share/ament_cmake_gmock/cmake)
[4.478s] -- Found controller_manager: 2.42.0 (/home/juloau/Desktop/TFG/tfg-jlopez/code/ros2/install/controller_manager/share/controller_manager/cmake)
[4.926s] -- Found ros2_control_test_assets: 2.42.0 (/home/juloau/Desktop/TFG/tfg-jlopez/code/ros2/install/ros2_control_test_assets/share/ros2_control_test_assets/cmake)
[4.932s] -- Found gmock sources under '/opt/ros/humble/src/gmock_vendor': C++ tests using 'Google Mock' will be built
[4.984s] -- The C compiler identification is GNU 11.4.0
[4.993s] -- Detecting C compiler ABI info
[5.117s] -- Detecting C compiler ABI info - done
[5.138s] -- Check for working C compiler: /usr/bin/cc - skipped
[5.139s] -- Detecting C compile features
[5.140s] -- Detecting C compile features - done
[5.148s] -- Found ament_cmake_gtest: 1.3.9 (/opt/ros/humble/share/ament_cmake_gtest/cmake)
[5.150s] -- Found gtest sources under '/opt/ros/humble/src/gtest_vendor': C++ tests using 'Google Test' will be built
[6.215s] -- Found gmock sources under '/opt/ros/humble/src/gmock_vendor': C++ tests using 'Google Mock' will be built
[6.215s] -- Found ament_cmake_gtest: 1.3.9 (/opt/ros/humble/share/ament_cmake_gtest/cmake)
[6.216s] -- Found gtest sources under '/opt/ros/humble/src/gtest_vendor': C++ tests using 'Google Test' will be built
[6.592s] -- Found gmock sources under '/opt/ros/humble/src/gmock_vendor': C++ tests using 'Google Mock' will be built
[6.592s] -- Found ament_cmake_gtest: 1.3.9 (/opt/ros/humble/share/ament_cmake_gtest/cmake)
[6.593s] -- Found gtest sources under '/opt/ros/humble/src/gtest_vendor': C++ tests using 'Google Test' will be built
[7.103s] -- Configuring done
[7.239s] -- Generating done
[7.243s] -- Build files have been written to: /home/juloau/Desktop/TFG/tfg-jlopez/code/ros2/build/tricycle_steering_controller
[7.261s] Invoked command in '/home/juloau/Desktop/TFG/tfg-jlopez/code/ros2/build/tricycle_steering_controller' returned '0': AMENT_PREFIX_PATH=/home/juloau/Desktop/TFG/tfg-jlopez/code/ros2/install/steering_controllers_library:/home/juloau/Desktop/TFG/tfg-jlopez/code/ros2/install/controller_manager:/home/juloau/Desktop/TFG/tfg-jlopez/code/ros2/install/hardware_interface_testing:/home/juloau/Desktop/TFG/tfg-jlopez/code/ros2/install/controller_interface:/home/juloau/Desktop/TFG/tfg-jlopez/code/ros2/install/hardware_interface:/home/juloau/Desktop/TFG/tfg-jlopez/code/ros2/install/ros2_control_test_assets:/home/juloau/Desktop/TFG/tfg-jlopez/code/ros2/install/realtime_tools:/home/juloau/Desktop/TFG/tfg-jlopez/code/ros2/install/controller_manager_msgs:/home/juloau/Desktop/TFG/tfg-jlopez/code/ros2/install/control_msgs:${AMENT_PREFIX_PATH} CMAKE_PREFIX_PATH=/home/juloau/Desktop/TFG/tfg-jlopez/code/ros2/install/steering_controllers_library:/home/juloau/Desktop/TFG/tfg-jlopez/code/ros2/install/controller_manager:/home/juloau/Desktop/TFG/tfg-jlopez/code/ros2/install/hardware_interface_testing:/home/juloau/Desktop/TFG/tfg-jlopez/code/ros2/install/controller_interface:/home/juloau/Desktop/TFG/tfg-jlopez/code/ros2/install/hardware_interface:/home/juloau/Desktop/TFG/tfg-jlopez/code/ros2/install/ros2_control_test_assets:/home/juloau/Desktop/TFG/tfg-jlopez/code/ros2/install/realtime_tools:/home/juloau/Desktop/TFG/tfg-jlopez/code/ros2/install/controller_manager_msgs:/home/juloau/Desktop/TFG/tfg-jlopez/code/ros2/install/control_msgs:/opt/ros/humble LD_LIBRARY_PATH=/home/juloau/Desktop/TFG/tfg-jlopez/code/ros2/install/steering_controllers_library/lib:/home/juloau/Desktop/TFG/tfg-jlopez/code/ros2/install/controller_manager/lib:/home/juloau/Desktop/TFG/tfg-jlopez/code/ros2/install/hardware_interface_testing/lib:/home/juloau/Desktop/TFG/tfg-jlopez/code/ros2/install/controller_interface/lib:/home/juloau/Desktop/TFG/tfg-jlopez/code/ros2/install/hardware_interface/lib:/home/juloau/Desktop/TFG/tfg-jlopez/code/ros2/install/realtime_tools/lib:/home/juloau/Desktop/TFG/tfg-jlopez/code/ros2/install/controller_manager_msgs/lib:/home/juloau/Desktop/TFG/tfg-jlopez/code/ros2/install/control_msgs/lib:/usr/lib/x86_64-linux-gnu/gazebo-11/plugins:/opt/ros/humble/opt/rviz_ogre_vendor/lib:/opt/ros/humble/lib/x86_64-linux-gnu:/opt/ros/humble/lib:/usr/share/gazebo/../../lib/x86_64-linux-gnu/gazebo-11/plugins PYTHONPATH=/home/juloau/Desktop/TFG/tfg-jlopez/code/ros2/install/controller_manager/local/lib/python3.10/dist-packages:/home/juloau/Desktop/TFG/tfg-jlopez/code/ros2/install/controller_manager_msgs/local/lib/python3.10/dist-packages:/home/juloau/Desktop/TFG/tfg-jlopez/code/ros2/install/control_msgs/local/lib/python3.10/dist-packages:${PYTHONPATH} /usr/bin/cmake /home/juloau/Desktop/TFG/tfg-jlopez/code/ros2/src/ros-controls/ros2_controllers/tricycle_steering_controller -DAMENT_CMAKE_SYMLINK_INSTALL=1 -DCMAKE_INSTALL_PREFIX=/home/juloau/Desktop/TFG/tfg-jlopez/code/ros2/install/tricycle_steering_controller
[7.264s] Invoking command in '/home/juloau/Desktop/TFG/tfg-jlopez/code/ros2/build/tricycle_steering_controller': AMENT_PREFIX_PATH=/home/juloau/Desktop/TFG/tfg-jlopez/code/ros2/install/steering_controllers_library:/home/juloau/Desktop/TFG/tfg-jlopez/code/ros2/install/controller_manager:/home/juloau/Desktop/TFG/tfg-jlopez/code/ros2/install/hardware_interface_testing:/home/juloau/Desktop/TFG/tfg-jlopez/code/ros2/install/controller_interface:/home/juloau/Desktop/TFG/tfg-jlopez/code/ros2/install/hardware_interface:/home/juloau/Desktop/TFG/tfg-jlopez/code/ros2/install/ros2_control_test_assets:/home/juloau/Desktop/TFG/tfg-jlopez/code/ros2/install/realtime_tools:/home/juloau/Desktop/TFG/tfg-jlopez/code/ros2/install/controller_manager_msgs:/home/juloau/Desktop/TFG/tfg-jlopez/code/ros2/install/control_msgs:${AMENT_PREFIX_PATH} CMAKE_PREFIX_PATH=/home/juloau/Desktop/TFG/tfg-jlopez/code/ros2/install/steering_controllers_library:/home/juloau/Desktop/TFG/tfg-jlopez/code/ros2/install/controller_manager:/home/juloau/Desktop/TFG/tfg-jlopez/code/ros2/install/hardware_interface_testing:/home/juloau/Desktop/TFG/tfg-jlopez/code/ros2/install/controller_interface:/home/juloau/Desktop/TFG/tfg-jlopez/code/ros2/install/hardware_interface:/home/juloau/Desktop/TFG/tfg-jlopez/code/ros2/install/ros2_control_test_assets:/home/juloau/Desktop/TFG/tfg-jlopez/code/ros2/install/realtime_tools:/home/juloau/Desktop/TFG/tfg-jlopez/code/ros2/install/controller_manager_msgs:/home/juloau/Desktop/TFG/tfg-jlopez/code/ros2/install/control_msgs:/opt/ros/humble LD_LIBRARY_PATH=/home/juloau/Desktop/TFG/tfg-jlopez/code/ros2/install/steering_controllers_library/lib:/home/juloau/Desktop/TFG/tfg-jlopez/code/ros2/install/controller_manager/lib:/home/juloau/Desktop/TFG/tfg-jlopez/code/ros2/install/hardware_interface_testing/lib:/home/juloau/Desktop/TFG/tfg-jlopez/code/ros2/install/controller_interface/lib:/home/juloau/Desktop/TFG/tfg-jlopez/code/ros2/install/hardware_interface/lib:/home/juloau/Desktop/TFG/tfg-jlopez/code/ros2/install/realtime_tools/lib:/home/juloau/Desktop/TFG/tfg-jlopez/code/ros2/install/controller_manager_msgs/lib:/home/juloau/Desktop/TFG/tfg-jlopez/code/ros2/install/control_msgs/lib:/usr/lib/x86_64-linux-gnu/gazebo-11/plugins:/opt/ros/humble/opt/rviz_ogre_vendor/lib:/opt/ros/humble/lib/x86_64-linux-gnu:/opt/ros/humble/lib:/usr/share/gazebo/../../lib/x86_64-linux-gnu/gazebo-11/plugins PYTHONPATH=/home/juloau/Desktop/TFG/tfg-jlopez/code/ros2/install/controller_manager/local/lib/python3.10/dist-packages:/home/juloau/Desktop/TFG/tfg-jlopez/code/ros2/install/controller_manager_msgs/local/lib/python3.10/dist-packages:/home/juloau/Desktop/TFG/tfg-jlopez/code/ros2/install/control_msgs/local/lib/python3.10/dist-packages:${PYTHONPATH} /usr/bin/cmake --build /home/juloau/Desktop/TFG/tfg-jlopez/code/ros2/build/tricycle_steering_controller -- -j8 -l8
[7.329s] [ 16%] [32mBuilding CXX object gmock/CMakeFiles/gmock.dir/opt/ros/humble/src/gtest_vendor/src/gtest-all.cc.o[0m
[7.329s] [ 16%] [34m[1mRunning `/opt/ros/humble/bin/generate_parameter_library_cpp /home/juloau/Desktop/TFG/tfg-jlopez/code/ros2/build/tricycle_steering_controller/tricycle_steering_controller_parameters/include//tricycle_steering_controller_parameters.hpp /home/juloau/Desktop/TFG/tfg-jlopez/code/ros2/src/ros-controls/ros2_controllers/tricycle_steering_controller/src/tricycle_steering_controller.yaml `[0m
[7.334s] [ 25%] [32mBuilding CXX object gmock/CMakeFiles/gmock.dir/src/gmock-all.cc.o[0m
[7.670s] [ 25%] Built target tricycle_steering_controller_parameters
[7.700s] [ 33%] [32mBuilding CXX object CMakeFiles/tricycle_steering_controller.dir/src/tricycle_steering_controller.cpp.o[0m
[12.314s] [ 41%] [32m[1mLinking CXX static library libgmock.a[0m
[12.402s] [ 41%] Built target gmock
[12.431s] [ 50%] [32mBuilding CXX object CMakeFiles/test_load_tricycle_steering_controller.dir/test/test_load_tricycle_steering_controller.cpp.o[0m
[13.793s] [ 58%] [32m[1mLinking CXX shared library libtricycle_steering_controller.so[0m
[14.518s] [ 58%] Built target tricycle_steering_controller
[14.554s] [ 66%] [32mBuilding CXX object CMakeFiles/test_tricycle_steering_controller_preceeding.dir/test/test_tricycle_steering_controller_preceeding.cpp.o[0m
[14.565s] [ 75%] [32mBuilding CXX object CMakeFiles/test_tricycle_steering_controller.dir/test/test_tricycle_steering_controller.cpp.o[0m
[20.212s] [ 83%] [32m[1mLinking CXX executable test_load_tricycle_steering_controller[0m
[21.582s] [ 83%] Built target test_load_tricycle_steering_controller
[24.497s] [ 91%] [32m[1mLinking CXX executable test_tricycle_steering_controller_preceeding[0m
[26.121s] [ 91%] Built target test_tricycle_steering_controller_preceeding
[34.906s] [100%] [32m[1mLinking CXX executable test_tricycle_steering_controller[0m
[36.613s] [100%] Built target test_tricycle_steering_controller
[36.629s] Invoked command in '/home/juloau/Desktop/TFG/tfg-jlopez/code/ros2/build/tricycle_steering_controller' returned '0': AMENT_PREFIX_PATH=/home/juloau/Desktop/TFG/tfg-jlopez/code/ros2/install/steering_controllers_library:/home/juloau/Desktop/TFG/tfg-jlopez/code/ros2/install/controller_manager:/home/juloau/Desktop/TFG/tfg-jlopez/code/ros2/install/hardware_interface_testing:/home/juloau/Desktop/TFG/tfg-jlopez/code/ros2/install/controller_interface:/home/juloau/Desktop/TFG/tfg-jlopez/code/ros2/install/hardware_interface:/home/juloau/Desktop/TFG/tfg-jlopez/code/ros2/install/ros2_control_test_assets:/home/juloau/Desktop/TFG/tfg-jlopez/code/ros2/install/realtime_tools:/home/juloau/Desktop/TFG/tfg-jlopez/code/ros2/install/controller_manager_msgs:/home/juloau/Desktop/TFG/tfg-jlopez/code/ros2/install/control_msgs:${AMENT_PREFIX_PATH} CMAKE_PREFIX_PATH=/home/juloau/Desktop/TFG/tfg-jlopez/code/ros2/install/steering_controllers_library:/home/juloau/Desktop/TFG/tfg-jlopez/code/ros2/install/controller_manager:/home/juloau/Desktop/TFG/tfg-jlopez/code/ros2/install/hardware_interface_testing:/home/juloau/Desktop/TFG/tfg-jlopez/code/ros2/install/controller_interface:/home/juloau/Desktop/TFG/tfg-jlopez/code/ros2/install/hardware_interface:/home/juloau/Desktop/TFG/tfg-jlopez/code/ros2/install/ros2_control_test_assets:/home/juloau/Desktop/TFG/tfg-jlopez/code/ros2/install/realtime_tools:/home/juloau/Desktop/TFG/tfg-jlopez/code/ros2/install/controller_manager_msgs:/home/juloau/Desktop/TFG/tfg-jlopez/code/ros2/install/control_msgs:/opt/ros/humble LD_LIBRARY_PATH=/home/juloau/Desktop/TFG/tfg-jlopez/code/ros2/install/steering_controllers_library/lib:/home/juloau/Desktop/TFG/tfg-jlopez/code/ros2/install/controller_manager/lib:/home/juloau/Desktop/TFG/tfg-jlopez/code/ros2/install/hardware_interface_testing/lib:/home/juloau/Desktop/TFG/tfg-jlopez/code/ros2/install/controller_interface/lib:/home/juloau/Desktop/TFG/tfg-jlopez/code/ros2/install/hardware_interface/lib:/home/juloau/Desktop/TFG/tfg-jlopez/code/ros2/install/realtime_tools/lib:/home/juloau/Desktop/TFG/tfg-jlopez/code/ros2/install/controller_manager_msgs/lib:/home/juloau/Desktop/TFG/tfg-jlopez/code/ros2/install/control_msgs/lib:/usr/lib/x86_64-linux-gnu/gazebo-11/plugins:/opt/ros/humble/opt/rviz_ogre_vendor/lib:/opt/ros/humble/lib/x86_64-linux-gnu:/opt/ros/humble/lib:/usr/share/gazebo/../../lib/x86_64-linux-gnu/gazebo-11/plugins PYTHONPATH=/home/juloau/Desktop/TFG/tfg-jlopez/code/ros2/install/controller_manager/local/lib/python3.10/dist-packages:/home/juloau/Desktop/TFG/tfg-jlopez/code/ros2/install/controller_manager_msgs/local/lib/python3.10/dist-packages:/home/juloau/Desktop/TFG/tfg-jlopez/code/ros2/install/control_msgs/local/lib/python3.10/dist-packages:${PYTHONPATH} /usr/bin/cmake --build /home/juloau/Desktop/TFG/tfg-jlopez/code/ros2/build/tricycle_steering_controller -- -j8 -l8
[36.675s] Invoking command in '/home/juloau/Desktop/TFG/tfg-jlopez/code/ros2/build/tricycle_steering_controller': AMENT_PREFIX_PATH=/home/juloau/Desktop/TFG/tfg-jlopez/code/ros2/install/steering_controllers_library:/home/juloau/Desktop/TFG/tfg-jlopez/code/ros2/install/controller_manager:/home/juloau/Desktop/TFG/tfg-jlopez/code/ros2/install/hardware_interface_testing:/home/juloau/Desktop/TFG/tfg-jlopez/code/ros2/install/controller_interface:/home/juloau/Desktop/TFG/tfg-jlopez/code/ros2/install/hardware_interface:/home/juloau/Desktop/TFG/tfg-jlopez/code/ros2/install/ros2_control_test_assets:/home/juloau/Desktop/TFG/tfg-jlopez/code/ros2/install/realtime_tools:/home/juloau/Desktop/TFG/tfg-jlopez/code/ros2/install/controller_manager_msgs:/home/juloau/Desktop/TFG/tfg-jlopez/code/ros2/install/control_msgs:${AMENT_PREFIX_PATH} CMAKE_PREFIX_PATH=/home/juloau/Desktop/TFG/tfg-jlopez/code/ros2/install/steering_controllers_library:/home/juloau/Desktop/TFG/tfg-jlopez/code/ros2/install/controller_manager:/home/juloau/Desktop/TFG/tfg-jlopez/code/ros2/install/hardware_interface_testing:/home/juloau/Desktop/TFG/tfg-jlopez/code/ros2/install/controller_interface:/home/juloau/Desktop/TFG/tfg-jlopez/code/ros2/install/hardware_interface:/home/juloau/Desktop/TFG/tfg-jlopez/code/ros2/install/ros2_control_test_assets:/home/juloau/Desktop/TFG/tfg-jlopez/code/ros2/install/realtime_tools:/home/juloau/Desktop/TFG/tfg-jlopez/code/ros2/install/controller_manager_msgs:/home/juloau/Desktop/TFG/tfg-jlopez/code/ros2/install/control_msgs:/opt/ros/humble LD_LIBRARY_PATH=/home/juloau/Desktop/TFG/tfg-jlopez/code/ros2/install/steering_controllers_library/lib:/home/juloau/Desktop/TFG/tfg-jlopez/code/ros2/install/controller_manager/lib:/home/juloau/Desktop/TFG/tfg-jlopez/code/ros2/install/hardware_interface_testing/lib:/home/juloau/Desktop/TFG/tfg-jlopez/code/ros2/install/controller_interface/lib:/home/juloau/Desktop/TFG/tfg-jlopez/code/ros2/install/hardware_interface/lib:/home/juloau/Desktop/TFG/tfg-jlopez/code/ros2/install/realtime_tools/lib:/home/juloau/Desktop/TFG/tfg-jlopez/code/ros2/install/controller_manager_msgs/lib:/home/juloau/Desktop/TFG/tfg-jlopez/code/ros2/install/control_msgs/lib:/usr/lib/x86_64-linux-gnu/gazebo-11/plugins:/opt/ros/humble/opt/rviz_ogre_vendor/lib:/opt/ros/humble/lib/x86_64-linux-gnu:/opt/ros/humble/lib:/usr/share/gazebo/../../lib/x86_64-linux-gnu/gazebo-11/plugins PYTHONPATH=/home/juloau/Desktop/TFG/tfg-jlopez/code/ros2/install/controller_manager/local/lib/python3.10/dist-packages:/home/juloau/Desktop/TFG/tfg-jlopez/code/ros2/install/controller_manager_msgs/local/lib/python3.10/dist-packages:/home/juloau/Desktop/TFG/tfg-jlopez/code/ros2/install/control_msgs/local/lib/python3.10/dist-packages:${PYTHONPATH} /usr/bin/cmake --install /home/juloau/Desktop/TFG/tfg-jlopez/code/ros2/build/tricycle_steering_controller
[36.685s] -- Install configuration: ""
[36.686s] -- Execute custom install script
[36.686s] -- Symlinking: /home/juloau/Desktop/TFG/tfg-jlopez/code/ros2/install/tricycle_steering_controller/include/tricycle_steering_controller_parameters/tricycle_steering_controller_parameters.hpp
[36.699s] -- Symlinking: /home/juloau/Desktop/TFG/tfg-jlopez/code/ros2/install/tricycle_steering_controller/share/tricycle_steering_controller//tricycle_steering_controller.xml
[36.712s] -- Symlinking: /home/juloau/Desktop/TFG/tfg-jlopez/code/ros2/install/tricycle_steering_controller/include/tricycle_steering_controller/tricycle_steering_controller/tricycle_steering_controller.hpp
[36.724s] -- Symlinking: /home/juloau/Desktop/TFG/tfg-jlopez/code/ros2/install/tricycle_steering_controller/include/tricycle_steering_controller/tricycle_steering_controller/visibility_control.h
[36.736s] -- Symlinking: /home/juloau/Desktop/TFG/tfg-jlopez/code/ros2/install/tricycle_steering_controller/share/tricycle_steering_controller/environment/library_path.sh
[36.749s] -- Symlinking: /home/juloau/Desktop/TFG/tfg-jlopez/code/ros2/install/tricycle_steering_controller/share/tricycle_steering_controller/environment/library_path.dsv
[36.762s] -- Symlinking: /home/juloau/Desktop/TFG/tfg-jlopez/code/ros2/install/tricycle_steering_controller/share/ament_index/resource_index/package_run_dependencies/tricycle_steering_controller
[36.774s] -- Symlinking: /home/juloau/Desktop/TFG/tfg-jlopez/code/ros2/install/tricycle_steering_controller/share/ament_index/resource_index/parent_prefix_path/tricycle_steering_controller
[36.787s] -- Symlinking: /home/juloau/Desktop/TFG/tfg-jlopez/code/ros2/install/tricycle_steering_controller/share/tricycle_steering_controller/environment/ament_prefix_path.sh
[36.800s] -- Symlinking: /home/juloau/Desktop/TFG/tfg-jlopez/code/ros2/install/tricycle_steering_controller/share/tricycle_steering_controller/environment/ament_prefix_path.dsv
[36.812s] -- Symlinking: /home/juloau/Desktop/TFG/tfg-jlopez/code/ros2/install/tricycle_steering_controller/share/tricycle_steering_controller/environment/path.sh
[36.825s] -- Symlinking: /home/juloau/Desktop/TFG/tfg-jlopez/code/ros2/install/tricycle_steering_controller/share/tricycle_steering_controller/environment/path.dsv
[36.838s] -- Symlinking: /home/juloau/Desktop/TFG/tfg-jlopez/code/ros2/install/tricycle_steering_controller/share/tricycle_steering_controller/local_setup.bash
[36.850s] -- Symlinking: /home/juloau/Desktop/TFG/tfg-jlopez/code/ros2/install/tricycle_steering_controller/share/tricycle_steering_controller/local_setup.sh
[36.862s] -- Symlinking: /home/juloau/Desktop/TFG/tfg-jlopez/code/ros2/install/tricycle_steering_controller/share/tricycle_steering_controller/local_setup.zsh
[36.880s] -- Symlinking: /home/juloau/Desktop/TFG/tfg-jlopez/code/ros2/install/tricycle_steering_controller/share/tricycle_steering_controller/local_setup.dsv
[36.892s] -- Symlinking: /home/juloau/Desktop/TFG/tfg-jlopez/code/ros2/install/tricycle_steering_controller/share/tricycle_steering_controller/package.dsv
[36.904s] -- Symlinking: /home/juloau/Desktop/TFG/tfg-jlopez/code/ros2/install/tricycle_steering_controller/share/ament_index/resource_index/packages/tricycle_steering_controller
[36.916s] -- Symlinking: /home/juloau/Desktop/TFG/tfg-jlopez/code/ros2/install/tricycle_steering_controller/share/ament_index/resource_index/controller_interface__pluginlib__plugin/tricycle_steering_controller
[36.928s] -- Symlinking: /home/juloau/Desktop/TFG/tfg-jlopez/code/ros2/install/tricycle_steering_controller/share/tricycle_steering_controller/cmake/ament_cmake_export_targets-extras.cmake
[36.941s] -- Symlinking: /home/juloau/Desktop/TFG/tfg-jlopez/code/ros2/install/tricycle_steering_controller/share/tricycle_steering_controller/cmake/ament_cmake_export_dependencies-extras.cmake
[36.952s] -- Symlinking: /home/juloau/Desktop/TFG/tfg-jlopez/code/ros2/install/tricycle_steering_controller/share/tricycle_steering_controller/cmake/tricycle_steering_controllerConfig.cmake
[36.965s] -- Symlinking: /home/juloau/Desktop/TFG/tfg-jlopez/code/ros2/install/tricycle_steering_controller/share/tricycle_steering_controller/cmake/tricycle_steering_controllerConfig-version.cmake
[36.978s] -- Symlinking: /home/juloau/Desktop/TFG/tfg-jlopez/code/ros2/install/tricycle_steering_controller/share/tricycle_steering_controller/package.xml
[36.991s] -- Installing: /home/juloau/Desktop/TFG/tfg-jlopez/code/ros2/install/tricycle_steering_controller/lib/libtricycle_steering_controller.so
[36.992s] -- Set runtime path of "/home/juloau/Desktop/TFG/tfg-jlopez/code/ros2/install/tricycle_steering_controller/lib/libtricycle_steering_controller.so" to ""
[36.992s] -- Installing: /home/juloau/Desktop/TFG/tfg-jlopez/code/ros2/install/tricycle_steering_controller/share/tricycle_steering_controller/cmake/export_tricycle_steering_controllerExport.cmake
[36.992s] -- Installing: /home/juloau/Desktop/TFG/tfg-jlopez/code/ros2/install/tricycle_steering_controller/share/tricycle_steering_controller/cmake/export_tricycle_steering_controllerExport-noconfig.cmake
[36.995s] Invoked command in '/home/juloau/Desktop/TFG/tfg-jlopez/code/ros2/build/tricycle_steering_controller' returned '0': AMENT_PREFIX_PATH=/home/juloau/Desktop/TFG/tfg-jlopez/code/ros2/install/steering_controllers_library:/home/juloau/Desktop/TFG/tfg-jlopez/code/ros2/install/controller_manager:/home/juloau/Desktop/TFG/tfg-jlopez/code/ros2/install/hardware_interface_testing:/home/juloau/Desktop/TFG/tfg-jlopez/code/ros2/install/controller_interface:/home/juloau/Desktop/TFG/tfg-jlopez/code/ros2/install/hardware_interface:/home/juloau/Desktop/TFG/tfg-jlopez/code/ros2/install/ros2_control_test_assets:/home/juloau/Desktop/TFG/tfg-jlopez/code/ros2/install/realtime_tools:/home/juloau/Desktop/TFG/tfg-jlopez/code/ros2/install/controller_manager_msgs:/home/juloau/Desktop/TFG/tfg-jlopez/code/ros2/install/control_msgs:${AMENT_PREFIX_PATH} CMAKE_PREFIX_PATH=/home/juloau/Desktop/TFG/tfg-jlopez/code/ros2/install/steering_controllers_library:/home/juloau/Desktop/TFG/tfg-jlopez/code/ros2/install/controller_manager:/home/juloau/Desktop/TFG/tfg-jlopez/code/ros2/install/hardware_interface_testing:/home/juloau/Desktop/TFG/tfg-jlopez/code/ros2/install/controller_interface:/home/juloau/Desktop/TFG/tfg-jlopez/code/ros2/install/hardware_interface:/home/juloau/Desktop/TFG/tfg-jlopez/code/ros2/install/ros2_control_test_assets:/home/juloau/Desktop/TFG/tfg-jlopez/code/ros2/install/realtime_tools:/home/juloau/Desktop/TFG/tfg-jlopez/code/ros2/install/controller_manager_msgs:/home/juloau/Desktop/TFG/tfg-jlopez/code/ros2/install/control_msgs:/opt/ros/humble LD_LIBRARY_PATH=/home/juloau/Desktop/TFG/tfg-jlopez/code/ros2/install/steering_controllers_library/lib:/home/juloau/Desktop/TFG/tfg-jlopez/code/ros2/install/controller_manager/lib:/home/juloau/Desktop/TFG/tfg-jlopez/code/ros2/install/hardware_interface_testing/lib:/home/juloau/Desktop/TFG/tfg-jlopez/code/ros2/install/controller_interface/lib:/home/juloau/Desktop/TFG/tfg-jlopez/code/ros2/install/hardware_interface/lib:/home/juloau/Desktop/TFG/tfg-jlopez/code/ros2/install/realtime_tools/lib:/home/juloau/Desktop/TFG/tfg-jlopez/code/ros2/install/controller_manager_msgs/lib:/home/juloau/Desktop/TFG/tfg-jlopez/code/ros2/install/control_msgs/lib:/usr/lib/x86_64-linux-gnu/gazebo-11/plugins:/opt/ros/humble/opt/rviz_ogre_vendor/lib:/opt/ros/humble/lib/x86_64-linux-gnu:/opt/ros/humble/lib:/usr/share/gazebo/../../lib/x86_64-linux-gnu/gazebo-11/plugins PYTHONPATH=/home/juloau/Desktop/TFG/tfg-jlopez/code/ros2/install/controller_manager/local/lib/python3.10/dist-packages:/home/juloau/Desktop/TFG/tfg-jlopez/code/ros2/install/controller_manager_msgs/local/lib/python3.10/dist-packages:/home/juloau/Desktop/TFG/tfg-jlopez/code/ros2/install/control_msgs/local/lib/python3.10/dist-packages:${PYTHONPATH} /usr/bin/cmake --install /home/juloau/Desktop/TFG/tfg-jlopez/code/ros2/build/tricycle_steering_controller
