[0.014s] Invoking command in '/home/juloau/Desktop/TFG/tfg-jlopez/code/ros2/build/pibotj_urdf_complete': CMAKE_PREFIX_PATH=${CMAKE_PREFIX_PATH}:/opt/ros/humble /usr/bin/cmake /home/juloau/Desktop/TFG/tfg-jlopez/code/ros2/src/pibotj_urdf_complete -DCMAKE_INSTALL_PREFIX=/home/juloau/Desktop/TFG/tfg-jlopez/code/ros2/install/pibotj_urdf_complete
[0.070s] -- The C compiler identification is GNU 11.4.0
[0.124s] -- The CXX compiler identification is GNU 11.4.0
[0.131s] -- Detecting C compiler ABI info
[0.193s] -- Detecting C compiler ABI info - done
[0.206s] -- Check for working C compiler: /usr/bin/cc - skipped
[0.206s] -- Detecting C compile features
[0.207s] -- Detecting C compile features - done
[0.210s] -- Detecting CXX compiler ABI info
[0.285s] -- Detecting CXX compiler ABI info - done
[0.294s] -- Check for working CXX compiler: /usr/bin/c++ - skipped
[0.294s] -- Detecting CXX compile features
[0.295s] -- Detecting CXX compile features - done
[0.297s] -- Found ament_cmake: 1.3.9 (/opt/ros/humble/share/ament_cmake/cmake)
[0.449s] -- Found Python3: /usr/bin/python3 (found version "3.10.12") found components: Interpreter 
[0.554s] -- Found ament_lint_auto: 0.12.11 (/opt/ros/humble/share/ament_lint_auto/cmake)
[0.648s] -- Added test 'flake8' to check Python code syntax and style conventions
[0.649s] -- Added test 'lint_cmake' to check CMake code style
[0.650s] -- Added test 'pep257' to check Python code against some of the docstring style conventions in PEP 257
[0.651s] -- Added test 'xmllint' to check XML markup files
[0.653s] -- Configuring done
[0.655s] -- Generating done
[0.656s] -- Build files have been written to: /home/juloau/Desktop/TFG/tfg-jlopez/code/ros2/build/pibotj_urdf_complete
[0.663s] Invoked command in '/home/juloau/Desktop/TFG/tfg-jlopez/code/ros2/build/pibotj_urdf_complete' returned '0': CMAKE_PREFIX_PATH=${CMAKE_PREFIX_PATH}:/opt/ros/humble /usr/bin/cmake /home/juloau/Desktop/TFG/tfg-jlopez/code/ros2/src/pibotj_urdf_complete -DCMAKE_INSTALL_PREFIX=/home/juloau/Desktop/TFG/tfg-jlopez/code/ros2/install/pibotj_urdf_complete
[0.664s] Invoking command in '/home/juloau/Desktop/TFG/tfg-jlopez/code/ros2/build/pibotj_urdf_complete': CMAKE_PREFIX_PATH=${CMAKE_PREFIX_PATH}:/opt/ros/humble /usr/bin/cmake --build /home/juloau/Desktop/TFG/tfg-jlopez/code/ros2/build/pibotj_urdf_complete -- -j8 -l8
[0.699s] Invoked command in '/home/juloau/Desktop/TFG/tfg-jlopez/code/ros2/build/pibotj_urdf_complete' returned '0': CMAKE_PREFIX_PATH=${CMAKE_PREFIX_PATH}:/opt/ros/humble /usr/bin/cmake --build /home/juloau/Desktop/TFG/tfg-jlopez/code/ros2/build/pibotj_urdf_complete -- -j8 -l8
[0.727s] Invoking command in '/home/juloau/Desktop/TFG/tfg-jlopez/code/ros2/build/pibotj_urdf_complete': CMAKE_PREFIX_PATH=${CMAKE_PREFIX_PATH}:/opt/ros/humble /usr/bin/cmake --install /home/juloau/Desktop/TFG/tfg-jlopez/code/ros2/build/pibotj_urdf_complete
[0.733s] -- Install configuration: ""
[0.733s] -- Installing: /home/juloau/Desktop/TFG/tfg-jlopez/code/ros2/install/pibotj_urdf_complete/share/pibotj_urdf_complete/launch
[0.734s] -- Installing: /home/juloau/Desktop/TFG/tfg-jlopez/code/ros2/install/pibotj_urdf_complete/share/pibotj_urdf_complete/launch/display.launch.py
[0.734s] -- Installing: /home/juloau/Desktop/TFG/tfg-jlopez/code/ros2/install/pibotj_urdf_complete/share/pibotj_urdf_complete/launch/gazebo.launch.py
[0.734s] -- Installing: /home/juloau/Desktop/TFG/tfg-jlopez/code/ros2/install/pibotj_urdf_complete/share/pibotj_urdf_complete/urdf
[0.734s] -- Installing: /home/juloau/Desktop/TFG/tfg-jlopez/code/ros2/install/pibotj_urdf_complete/share/pibotj_urdf_complete/urdf/robot_parameters.xacro
[0.734s] -- Installing: /home/juloau/Desktop/TFG/tfg-jlopez/code/ros2/install/pibotj_urdf_complete/share/pibotj_urdf_complete/urdf/model.urdf
[0.735s] -- Installing: /home/juloau/Desktop/TFG/tfg-jlopez/code/ros2/install/pibotj_urdf_complete/share/pibotj_urdf_complete/urdf/links_joints.xacro
[0.735s] -- Installing: /home/juloau/Desktop/TFG/tfg-jlopez/code/ros2/install/pibotj_urdf_complete/share/pibotj_urdf_complete/urdf/links_joints.urdf
[0.735s] -- Installing: /home/juloau/Desktop/TFG/tfg-jlopez/code/ros2/install/pibotj_urdf_complete/share/pibotj_urdf_complete/urdf/model.xacro
[0.735s] -- Installing: /home/juloau/Desktop/TFG/tfg-jlopez/code/ros2/install/pibotj_urdf_complete/share/pibotj_urdf_complete/urdf/robot_parameters.urdf
[0.736s] -- Installing: /home/juloau/Desktop/TFG/tfg-jlopez/code/ros2/install/pibotj_urdf_complete/share/pibotj_urdf_complete/config
[0.736s] -- Installing: /home/juloau/Desktop/TFG/tfg-jlopez/code/ros2/install/pibotj_urdf_complete/share/pibotj_urdf_complete/config/params.yaml
[0.736s] -- Installing: /home/juloau/Desktop/TFG/tfg-jlopez/code/ros2/install/pibotj_urdf_complete/share/pibotj_urdf_complete/config/config.rviz
[0.736s] -- Installing: /home/juloau/Desktop/TFG/tfg-jlopez/code/ros2/install/pibotj_urdf_complete/share/pibotj_urdf_complete/meshes
[0.736s] -- Installing: /home/juloau/Desktop/TFG/tfg-jlopez/code/ros2/install/pibotj_urdf_complete/share/pibotj_urdf_complete/meshes/base.stl
[0.738s] -- Installing: /home/juloau/Desktop/TFG/tfg-jlopez/code/ros2/install/pibotj_urdf_complete/share/pibotj_urdf_complete/meshes/psuperior.stl
[0.739s] -- Installing: /home/juloau/Desktop/TFG/tfg-jlopez/code/ros2/install/pibotj_urdf_complete/share/pibotj_urdf_complete/meshes/camara.stl
[0.740s] -- Installing: /home/juloau/Desktop/TFG/tfg-jlopez/code/ros2/install/pibotj_urdf_complete/share/pibotj_urdf_complete/meshes/strasera.stl
[0.741s] -- Installing: /home/juloau/Desktop/TFG/tfg-jlopez/code/ros2/install/pibotj_urdf_complete/share/ament_index/resource_index/package_run_dependencies/pibotj_urdf_complete
[0.741s] -- Installing: /home/juloau/Desktop/TFG/tfg-jlopez/code/ros2/install/pibotj_urdf_complete/share/ament_index/resource_index/parent_prefix_path/pibotj_urdf_complete
[0.741s] -- Installing: /home/juloau/Desktop/TFG/tfg-jlopez/code/ros2/install/pibotj_urdf_complete/share/pibotj_urdf_complete/environment/ament_prefix_path.sh
[0.741s] -- Installing: /home/juloau/Desktop/TFG/tfg-jlopez/code/ros2/install/pibotj_urdf_complete/share/pibotj_urdf_complete/environment/ament_prefix_path.dsv
[0.741s] -- Installing: /home/juloau/Desktop/TFG/tfg-jlopez/code/ros2/install/pibotj_urdf_complete/share/pibotj_urdf_complete/environment/path.sh
[0.741s] -- Installing: /home/juloau/Desktop/TFG/tfg-jlopez/code/ros2/install/pibotj_urdf_complete/share/pibotj_urdf_complete/environment/path.dsv
[0.741s] -- Installing: /home/juloau/Desktop/TFG/tfg-jlopez/code/ros2/install/pibotj_urdf_complete/share/pibotj_urdf_complete/local_setup.bash
[0.741s] -- Installing: /home/juloau/Desktop/TFG/tfg-jlopez/code/ros2/install/pibotj_urdf_complete/share/pibotj_urdf_complete/local_setup.sh
[0.742s] -- Installing: /home/juloau/Desktop/TFG/tfg-jlopez/code/ros2/install/pibotj_urdf_complete/share/pibotj_urdf_complete/local_setup.zsh
[0.742s] -- Installing: /home/juloau/Desktop/TFG/tfg-jlopez/code/ros2/install/pibotj_urdf_complete/share/pibotj_urdf_complete/local_setup.dsv
[0.742s] -- Installing: /home/juloau/Desktop/TFG/tfg-jlopez/code/ros2/install/pibotj_urdf_complete/share/pibotj_urdf_complete/package.dsv
[0.742s] -- Installing: /home/juloau/Desktop/TFG/tfg-jlopez/code/ros2/install/pibotj_urdf_complete/share/ament_index/resource_index/packages/pibotj_urdf_complete
[0.742s] -- Installing: /home/juloau/Desktop/TFG/tfg-jlopez/code/ros2/install/pibotj_urdf_complete/share/pibotj_urdf_complete/cmake/pibotj_urdf_completeConfig.cmake
[0.742s] -- Installing: /home/juloau/Desktop/TFG/tfg-jlopez/code/ros2/install/pibotj_urdf_complete/share/pibotj_urdf_complete/cmake/pibotj_urdf_completeConfig-version.cmake
[0.742s] -- Installing: /home/juloau/Desktop/TFG/tfg-jlopez/code/ros2/install/pibotj_urdf_complete/share/pibotj_urdf_complete/package.xml
[0.750s] Invoked command in '/home/juloau/Desktop/TFG/tfg-jlopez/code/ros2/build/pibotj_urdf_complete' returned '0': CMAKE_PREFIX_PATH=${CMAKE_PREFIX_PATH}:/opt/ros/humble /usr/bin/cmake --install /home/juloau/Desktop/TFG/tfg-jlopez/code/ros2/build/pibotj_urdf_complete
