[0.034s] Invoking command in '/home/juloau/Desktop/TFG/tfg-jlopez/code/ros2/build/ign_ros2_control': AMENT_PREFIX_PATH=/home/juloau/Desktop/TFG/tfg-jlopez/code/ros2/install/controller_manager:/home/juloau/Desktop/TFG/tfg-jlopez/code/ros2/install/hardware_interface_testing:/home/juloau/Desktop/TFG/tfg-jlopez/code/ros2/install/controller_interface:/home/juloau/Desktop/TFG/tfg-jlopez/code/ros2/install/hardware_interface:/home/juloau/Desktop/TFG/tfg-jlopez/code/ros2/install/ros2_control_test_assets:/home/juloau/Desktop/TFG/tfg-jlopez/code/ros2/install/realtime_tools:/home/juloau/Desktop/TFG/tfg-jlopez/code/ros2/install/controller_manager_msgs:/home/juloau/Desktop/TFG/tfg-jlopez/code/ros2/install/control_msgs:${AMENT_PREFIX_PATH} CMAKE_PREFIX_PATH=/home/juloau/Desktop/TFG/tfg-jlopez/code/ros2/install/controller_manager:/home/juloau/Desktop/TFG/tfg-jlopez/code/ros2/install/hardware_interface_testing:/home/juloau/Desktop/TFG/tfg-jlopez/code/ros2/install/controller_interface:/home/juloau/Desktop/TFG/tfg-jlopez/code/ros2/install/hardware_interface:/home/juloau/Desktop/TFG/tfg-jlopez/code/ros2/install/ros2_control_test_assets:/home/juloau/Desktop/TFG/tfg-jlopez/code/ros2/install/realtime_tools:/home/juloau/Desktop/TFG/tfg-jlopez/code/ros2/install/controller_manager_msgs:/home/juloau/Desktop/TFG/tfg-jlopez/code/ros2/install/control_msgs:/opt/ros/humble LD_LIBRARY_PATH=/home/juloau/Desktop/TFG/tfg-jlopez/code/ros2/install/controller_manager/lib:/home/juloau/Desktop/TFG/tfg-jlopez/code/ros2/install/hardware_interface_testing/lib:/home/juloau/Desktop/TFG/tfg-jlopez/code/ros2/install/controller_interface/lib:/home/juloau/Desktop/TFG/tfg-jlopez/code/ros2/install/hardware_interface/lib:/home/juloau/Desktop/TFG/tfg-jlopez/code/ros2/install/realtime_tools/lib:/home/juloau/Desktop/TFG/tfg-jlopez/code/ros2/install/controller_manager_msgs/lib:/home/juloau/Desktop/TFG/tfg-jlopez/code/ros2/install/control_msgs/lib:/usr/lib/x86_64-linux-gnu/gazebo-11/plugins:/opt/ros/humble/opt/rviz_ogre_vendor/lib:/opt/ros/humble/lib/x86_64-linux-gnu:/opt/ros/humble/lib:/usr/share/gazebo/../../lib/x86_64-linux-gnu/gazebo-11/plugins PYTHONPATH=/home/juloau/Desktop/TFG/tfg-jlopez/code/ros2/install/controller_manager/local/lib/python3.10/dist-packages:/home/juloau/Desktop/TFG/tfg-jlopez/code/ros2/install/controller_manager_msgs/local/lib/python3.10/dist-packages:/home/juloau/Desktop/TFG/tfg-jlopez/code/ros2/install/control_msgs/local/lib/python3.10/dist-packages:${PYTHONPATH} /usr/bin/cmake /home/juloau/Desktop/TFG/tfg-jlopez/code/ros2/src/ros-controls/gz_ros2_control/ign_ros2_control -DAMENT_CMAKE_SYMLINK_INSTALL=1 -DCMAKE_INSTALL_PREFIX=/home/juloau/Desktop/TFG/tfg-jlopez/code/ros2/install/ign_ros2_control
[0.117s] -- The C compiler identification is GNU 11.4.0
[0.201s] -- The CXX compiler identification is GNU 11.4.0
[0.211s] -- Detecting C compiler ABI info
[0.301s] -- Detecting C compiler ABI info - done
[0.313s] -- Check for working C compiler: /usr/bin/cc - skipped
[0.313s] -- Detecting C compile features
[0.314s] -- Detecting C compile features - done
[0.318s] -- Detecting CXX compiler ABI info
[0.424s] -- Detecting CXX compiler ABI info - done
[0.436s] -- Check for working CXX compiler: /usr/bin/c++ - skipped
[0.436s] -- Detecting CXX compile features
[0.437s] -- Detecting CXX compile features - done
[0.442s] -- Found ament_cmake: 1.3.9 (/opt/ros/humble/share/ament_cmake/cmake)
[0.665s] -- Found Python3: /usr/bin/python3 (found version "3.10.12") found components: Interpreter 
[0.766s] -- Override CMake install command with custom implementation using symlinks instead of copying resources
[0.826s] -- Found ament_index_cpp: 1.4.0 (/opt/ros/humble/share/ament_index_cpp/cmake)
[0.827s] -- Found controller_manager: 2.42.0 (/home/juloau/Desktop/TFG/tfg-jlopez/code/ros2/install/controller_manager/share/controller_manager/cmake)
[0.909s] -- Found rosidl_generator_c: 3.1.5 (/opt/ros/humble/share/rosidl_generator_c/cmake)
[0.924s] -- Found rosidl_adapter: 3.1.5 (/opt/ros/humble/share/rosidl_adapter/cmake)
[0.948s] -- Found rosidl_generator_cpp: 3.1.5 (/opt/ros/humble/share/rosidl_generator_cpp/cmake)
[0.993s] -- Using all available rosidl_typesupport_c: rosidl_typesupport_fastrtps_c;rosidl_typesupport_introspection_c
[1.063s] -- Using all available rosidl_typesupport_cpp: rosidl_typesupport_fastrtps_cpp;rosidl_typesupport_introspection_cpp
[3.239s] -- Found rmw_implementation_cmake: 6.1.2 (/opt/ros/humble/share/rmw_implementation_cmake/cmake)
[3.249s] -- Found rmw_fastrtps_cpp: 6.2.6 (/opt/ros/humble/share/rmw_fastrtps_cpp/cmake)
[3.367s] -- Found TinyXML2 via Config file: TinyXML2_DIR-NOTFOUND
[3.493s] -- Found OpenSSL: /usr/lib/x86_64-linux-gnu/libcrypto.so (found version "3.0.2")  
[3.500s] -- Found TinyXML2 via Config file: TinyXML2_DIR-NOTFOUND
[3.541s] -- Found FastRTPS: /opt/ros/humble/include  
[3.570s] -- Found TinyXML2 via Config file: TinyXML2_DIR-NOTFOUND
[3.589s] -- Found TinyXML2 via Config file: TinyXML2_DIR-NOTFOUND
[3.616s] -- Using RMW implementation 'rmw_fastrtps_cpp' as default
[3.649s] -- Looking for pthread.h
[3.805s] -- Looking for pthread.h - found
[3.806s] -- Performing Test CMAKE_HAVE_LIBC_PTHREAD
[3.965s] -- Performing Test CMAKE_HAVE_LIBC_PTHREAD - Success
[3.967s] -- Found Threads: TRUE  
[5.479s] -- Found yaml_cpp_vendor: 8.0.2 (/opt/ros/humble/share/yaml_cpp_vendor/cmake)
[5.493s] -- Looking for ignition-gazebo6 -- found version 6.16.0
[5.504s] -- Searching for dependencies of ignition-gazebo6
[5.509s] -- Looking for sdformat12 -- found version 12.7.2
[5.510s] -- Searching for dependencies of sdformat12
[5.517s] -- Checking for module 'tinyxml2'
[5.541s] --   Found tinyxml2, version 9.0.0
[5.608s] -- Looking for ignition-math6 -- found version 6.15.1
[5.610s] -- Searching for dependencies of ignition-math6
[5.621s] -- Looking for ignition-utils1 -- found version 1.5.1
[5.622s] -- Searching for dependencies of ignition-utils1
[5.635s] -- Looking for ignition-plugin1 -- found version 1.4.0
[5.636s] -- Searching for dependencies of ignition-plugin1
[5.638s] -- Searching for <ignition-plugin1> component [loader]
[5.647s] -- Looking for ignition-plugin1-loader -- found version 1.4.0
[5.648s] -- Searching for dependencies of ignition-plugin1-loader
[5.650s] -- Searching for <ignition-plugin1> component [register]
[5.658s] -- Looking for ignition-plugin1-register -- found version 1.4.0
[5.659s] -- Searching for dependencies of ignition-plugin1-register
[5.665s] -- Looking for ignition-transport11 -- found version 11.4.1
[5.666s] -- Searching for dependencies of ignition-transport11
[5.710s] -- Found Protobuf: /usr/lib/x86_64-linux-gnu/libprotobuf.so (found version "3.12.4") 
[5.731s] -- Config-file not installed for ZeroMQ -- checking for pkg-config
[5.737s] -- Checking for module 'libzmq >= 4'
[5.760s] --   Found libzmq , version 4.3.4
[5.819s] -- Found ZeroMQ: TRUE (Required is at least version "4") 
[5.831s] -- Checking for module 'uuid'
[5.854s] --   Found uuid, version 2.37.2
[5.907s] -- Found UUID: TRUE  
[5.908s] -- Looking for ignition-utils1 -- found version 1.5.1
[5.909s] -- Searching for dependencies of ignition-utils1
[5.909s] -- Searching for <ignition-utils1> component [cli]
[5.919s] -- Looking for ignition-utils1-cli -- found version 1.5.1
[5.920s] -- Searching for dependencies of ignition-utils1-cli
[5.926s] -- Looking for ignition-msgs8 -- found version 8.7.0
[5.927s] -- Searching for dependencies of ignition-msgs8
[5.956s] -- Found Protobuf: /usr/lib/x86_64-linux-gnu/libprotobuf.so (found suitable version "3.12.4", minimum required is "3") 
[5.958s] -- Looking for ignition-math6 -- found version 6.15.1
[5.971s] -- Searching for <ignition-transport11> component [log]
[5.976s] -- Looking for ignition-transport11-log -- found version 11.4.1
[5.977s] -- Searching for dependencies of ignition-transport11-log
[5.978s] -- Searching for <ignition-transport11> component [parameters]
[5.984s] -- Looking for ignition-transport11-parameters -- found version 11.4.1
[5.985s] -- Searching for dependencies of ignition-transport11-parameters
[5.986s] -- Looking for ignition-msgs8 -- found version 8.7.0
[5.992s] -- Looking for ignition-common4 -- found version 4.7.0
[5.993s] -- Searching for dependencies of ignition-common4
[5.993s] -- Looking for dlfcn.h - found
[5.995s] -- Looking for libdl - found
[5.997s] -- Found DL: TRUE  
[6.009s] -- Searching for <ignition-common4> component [profiler]
[6.014s] -- Looking for ignition-common4-profiler -- found version 4.7.0
[6.015s] -- Searching for dependencies of ignition-common4-profiler
[6.016s] -- Searching for <ignition-common4> component [events]
[6.021s] -- Looking for ignition-common4-events -- found version 4.7.0
[6.022s] -- Searching for dependencies of ignition-common4-events
[6.023s] -- Looking for ignition-math6 -- found version 6.15.1
[6.024s] -- Searching for <ignition-common4> component [av]
[6.029s] -- Looking for ignition-common4-av -- found version 4.7.0
[6.030s] -- Searching for dependencies of ignition-common4-av
[6.037s] -- Checking for module 'libswscale'
[6.057s] --   Found libswscale, version 5.9.100
[6.115s] -- Found SWSCALE: TRUE  
[6.125s] -- Checking for module 'libavdevice >= 56.4.100'
[6.150s] --   Found libavdevice , version 58.13.100
[6.206s] -- Found AVDEVICE: TRUE (Required is at least version "56.4.100") 
[6.215s] -- Checking for module 'libavformat'
[6.239s] --   Found libavformat, version 58.76.100
[6.291s] -- Found AVFORMAT: TRUE  
[6.299s] -- Checking for module 'libavcodec'
[6.318s] --   Found libavcodec, version 58.134.100
[6.368s] -- Found AVCODEC: TRUE  
[6.375s] -- Checking for module 'libavutil'
[6.395s] --   Found libavutil, version 56.70.100
[6.442s] -- Found AVUTIL: TRUE  
[6.448s] -- Looking for ignition-fuel_tools7 -- found version 7.3.0
[6.449s] -- Searching for dependencies of ignition-fuel_tools7
[6.564s] -- Found CURL: /usr/lib/x86_64-linux-gnu/libcurl.so (found version "7.81.0")  
[6.578s] -- Checking for module 'jsoncpp'
[6.597s] --   Found jsoncpp, version 1.9.5
[6.645s] -- Found JSONCPP: TRUE  
[6.653s] -- Checking for module 'libzip'
[6.673s] --   Found libzip, version 1.7.3
[6.721s] -- Found ZIP: TRUE  
[6.722s] -- Looking for ignition-common4 -- found version 4.7.0
[6.722s] -- Looking for ignition-math6 -- found version 6.15.1
[6.723s] -- Looking for ignition-msgs8 -- found version 8.7.0
[6.730s] -- Looking for ignition-gui6 -- found version 6.8.0
[6.731s] -- Searching for dependencies of ignition-gui6
[6.774s] -- Looking for ignition-math6 -- found version 6.15.1
[6.775s] -- Looking for ignition-common4 -- found version 4.7.0
[6.775s] -- Looking for ignition-plugin1 -- found version 1.4.0
[6.776s] -- Looking for ignition-transport11 -- found version 11.4.1
[6.781s] -- Looking for ignition-rendering6 -- found version 6.6.3
[6.782s] -- Searching for dependencies of ignition-rendering6
[6.782s] -- Looking for ignition-math6 -- found version 6.15.1
[6.783s] -- Searching for dependencies of ignition-math6
[6.783s] -- Searching for <ignition-math6> component [eigen3]
[6.788s] -- Looking for ignition-math6-eigen3 -- found version 6.15.1
[6.789s] -- Searching for dependencies of ignition-math6-eigen3
[6.803s] -- Looking for ignition-common4 -- found version 4.7.0
[6.804s] -- Searching for dependencies of ignition-common4
[6.804s] -- Looking for dlfcn.h - found
[6.804s] -- Looking for libdl - found
[6.818s] -- Searching for <ignition-common4> component [graphics]
[6.823s] -- Looking for ignition-common4-graphics -- found version 4.7.0
[6.824s] -- Searching for dependencies of ignition-common4-graphics
[6.824s] -- Looking for ignition-math6 -- found version 6.15.1
[6.825s] -- Looking for ignition-utils1 -- found version 1.5.1
[6.826s] -- Searching for <ignition-common4> component [events]
[6.827s] -- Looking for ignition-plugin1 -- found version 1.4.0
[6.828s] -- Searching for dependencies of ignition-plugin1
[6.828s] -- Searching for <ignition-plugin1> component [all]
[6.834s] -- Looking for all libraries of ignition-plugin1 -- found version 1.4.0
[6.835s] -- Looking for ignition-plugin1 -- found version 1.4.0
[6.838s] -- Looking for ignition-msgs8 -- found version 8.7.0
[6.901s] -- Looking for ignition-physics5 -- found version 5.3.2
[6.901s] -- Searching for dependencies of ignition-physics5
[6.902s] -- Looking for ignition-math6 -- found version 6.15.1
[6.902s] -- Looking for ignition-plugin1 -- found version 1.4.0
[6.903s] -- Looking for ignition-utils1 -- found version 1.5.1
[6.905s] -- Searching for <ignition-physics5> component [heightmap]
[6.910s] -- Looking for ignition-physics5-heightmap -- found version 5.3.2
[6.911s] -- Searching for dependencies of ignition-physics5-heightmap
[6.912s] -- Looking for ignition-common4 -- found version 4.7.0
[6.913s] -- Searching for <ignition-physics5> component [mesh]
[6.918s] -- Looking for ignition-physics5-mesh -- found version 5.3.2
[6.918s] -- Searching for dependencies of ignition-physics5-mesh
[6.919s] -- Looking for ignition-common4 -- found version 4.7.0
[6.920s] -- Searching for <ignition-physics5> component [sdf]
[6.925s] -- Looking for ignition-physics5-sdf -- found version 5.3.2
[6.926s] -- Searching for dependencies of ignition-physics5-sdf
[6.926s] -- Looking for sdformat12 -- found version 12.7.2
[6.934s] -- Looking for ignition-sensors6 -- found version 6.8.0
[6.934s] -- Searching for dependencies of ignition-sensors6
[6.964s] -- Found Protobuf: /usr/lib/x86_64-linux-gnu/libprotobuf.so (found version "3.12.4") 
[6.965s] -- Looking for ignition-math6 -- found version 6.15.1
[6.966s] -- Looking for ignition-common4 -- found version 4.7.0
[6.966s] -- Looking for ignition-transport11 -- found version 11.4.1
[6.967s] -- Looking for ignition-rendering6 -- found version 6.6.3
[6.968s] -- Looking for ignition-msgs8 -- found version 8.7.0
[6.969s] -- Looking for sdformat12 -- found version 12.7.2
[6.970s] -- Searching for <ignition-sensors6> component [air_pressure]
[6.976s] -- Looking for ignition-sensors6-air_pressure -- found version 6.8.0
[6.976s] -- Searching for dependencies of ignition-sensors6-air_pressure
[6.977s] -- Searching for <ignition-sensors6> component [altimeter]
[6.983s] -- Looking for ignition-sensors6-altimeter -- found version 6.8.0
[6.983s] -- Searching for dependencies of ignition-sensors6-altimeter
[6.984s] -- Searching for <ignition-sensors6> component [imu]
[6.990s] -- Looking for ignition-sensors6-imu -- found version 6.8.0
[6.991s] -- Searching for dependencies of ignition-sensors6-imu
[6.992s] -- Searching for <ignition-sensors6> component [force_torque]
[6.997s] -- Looking for ignition-sensors6-force_torque -- found version 6.8.0
[6.998s] -- Searching for dependencies of ignition-sensors6-force_torque
[6.999s] -- Searching for <ignition-sensors6> component [logical_camera]
[7.004s] -- Looking for ignition-sensors6-logical_camera -- found version 6.8.0
[7.005s] -- Searching for dependencies of ignition-sensors6-logical_camera
[7.006s] -- Searching for <ignition-sensors6> component [magnetometer]
[7.012s] -- Looking for ignition-sensors6-magnetometer -- found version 6.8.0
[7.012s] -- Searching for dependencies of ignition-sensors6-magnetometer
[7.013s] -- Searching for <ignition-sensors6> component [navsat]
[7.019s] -- Looking for ignition-sensors6-navsat -- found version 6.8.0
[7.020s] -- Searching for dependencies of ignition-sensors6-navsat
[7.021s] -- Searching for <ignition-sensors6> component [rendering]
[7.026s] -- Looking for ignition-sensors6-rendering -- found version 6.8.0
[7.027s] -- Searching for dependencies of ignition-sensors6-rendering
[7.028s] -- Searching for <ignition-sensors6> component [lidar]
[7.033s] -- Looking for ignition-sensors6-lidar -- found version 6.8.0
[7.034s] -- Searching for dependencies of ignition-sensors6-lidar
[7.035s] -- Looking for ignition-sensors6 -- found version 6.8.0
[7.036s] -- Searching for <ignition-sensors6> component [gpu_lidar]
[7.042s] -- Looking for ignition-sensors6-gpu_lidar -- found version 6.8.0
[7.042s] -- Searching for dependencies of ignition-sensors6-gpu_lidar
[7.043s] -- Looking for ignition-sensors6 -- found version 6.8.0
[7.044s] -- Searching for <ignition-sensors6> component [camera]
[7.050s] -- Looking for ignition-sensors6-camera -- found version 6.8.0
[7.051s] -- Searching for dependencies of ignition-sensors6-camera
[7.051s] -- Looking for ignition-sensors6 -- found version 6.8.0
[7.053s] -- Searching for <ignition-sensors6> component [boundingbox_camera]
[7.058s] -- Looking for ignition-sensors6-boundingbox_camera -- found version 6.8.0
[7.059s] -- Searching for dependencies of ignition-sensors6-boundingbox_camera
[7.060s] -- Searching for <ignition-sensors6> component [segmentation_camera]
[7.065s] -- Looking for ignition-sensors6-segmentation_camera -- found version 6.8.0
[7.066s] -- Searching for dependencies of ignition-sensors6-segmentation_camera
[7.068s] -- Searching for <ignition-sensors6> component [depth_camera]
[7.074s] -- Looking for ignition-sensors6-depth_camera -- found version 6.8.0
[7.074s] -- Searching for dependencies of ignition-sensors6-depth_camera
[7.075s] -- Looking for ignition-sensors6 -- found version 6.8.0
[7.077s] -- Searching for <ignition-sensors6> component [rgbd_camera]
[7.084s] -- Looking for ignition-sensors6-rgbd_camera -- found version 6.8.0
[7.084s] -- Searching for dependencies of ignition-sensors6-rgbd_camera
[7.085s] -- Looking for ignition-sensors6 -- found version 6.8.0
[7.086s] -- Searching for <ignition-sensors6> component [thermal_camera]
[7.091s] -- Looking for ignition-sensors6-thermal_camera -- found version 6.8.0
[7.092s] -- Searching for dependencies of ignition-sensors6-thermal_camera
[7.093s] -- Looking for ignition-sensors6 -- found version 6.8.0
[7.095s] -- Looking for ignition-rendering6 -- found version 6.6.3
[7.095s] -- Looking for ignition-math6 -- found version 6.15.1
[7.101s] -- Looking for ignition-utils1 -- found version 1.5.1
[7.133s] -- Compiling against Ignition Fortress
[7.134s] -- Looking for ignition-plugin1 -- found version 1.4.0
[8.102s] -- Found ament_lint_auto: 0.12.11 (/opt/ros/humble/share/ament_lint_auto/cmake)
[8.253s] -- Added test 'copyright' to check source files copyright and LICENSE
[8.261s] -- Added test 'cppcheck' to perform static code analysis on C / C++ code
[8.261s] -- Configured cppcheck include dirs: /home/juloau/Desktop/TFG/tfg-jlopez/code/ros2/src/ros-controls/gz_ros2_control/ign_ros2_control/include
[8.261s] -- Configured cppcheck exclude dirs and/or files: 
[8.263s] -- Added test 'cpplint' to check C / C++ code against the Google style
[8.263s] -- Configured cpplint exclude dirs and/or files: 
[8.265s] -- Added test 'lint_cmake' to check CMake code style
[8.266s] -- Added test 'uncrustify' to check C / C++ code style
[8.266s] -- Configured uncrustify additional arguments: 
[8.267s] -- Added test 'xmllint' to check XML markup files
[8.271s] -- Configuring done
[8.349s] -- Generating done
[8.353s] -- Build files have been written to: /home/juloau/Desktop/TFG/tfg-jlopez/code/ros2/build/ign_ros2_control
[8.373s] Invoked command in '/home/juloau/Desktop/TFG/tfg-jlopez/code/ros2/build/ign_ros2_control' returned '0': AMENT_PREFIX_PATH=/home/juloau/Desktop/TFG/tfg-jlopez/code/ros2/install/controller_manager:/home/juloau/Desktop/TFG/tfg-jlopez/code/ros2/install/hardware_interface_testing:/home/juloau/Desktop/TFG/tfg-jlopez/code/ros2/install/controller_interface:/home/juloau/Desktop/TFG/tfg-jlopez/code/ros2/install/hardware_interface:/home/juloau/Desktop/TFG/tfg-jlopez/code/ros2/install/ros2_control_test_assets:/home/juloau/Desktop/TFG/tfg-jlopez/code/ros2/install/realtime_tools:/home/juloau/Desktop/TFG/tfg-jlopez/code/ros2/install/controller_manager_msgs:/home/juloau/Desktop/TFG/tfg-jlopez/code/ros2/install/control_msgs:${AMENT_PREFIX_PATH} CMAKE_PREFIX_PATH=/home/juloau/Desktop/TFG/tfg-jlopez/code/ros2/install/controller_manager:/home/juloau/Desktop/TFG/tfg-jlopez/code/ros2/install/hardware_interface_testing:/home/juloau/Desktop/TFG/tfg-jlopez/code/ros2/install/controller_interface:/home/juloau/Desktop/TFG/tfg-jlopez/code/ros2/install/hardware_interface:/home/juloau/Desktop/TFG/tfg-jlopez/code/ros2/install/ros2_control_test_assets:/home/juloau/Desktop/TFG/tfg-jlopez/code/ros2/install/realtime_tools:/home/juloau/Desktop/TFG/tfg-jlopez/code/ros2/install/controller_manager_msgs:/home/juloau/Desktop/TFG/tfg-jlopez/code/ros2/install/control_msgs:/opt/ros/humble LD_LIBRARY_PATH=/home/juloau/Desktop/TFG/tfg-jlopez/code/ros2/install/controller_manager/lib:/home/juloau/Desktop/TFG/tfg-jlopez/code/ros2/install/hardware_interface_testing/lib:/home/juloau/Desktop/TFG/tfg-jlopez/code/ros2/install/controller_interface/lib:/home/juloau/Desktop/TFG/tfg-jlopez/code/ros2/install/hardware_interface/lib:/home/juloau/Desktop/TFG/tfg-jlopez/code/ros2/install/realtime_tools/lib:/home/juloau/Desktop/TFG/tfg-jlopez/code/ros2/install/controller_manager_msgs/lib:/home/juloau/Desktop/TFG/tfg-jlopez/code/ros2/install/control_msgs/lib:/usr/lib/x86_64-linux-gnu/gazebo-11/plugins:/opt/ros/humble/opt/rviz_ogre_vendor/lib:/opt/ros/humble/lib/x86_64-linux-gnu:/opt/ros/humble/lib:/usr/share/gazebo/../../lib/x86_64-linux-gnu/gazebo-11/plugins PYTHONPATH=/home/juloau/Desktop/TFG/tfg-jlopez/code/ros2/install/controller_manager/local/lib/python3.10/dist-packages:/home/juloau/Desktop/TFG/tfg-jlopez/code/ros2/install/controller_manager_msgs/local/lib/python3.10/dist-packages:/home/juloau/Desktop/TFG/tfg-jlopez/code/ros2/install/control_msgs/local/lib/python3.10/dist-packages:${PYTHONPATH} /usr/bin/cmake /home/juloau/Desktop/TFG/tfg-jlopez/code/ros2/src/ros-controls/gz_ros2_control/ign_ros2_control -DAMENT_CMAKE_SYMLINK_INSTALL=1 -DCMAKE_INSTALL_PREFIX=/home/juloau/Desktop/TFG/tfg-jlopez/code/ros2/install/ign_ros2_control
[8.376s] Invoking command in '/home/juloau/Desktop/TFG/tfg-jlopez/code/ros2/build/ign_ros2_control': AMENT_PREFIX_PATH=/home/juloau/Desktop/TFG/tfg-jlopez/code/ros2/install/controller_manager:/home/juloau/Desktop/TFG/tfg-jlopez/code/ros2/install/hardware_interface_testing:/home/juloau/Desktop/TFG/tfg-jlopez/code/ros2/install/controller_interface:/home/juloau/Desktop/TFG/tfg-jlopez/code/ros2/install/hardware_interface:/home/juloau/Desktop/TFG/tfg-jlopez/code/ros2/install/ros2_control_test_assets:/home/juloau/Desktop/TFG/tfg-jlopez/code/ros2/install/realtime_tools:/home/juloau/Desktop/TFG/tfg-jlopez/code/ros2/install/controller_manager_msgs:/home/juloau/Desktop/TFG/tfg-jlopez/code/ros2/install/control_msgs:${AMENT_PREFIX_PATH} CMAKE_PREFIX_PATH=/home/juloau/Desktop/TFG/tfg-jlopez/code/ros2/install/controller_manager:/home/juloau/Desktop/TFG/tfg-jlopez/code/ros2/install/hardware_interface_testing:/home/juloau/Desktop/TFG/tfg-jlopez/code/ros2/install/controller_interface:/home/juloau/Desktop/TFG/tfg-jlopez/code/ros2/install/hardware_interface:/home/juloau/Desktop/TFG/tfg-jlopez/code/ros2/install/ros2_control_test_assets:/home/juloau/Desktop/TFG/tfg-jlopez/code/ros2/install/realtime_tools:/home/juloau/Desktop/TFG/tfg-jlopez/code/ros2/install/controller_manager_msgs:/home/juloau/Desktop/TFG/tfg-jlopez/code/ros2/install/control_msgs:/opt/ros/humble LD_LIBRARY_PATH=/home/juloau/Desktop/TFG/tfg-jlopez/code/ros2/install/controller_manager/lib:/home/juloau/Desktop/TFG/tfg-jlopez/code/ros2/install/hardware_interface_testing/lib:/home/juloau/Desktop/TFG/tfg-jlopez/code/ros2/install/controller_interface/lib:/home/juloau/Desktop/TFG/tfg-jlopez/code/ros2/install/hardware_interface/lib:/home/juloau/Desktop/TFG/tfg-jlopez/code/ros2/install/realtime_tools/lib:/home/juloau/Desktop/TFG/tfg-jlopez/code/ros2/install/controller_manager_msgs/lib:/home/juloau/Desktop/TFG/tfg-jlopez/code/ros2/install/control_msgs/lib:/usr/lib/x86_64-linux-gnu/gazebo-11/plugins:/opt/ros/humble/opt/rviz_ogre_vendor/lib:/opt/ros/humble/lib/x86_64-linux-gnu:/opt/ros/humble/lib:/usr/share/gazebo/../../lib/x86_64-linux-gnu/gazebo-11/plugins PYTHONPATH=/home/juloau/Desktop/TFG/tfg-jlopez/code/ros2/install/controller_manager/local/lib/python3.10/dist-packages:/home/juloau/Desktop/TFG/tfg-jlopez/code/ros2/install/controller_manager_msgs/local/lib/python3.10/dist-packages:/home/juloau/Desktop/TFG/tfg-jlopez/code/ros2/install/control_msgs/local/lib/python3.10/dist-packages:${PYTHONPATH} /usr/bin/cmake --build /home/juloau/Desktop/TFG/tfg-jlopez/code/ros2/build/ign_ros2_control -- -j8 -l8
[8.448s] [ 25%] [32mBuilding CXX object CMakeFiles/ign_ros2_control-system.dir/src/ign_ros2_control_plugin.cpp.o[0m
[8.463s] [ 50%] [32mBuilding CXX object CMakeFiles/ign_hardware_plugins.dir/src/ign_system.cpp.o[0m
[30.282s] [ 75%] [32m[1mLinking CXX shared library libign_hardware_plugins.so[0m
[31.749s] [ 75%] Built target ign_hardware_plugins
[32.930s] [100%] [32m[1mLinking CXX shared library libign_ros2_control-system.so[0m
[35.574s] [100%] Built target ign_ros2_control-system
[35.590s] Invoked command in '/home/juloau/Desktop/TFG/tfg-jlopez/code/ros2/build/ign_ros2_control' returned '0': AMENT_PREFIX_PATH=/home/juloau/Desktop/TFG/tfg-jlopez/code/ros2/install/controller_manager:/home/juloau/Desktop/TFG/tfg-jlopez/code/ros2/install/hardware_interface_testing:/home/juloau/Desktop/TFG/tfg-jlopez/code/ros2/install/controller_interface:/home/juloau/Desktop/TFG/tfg-jlopez/code/ros2/install/hardware_interface:/home/juloau/Desktop/TFG/tfg-jlopez/code/ros2/install/ros2_control_test_assets:/home/juloau/Desktop/TFG/tfg-jlopez/code/ros2/install/realtime_tools:/home/juloau/Desktop/TFG/tfg-jlopez/code/ros2/install/controller_manager_msgs:/home/juloau/Desktop/TFG/tfg-jlopez/code/ros2/install/control_msgs:${AMENT_PREFIX_PATH} CMAKE_PREFIX_PATH=/home/juloau/Desktop/TFG/tfg-jlopez/code/ros2/install/controller_manager:/home/juloau/Desktop/TFG/tfg-jlopez/code/ros2/install/hardware_interface_testing:/home/juloau/Desktop/TFG/tfg-jlopez/code/ros2/install/controller_interface:/home/juloau/Desktop/TFG/tfg-jlopez/code/ros2/install/hardware_interface:/home/juloau/Desktop/TFG/tfg-jlopez/code/ros2/install/ros2_control_test_assets:/home/juloau/Desktop/TFG/tfg-jlopez/code/ros2/install/realtime_tools:/home/juloau/Desktop/TFG/tfg-jlopez/code/ros2/install/controller_manager_msgs:/home/juloau/Desktop/TFG/tfg-jlopez/code/ros2/install/control_msgs:/opt/ros/humble LD_LIBRARY_PATH=/home/juloau/Desktop/TFG/tfg-jlopez/code/ros2/install/controller_manager/lib:/home/juloau/Desktop/TFG/tfg-jlopez/code/ros2/install/hardware_interface_testing/lib:/home/juloau/Desktop/TFG/tfg-jlopez/code/ros2/install/controller_interface/lib:/home/juloau/Desktop/TFG/tfg-jlopez/code/ros2/install/hardware_interface/lib:/home/juloau/Desktop/TFG/tfg-jlopez/code/ros2/install/realtime_tools/lib:/home/juloau/Desktop/TFG/tfg-jlopez/code/ros2/install/controller_manager_msgs/lib:/home/juloau/Desktop/TFG/tfg-jlopez/code/ros2/install/control_msgs/lib:/usr/lib/x86_64-linux-gnu/gazebo-11/plugins:/opt/ros/humble/opt/rviz_ogre_vendor/lib:/opt/ros/humble/lib/x86_64-linux-gnu:/opt/ros/humble/lib:/usr/share/gazebo/../../lib/x86_64-linux-gnu/gazebo-11/plugins PYTHONPATH=/home/juloau/Desktop/TFG/tfg-jlopez/code/ros2/install/controller_manager/local/lib/python3.10/dist-packages:/home/juloau/Desktop/TFG/tfg-jlopez/code/ros2/install/controller_manager_msgs/local/lib/python3.10/dist-packages:/home/juloau/Desktop/TFG/tfg-jlopez/code/ros2/install/control_msgs/local/lib/python3.10/dist-packages:${PYTHONPATH} /usr/bin/cmake --build /home/juloau/Desktop/TFG/tfg-jlopez/code/ros2/build/ign_ros2_control -- -j8 -l8
[35.635s] Invoking command in '/home/juloau/Desktop/TFG/tfg-jlopez/code/ros2/build/ign_ros2_control': AMENT_PREFIX_PATH=/home/juloau/Desktop/TFG/tfg-jlopez/code/ros2/install/controller_manager:/home/juloau/Desktop/TFG/tfg-jlopez/code/ros2/install/hardware_interface_testing:/home/juloau/Desktop/TFG/tfg-jlopez/code/ros2/install/controller_interface:/home/juloau/Desktop/TFG/tfg-jlopez/code/ros2/install/hardware_interface:/home/juloau/Desktop/TFG/tfg-jlopez/code/ros2/install/ros2_control_test_assets:/home/juloau/Desktop/TFG/tfg-jlopez/code/ros2/install/realtime_tools:/home/juloau/Desktop/TFG/tfg-jlopez/code/ros2/install/controller_manager_msgs:/home/juloau/Desktop/TFG/tfg-jlopez/code/ros2/install/control_msgs:${AMENT_PREFIX_PATH} CMAKE_PREFIX_PATH=/home/juloau/Desktop/TFG/tfg-jlopez/code/ros2/install/controller_manager:/home/juloau/Desktop/TFG/tfg-jlopez/code/ros2/install/hardware_interface_testing:/home/juloau/Desktop/TFG/tfg-jlopez/code/ros2/install/controller_interface:/home/juloau/Desktop/TFG/tfg-jlopez/code/ros2/install/hardware_interface:/home/juloau/Desktop/TFG/tfg-jlopez/code/ros2/install/ros2_control_test_assets:/home/juloau/Desktop/TFG/tfg-jlopez/code/ros2/install/realtime_tools:/home/juloau/Desktop/TFG/tfg-jlopez/code/ros2/install/controller_manager_msgs:/home/juloau/Desktop/TFG/tfg-jlopez/code/ros2/install/control_msgs:/opt/ros/humble LD_LIBRARY_PATH=/home/juloau/Desktop/TFG/tfg-jlopez/code/ros2/install/controller_manager/lib:/home/juloau/Desktop/TFG/tfg-jlopez/code/ros2/install/hardware_interface_testing/lib:/home/juloau/Desktop/TFG/tfg-jlopez/code/ros2/install/controller_interface/lib:/home/juloau/Desktop/TFG/tfg-jlopez/code/ros2/install/hardware_interface/lib:/home/juloau/Desktop/TFG/tfg-jlopez/code/ros2/install/realtime_tools/lib:/home/juloau/Desktop/TFG/tfg-jlopez/code/ros2/install/controller_manager_msgs/lib:/home/juloau/Desktop/TFG/tfg-jlopez/code/ros2/install/control_msgs/lib:/usr/lib/x86_64-linux-gnu/gazebo-11/plugins:/opt/ros/humble/opt/rviz_ogre_vendor/lib:/opt/ros/humble/lib/x86_64-linux-gnu:/opt/ros/humble/lib:/usr/share/gazebo/../../lib/x86_64-linux-gnu/gazebo-11/plugins PYTHONPATH=/home/juloau/Desktop/TFG/tfg-jlopez/code/ros2/install/controller_manager/local/lib/python3.10/dist-packages:/home/juloau/Desktop/TFG/tfg-jlopez/code/ros2/install/controller_manager_msgs/local/lib/python3.10/dist-packages:/home/juloau/Desktop/TFG/tfg-jlopez/code/ros2/install/control_msgs/local/lib/python3.10/dist-packages:${PYTHONPATH} /usr/bin/cmake --install /home/juloau/Desktop/TFG/tfg-jlopez/code/ros2/build/ign_ros2_control
[35.645s] -- Install configuration: ""
[35.646s] -- Execute custom install script
[35.646s] -- Symlinking: /home/juloau/Desktop/TFG/tfg-jlopez/code/ros2/install/ign_ros2_control/lib/libign_hardware_plugins.so
[35.662s] -- Symlinking: /home/juloau/Desktop/TFG/tfg-jlopez/code/ros2/install/ign_ros2_control/include/ign_ros2_control/ign_ros2_control_plugin.hpp
[35.676s] -- Symlinking: /home/juloau/Desktop/TFG/tfg-jlopez/code/ros2/install/ign_ros2_control/include/ign_ros2_control/ign_system.hpp
[35.688s] -- Symlinking: /home/juloau/Desktop/TFG/tfg-jlopez/code/ros2/install/ign_ros2_control/include/ign_ros2_control/ign_system_interface.hpp
[35.702s] -- Symlinking: /home/juloau/Desktop/TFG/tfg-jlopez/code/ros2/install/ign_ros2_control/share/ign_ros2_control/environment/library_path.sh
[35.715s] -- Symlinking: /home/juloau/Desktop/TFG/tfg-jlopez/code/ros2/install/ign_ros2_control/share/ign_ros2_control/environment/library_path.dsv
[35.727s] -- Symlinking: /home/juloau/Desktop/TFG/tfg-jlopez/code/ros2/install/ign_ros2_control/lib/libign_ros2_control-system.so
[35.739s] -- Symlinking: /home/juloau/Desktop/TFG/tfg-jlopez/code/ros2/install/ign_ros2_control/share/ign_ros2_control//ign_hardware_plugins.xml
[35.752s] -- Symlinking: /home/juloau/Desktop/TFG/tfg-jlopez/code/ros2/install/ign_ros2_control/share/ament_index/resource_index/package_run_dependencies/ign_ros2_control
[35.764s] -- Symlinking: /home/juloau/Desktop/TFG/tfg-jlopez/code/ros2/install/ign_ros2_control/share/ament_index/resource_index/parent_prefix_path/ign_ros2_control
[35.779s] -- Symlinking: /home/juloau/Desktop/TFG/tfg-jlopez/code/ros2/install/ign_ros2_control/share/ign_ros2_control/environment/ament_prefix_path.sh
[35.791s] -- Symlinking: /home/juloau/Desktop/TFG/tfg-jlopez/code/ros2/install/ign_ros2_control/share/ign_ros2_control/environment/ament_prefix_path.dsv
[35.803s] -- Symlinking: /home/juloau/Desktop/TFG/tfg-jlopez/code/ros2/install/ign_ros2_control/share/ign_ros2_control/environment/path.sh
[35.816s] -- Symlinking: /home/juloau/Desktop/TFG/tfg-jlopez/code/ros2/install/ign_ros2_control/share/ign_ros2_control/environment/path.dsv
[35.828s] -- Symlinking: /home/juloau/Desktop/TFG/tfg-jlopez/code/ros2/install/ign_ros2_control/share/ign_ros2_control/local_setup.bash
[35.845s] -- Symlinking: /home/juloau/Desktop/TFG/tfg-jlopez/code/ros2/install/ign_ros2_control/share/ign_ros2_control/local_setup.sh
[35.858s] -- Symlinking: /home/juloau/Desktop/TFG/tfg-jlopez/code/ros2/install/ign_ros2_control/share/ign_ros2_control/local_setup.zsh
[35.870s] -- Symlinking: /home/juloau/Desktop/TFG/tfg-jlopez/code/ros2/install/ign_ros2_control/share/ign_ros2_control/local_setup.dsv
[35.884s] -- Symlinking: /home/juloau/Desktop/TFG/tfg-jlopez/code/ros2/install/ign_ros2_control/share/ign_ros2_control/package.dsv
[35.899s] -- Symlinking: /home/juloau/Desktop/TFG/tfg-jlopez/code/ros2/install/ign_ros2_control/share/ament_index/resource_index/packages/ign_ros2_control
[35.909s] -- Symlinking: /home/juloau/Desktop/TFG/tfg-jlopez/code/ros2/install/ign_ros2_control/share/ament_index/resource_index/ign_ros2_control__pluginlib__plugin/ign_ros2_control
[35.925s] -- Symlinking: /home/juloau/Desktop/TFG/tfg-jlopez/code/ros2/install/ign_ros2_control/share/ign_ros2_control/cmake/ament_cmake_export_include_directories-extras.cmake
[35.937s] -- Symlinking: /home/juloau/Desktop/TFG/tfg-jlopez/code/ros2/install/ign_ros2_control/share/ign_ros2_control/cmake/ament_cmake_export_libraries-extras.cmake
[35.949s] -- Symlinking: /home/juloau/Desktop/TFG/tfg-jlopez/code/ros2/install/ign_ros2_control/share/ign_ros2_control/cmake/ign_ros2_controlConfig.cmake
[35.962s] -- Symlinking: /home/juloau/Desktop/TFG/tfg-jlopez/code/ros2/install/ign_ros2_control/share/ign_ros2_control/cmake/ign_ros2_controlConfig-version.cmake
[35.975s] -- Symlinking: /home/juloau/Desktop/TFG/tfg-jlopez/code/ros2/install/ign_ros2_control/share/ign_ros2_control/package.xml
[35.992s] Invoked command in '/home/juloau/Desktop/TFG/tfg-jlopez/code/ros2/build/ign_ros2_control' returned '0': AMENT_PREFIX_PATH=/home/juloau/Desktop/TFG/tfg-jlopez/code/ros2/install/controller_manager:/home/juloau/Desktop/TFG/tfg-jlopez/code/ros2/install/hardware_interface_testing:/home/juloau/Desktop/TFG/tfg-jlopez/code/ros2/install/controller_interface:/home/juloau/Desktop/TFG/tfg-jlopez/code/ros2/install/hardware_interface:/home/juloau/Desktop/TFG/tfg-jlopez/code/ros2/install/ros2_control_test_assets:/home/juloau/Desktop/TFG/tfg-jlopez/code/ros2/install/realtime_tools:/home/juloau/Desktop/TFG/tfg-jlopez/code/ros2/install/controller_manager_msgs:/home/juloau/Desktop/TFG/tfg-jlopez/code/ros2/install/control_msgs:${AMENT_PREFIX_PATH} CMAKE_PREFIX_PATH=/home/juloau/Desktop/TFG/tfg-jlopez/code/ros2/install/controller_manager:/home/juloau/Desktop/TFG/tfg-jlopez/code/ros2/install/hardware_interface_testing:/home/juloau/Desktop/TFG/tfg-jlopez/code/ros2/install/controller_interface:/home/juloau/Desktop/TFG/tfg-jlopez/code/ros2/install/hardware_interface:/home/juloau/Desktop/TFG/tfg-jlopez/code/ros2/install/ros2_control_test_assets:/home/juloau/Desktop/TFG/tfg-jlopez/code/ros2/install/realtime_tools:/home/juloau/Desktop/TFG/tfg-jlopez/code/ros2/install/controller_manager_msgs:/home/juloau/Desktop/TFG/tfg-jlopez/code/ros2/install/control_msgs:/opt/ros/humble LD_LIBRARY_PATH=/home/juloau/Desktop/TFG/tfg-jlopez/code/ros2/install/controller_manager/lib:/home/juloau/Desktop/TFG/tfg-jlopez/code/ros2/install/hardware_interface_testing/lib:/home/juloau/Desktop/TFG/tfg-jlopez/code/ros2/install/controller_interface/lib:/home/juloau/Desktop/TFG/tfg-jlopez/code/ros2/install/hardware_interface/lib:/home/juloau/Desktop/TFG/tfg-jlopez/code/ros2/install/realtime_tools/lib:/home/juloau/Desktop/TFG/tfg-jlopez/code/ros2/install/controller_manager_msgs/lib:/home/juloau/Desktop/TFG/tfg-jlopez/code/ros2/install/control_msgs/lib:/usr/lib/x86_64-linux-gnu/gazebo-11/plugins:/opt/ros/humble/opt/rviz_ogre_vendor/lib:/opt/ros/humble/lib/x86_64-linux-gnu:/opt/ros/humble/lib:/usr/share/gazebo/../../lib/x86_64-linux-gnu/gazebo-11/plugins PYTHONPATH=/home/juloau/Desktop/TFG/tfg-jlopez/code/ros2/install/controller_manager/local/lib/python3.10/dist-packages:/home/juloau/Desktop/TFG/tfg-jlopez/code/ros2/install/controller_manager_msgs/local/lib/python3.10/dist-packages:/home/juloau/Desktop/TFG/tfg-jlopez/code/ros2/install/control_msgs/local/lib/python3.10/dist-packages:${PYTHONPATH} /usr/bin/cmake --install /home/juloau/Desktop/TFG/tfg-jlopez/code/ros2/build/ign_ros2_control
