running develop
/usr/lib/python3/dist-packages/setuptools/command/easy_install.py:158: EasyInstallDeprecationWarning: easy_install command is deprecated. Use build and pip and other standards-based tools.
  warnings.warn(
Removing /home/juloau/Desktop/TFG/tfg-jlopez/code/ros2/install/rqt_controller_manager/lib/python3.10/site-packages/rqt-controller-manager.egg-link (link to .)
running egg_info
writing ../../../../build/rqt_controller_manager/rqt_controller_manager.egg-info/PKG-INFO
writing dependency_links to ../../../../build/rqt_controller_manager/rqt_controller_manager.egg-info/dependency_links.txt
writing entry points to ../../../../build/rqt_controller_manager/rqt_controller_manager.egg-info/entry_points.txt
writing requirements to ../../../../build/rqt_controller_manager/rqt_controller_manager.egg-info/requires.txt
writing top-level names to ../../../../build/rqt_controller_manager/rqt_controller_manager.egg-info/top_level.txt
reading manifest file '../../../../build/rqt_controller_manager/rqt_controller_manager.egg-info/SOURCES.txt'
writing manifest file '../../../../build/rqt_controller_manager/rqt_controller_manager.egg-info/SOURCES.txt'
running build
running build_py
creating /home/juloau/Desktop/TFG/tfg-jlopez/code/ros2/build/rqt_controller_manager/build
creating /home/juloau/Desktop/TFG/tfg-jlopez/code/ros2/build/rqt_controller_manager/build/lib
creating /home/juloau/Desktop/TFG/tfg-jlopez/code/ros2/build/rqt_controller_manager/build/lib/rqt_controller_manager
copying rqt_controller_manager/__init__.py -> /home/juloau/Desktop/TFG/tfg-jlopez/code/ros2/build/rqt_controller_manager/build/lib/rqt_controller_manager
copying rqt_controller_manager/main.py -> /home/juloau/Desktop/TFG/tfg-jlopez/code/ros2/build/rqt_controller_manager/build/lib/rqt_controller_manager
copying rqt_controller_manager/controller_manager.py -> /home/juloau/Desktop/TFG/tfg-jlopez/code/ros2/build/rqt_controller_manager/build/lib/rqt_controller_manager
copying rqt_controller_manager/update_combo.py -> /home/juloau/Desktop/TFG/tfg-jlopez/code/ros2/build/rqt_controller_manager/build/lib/rqt_controller_manager
running install
running install_lib
creating /home/juloau/Desktop/TFG/tfg-jlopez/code/ros2/install/rqt_controller_manager/lib/python3.10/site-packages/rqt_controller_manager
copying /home/juloau/Desktop/TFG/tfg-jlopez/code/ros2/build/rqt_controller_manager/build/lib/rqt_controller_manager/__init__.py -> /home/juloau/Desktop/TFG/tfg-jlopez/code/ros2/install/rqt_controller_manager/lib/python3.10/site-packages/rqt_controller_manager
copying /home/juloau/Desktop/TFG/tfg-jlopez/code/ros2/build/rqt_controller_manager/build/lib/rqt_controller_manager/main.py -> /home/juloau/Desktop/TFG/tfg-jlopez/code/ros2/install/rqt_controller_manager/lib/python3.10/site-packages/rqt_controller_manager
copying /home/juloau/Desktop/TFG/tfg-jlopez/code/ros2/build/rqt_controller_manager/build/lib/rqt_controller_manager/controller_manager.py -> /home/juloau/Desktop/TFG/tfg-jlopez/code/ros2/install/rqt_controller_manager/lib/python3.10/site-packages/rqt_controller_manager
copying /home/juloau/Desktop/TFG/tfg-jlopez/code/ros2/build/rqt_controller_manager/build/lib/rqt_controller_manager/update_combo.py -> /home/juloau/Desktop/TFG/tfg-jlopez/code/ros2/install/rqt_controller_manager/lib/python3.10/site-packages/rqt_controller_manager
byte-compiling /home/juloau/Desktop/TFG/tfg-jlopez/code/ros2/install/rqt_controller_manager/lib/python3.10/site-packages/rqt_controller_manager/__init__.py to __init__.cpython-310.pyc
byte-compiling /home/juloau/Desktop/TFG/tfg-jlopez/code/ros2/install/rqt_controller_manager/lib/python3.10/site-packages/rqt_controller_manager/main.py to main.cpython-310.pyc
byte-compiling /home/juloau/Desktop/TFG/tfg-jlopez/code/ros2/install/rqt_controller_manager/lib/python3.10/site-packages/rqt_controller_manager/controller_manager.py to controller_manager.cpython-310.pyc
byte-compiling /home/juloau/Desktop/TFG/tfg-jlopez/code/ros2/install/rqt_controller_manager/lib/python3.10/site-packages/rqt_controller_manager/update_combo.py to update_combo.cpython-310.pyc
running install_data
copying resource/rqt_controller_manager -> /home/juloau/Desktop/TFG/tfg-jlopez/code/ros2/install/rqt_controller_manager/share/ament_index/resource_index/packages
copying package.xml -> /home/juloau/Desktop/TFG/tfg-jlopez/code/ros2/install/rqt_controller_manager/share/rqt_controller_manager
copying resource/led_green.png -> /home/juloau/Desktop/TFG/tfg-jlopez/code/ros2/install/rqt_controller_manager/share/rqt_controller_manager/resource
copying resource/controller_info.ui -> /home/juloau/Desktop/TFG/tfg-jlopez/code/ros2/install/rqt_controller_manager/share/rqt_controller_manager/resource
copying resource/led_off.png -> /home/juloau/Desktop/TFG/tfg-jlopez/code/ros2/install/rqt_controller_manager/share/rqt_controller_manager/resource
copying resource/controller_manager.ui -> /home/juloau/Desktop/TFG/tfg-jlopez/code/ros2/install/rqt_controller_manager/share/rqt_controller_manager/resource
copying resource/led_red.png -> /home/juloau/Desktop/TFG/tfg-jlopez/code/ros2/install/rqt_controller_manager/share/rqt_controller_manager/resource
copying resource/cm_icon.png -> /home/juloau/Desktop/TFG/tfg-jlopez/code/ros2/install/rqt_controller_manager/share/rqt_controller_manager/resource
copying plugin.xml -> /home/juloau/Desktop/TFG/tfg-jlopez/code/ros2/install/rqt_controller_manager/share/rqt_controller_manager
running install_egg_info
Copying ../../../../build/rqt_controller_manager/rqt_controller_manager.egg-info to /home/juloau/Desktop/TFG/tfg-jlopez/code/ros2/install/rqt_controller_manager/lib/python3.10/site-packages/rqt_controller_manager-2.42.0-py3.10.egg-info
running install_scripts
Installing rqt_controller_manager script to /home/juloau/Desktop/TFG/tfg-jlopez/code/ros2/install/rqt_controller_manager/lib/rqt_controller_manager
writing list of installed files to '/home/juloau/Desktop/TFG/tfg-jlopez/code/ros2/build/rqt_controller_manager/install.log'
