[0.016s] Invoking command in '/home/juloau/Desktop/TFG/tfg-jlopez/code/ros2/build/realtime_tools': CMAKE_PREFIX_PATH=${CMAKE_PREFIX_PATH}:/home/juloau/Desktop/TFG/tfg-jlopez/code/ros2/install/rqt_joint_trajectory_controller:/home/juloau/Desktop/TFG/tfg-jlopez/code/ros2/install/rqt_controller_manager:/home/juloau/Desktop/TFG/tfg-jlopez/code/ros2/install/ros2controlcli:/home/juloau/Desktop/TFG/tfg-jlopez/code/ros2/install/ros2_controllers_test_nodes:/home/juloau/Desktop/TFG/tfg-jlopez/code/ros2/install/ros2_control_demo_testing:/opt/ros/humble /usr/bin/cmake --build /home/juloau/Desktop/TFG/tfg-jlopez/code/ros2/build/realtime_tools -- -j8 -l8
[0.174s] [  8%] Built target thread_priority
[0.174s] [ 17%] Built target realtime_tools
[0.176s] [ 26%] Built target gmock_main
[0.187s] [ 39%] Built target gmock
[0.250s] [ 47%] Built target realtime_box_tests
[0.258s] [ 60%] Built target realtime_clock_tests
[0.259s] [ 65%] Built target realtime_buffer_tests
[0.260s] [ 73%] Built target realtime_publisher_tests
[0.268s] [ 82%] Built target realtime_box_best_effort_tests
[0.269s] [ 91%] Built target realtime_server_goal_handle_tests
[0.271s] [100%] Built target realtime_publisher_tests_non_polling
[0.290s] Invoked command in '/home/juloau/Desktop/TFG/tfg-jlopez/code/ros2/build/realtime_tools' returned '0': CMAKE_PREFIX_PATH=${CMAKE_PREFIX_PATH}:/home/juloau/Desktop/TFG/tfg-jlopez/code/ros2/install/rqt_joint_trajectory_controller:/home/juloau/Desktop/TFG/tfg-jlopez/code/ros2/install/rqt_controller_manager:/home/juloau/Desktop/TFG/tfg-jlopez/code/ros2/install/ros2controlcli:/home/juloau/Desktop/TFG/tfg-jlopez/code/ros2/install/ros2_controllers_test_nodes:/home/juloau/Desktop/TFG/tfg-jlopez/code/ros2/install/ros2_control_demo_testing:/opt/ros/humble /usr/bin/cmake --build /home/juloau/Desktop/TFG/tfg-jlopez/code/ros2/build/realtime_tools -- -j8 -l8
[0.393s] Invoking command in '/home/juloau/Desktop/TFG/tfg-jlopez/code/ros2/build/realtime_tools': CMAKE_PREFIX_PATH=${CMAKE_PREFIX_PATH}:/home/juloau/Desktop/TFG/tfg-jlopez/code/ros2/install/rqt_joint_trajectory_controller:/home/juloau/Desktop/TFG/tfg-jlopez/code/ros2/install/rqt_controller_manager:/home/juloau/Desktop/TFG/tfg-jlopez/code/ros2/install/ros2controlcli:/home/juloau/Desktop/TFG/tfg-jlopez/code/ros2/install/ros2_controllers_test_nodes:/home/juloau/Desktop/TFG/tfg-jlopez/code/ros2/install/ros2_control_demo_testing:/opt/ros/humble /usr/bin/cmake --install /home/juloau/Desktop/TFG/tfg-jlopez/code/ros2/build/realtime_tools
[0.407s] -- Install configuration: ""
[0.407s] -- Execute custom install script
[0.408s] -- Up-to-date symlink: /home/juloau/Desktop/TFG/tfg-jlopez/code/ros2/install/realtime_tools/include/realtime_tools/realtime_tools/realtime_box.h
[0.408s] -- Up-to-date symlink: /home/juloau/Desktop/TFG/tfg-jlopez/code/ros2/install/realtime_tools/include/realtime_tools/realtime_tools/realtime_box_best_effort.h
[0.408s] -- Up-to-date symlink: /home/juloau/Desktop/TFG/tfg-jlopez/code/ros2/install/realtime_tools/include/realtime_tools/realtime_tools/realtime_buffer.h
[0.408s] -- Up-to-date symlink: /home/juloau/Desktop/TFG/tfg-jlopez/code/ros2/install/realtime_tools/include/realtime_tools/realtime_tools/realtime_clock.h
[0.408s] -- Up-to-date symlink: /home/juloau/Desktop/TFG/tfg-jlopez/code/ros2/install/realtime_tools/include/realtime_tools/realtime_tools/realtime_publisher.h
[0.409s] -- Up-to-date symlink: /home/juloau/Desktop/TFG/tfg-jlopez/code/ros2/install/realtime_tools/include/realtime_tools/realtime_tools/realtime_server_goal_handle.h
[0.409s] -- Up-to-date symlink: /home/juloau/Desktop/TFG/tfg-jlopez/code/ros2/install/realtime_tools/include/realtime_tools/realtime_tools/thread_priority.hpp
[0.409s] -- Up-to-date symlink: /home/juloau/Desktop/TFG/tfg-jlopez/code/ros2/install/realtime_tools/share/realtime_tools/environment/library_path.sh
[0.410s] -- Up-to-date symlink: /home/juloau/Desktop/TFG/tfg-jlopez/code/ros2/install/realtime_tools/share/realtime_tools/environment/library_path.dsv
[0.410s] -- Up-to-date symlink: /home/juloau/Desktop/TFG/tfg-jlopez/code/ros2/install/realtime_tools/share/ament_index/resource_index/package_run_dependencies/realtime_tools
[0.410s] -- Up-to-date symlink: /home/juloau/Desktop/TFG/tfg-jlopez/code/ros2/install/realtime_tools/share/ament_index/resource_index/parent_prefix_path/realtime_tools
[0.410s] -- Up-to-date symlink: /home/juloau/Desktop/TFG/tfg-jlopez/code/ros2/install/realtime_tools/share/realtime_tools/environment/ament_prefix_path.sh
[0.410s] -- Up-to-date symlink: /home/juloau/Desktop/TFG/tfg-jlopez/code/ros2/install/realtime_tools/share/realtime_tools/environment/ament_prefix_path.dsv
[0.411s] -- Up-to-date symlink: /home/juloau/Desktop/TFG/tfg-jlopez/code/ros2/install/realtime_tools/share/realtime_tools/environment/path.sh
[0.411s] -- Up-to-date symlink: /home/juloau/Desktop/TFG/tfg-jlopez/code/ros2/install/realtime_tools/share/realtime_tools/environment/path.dsv
[0.411s] -- Up-to-date symlink: /home/juloau/Desktop/TFG/tfg-jlopez/code/ros2/install/realtime_tools/share/realtime_tools/local_setup.bash
[0.411s] -- Up-to-date symlink: /home/juloau/Desktop/TFG/tfg-jlopez/code/ros2/install/realtime_tools/share/realtime_tools/local_setup.sh
[0.412s] -- Up-to-date symlink: /home/juloau/Desktop/TFG/tfg-jlopez/code/ros2/install/realtime_tools/share/realtime_tools/local_setup.zsh
[0.412s] -- Up-to-date symlink: /home/juloau/Desktop/TFG/tfg-jlopez/code/ros2/install/realtime_tools/share/realtime_tools/local_setup.dsv
[0.412s] -- Symlinking: /home/juloau/Desktop/TFG/tfg-jlopez/code/ros2/install/realtime_tools/share/realtime_tools/package.dsv
[0.427s] -- Up-to-date symlink: /home/juloau/Desktop/TFG/tfg-jlopez/code/ros2/install/realtime_tools/share/ament_index/resource_index/packages/realtime_tools
[0.427s] -- Up-to-date symlink: /home/juloau/Desktop/TFG/tfg-jlopez/code/ros2/install/realtime_tools/share/realtime_tools/cmake/ament_cmake_export_targets-extras.cmake
[0.427s] -- Up-to-date symlink: /home/juloau/Desktop/TFG/tfg-jlopez/code/ros2/install/realtime_tools/share/realtime_tools/cmake/ament_cmake_export_dependencies-extras.cmake
[0.427s] -- Up-to-date symlink: /home/juloau/Desktop/TFG/tfg-jlopez/code/ros2/install/realtime_tools/share/realtime_tools/cmake/realtime_toolsConfig.cmake
[0.427s] -- Up-to-date symlink: /home/juloau/Desktop/TFG/tfg-jlopez/code/ros2/install/realtime_tools/share/realtime_tools/cmake/realtime_toolsConfig-version.cmake
[0.428s] -- Up-to-date symlink: /home/juloau/Desktop/TFG/tfg-jlopez/code/ros2/install/realtime_tools/share/realtime_tools/package.xml
[0.428s] -- Up-to-date: /home/juloau/Desktop/TFG/tfg-jlopez/code/ros2/install/realtime_tools/lib/librealtime_tools.so
[0.428s] -- Up-to-date: /home/juloau/Desktop/TFG/tfg-jlopez/code/ros2/install/realtime_tools/lib/libthread_priority.so
[0.429s] -- Up-to-date: /home/juloau/Desktop/TFG/tfg-jlopez/code/ros2/install/realtime_tools/share/realtime_tools/cmake/export_realtime_toolsExport.cmake
[0.429s] -- Up-to-date: /home/juloau/Desktop/TFG/tfg-jlopez/code/ros2/install/realtime_tools/share/realtime_tools/cmake/export_realtime_toolsExport-noconfig.cmake
[0.431s] Invoked command in '/home/juloau/Desktop/TFG/tfg-jlopez/code/ros2/build/realtime_tools' returned '0': CMAKE_PREFIX_PATH=${CMAKE_PREFIX_PATH}:/home/juloau/Desktop/TFG/tfg-jlopez/code/ros2/install/rqt_joint_trajectory_controller:/home/juloau/Desktop/TFG/tfg-jlopez/code/ros2/install/rqt_controller_manager:/home/juloau/Desktop/TFG/tfg-jlopez/code/ros2/install/ros2controlcli:/home/juloau/Desktop/TFG/tfg-jlopez/code/ros2/install/ros2_controllers_test_nodes:/home/juloau/Desktop/TFG/tfg-jlopez/code/ros2/install/ros2_control_demo_testing:/opt/ros/humble /usr/bin/cmake --install /home/juloau/Desktop/TFG/tfg-jlopez/code/ros2/build/realtime_tools
