/home/juloau/Desktop/TFG/tfg-jlopez/code/ros2/install/pibotj_rr/lib/python3.10/site-packages/pibotj_rr/motors_controller_node.py
/home/juloau/Desktop/TFG/tfg-jlopez/code/ros2/install/pibotj_rr/lib/python3.10/site-packages/pibotj_rr/camera_tfv2_node.py
/home/juloau/Desktop/TFG/tfg-jlopez/code/ros2/install/pibotj_rr/lib/python3.10/site-packages/pibotj_rr/__init__.py
/home/juloau/Desktop/TFG/tfg-jlopez/code/ros2/install/pibotj_rr/lib/python3.10/site-packages/pibotj_rr/camera_tfv1_node.py
/home/juloau/Desktop/TFG/tfg-jlopez/code/ros2/install/pibotj_rr/lib/python3.10/site-packages/pibotj_rr/gps_node.py
/home/juloau/Desktop/TFG/tfg-jlopez/code/ros2/install/pibotj_rr/lib/python3.10/site-packages/pibotj_rr/camera.py
/home/juloau/Desktop/TFG/tfg-jlopez/code/ros2/install/pibotj_rr/lib/python3.10/site-packages/pibotj_rr/__pycache__/motors_controller_node.cpython-310.pyc
/home/juloau/Desktop/TFG/tfg-jlopez/code/ros2/install/pibotj_rr/lib/python3.10/site-packages/pibotj_rr/__pycache__/camera_tfv2_node.cpython-310.pyc
/home/juloau/Desktop/TFG/tfg-jlopez/code/ros2/install/pibotj_rr/lib/python3.10/site-packages/pibotj_rr/__pycache__/__init__.cpython-310.pyc
/home/juloau/Desktop/TFG/tfg-jlopez/code/ros2/install/pibotj_rr/lib/python3.10/site-packages/pibotj_rr/__pycache__/camera_tfv1_node.cpython-310.pyc
/home/juloau/Desktop/TFG/tfg-jlopez/code/ros2/install/pibotj_rr/lib/python3.10/site-packages/pibotj_rr/__pycache__/gps_node.cpython-310.pyc
/home/juloau/Desktop/TFG/tfg-jlopez/code/ros2/install/pibotj_rr/lib/python3.10/site-packages/pibotj_rr/__pycache__/camera.cpython-310.pyc
/home/juloau/Desktop/TFG/tfg-jlopez/code/ros2/install/pibotj_rr/share/ament_index/resource_index/packages/pibotj_rr
/home/juloau/Desktop/TFG/tfg-jlopez/code/ros2/install/pibotj_rr/share/pibotj_rr/package.xml
/home/juloau/Desktop/TFG/tfg-jlopez/code/ros2/install/pibotj_rr/lib/python3.10/site-packages/pibotj_rr-0.0.0-py3.10.egg-info/PKG-INFO
/home/juloau/Desktop/TFG/tfg-jlopez/code/ros2/install/pibotj_rr/lib/python3.10/site-packages/pibotj_rr-0.0.0-py3.10.egg-info/SOURCES.txt
/home/juloau/Desktop/TFG/tfg-jlopez/code/ros2/install/pibotj_rr/lib/python3.10/site-packages/pibotj_rr-0.0.0-py3.10.egg-info/entry_points.txt
/home/juloau/Desktop/TFG/tfg-jlopez/code/ros2/install/pibotj_rr/lib/python3.10/site-packages/pibotj_rr-0.0.0-py3.10.egg-info/dependency_links.txt
/home/juloau/Desktop/TFG/tfg-jlopez/code/ros2/install/pibotj_rr/lib/python3.10/site-packages/pibotj_rr-0.0.0-py3.10.egg-info/zip-safe
/home/juloau/Desktop/TFG/tfg-jlopez/code/ros2/install/pibotj_rr/lib/python3.10/site-packages/pibotj_rr-0.0.0-py3.10.egg-info/top_level.txt
/home/juloau/Desktop/TFG/tfg-jlopez/code/ros2/install/pibotj_rr/lib/python3.10/site-packages/pibotj_rr-0.0.0-py3.10.egg-info/requires.txt
/home/juloau/Desktop/TFG/tfg-jlopez/code/ros2/install/pibotj_rr/lib/pibotj_rr/camera_node
/home/juloau/Desktop/TFG/tfg-jlopez/code/ros2/install/pibotj_rr/lib/pibotj_rr/camera_tfv1_node
/home/juloau/Desktop/TFG/tfg-jlopez/code/ros2/install/pibotj_rr/lib/pibotj_rr/camera_tfv2_node
/home/juloau/Desktop/TFG/tfg-jlopez/code/ros2/install/pibotj_rr/lib/pibotj_rr/gps_node
/home/juloau/Desktop/TFG/tfg-jlopez/code/ros2/install/pibotj_rr/lib/pibotj_rr/motors_controller_node
