[0.037s] Invoking command in '/home/juloau/Desktop/TFG/tfg-jlopez/code/ros2/build/realtime_tools': CMAKE_PREFIX_PATH=${CMAKE_PREFIX_PATH}:/opt/ros/humble /usr/bin/cmake /home/juloau/Desktop/TFG/tfg-jlopez/code/ros2/src/ros-controls/realtime_tools -DAMENT_CMAKE_SYMLINK_INSTALL=1 -DCMAKE_INSTALL_PREFIX=/home/juloau/Desktop/TFG/tfg-jlopez/code/ros2/install/realtime_tools
[0.610s] -- The CXX compiler identification is GNU 11.4.0
[0.610s] -- Detecting CXX compiler ABI info
[0.611s] -- Detecting CXX compiler ABI info - done
[0.611s] -- Check for working CXX compiler: /usr/bin/c++ - skipped
[0.611s] -- Detecting CXX compile features
[0.611s] -- Detecting CXX compile features - done
[0.611s] -- Found ament_cmake: 1.3.9 (/opt/ros/humble/share/ament_cmake/cmake)
[0.611s] -- Found Python3: /usr/bin/python3 (found version "3.10.12") found components: Interpreter 
[0.656s] -- Override CMake install command with custom implementation using symlinks instead of copying resources
[0.734s] -- Found rclcpp: 16.0.9 (/opt/ros/humble/share/rclcpp/cmake)
[0.845s] -- Found rosidl_generator_c: 3.1.5 (/opt/ros/humble/share/rosidl_generator_c/cmake)
[0.858s] -- Found rosidl_adapter: 3.1.5 (/opt/ros/humble/share/rosidl_adapter/cmake)
[0.877s] -- Found rosidl_generator_cpp: 3.1.5 (/opt/ros/humble/share/rosidl_generator_cpp/cmake)
[0.913s] -- Using all available rosidl_typesupport_c: rosidl_typesupport_fastrtps_c;rosidl_typesupport_introspection_c
[0.958s] -- Using all available rosidl_typesupport_cpp: rosidl_typesupport_fastrtps_cpp;rosidl_typesupport_introspection_cpp
[1.123s] -- Found rmw_implementation_cmake: 6.1.2 (/opt/ros/humble/share/rmw_implementation_cmake/cmake)
[1.129s] -- Found rmw_fastrtps_cpp: 6.2.6 (/opt/ros/humble/share/rmw_fastrtps_cpp/cmake)
[1.324s] -- Found OpenSSL: /usr/lib/x86_64-linux-gnu/libcrypto.so (found version "3.0.2")  
[1.393s] -- Found FastRTPS: /opt/ros/humble/include  
[1.499s] -- Using RMW implementation 'rmw_fastrtps_cpp' as default
[1.526s] -- Looking for C++ include pthread.h
[1.697s] -- Looking for C++ include pthread.h - found
[1.697s] -- Performing Test CMAKE_HAVE_LIBC_PTHREAD
[1.852s] -- Performing Test CMAKE_HAVE_LIBC_PTHREAD - Success
[1.854s] -- Found Threads: TRUE  
[2.244s] -- Found rclcpp_action: 16.0.9 (/opt/ros/humble/share/rclcpp_action/cmake)
[2.570s] -- Found ament_cmake_gmock: 1.3.9 (/opt/ros/humble/share/ament_cmake_gmock/cmake)
[2.576s] -- Found test_msgs: 1.2.1 (/opt/ros/humble/share/test_msgs/cmake)
[2.796s] -- Found gmock sources under '/opt/ros/humble/src/gmock_vendor': C++ tests using 'Google Mock' will be built
[2.878s] -- The C compiler identification is GNU 11.4.0
[2.902s] -- Detecting C compiler ABI info
[3.082s] -- Detecting C compiler ABI info - done
[3.100s] -- Check for working C compiler: /usr/bin/cc - skipped
[3.101s] -- Detecting C compile features
[3.102s] -- Detecting C compile features - done
[3.112s] -- Found ament_cmake_gtest: 1.3.9 (/opt/ros/humble/share/ament_cmake_gtest/cmake)
[3.115s] -- Found gtest sources under '/opt/ros/humble/src/gtest_vendor': C++ tests using 'Google Test' will be built
[3.279s] -- Configuring done
[3.411s] -- Generating done
[3.429s] -- Build files have been written to: /home/juloau/Desktop/TFG/tfg-jlopez/code/ros2/build/realtime_tools
[3.471s] Invoked command in '/home/juloau/Desktop/TFG/tfg-jlopez/code/ros2/build/realtime_tools' returned '0': CMAKE_PREFIX_PATH=${CMAKE_PREFIX_PATH}:/opt/ros/humble /usr/bin/cmake /home/juloau/Desktop/TFG/tfg-jlopez/code/ros2/src/ros-controls/realtime_tools -DAMENT_CMAKE_SYMLINK_INSTALL=1 -DCMAKE_INSTALL_PREFIX=/home/juloau/Desktop/TFG/tfg-jlopez/code/ros2/install/realtime_tools
[3.472s] Invoking command in '/home/juloau/Desktop/TFG/tfg-jlopez/code/ros2/build/realtime_tools': CMAKE_PREFIX_PATH=${CMAKE_PREFIX_PATH}:/opt/ros/humble /usr/bin/cmake --build /home/juloau/Desktop/TFG/tfg-jlopez/code/ros2/build/realtime_tools -- -j8 -l8
[3.626s] [  4%] [32mBuilding CXX object CMakeFiles/realtime_tools.dir/src/realtime_clock.cpp.o[0m
[3.639s] [  8%] [32mBuilding CXX object gmock/CMakeFiles/gmock.dir/opt/ros/humble/src/gtest_vendor/src/gtest-all.cc.o[0m
[3.651s] [ 13%] [32mBuilding CXX object gmock/CMakeFiles/gmock_main.dir/src/gmock_main.cc.o[0m
[3.664s] [ 17%] [32mBuilding CXX object gmock/CMakeFiles/gmock.dir/src/gmock-all.cc.o[0m
[3.667s] [ 21%] [32mBuilding CXX object CMakeFiles/thread_priority.dir/src/thread_priority.cpp.o[0m
[4.954s] [ 26%] [32m[1mLinking CXX shared library libthread_priority.so[0m
[5.383s] [ 26%] Built target thread_priority
[6.469s] [ 30%] [32m[1mLinking CXX shared library librealtime_tools.so[0m
[6.795s] [ 30%] Built target realtime_tools
[7.634s] [ 34%] [32m[1mLinking CXX static library libgmock_main.a[0m
[7.728s] [ 34%] Built target gmock_main
[13.015s] [ 39%] [32m[1mLinking CXX static library libgmock.a[0m
[13.305s] [ 39%] Built target gmock
[13.365s] [ 43%] [32mBuilding CXX object CMakeFiles/realtime_box_best_effort_tests.dir/test/realtime_box_best_effort_tests.cpp.o[0m
[13.455s] [ 47%] [32mBuilding CXX object CMakeFiles/realtime_buffer_tests.dir/test/realtime_buffer_tests.cpp.o[0m
[13.458s] [ 52%] [32mBuilding CXX object CMakeFiles/realtime_clock_tests.dir/test/realtime_clock_tests.cpp.o[0m
[13.460s] [ 56%] [32mBuilding CXX object CMakeFiles/realtime_box_tests.dir/test/realtime_box_tests.cpp.o[0m
[13.574s] [ 60%] [32mBuilding CXX object CMakeFiles/realtime_publisher_tests_non_polling.dir/test/realtime_publisher_tests_non_polling.cpp.o[0m
[13.607s] [ 65%] [32mBuilding CXX object CMakeFiles/realtime_publisher_tests.dir/test/realtime_publisher_tests.cpp.o[0m
[13.624s] [ 69%] [32mBuilding CXX object CMakeFiles/realtime_server_goal_handle_tests.dir/test/realtime_server_goal_handle_tests.cpp.o[0m
[21.658s] [ 73%] [32m[1mLinking CXX executable realtime_buffer_tests[0m
[23.691s] [ 73%] Built target realtime_buffer_tests
[25.056s] [ 78%] [32m[1mLinking CXX executable realtime_box_best_effort_tests[0m
[25.304s] [ 82%] [32m[1mLinking CXX executable realtime_box_tests[0m
[25.681s] [ 86%] [32m[1mLinking CXX executable realtime_clock_tests[0m
[26.291s] [ 86%] Built target realtime_box_tests
[26.908s] [ 86%] Built target realtime_box_best_effort_tests
[27.489s] [ 86%] Built target realtime_clock_tests
[41.489s] [ 91%] [32m[1mLinking CXX executable realtime_server_goal_handle_tests[0m
[42.429s] [ 91%] Built target realtime_server_goal_handle_tests
[46.678s] [ 95%] [32m[1mLinking CXX executable realtime_publisher_tests[0m
[47.616s] [ 95%] Built target realtime_publisher_tests
[47.893s] [100%] [32m[1mLinking CXX executable realtime_publisher_tests_non_polling[0m
[49.197s] [100%] Built target realtime_publisher_tests_non_polling
[49.220s] Invoked command in '/home/juloau/Desktop/TFG/tfg-jlopez/code/ros2/build/realtime_tools' returned '0': CMAKE_PREFIX_PATH=${CMAKE_PREFIX_PATH}:/opt/ros/humble /usr/bin/cmake --build /home/juloau/Desktop/TFG/tfg-jlopez/code/ros2/build/realtime_tools -- -j8 -l8
[49.324s] Invoking command in '/home/juloau/Desktop/TFG/tfg-jlopez/code/ros2/build/realtime_tools': CMAKE_PREFIX_PATH=${CMAKE_PREFIX_PATH}:/opt/ros/humble /usr/bin/cmake --install /home/juloau/Desktop/TFG/tfg-jlopez/code/ros2/build/realtime_tools
[49.338s] -- Install configuration: ""
[49.340s] -- Execute custom install script
[49.341s] -- Symlinking: /home/juloau/Desktop/TFG/tfg-jlopez/code/ros2/install/realtime_tools/include/realtime_tools/realtime_tools/realtime_box.h
[49.360s] -- Symlinking: /home/juloau/Desktop/TFG/tfg-jlopez/code/ros2/install/realtime_tools/include/realtime_tools/realtime_tools/realtime_box_best_effort.h
[49.380s] -- Symlinking: /home/juloau/Desktop/TFG/tfg-jlopez/code/ros2/install/realtime_tools/include/realtime_tools/realtime_tools/realtime_buffer.h
[49.399s] -- Symlinking: /home/juloau/Desktop/TFG/tfg-jlopez/code/ros2/install/realtime_tools/include/realtime_tools/realtime_tools/realtime_clock.h
[49.418s] -- Symlinking: /home/juloau/Desktop/TFG/tfg-jlopez/code/ros2/install/realtime_tools/include/realtime_tools/realtime_tools/realtime_publisher.h
[49.437s] -- Symlinking: /home/juloau/Desktop/TFG/tfg-jlopez/code/ros2/install/realtime_tools/include/realtime_tools/realtime_tools/realtime_server_goal_handle.h
[49.457s] -- Symlinking: /home/juloau/Desktop/TFG/tfg-jlopez/code/ros2/install/realtime_tools/include/realtime_tools/realtime_tools/thread_priority.hpp
[49.477s] -- Symlinking: /home/juloau/Desktop/TFG/tfg-jlopez/code/ros2/install/realtime_tools/share/realtime_tools/environment/library_path.sh
[49.495s] -- Symlinking: /home/juloau/Desktop/TFG/tfg-jlopez/code/ros2/install/realtime_tools/share/realtime_tools/environment/library_path.dsv
[49.515s] -- Symlinking: /home/juloau/Desktop/TFG/tfg-jlopez/code/ros2/install/realtime_tools/share/ament_index/resource_index/package_run_dependencies/realtime_tools
[49.535s] -- Symlinking: /home/juloau/Desktop/TFG/tfg-jlopez/code/ros2/install/realtime_tools/share/ament_index/resource_index/parent_prefix_path/realtime_tools
[49.554s] -- Symlinking: /home/juloau/Desktop/TFG/tfg-jlopez/code/ros2/install/realtime_tools/share/realtime_tools/environment/ament_prefix_path.sh
[49.573s] -- Symlinking: /home/juloau/Desktop/TFG/tfg-jlopez/code/ros2/install/realtime_tools/share/realtime_tools/environment/ament_prefix_path.dsv
[49.591s] -- Symlinking: /home/juloau/Desktop/TFG/tfg-jlopez/code/ros2/install/realtime_tools/share/realtime_tools/environment/path.sh
[49.609s] -- Symlinking: /home/juloau/Desktop/TFG/tfg-jlopez/code/ros2/install/realtime_tools/share/realtime_tools/environment/path.dsv
[49.628s] -- Symlinking: /home/juloau/Desktop/TFG/tfg-jlopez/code/ros2/install/realtime_tools/share/realtime_tools/local_setup.bash
[49.646s] -- Symlinking: /home/juloau/Desktop/TFG/tfg-jlopez/code/ros2/install/realtime_tools/share/realtime_tools/local_setup.sh
[49.664s] -- Symlinking: /home/juloau/Desktop/TFG/tfg-jlopez/code/ros2/install/realtime_tools/share/realtime_tools/local_setup.zsh
[49.683s] -- Symlinking: /home/juloau/Desktop/TFG/tfg-jlopez/code/ros2/install/realtime_tools/share/realtime_tools/local_setup.dsv
[49.702s] -- Symlinking: /home/juloau/Desktop/TFG/tfg-jlopez/code/ros2/install/realtime_tools/share/realtime_tools/package.dsv
[49.720s] -- Symlinking: /home/juloau/Desktop/TFG/tfg-jlopez/code/ros2/install/realtime_tools/share/ament_index/resource_index/packages/realtime_tools
[49.739s] -- Symlinking: /home/juloau/Desktop/TFG/tfg-jlopez/code/ros2/install/realtime_tools/share/realtime_tools/cmake/ament_cmake_export_targets-extras.cmake
[49.758s] -- Symlinking: /home/juloau/Desktop/TFG/tfg-jlopez/code/ros2/install/realtime_tools/share/realtime_tools/cmake/ament_cmake_export_dependencies-extras.cmake
[49.776s] -- Symlinking: /home/juloau/Desktop/TFG/tfg-jlopez/code/ros2/install/realtime_tools/share/realtime_tools/cmake/realtime_toolsConfig.cmake
[49.794s] -- Symlinking: /home/juloau/Desktop/TFG/tfg-jlopez/code/ros2/install/realtime_tools/share/realtime_tools/cmake/realtime_toolsConfig-version.cmake
[49.809s] -- Symlinking: /home/juloau/Desktop/TFG/tfg-jlopez/code/ros2/install/realtime_tools/share/realtime_tools/package.xml
[49.828s] -- Installing: /home/juloau/Desktop/TFG/tfg-jlopez/code/ros2/install/realtime_tools/lib/librealtime_tools.so
[49.828s] -- Set runtime path of "/home/juloau/Desktop/TFG/tfg-jlopez/code/ros2/install/realtime_tools/lib/librealtime_tools.so" to ""
[49.828s] -- Installing: /home/juloau/Desktop/TFG/tfg-jlopez/code/ros2/install/realtime_tools/lib/libthread_priority.so
[49.828s] -- Set runtime path of "/home/juloau/Desktop/TFG/tfg-jlopez/code/ros2/install/realtime_tools/lib/libthread_priority.so" to ""
[49.828s] -- Installing: /home/juloau/Desktop/TFG/tfg-jlopez/code/ros2/install/realtime_tools/share/realtime_tools/cmake/export_realtime_toolsExport.cmake
[49.829s] -- Installing: /home/juloau/Desktop/TFG/tfg-jlopez/code/ros2/install/realtime_tools/share/realtime_tools/cmake/export_realtime_toolsExport-noconfig.cmake
[49.833s] Invoked command in '/home/juloau/Desktop/TFG/tfg-jlopez/code/ros2/build/realtime_tools' returned '0': CMAKE_PREFIX_PATH=${CMAKE_PREFIX_PATH}:/opt/ros/humble /usr/bin/cmake --install /home/juloau/Desktop/TFG/tfg-jlopez/code/ros2/build/realtime_tools
