[0.104s] DEBUG:colcon:Command line arguments: ['/usr/bin/colcon', 'build']
[0.104s] DEBUG:colcon:Parsed command line arguments: Namespace(log_base=None, log_level=None, verb_name='build', build_base='build', install_base='install', merge_install=False, symlink_install=False, test_result_base=None, continue_on_error=False, executor='parallel', parallel_workers=8, event_handlers=None, ignore_user_meta=False, metas=['./colcon.meta'], base_paths=['.'], packages_ignore=None, packages_ignore_regex=None, paths=None, packages_up_to=None, packages_up_to_regex=None, packages_above=None, packages_above_and_dependencies=None, packages_above_depth=None, packages_select_by_dep=None, packages_skip_by_dep=None, packages_skip_up_to=None, packages_select_build_failed=False, packages_skip_build_finished=False, packages_select_test_failures=False, packages_skip_test_passed=False, packages_select=None, packages_skip=None, packages_select_regex=None, packages_skip_regex=None, packages_start=None, packages_end=None, allow_overriding=[], cmake_args=None, cmake_target=None, cmake_target_skip_unavailable=False, cmake_clean_cache=False, cmake_clean_first=False, cmake_force_configure=False, ament_cmake_args=None, catkin_cmake_args=None, catkin_skip_building_tests=False, verb_parser=<colcon_defaults.argument_parser.defaults.DefaultArgumentsDecorator object at 0x7cf5d5055e10>, verb_extension=<colcon_core.verb.build.BuildVerb object at 0x7cf5d5055810>, main=<bound method BuildVerb.main of <colcon_core.verb.build.BuildVerb object at 0x7cf5d5055810>>)
[0.281s] Level 1:colcon.colcon_core.package_discovery:discover_packages(colcon_meta) check parameters
[0.281s] Level 1:colcon.colcon_core.package_discovery:discover_packages(recursive) check parameters
[0.281s] Level 1:colcon.colcon_core.package_discovery:discover_packages(ignore) check parameters
[0.281s] Level 1:colcon.colcon_core.package_discovery:discover_packages(path) check parameters
[0.281s] Level 1:colcon.colcon_core.package_discovery:discover_packages(colcon_meta) discover
[0.281s] Level 1:colcon.colcon_core.package_discovery:discover_packages(recursive) discover
[0.281s] INFO:colcon.colcon_core.package_discovery:Crawling recursively for packages in '/home/juloau/Desktop/TFG/tfg-jlopez/code/ros2'
[0.281s] Level 1:colcon.colcon_core.package_identification:_identify(.) by extensions ['ignore', 'ignore_ament_install']
[0.281s] Level 1:colcon.colcon_core.package_identification:_identify(.) by extension 'ignore'
[0.281s] Level 1:colcon.colcon_core.package_identification:_identify(.) by extension 'ignore_ament_install'
[0.282s] Level 1:colcon.colcon_core.package_identification:_identify(.) by extensions ['colcon_pkg']
[0.282s] Level 1:colcon.colcon_core.package_identification:_identify(.) by extension 'colcon_pkg'
[0.282s] Level 1:colcon.colcon_core.package_identification:_identify(.) by extensions ['colcon_meta']
[0.282s] Level 1:colcon.colcon_core.package_identification:_identify(.) by extension 'colcon_meta'
[0.282s] Level 1:colcon.colcon_core.package_identification:_identify(.) by extensions ['ros']
[0.282s] Level 1:colcon.colcon_core.package_identification:_identify(.) by extension 'ros'
[0.294s] Level 1:colcon.colcon_core.package_identification:_identify(.) by extensions ['cmake', 'python']
[0.294s] Level 1:colcon.colcon_core.package_identification:_identify(.) by extension 'cmake'
[0.294s] Level 1:colcon.colcon_core.package_identification:_identify(.) by extension 'python'
[0.294s] Level 1:colcon.colcon_core.package_identification:_identify(.) by extensions ['python_setup_py']
[0.294s] Level 1:colcon.colcon_core.package_identification:_identify(.) by extension 'python_setup_py'
[0.294s] Level 1:colcon.colcon_core.package_identification:_identify(build) by extensions ['ignore', 'ignore_ament_install']
[0.294s] Level 1:colcon.colcon_core.package_identification:_identify(build) by extension 'ignore'
[0.294s] Level 1:colcon.colcon_core.package_identification:_identify(build) ignored
[0.294s] Level 1:colcon.colcon_core.package_identification:_identify(install) by extensions ['ignore', 'ignore_ament_install']
[0.294s] Level 1:colcon.colcon_core.package_identification:_identify(install) by extension 'ignore'
[0.294s] Level 1:colcon.colcon_core.package_identification:_identify(install) ignored
[0.295s] Level 1:colcon.colcon_core.package_identification:_identify(log) by extensions ['ignore', 'ignore_ament_install']
[0.295s] Level 1:colcon.colcon_core.package_identification:_identify(log) by extension 'ignore'
[0.295s] Level 1:colcon.colcon_core.package_identification:_identify(log) ignored
[0.295s] Level 1:colcon.colcon_core.package_identification:_identify(src) by extensions ['ignore', 'ignore_ament_install']
[0.295s] Level 1:colcon.colcon_core.package_identification:_identify(src) by extension 'ignore'
[0.295s] Level 1:colcon.colcon_core.package_identification:_identify(src) by extension 'ignore_ament_install'
[0.295s] Level 1:colcon.colcon_core.package_identification:_identify(src) by extensions ['colcon_pkg']
[0.295s] Level 1:colcon.colcon_core.package_identification:_identify(src) by extension 'colcon_pkg'
[0.295s] Level 1:colcon.colcon_core.package_identification:_identify(src) by extensions ['colcon_meta']
[0.295s] Level 1:colcon.colcon_core.package_identification:_identify(src) by extension 'colcon_meta'
[0.295s] Level 1:colcon.colcon_core.package_identification:_identify(src) by extensions ['ros']
[0.295s] Level 1:colcon.colcon_core.package_identification:_identify(src) by extension 'ros'
[0.295s] Level 1:colcon.colcon_core.package_identification:_identify(src) by extensions ['cmake', 'python']
[0.295s] Level 1:colcon.colcon_core.package_identification:_identify(src) by extension 'cmake'
[0.295s] Level 1:colcon.colcon_core.package_identification:_identify(src) by extension 'python'
[0.295s] Level 1:colcon.colcon_core.package_identification:_identify(src) by extensions ['python_setup_py']
[0.295s] Level 1:colcon.colcon_core.package_identification:_identify(src) by extension 'python_setup_py'
[0.295s] Level 1:colcon.colcon_core.package_identification:_identify(src/pibotj_pothole) by extensions ['ignore', 'ignore_ament_install']
[0.296s] Level 1:colcon.colcon_core.package_identification:_identify(src/pibotj_pothole) by extension 'ignore'
[0.296s] Level 1:colcon.colcon_core.package_identification:_identify(src/pibotj_pothole) by extension 'ignore_ament_install'
[0.296s] Level 1:colcon.colcon_core.package_identification:_identify(src/pibotj_pothole) by extensions ['colcon_pkg']
[0.296s] Level 1:colcon.colcon_core.package_identification:_identify(src/pibotj_pothole) by extension 'colcon_pkg'
[0.296s] Level 1:colcon.colcon_core.package_identification:_identify(src/pibotj_pothole) by extensions ['colcon_meta']
[0.296s] Level 1:colcon.colcon_core.package_identification:_identify(src/pibotj_pothole) by extension 'colcon_meta'
[0.296s] Level 1:colcon.colcon_core.package_identification:_identify(src/pibotj_pothole) by extensions ['ros']
[0.296s] Level 1:colcon.colcon_core.package_identification:_identify(src/pibotj_pothole) by extension 'ros'
[0.297s] DEBUG:colcon.colcon_core.package_identification:Found ROS schema reference in package manifest in 'src/pibotj_pothole'
[0.297s] WARNING:colcon.colcon_core.package_identification:Failed to parse ROS package manifest in 'src/pibotj_pothole': Error(s) in package 'src/pibotj_pothole/package.xml':
Error(s):
- The manifest of package "pibotj_pothole" (with format version 3) must not contain the following tags: run_depend
- Please replace <run_depend> tags with <exec_depend> tags.
[0.298s] Level 1:colcon.colcon_core.package_identification:_identify(src/pibotj_pothole) by extensions ['cmake', 'python']
[0.298s] Level 1:colcon.colcon_core.package_identification:_identify(src/pibotj_pothole) by extension 'cmake'
[0.299s] Level 1:colcon.colcon_core.package_identification:_identify(src/pibotj_pothole) by extension 'python'
[0.299s] DEBUG:colcon.colcon_core.package_identification:Package 'src/pibotj_pothole' with type 'cmake' and name 'pibotj_pothole'
[0.299s] Level 1:colcon.colcon_core.package_discovery:discover_packages(recursive) using defaults
[0.299s] Level 1:colcon.colcon_core.package_discovery:discover_packages(ignore) discover
[0.299s] Level 1:colcon.colcon_core.package_discovery:discover_packages(ignore) using defaults
[0.299s] Level 1:colcon.colcon_core.package_discovery:discover_packages(path) discover
[0.299s] Level 1:colcon.colcon_core.package_discovery:discover_packages(path) using defaults
[0.318s] Level 1:colcon.colcon_core.package_discovery:discover_packages(prefix_path) check parameters
[0.318s] Level 1:colcon.colcon_core.package_discovery:discover_packages(prefix_path) discover
[0.320s] DEBUG:colcon.colcon_installed_package_information.package_discovery:Found 1 installed packages in /home/juloau/Desktop/TFG/tfg-jlopez/code/ros2/install
[0.322s] DEBUG:colcon.colcon_installed_package_information.package_discovery:Found 461 installed packages in /opt/ros/humble
[0.333s] Level 1:colcon.colcon_core.package_discovery:discover_packages(prefix_path) using defaults
[0.389s] Level 5:colcon.colcon_core.verb:set package 'pibotj_pothole' build argument 'cmake_args' from command line to 'None'
[0.389s] Level 5:colcon.colcon_core.verb:set package 'pibotj_pothole' build argument 'cmake_target' from command line to 'None'
[0.389s] Level 5:colcon.colcon_core.verb:set package 'pibotj_pothole' build argument 'cmake_target_skip_unavailable' from command line to 'False'
[0.389s] Level 5:colcon.colcon_core.verb:set package 'pibotj_pothole' build argument 'cmake_clean_cache' from command line to 'False'
[0.389s] Level 5:colcon.colcon_core.verb:set package 'pibotj_pothole' build argument 'cmake_clean_first' from command line to 'False'
[0.389s] Level 5:colcon.colcon_core.verb:set package 'pibotj_pothole' build argument 'cmake_force_configure' from command line to 'False'
[0.389s] Level 5:colcon.colcon_core.verb:set package 'pibotj_pothole' build argument 'ament_cmake_args' from command line to 'None'
[0.389s] Level 5:colcon.colcon_core.verb:set package 'pibotj_pothole' build argument 'catkin_cmake_args' from command line to 'None'
[0.389s] Level 5:colcon.colcon_core.verb:set package 'pibotj_pothole' build argument 'catkin_skip_building_tests' from command line to 'False'
[0.389s] DEBUG:colcon.colcon_core.verb:Building package 'pibotj_pothole' with the following arguments: {'ament_cmake_args': None, 'build_base': '/home/juloau/Desktop/TFG/tfg-jlopez/code/ros2/build/pibotj_pothole', 'catkin_cmake_args': None, 'catkin_skip_building_tests': False, 'cmake_args': None, 'cmake_clean_cache': False, 'cmake_clean_first': False, 'cmake_force_configure': False, 'cmake_target': None, 'cmake_target_skip_unavailable': False, 'install_base': '/home/juloau/Desktop/TFG/tfg-jlopez/code/ros2/install/pibotj_pothole', 'merge_install': False, 'path': '/home/juloau/Desktop/TFG/tfg-jlopez/code/ros2/src/pibotj_pothole', 'symlink_install': False, 'test_result_base': None}
[0.389s] INFO:colcon.colcon_core.executor:Executing jobs using 'parallel' executor
[0.390s] DEBUG:colcon.colcon_parallel_executor.executor.parallel:run_until_complete
[0.390s] INFO:colcon.colcon_cmake.task.cmake.build:Building CMake package in '/home/juloau/Desktop/TFG/tfg-jlopez/code/ros2/src/pibotj_pothole'
[0.392s] INFO:colcon.colcon_core.plugin_system:Skipping extension 'colcon_core.shell.bat': Not used on non-Windows systems
[0.393s] INFO:colcon.colcon_core.shell:Skip shell extension 'powershell' for command environment: Not usable outside of PowerShell
[0.393s] DEBUG:colcon.colcon_core.shell:Skip shell extension 'dsv' for command environment
[0.401s] DEBUG:colcon.colcon_core.event_handler.log_command:Invoking command in '/home/juloau/Desktop/TFG/tfg-jlopez/code/ros2/build/pibotj_pothole': /usr/bin/cmake --build /home/juloau/Desktop/TFG/tfg-jlopez/code/ros2/build/pibotj_pothole -- -j8 -l8
[0.669s] DEBUG:colcon.colcon_core.event_handler.log_command:Invoked command in '/home/juloau/Desktop/TFG/tfg-jlopez/code/ros2/build/pibotj_pothole' returned '2': /usr/bin/cmake --build /home/juloau/Desktop/TFG/tfg-jlopez/code/ros2/build/pibotj_pothole -- -j8 -l8
[0.679s] DEBUG:colcon.colcon_parallel_executor.executor.parallel:closing loop
[0.679s] DEBUG:colcon.colcon_parallel_executor.executor.parallel:loop closed
[0.679s] DEBUG:colcon.colcon_parallel_executor.executor.parallel:run_until_complete finished with '2'
[0.679s] DEBUG:colcon.colcon_core.event_reactor:joining thread
[0.686s] INFO:colcon.colcon_core.plugin_system:Skipping extension 'colcon_notification.desktop_notification.terminal_notifier': Not used on non-Darwin systems
[0.686s] INFO:colcon.colcon_core.plugin_system:Skipping extension 'colcon_notification.desktop_notification.win32': Not used on non-Windows systems
[0.686s] INFO:colcon.colcon_notification.desktop_notification:Sending desktop notification using 'notify2'
[0.701s] DEBUG:colcon.colcon_core.event_reactor:joined thread
[0.702s] INFO:colcon.colcon_core.shell:Creating prefix script '/home/juloau/Desktop/TFG/tfg-jlopez/code/ros2/install/local_setup.ps1'
[0.703s] INFO:colcon.colcon_core.shell:Creating prefix util module '/home/juloau/Desktop/TFG/tfg-jlopez/code/ros2/install/_local_setup_util_ps1.py'
[0.704s] INFO:colcon.colcon_core.shell:Creating prefix chain script '/home/juloau/Desktop/TFG/tfg-jlopez/code/ros2/install/setup.ps1'
[0.705s] INFO:colcon.colcon_core.shell:Creating prefix script '/home/juloau/Desktop/TFG/tfg-jlopez/code/ros2/install/local_setup.sh'
[0.706s] INFO:colcon.colcon_core.shell:Creating prefix util module '/home/juloau/Desktop/TFG/tfg-jlopez/code/ros2/install/_local_setup_util_sh.py'
[0.706s] INFO:colcon.colcon_core.shell:Creating prefix chain script '/home/juloau/Desktop/TFG/tfg-jlopez/code/ros2/install/setup.sh'
[0.708s] INFO:colcon.colcon_core.shell:Creating prefix script '/home/juloau/Desktop/TFG/tfg-jlopez/code/ros2/install/local_setup.bash'
[0.708s] INFO:colcon.colcon_core.shell:Creating prefix chain script '/home/juloau/Desktop/TFG/tfg-jlopez/code/ros2/install/setup.bash'
[0.709s] INFO:colcon.colcon_core.shell:Creating prefix script '/home/juloau/Desktop/TFG/tfg-jlopez/code/ros2/install/local_setup.zsh'
[0.710s] INFO:colcon.colcon_core.shell:Creating prefix chain script '/home/juloau/Desktop/TFG/tfg-jlopez/code/ros2/install/setup.zsh'
