[0.010s] Invoking command in '/home/juloau/Desktop/TFG/tfg-jlopez/code/ros2/build/pibotj_pothole': /usr/bin/cmake --build /home/juloau/Desktop/TFG/tfg-jlopez/code/ros2/build/pibotj_pothole -- -j8 -l8
[0.032s] -- Found ament_cmake: 1.3.9 (/opt/ros/humble/share/ament_cmake/cmake)
[0.145s] -- Override CMake install command with custom implementation using symlinks instead of copying resources
[0.159s] -- Found urdf: 2.6.0 (/opt/ros/humble/share/urdf/cmake)
[0.242s] -- Found controller_manager: 2.41.0 (/opt/ros/humble/share/controller_manager/cmake)
[0.307s] -- Found rosidl_generator_c: 3.1.5 (/opt/ros/humble/share/rosidl_generator_c/cmake)
[0.314s] -- Found rosidl_adapter: 3.1.5 (/opt/ros/humble/share/rosidl_adapter/cmake)
[0.328s] -- Found rosidl_generator_cpp: 3.1.5 (/opt/ros/humble/share/rosidl_generator_cpp/cmake)
[0.350s] -- Using all available rosidl_typesupport_c: rosidl_typesupport_fastrtps_c;rosidl_typesupport_introspection_c
[0.372s] -- Using all available rosidl_typesupport_cpp: rosidl_typesupport_fastrtps_cpp;rosidl_typesupport_introspection_cpp
[1.019s] -- Found rmw_implementation_cmake: 6.1.2 (/opt/ros/humble/share/rmw_implementation_cmake/cmake)
[1.022s] -- Found rmw_fastrtps_cpp: 6.2.6 (/opt/ros/humble/share/rmw_fastrtps_cpp/cmake)
[1.065s] -- Found TinyXML2 via Config file: TinyXML2_DIR-NOTFOUND
[1.138s] -- Found OpenSSL: /usr/lib/x86_64-linux-gnu/libcrypto.so (found version "3.0.2")  
[1.144s] -- Found TinyXML2 via Config file: TinyXML2_DIR-NOTFOUND
[1.168s] -- Found FastRTPS: /opt/ros/humble/include  
[1.178s] -- Found TinyXML2 via Config file: TinyXML2_DIR-NOTFOUND
[1.186s] -- Found TinyXML2 via Config file: TinyXML2_DIR-NOTFOUND
[1.195s] -- Using RMW implementation 'rmw_fastrtps_cpp' as default
[1.210s] -- Looking for pthread.h
[1.378s] -- Looking for pthread.h - found
[1.378s] -- Performing Test CMAKE_HAVE_LIBC_PTHREAD
[1.453s] -- Performing Test CMAKE_HAVE_LIBC_PTHREAD - Success
[1.454s] -- Found Threads: TRUE  
[2.103s] [31mCMake Error at CMakeLists.txt:15 (find_package):
[2.103s]   By not providing "Findjoint_state_controller.cmake" in CMAKE_MODULE_PATH
[2.103s]   this project has asked CMake to find a package configuration file provided
[2.103s]   by "joint_state_controller", but CMake did not find one.
[2.103s] 
[2.103s]   Could not find a package configuration file provided by
[2.103s]   "joint_state_controller" with any of the following names:
[2.103s] 
[2.103s]     joint_state_controllerConfig.cmake
[2.103s]     joint_state_controller-config.cmake
[2.103s] 
[2.103s]   Add the installation prefix of "joint_state_controller" to
[2.103s]   CMAKE_PREFIX_PATH or set "joint_state_controller_DIR" to a directory
[2.103s]   containing one of the above files.  If "joint_state_controller" provides a
[2.103s]   separate development package or SDK, be sure it has been installed.
[2.103s] 
[2.103s] [0m
[2.103s] -- Configuring incomplete, errors occurred!
[2.104s] See also "/home/juloau/Desktop/TFG/tfg-jlopez/code/ros2/build/pibotj_pothole/CMakeFiles/CMakeOutput.log".
[2.109s] gmake: *** [Makefile:226: cmake_check_build_system] Error 1
[2.111s] Invoked command in '/home/juloau/Desktop/TFG/tfg-jlopez/code/ros2/build/pibotj_pothole' returned '2': /usr/bin/cmake --build /home/juloau/Desktop/TFG/tfg-jlopez/code/ros2/build/pibotj_pothole -- -j8 -l8
