[0.125s] Invoking command in '/home/juloau/Desktop/TFG/tfg-jlopez/code/ros2/build/kinematics_interface_kdl': AMENT_PREFIX_PATH=/home/juloau/Desktop/TFG/tfg-jlopez/code/ros2/install/ros2_control_test_assets:/home/juloau/Desktop/TFG/tfg-jlopez/code/ros2/install/kinematics_interface:${AMENT_PREFIX_PATH} CMAKE_PREFIX_PATH=/home/juloau/Desktop/TFG/tfg-jlopez/code/ros2/install/ros2_control_test_assets:/home/juloau/Desktop/TFG/tfg-jlopez/code/ros2/install/kinematics_interface:/home/juloau/Desktop/TFG/tfg-jlopez/code/ros2/install/pibotj_r2c:/home/juloau/Desktop/TFG/tfg-jlopez/code/ros2/install/articubot_one:/home/juloau/Desktop/TFG/tfg-jlopez/code/ros2/install/pibotj_description:/home/juloau/Desktop/TFG/tfg-jlopez/code/ros2/install/pibotj:/home/juloau/Desktop/TFG/tfg-jlopez/code/ros2/install/basic_diffbot:/opt/ros/humble LD_LIBRARY_PATH=/home/juloau/Desktop/TFG/tfg-jlopez/code/ros2/install/kinematics_interface/lib:/usr/lib/x86_64-linux-gnu/gazebo-11/plugins:/opt/ros/humble/opt/rviz_ogre_vendor/lib:/opt/ros/humble/lib/x86_64-linux-gnu:/opt/ros/humble/lib:/usr/share/gazebo/../../lib/x86_64-linux-gnu/gazebo-11/plugins /usr/bin/cmake /home/juloau/Desktop/TFG/tfg-jlopez/code/ros2/src/ros-controls/kinematics_interface/kinematics_interface_kdl -DAMENT_CMAKE_SYMLINK_INSTALL=1 -DCMAKE_INSTALL_PREFIX=/home/juloau/Desktop/TFG/tfg-jlopez/code/ros2/install/kinematics_interface_kdl
[0.517s] -- The CXX compiler identification is GNU 11.4.0
[0.565s] -- Detecting CXX compiler ABI info
[1.080s] -- Detecting CXX compiler ABI info - done
[1.116s] -- Check for working CXX compiler: /usr/bin/c++ - skipped
[1.118s] -- Detecting CXX compile features
[1.121s] -- Detecting CXX compile features - done
[1.143s] -- Found ament_cmake: 1.3.9 (/opt/ros/humble/share/ament_cmake/cmake)
[1.708s] -- Found Python3: /usr/bin/python3 (found version "3.10.12") found components: Interpreter 
[1.923s] -- Override CMake install command with custom implementation using symlinks instead of copying resources
[2.047s] -- Found kdl_parser: 2.6.4 (/opt/ros/humble/share/kdl_parser/cmake)
[2.147s] -- Found eigen3_cmake_module: 0.1.1 (/opt/ros/humble/share/eigen3_cmake_module/cmake)
[2.150s] -- Found Eigen3: TRUE (found version "3.4.0") 
[2.150s] -- Ensuring Eigen3 include directory is part of orocos-kdl CMake target
[2.188s] -- Found kinematics_interface: 1.1.0 (/home/juloau/Desktop/TFG/tfg-jlopez/code/ros2/install/kinematics_interface/share/kinematics_interface/cmake)
[2.432s] -- Found rosidl_generator_c: 3.1.5 (/opt/ros/humble/share/rosidl_generator_c/cmake)
[2.471s] -- Found rosidl_adapter: 3.1.5 (/opt/ros/humble/share/rosidl_adapter/cmake)
[2.529s] -- Found rosidl_generator_cpp: 3.1.5 (/opt/ros/humble/share/rosidl_generator_cpp/cmake)
[2.603s] -- Using all available rosidl_typesupport_c: rosidl_typesupport_fastrtps_c;rosidl_typesupport_introspection_c
[2.709s] -- Using all available rosidl_typesupport_cpp: rosidl_typesupport_fastrtps_cpp;rosidl_typesupport_introspection_cpp
[3.084s] -- Found rmw_implementation_cmake: 6.1.2 (/opt/ros/humble/share/rmw_implementation_cmake/cmake)
[3.098s] -- Found rmw_fastrtps_cpp: 6.2.6 (/opt/ros/humble/share/rmw_fastrtps_cpp/cmake)
[3.798s] -- Found OpenSSL: /usr/lib/x86_64-linux-gnu/libcrypto.so (found version "3.0.2")  
[3.978s] -- Found FastRTPS: /opt/ros/humble/include  
[4.220s] -- Using RMW implementation 'rmw_fastrtps_cpp' as default
[4.283s] -- Looking for C++ include pthread.h
[4.809s] -- Looking for C++ include pthread.h - found
[4.809s] -- Performing Test CMAKE_HAVE_LIBC_PTHREAD
[5.475s] -- Performing Test CMAKE_HAVE_LIBC_PTHREAD - Success
[5.477s] -- Found Threads: TRUE  
[7.464s] -- Found pluginlib: 5.1.0 (/opt/ros/humble/share/pluginlib/cmake)
[7.662s] -- Found tf2_eigen_kdl: 0.25.7 (/opt/ros/humble/share/tf2_eigen_kdl/cmake)
[8.208s] -- Found ament_cmake_gmock: 1.3.9 (/opt/ros/humble/share/ament_cmake_gmock/cmake)
[8.209s] -- Found ros2_control_test_assets: 2.42.0 (/home/juloau/Desktop/TFG/tfg-jlopez/code/ros2/install/ros2_control_test_assets/share/ros2_control_test_assets/cmake)
[8.229s] -- Found gmock sources under '/opt/ros/humble/src/gmock_vendor': C++ tests using 'Google Mock' will be built
[8.406s] -- The C compiler identification is GNU 11.4.0
[8.429s] -- Detecting C compiler ABI info
[9.039s] -- Detecting C compiler ABI info - done
[9.076s] -- Check for working C compiler: /usr/bin/cc - skipped
[9.076s] -- Detecting C compile features
[9.077s] -- Detecting C compile features - done
[9.110s] -- Found ament_cmake_gtest: 1.3.9 (/opt/ros/humble/share/ament_cmake_gtest/cmake)
[9.117s] -- Found gtest sources under '/opt/ros/humble/src/gtest_vendor': C++ tests using 'Google Test' will be built
[9.614s] -- Configuring done
[9.770s] -- Generating done
[9.794s] -- Build files have been written to: /home/juloau/Desktop/TFG/tfg-jlopez/code/ros2/build/kinematics_interface_kdl
[9.899s] Invoked command in '/home/juloau/Desktop/TFG/tfg-jlopez/code/ros2/build/kinematics_interface_kdl' returned '0': AMENT_PREFIX_PATH=/home/juloau/Desktop/TFG/tfg-jlopez/code/ros2/install/ros2_control_test_assets:/home/juloau/Desktop/TFG/tfg-jlopez/code/ros2/install/kinematics_interface:${AMENT_PREFIX_PATH} CMAKE_PREFIX_PATH=/home/juloau/Desktop/TFG/tfg-jlopez/code/ros2/install/ros2_control_test_assets:/home/juloau/Desktop/TFG/tfg-jlopez/code/ros2/install/kinematics_interface:/home/juloau/Desktop/TFG/tfg-jlopez/code/ros2/install/pibotj_r2c:/home/juloau/Desktop/TFG/tfg-jlopez/code/ros2/install/articubot_one:/home/juloau/Desktop/TFG/tfg-jlopez/code/ros2/install/pibotj_description:/home/juloau/Desktop/TFG/tfg-jlopez/code/ros2/install/pibotj:/home/juloau/Desktop/TFG/tfg-jlopez/code/ros2/install/basic_diffbot:/opt/ros/humble LD_LIBRARY_PATH=/home/juloau/Desktop/TFG/tfg-jlopez/code/ros2/install/kinematics_interface/lib:/usr/lib/x86_64-linux-gnu/gazebo-11/plugins:/opt/ros/humble/opt/rviz_ogre_vendor/lib:/opt/ros/humble/lib/x86_64-linux-gnu:/opt/ros/humble/lib:/usr/share/gazebo/../../lib/x86_64-linux-gnu/gazebo-11/plugins /usr/bin/cmake /home/juloau/Desktop/TFG/tfg-jlopez/code/ros2/src/ros-controls/kinematics_interface/kinematics_interface_kdl -DAMENT_CMAKE_SYMLINK_INSTALL=1 -DCMAKE_INSTALL_PREFIX=/home/juloau/Desktop/TFG/tfg-jlopez/code/ros2/install/kinematics_interface_kdl
[9.901s] Invoking command in '/home/juloau/Desktop/TFG/tfg-jlopez/code/ros2/build/kinematics_interface_kdl': AMENT_PREFIX_PATH=/home/juloau/Desktop/TFG/tfg-jlopez/code/ros2/install/ros2_control_test_assets:/home/juloau/Desktop/TFG/tfg-jlopez/code/ros2/install/kinematics_interface:${AMENT_PREFIX_PATH} CMAKE_PREFIX_PATH=/home/juloau/Desktop/TFG/tfg-jlopez/code/ros2/install/ros2_control_test_assets:/home/juloau/Desktop/TFG/tfg-jlopez/code/ros2/install/kinematics_interface:/home/juloau/Desktop/TFG/tfg-jlopez/code/ros2/install/pibotj_r2c:/home/juloau/Desktop/TFG/tfg-jlopez/code/ros2/install/articubot_one:/home/juloau/Desktop/TFG/tfg-jlopez/code/ros2/install/pibotj_description:/home/juloau/Desktop/TFG/tfg-jlopez/code/ros2/install/pibotj:/home/juloau/Desktop/TFG/tfg-jlopez/code/ros2/install/basic_diffbot:/opt/ros/humble LD_LIBRARY_PATH=/home/juloau/Desktop/TFG/tfg-jlopez/code/ros2/install/kinematics_interface/lib:/usr/lib/x86_64-linux-gnu/gazebo-11/plugins:/opt/ros/humble/opt/rviz_ogre_vendor/lib:/opt/ros/humble/lib/x86_64-linux-gnu:/opt/ros/humble/lib:/usr/share/gazebo/../../lib/x86_64-linux-gnu/gazebo-11/plugins /usr/bin/cmake --build /home/juloau/Desktop/TFG/tfg-jlopez/code/ros2/build/kinematics_interface_kdl -- -j8 -l8
[10.188s] [ 11%] [32mBuilding CXX object gmock/CMakeFiles/gmock_main.dir/src/gmock_main.cc.o[0m
[10.192s] [ 22%] [32mBuilding CXX object CMakeFiles/kinematics_interface_kdl.dir/src/kinematics_interface_kdl.cpp.o[0m
[10.262s] [ 33%] [32mBuilding CXX object gmock/CMakeFiles/gmock.dir/opt/ros/humble/src/gtest_vendor/src/gtest-all.cc.o[0m
[10.295s] [ 44%] [32mBuilding CXX object gmock/CMakeFiles/gmock.dir/src/gmock-all.cc.o[0m
[19.568s] [ 55%] [32m[1mLinking CXX static library libgmock_main.a[0m
[19.776s] [ 55%] Built target gmock_main
[28.999s] [ 66%] [32m[1mLinking CXX static library libgmock.a[0m
[29.405s] [ 66%] Built target gmock
[35.243s] [ 77%] [32m[1mLinking CXX shared library libkinematics_interface_kdl.so[0m
[35.852s] [ 77%] Built target kinematics_interface_kdl
[35.898s] [ 88%] [32mBuilding CXX object CMakeFiles/test_kinematics_interface_kdl.dir/test/test_kinematics_interface_kdl.cpp.o[0m
[47.737s] [100%] [32m[1mLinking CXX executable test_kinematics_interface_kdl[0m
[48.225s] [100%] Built target test_kinematics_interface_kdl
[48.239s] Invoked command in '/home/juloau/Desktop/TFG/tfg-jlopez/code/ros2/build/kinematics_interface_kdl' returned '0': AMENT_PREFIX_PATH=/home/juloau/Desktop/TFG/tfg-jlopez/code/ros2/install/ros2_control_test_assets:/home/juloau/Desktop/TFG/tfg-jlopez/code/ros2/install/kinematics_interface:${AMENT_PREFIX_PATH} CMAKE_PREFIX_PATH=/home/juloau/Desktop/TFG/tfg-jlopez/code/ros2/install/ros2_control_test_assets:/home/juloau/Desktop/TFG/tfg-jlopez/code/ros2/install/kinematics_interface:/home/juloau/Desktop/TFG/tfg-jlopez/code/ros2/install/pibotj_r2c:/home/juloau/Desktop/TFG/tfg-jlopez/code/ros2/install/articubot_one:/home/juloau/Desktop/TFG/tfg-jlopez/code/ros2/install/pibotj_description:/home/juloau/Desktop/TFG/tfg-jlopez/code/ros2/install/pibotj:/home/juloau/Desktop/TFG/tfg-jlopez/code/ros2/install/basic_diffbot:/opt/ros/humble LD_LIBRARY_PATH=/home/juloau/Desktop/TFG/tfg-jlopez/code/ros2/install/kinematics_interface/lib:/usr/lib/x86_64-linux-gnu/gazebo-11/plugins:/opt/ros/humble/opt/rviz_ogre_vendor/lib:/opt/ros/humble/lib/x86_64-linux-gnu:/opt/ros/humble/lib:/usr/share/gazebo/../../lib/x86_64-linux-gnu/gazebo-11/plugins /usr/bin/cmake --build /home/juloau/Desktop/TFG/tfg-jlopez/code/ros2/build/kinematics_interface_kdl -- -j8 -l8
[48.280s] Invoking command in '/home/juloau/Desktop/TFG/tfg-jlopez/code/ros2/build/kinematics_interface_kdl': AMENT_PREFIX_PATH=/home/juloau/Desktop/TFG/tfg-jlopez/code/ros2/install/ros2_control_test_assets:/home/juloau/Desktop/TFG/tfg-jlopez/code/ros2/install/kinematics_interface:${AMENT_PREFIX_PATH} CMAKE_PREFIX_PATH=/home/juloau/Desktop/TFG/tfg-jlopez/code/ros2/install/ros2_control_test_assets:/home/juloau/Desktop/TFG/tfg-jlopez/code/ros2/install/kinematics_interface:/home/juloau/Desktop/TFG/tfg-jlopez/code/ros2/install/pibotj_r2c:/home/juloau/Desktop/TFG/tfg-jlopez/code/ros2/install/articubot_one:/home/juloau/Desktop/TFG/tfg-jlopez/code/ros2/install/pibotj_description:/home/juloau/Desktop/TFG/tfg-jlopez/code/ros2/install/pibotj:/home/juloau/Desktop/TFG/tfg-jlopez/code/ros2/install/basic_diffbot:/opt/ros/humble LD_LIBRARY_PATH=/home/juloau/Desktop/TFG/tfg-jlopez/code/ros2/install/kinematics_interface/lib:/usr/lib/x86_64-linux-gnu/gazebo-11/plugins:/opt/ros/humble/opt/rviz_ogre_vendor/lib:/opt/ros/humble/lib/x86_64-linux-gnu:/opt/ros/humble/lib:/usr/share/gazebo/../../lib/x86_64-linux-gnu/gazebo-11/plugins /usr/bin/cmake --install /home/juloau/Desktop/TFG/tfg-jlopez/code/ros2/build/kinematics_interface_kdl
[48.290s] -- Install configuration: ""
[48.290s] -- Execute custom install script
[48.291s] -- Symlinking: /home/juloau/Desktop/TFG/tfg-jlopez/code/ros2/install/kinematics_interface_kdl/share/kinematics_interface_kdl//kinematics_interface_kdl.xml
[48.303s] -- Symlinking: /home/juloau/Desktop/TFG/tfg-jlopez/code/ros2/install/kinematics_interface_kdl/include/kinematics_interface_kdl/kinematics_interface_kdl/kinematics_interface_kdl.hpp
[48.314s] -- Symlinking: /home/juloau/Desktop/TFG/tfg-jlopez/code/ros2/install/kinematics_interface_kdl/share/kinematics_interface_kdl/environment/library_path.sh
[48.326s] -- Symlinking: /home/juloau/Desktop/TFG/tfg-jlopez/code/ros2/install/kinematics_interface_kdl/share/kinematics_interface_kdl/environment/library_path.dsv
[48.337s] -- Symlinking: /home/juloau/Desktop/TFG/tfg-jlopez/code/ros2/install/kinematics_interface_kdl/share/ament_index/resource_index/package_run_dependencies/kinematics_interface_kdl
[48.349s] -- Symlinking: /home/juloau/Desktop/TFG/tfg-jlopez/code/ros2/install/kinematics_interface_kdl/share/ament_index/resource_index/parent_prefix_path/kinematics_interface_kdl
[48.360s] -- Symlinking: /home/juloau/Desktop/TFG/tfg-jlopez/code/ros2/install/kinematics_interface_kdl/share/kinematics_interface_kdl/environment/ament_prefix_path.sh
[48.372s] -- Symlinking: /home/juloau/Desktop/TFG/tfg-jlopez/code/ros2/install/kinematics_interface_kdl/share/kinematics_interface_kdl/environment/ament_prefix_path.dsv
[48.384s] -- Symlinking: /home/juloau/Desktop/TFG/tfg-jlopez/code/ros2/install/kinematics_interface_kdl/share/kinematics_interface_kdl/environment/path.sh
[48.396s] -- Symlinking: /home/juloau/Desktop/TFG/tfg-jlopez/code/ros2/install/kinematics_interface_kdl/share/kinematics_interface_kdl/environment/path.dsv
[48.407s] -- Symlinking: /home/juloau/Desktop/TFG/tfg-jlopez/code/ros2/install/kinematics_interface_kdl/share/kinematics_interface_kdl/local_setup.bash
[48.419s] -- Symlinking: /home/juloau/Desktop/TFG/tfg-jlopez/code/ros2/install/kinematics_interface_kdl/share/kinematics_interface_kdl/local_setup.sh
[48.431s] -- Symlinking: /home/juloau/Desktop/TFG/tfg-jlopez/code/ros2/install/kinematics_interface_kdl/share/kinematics_interface_kdl/local_setup.zsh
[48.443s] -- Symlinking: /home/juloau/Desktop/TFG/tfg-jlopez/code/ros2/install/kinematics_interface_kdl/share/kinematics_interface_kdl/local_setup.dsv
[48.455s] -- Symlinking: /home/juloau/Desktop/TFG/tfg-jlopez/code/ros2/install/kinematics_interface_kdl/share/kinematics_interface_kdl/package.dsv
[48.467s] -- Symlinking: /home/juloau/Desktop/TFG/tfg-jlopez/code/ros2/install/kinematics_interface_kdl/share/ament_index/resource_index/packages/kinematics_interface_kdl
[48.479s] -- Symlinking: /home/juloau/Desktop/TFG/tfg-jlopez/code/ros2/install/kinematics_interface_kdl/share/ament_index/resource_index/kinematics_interface__pluginlib__plugin/kinematics_interface_kdl
[48.491s] -- Symlinking: /home/juloau/Desktop/TFG/tfg-jlopez/code/ros2/install/kinematics_interface_kdl/share/kinematics_interface_kdl/cmake/ament_cmake_export_targets-extras.cmake
[48.503s] -- Symlinking: /home/juloau/Desktop/TFG/tfg-jlopez/code/ros2/install/kinematics_interface_kdl/share/kinematics_interface_kdl/cmake/ament_cmake_export_dependencies-extras.cmake
[48.514s] -- Symlinking: /home/juloau/Desktop/TFG/tfg-jlopez/code/ros2/install/kinematics_interface_kdl/share/kinematics_interface_kdl/cmake/kinematics_interface_kdlConfig.cmake
[48.527s] -- Symlinking: /home/juloau/Desktop/TFG/tfg-jlopez/code/ros2/install/kinematics_interface_kdl/share/kinematics_interface_kdl/cmake/kinematics_interface_kdlConfig-version.cmake
[48.538s] -- Symlinking: /home/juloau/Desktop/TFG/tfg-jlopez/code/ros2/install/kinematics_interface_kdl/share/kinematics_interface_kdl/package.xml
[48.550s] -- Installing: /home/juloau/Desktop/TFG/tfg-jlopez/code/ros2/install/kinematics_interface_kdl/lib/libkinematics_interface_kdl.so
[48.557s] -- Set runtime path of "/home/juloau/Desktop/TFG/tfg-jlopez/code/ros2/install/kinematics_interface_kdl/lib/libkinematics_interface_kdl.so" to ""
[48.558s] -- Installing: /home/juloau/Desktop/TFG/tfg-jlopez/code/ros2/install/kinematics_interface_kdl/share/kinematics_interface_kdl/cmake/export_kinematics_interface_kdlExport.cmake
[48.558s] -- Installing: /home/juloau/Desktop/TFG/tfg-jlopez/code/ros2/install/kinematics_interface_kdl/share/kinematics_interface_kdl/cmake/export_kinematics_interface_kdlExport-noconfig.cmake
[48.561s] Invoked command in '/home/juloau/Desktop/TFG/tfg-jlopez/code/ros2/build/kinematics_interface_kdl' returned '0': AMENT_PREFIX_PATH=/home/juloau/Desktop/TFG/tfg-jlopez/code/ros2/install/ros2_control_test_assets:/home/juloau/Desktop/TFG/tfg-jlopez/code/ros2/install/kinematics_interface:${AMENT_PREFIX_PATH} CMAKE_PREFIX_PATH=/home/juloau/Desktop/TFG/tfg-jlopez/code/ros2/install/ros2_control_test_assets:/home/juloau/Desktop/TFG/tfg-jlopez/code/ros2/install/kinematics_interface:/home/juloau/Desktop/TFG/tfg-jlopez/code/ros2/install/pibotj_r2c:/home/juloau/Desktop/TFG/tfg-jlopez/code/ros2/install/articubot_one:/home/juloau/Desktop/TFG/tfg-jlopez/code/ros2/install/pibotj_description:/home/juloau/Desktop/TFG/tfg-jlopez/code/ros2/install/pibotj:/home/juloau/Desktop/TFG/tfg-jlopez/code/ros2/install/basic_diffbot:/opt/ros/humble LD_LIBRARY_PATH=/home/juloau/Desktop/TFG/tfg-jlopez/code/ros2/install/kinematics_interface/lib:/usr/lib/x86_64-linux-gnu/gazebo-11/plugins:/opt/ros/humble/opt/rviz_ogre_vendor/lib:/opt/ros/humble/lib/x86_64-linux-gnu:/opt/ros/humble/lib:/usr/share/gazebo/../../lib/x86_64-linux-gnu/gazebo-11/plugins /usr/bin/cmake --install /home/juloau/Desktop/TFG/tfg-jlopez/code/ros2/build/kinematics_interface_kdl
