[0.298s] DEBUG:colcon:Command line arguments: ['/usr/bin/colcon', 'build']
[0.298s] DEBUG:colcon:Parsed command line arguments: Namespace(log_base=None, log_level=None, verb_name='build', build_base='build', install_base='install', merge_install=False, symlink_install=False, test_result_base=None, continue_on_error=False, executor='parallel', parallel_workers=8, event_handlers=None, ignore_user_meta=False, metas=['./colcon.meta'], base_paths=['.'], packages_ignore=None, packages_ignore_regex=None, paths=None, packages_up_to=None, packages_up_to_regex=None, packages_above=None, packages_above_and_dependencies=None, packages_above_depth=None, packages_select_by_dep=None, packages_skip_by_dep=None, packages_skip_up_to=None, packages_select_build_failed=False, packages_skip_build_finished=False, packages_select_test_failures=False, packages_skip_test_passed=False, packages_select=None, packages_skip=None, packages_select_regex=None, packages_skip_regex=None, packages_start=None, packages_end=None, allow_overriding=[], cmake_args=None, cmake_target=None, cmake_target_skip_unavailable=False, cmake_clean_cache=False, cmake_clean_first=False, cmake_force_configure=False, ament_cmake_args=None, catkin_cmake_args=None, catkin_skip_building_tests=False, verb_parser=<colcon_defaults.argument_parser.defaults.DefaultArgumentsDecorator object at 0x70e6a3e5ded0>, verb_extension=<colcon_core.verb.build.BuildVerb object at 0x70e6a3e5d8d0>, main=<bound method BuildVerb.main of <colcon_core.verb.build.BuildVerb object at 0x70e6a3e5d8d0>>)
[0.556s] Level 1:colcon.colcon_core.package_discovery:discover_packages(colcon_meta) check parameters
[0.556s] Level 1:colcon.colcon_core.package_discovery:discover_packages(recursive) check parameters
[0.556s] Level 1:colcon.colcon_core.package_discovery:discover_packages(ignore) check parameters
[0.556s] Level 1:colcon.colcon_core.package_discovery:discover_packages(path) check parameters
[0.556s] Level 1:colcon.colcon_core.package_discovery:discover_packages(colcon_meta) discover
[0.556s] Level 1:colcon.colcon_core.package_discovery:discover_packages(recursive) discover
[0.556s] INFO:colcon.colcon_core.package_discovery:Crawling recursively for packages in '/home/juloau/Desktop/TFG/tfg-jlopez/code/ros2'
[0.556s] Level 1:colcon.colcon_core.package_identification:_identify(.) by extensions ['ignore', 'ignore_ament_install']
[0.556s] Level 1:colcon.colcon_core.package_identification:_identify(.) by extension 'ignore'
[0.556s] Level 1:colcon.colcon_core.package_identification:_identify(.) by extension 'ignore_ament_install'
[0.556s] Level 1:colcon.colcon_core.package_identification:_identify(.) by extensions ['colcon_pkg']
[0.556s] Level 1:colcon.colcon_core.package_identification:_identify(.) by extension 'colcon_pkg'
[0.557s] Level 1:colcon.colcon_core.package_identification:_identify(.) by extensions ['colcon_meta']
[0.557s] Level 1:colcon.colcon_core.package_identification:_identify(.) by extension 'colcon_meta'
[0.557s] Level 1:colcon.colcon_core.package_identification:_identify(.) by extensions ['ros']
[0.557s] Level 1:colcon.colcon_core.package_identification:_identify(.) by extension 'ros'
[0.569s] Level 1:colcon.colcon_core.package_identification:_identify(.) by extensions ['cmake', 'python']
[0.569s] Level 1:colcon.colcon_core.package_identification:_identify(.) by extension 'cmake'
[0.569s] Level 1:colcon.colcon_core.package_identification:_identify(.) by extension 'python'
[0.569s] Level 1:colcon.colcon_core.package_identification:_identify(.) by extensions ['python_setup_py']
[0.569s] Level 1:colcon.colcon_core.package_identification:_identify(.) by extension 'python_setup_py'
[0.569s] Level 1:colcon.colcon_core.package_identification:_identify(build) by extensions ['ignore', 'ignore_ament_install']
[0.570s] Level 1:colcon.colcon_core.package_identification:_identify(build) by extension 'ignore'
[0.570s] Level 1:colcon.colcon_core.package_identification:_identify(build) ignored
[0.570s] Level 1:colcon.colcon_core.package_identification:_identify(install) by extensions ['ignore', 'ignore_ament_install']
[0.570s] Level 1:colcon.colcon_core.package_identification:_identify(install) by extension 'ignore'
[0.570s] Level 1:colcon.colcon_core.package_identification:_identify(install) ignored
[0.570s] Level 1:colcon.colcon_core.package_identification:_identify(log) by extensions ['ignore', 'ignore_ament_install']
[0.570s] Level 1:colcon.colcon_core.package_identification:_identify(log) by extension 'ignore'
[0.570s] Level 1:colcon.colcon_core.package_identification:_identify(log) ignored
[0.570s] Level 1:colcon.colcon_core.package_identification:_identify(src) by extensions ['ignore', 'ignore_ament_install']
[0.570s] Level 1:colcon.colcon_core.package_identification:_identify(src) by extension 'ignore'
[0.570s] Level 1:colcon.colcon_core.package_identification:_identify(src) by extension 'ignore_ament_install'
[0.570s] Level 1:colcon.colcon_core.package_identification:_identify(src) by extensions ['colcon_pkg']
[0.570s] Level 1:colcon.colcon_core.package_identification:_identify(src) by extension 'colcon_pkg'
[0.570s] Level 1:colcon.colcon_core.package_identification:_identify(src) by extensions ['colcon_meta']
[0.570s] Level 1:colcon.colcon_core.package_identification:_identify(src) by extension 'colcon_meta'
[0.570s] Level 1:colcon.colcon_core.package_identification:_identify(src) by extensions ['ros']
[0.570s] Level 1:colcon.colcon_core.package_identification:_identify(src) by extension 'ros'
[0.570s] Level 1:colcon.colcon_core.package_identification:_identify(src) by extensions ['cmake', 'python']
[0.571s] Level 1:colcon.colcon_core.package_identification:_identify(src) by extension 'cmake'
[0.571s] Level 1:colcon.colcon_core.package_identification:_identify(src) by extension 'python'
[0.571s] Level 1:colcon.colcon_core.package_identification:_identify(src) by extensions ['python_setup_py']
[0.571s] Level 1:colcon.colcon_core.package_identification:_identify(src) by extension 'python_setup_py'
[0.571s] Level 1:colcon.colcon_core.package_identification:_identify(src/basic_diffbot) by extensions ['ignore', 'ignore_ament_install']
[0.571s] Level 1:colcon.colcon_core.package_identification:_identify(src/basic_diffbot) by extension 'ignore'
[0.571s] Level 1:colcon.colcon_core.package_identification:_identify(src/basic_diffbot) by extension 'ignore_ament_install'
[0.571s] Level 1:colcon.colcon_core.package_identification:_identify(src/basic_diffbot) by extensions ['colcon_pkg']
[0.571s] Level 1:colcon.colcon_core.package_identification:_identify(src/basic_diffbot) by extension 'colcon_pkg'
[0.571s] Level 1:colcon.colcon_core.package_identification:_identify(src/basic_diffbot) by extensions ['colcon_meta']
[0.571s] Level 1:colcon.colcon_core.package_identification:_identify(src/basic_diffbot) by extension 'colcon_meta'
[0.571s] Level 1:colcon.colcon_core.package_identification:_identify(src/basic_diffbot) by extensions ['ros']
[0.571s] Level 1:colcon.colcon_core.package_identification:_identify(src/basic_diffbot) by extension 'ros'
[0.574s] DEBUG:colcon.colcon_core.package_identification:Package 'src/basic_diffbot' with type 'ros.ament_cmake' and name 'basic_diffbot'
[0.574s] Level 1:colcon.colcon_core.package_discovery:discover_packages(recursive) using defaults
[0.574s] Level 1:colcon.colcon_core.package_discovery:discover_packages(ignore) discover
[0.574s] Level 1:colcon.colcon_core.package_discovery:discover_packages(ignore) using defaults
[0.574s] Level 1:colcon.colcon_core.package_discovery:discover_packages(path) discover
[0.574s] Level 1:colcon.colcon_core.package_discovery:discover_packages(path) using defaults
[0.599s] Level 1:colcon.colcon_core.package_discovery:discover_packages(prefix_path) check parameters
[0.600s] Level 1:colcon.colcon_core.package_discovery:discover_packages(prefix_path) discover
[0.603s] DEBUG:colcon.colcon_installed_package_information.package_discovery:Found 478 installed packages in /opt/ros/humble
[0.613s] Level 1:colcon.colcon_core.package_discovery:discover_packages(prefix_path) using defaults
[0.668s] Level 5:colcon.colcon_core.verb:set package 'basic_diffbot' build argument 'cmake_args' from command line to 'None'
[0.668s] Level 5:colcon.colcon_core.verb:set package 'basic_diffbot' build argument 'cmake_target' from command line to 'None'
[0.668s] Level 5:colcon.colcon_core.verb:set package 'basic_diffbot' build argument 'cmake_target_skip_unavailable' from command line to 'False'
[0.668s] Level 5:colcon.colcon_core.verb:set package 'basic_diffbot' build argument 'cmake_clean_cache' from command line to 'False'
[0.668s] Level 5:colcon.colcon_core.verb:set package 'basic_diffbot' build argument 'cmake_clean_first' from command line to 'False'
[0.668s] Level 5:colcon.colcon_core.verb:set package 'basic_diffbot' build argument 'cmake_force_configure' from command line to 'False'
[0.668s] Level 5:colcon.colcon_core.verb:set package 'basic_diffbot' build argument 'ament_cmake_args' from command line to 'None'
[0.669s] Level 5:colcon.colcon_core.verb:set package 'basic_diffbot' build argument 'catkin_cmake_args' from command line to 'None'
[0.669s] Level 5:colcon.colcon_core.verb:set package 'basic_diffbot' build argument 'catkin_skip_building_tests' from command line to 'False'
[0.669s] DEBUG:colcon.colcon_core.verb:Building package 'basic_diffbot' with the following arguments: {'ament_cmake_args': None, 'build_base': '/home/juloau/Desktop/TFG/tfg-jlopez/code/ros2/build/basic_diffbot', 'catkin_cmake_args': None, 'catkin_skip_building_tests': False, 'cmake_args': None, 'cmake_clean_cache': False, 'cmake_clean_first': False, 'cmake_force_configure': False, 'cmake_target': None, 'cmake_target_skip_unavailable': False, 'install_base': '/home/juloau/Desktop/TFG/tfg-jlopez/code/ros2/install/basic_diffbot', 'merge_install': False, 'path': '/home/juloau/Desktop/TFG/tfg-jlopez/code/ros2/src/basic_diffbot', 'symlink_install': False, 'test_result_base': None}
[0.669s] INFO:colcon.colcon_core.executor:Executing jobs using 'parallel' executor
[0.669s] DEBUG:colcon.colcon_parallel_executor.executor.parallel:run_until_complete
[0.670s] INFO:colcon.colcon_ros.task.ament_cmake.build:Building ROS package in '/home/juloau/Desktop/TFG/tfg-jlopez/code/ros2/src/basic_diffbot' with build type 'ament_cmake'
[0.670s] INFO:colcon.colcon_cmake.task.cmake.build:Building CMake package in '/home/juloau/Desktop/TFG/tfg-jlopez/code/ros2/src/basic_diffbot'
[0.674s] INFO:colcon.colcon_core.plugin_system:Skipping extension 'colcon_core.shell.bat': Not used on non-Windows systems
[0.674s] INFO:colcon.colcon_core.shell:Skip shell extension 'powershell' for command environment: Not usable outside of PowerShell
[0.674s] DEBUG:colcon.colcon_core.shell:Skip shell extension 'dsv' for command environment
[0.680s] DEBUG:colcon.colcon_core.event_handler.log_command:Invoking command in '/home/juloau/Desktop/TFG/tfg-jlopez/code/ros2/build/basic_diffbot': CMAKE_PREFIX_PATH=/opt/ros/humble /usr/bin/cmake /home/juloau/Desktop/TFG/tfg-jlopez/code/ros2/src/basic_diffbot -DCMAKE_INSTALL_PREFIX=/home/juloau/Desktop/TFG/tfg-jlopez/code/ros2/install/basic_diffbot
[2.330s] DEBUG:colcon.colcon_core.event_handler.log_command:Invoked command in '/home/juloau/Desktop/TFG/tfg-jlopez/code/ros2/build/basic_diffbot' returned '0': CMAKE_PREFIX_PATH=/opt/ros/humble /usr/bin/cmake /home/juloau/Desktop/TFG/tfg-jlopez/code/ros2/src/basic_diffbot -DCMAKE_INSTALL_PREFIX=/home/juloau/Desktop/TFG/tfg-jlopez/code/ros2/install/basic_diffbot
[2.330s] DEBUG:colcon.colcon_core.event_handler.log_command:Invoking command in '/home/juloau/Desktop/TFG/tfg-jlopez/code/ros2/build/basic_diffbot': CMAKE_PREFIX_PATH=/opt/ros/humble /usr/bin/cmake --build /home/juloau/Desktop/TFG/tfg-jlopez/code/ros2/build/basic_diffbot -- -j8 -l8
[2.366s] DEBUG:colcon.colcon_core.event_handler.log_command:Invoked command in '/home/juloau/Desktop/TFG/tfg-jlopez/code/ros2/build/basic_diffbot' returned '0': CMAKE_PREFIX_PATH=/opt/ros/humble /usr/bin/cmake --build /home/juloau/Desktop/TFG/tfg-jlopez/code/ros2/build/basic_diffbot -- -j8 -l8
[2.392s] DEBUG:colcon.colcon_core.event_handler.log_command:Invoking command in '/home/juloau/Desktop/TFG/tfg-jlopez/code/ros2/build/basic_diffbot': CMAKE_PREFIX_PATH=/opt/ros/humble /usr/bin/cmake --install /home/juloau/Desktop/TFG/tfg-jlopez/code/ros2/build/basic_diffbot
[2.409s] Level 1:colcon.colcon_core.environment:create_environment_scripts_only(basic_diffbot)
[2.409s] DEBUG:colcon.colcon_core.event_handler.log_command:Invoked command in '/home/juloau/Desktop/TFG/tfg-jlopez/code/ros2/build/basic_diffbot' returned '0': CMAKE_PREFIX_PATH=/opt/ros/humble /usr/bin/cmake --install /home/juloau/Desktop/TFG/tfg-jlopez/code/ros2/build/basic_diffbot
[2.415s] Level 1:colcon.colcon_core.environment:checking '/home/juloau/Desktop/TFG/tfg-jlopez/code/ros2/install/basic_diffbot' for CMake module files
[2.415s] Level 1:colcon.colcon_core.environment:checking '/home/juloau/Desktop/TFG/tfg-jlopez/code/ros2/install/basic_diffbot' for CMake config files
[2.416s] Level 1:colcon.colcon_core.shell:create_environment_hook('basic_diffbot', 'cmake_prefix_path')
[2.416s] INFO:colcon.colcon_core.shell:Creating environment hook '/home/juloau/Desktop/TFG/tfg-jlopez/code/ros2/install/basic_diffbot/share/basic_diffbot/hook/cmake_prefix_path.ps1'
[2.417s] INFO:colcon.colcon_core.shell:Creating environment descriptor '/home/juloau/Desktop/TFG/tfg-jlopez/code/ros2/install/basic_diffbot/share/basic_diffbot/hook/cmake_prefix_path.dsv'
[2.417s] INFO:colcon.colcon_core.shell:Creating environment hook '/home/juloau/Desktop/TFG/tfg-jlopez/code/ros2/install/basic_diffbot/share/basic_diffbot/hook/cmake_prefix_path.sh'
[2.418s] Level 1:colcon.colcon_core.environment:checking '/home/juloau/Desktop/TFG/tfg-jlopez/code/ros2/install/basic_diffbot/bin'
[2.418s] Level 1:colcon.colcon_core.environment:checking '/home/juloau/Desktop/TFG/tfg-jlopez/code/ros2/install/basic_diffbot/lib/pkgconfig/basic_diffbot.pc'
[2.418s] Level 1:colcon.colcon_core.environment:checking '/home/juloau/Desktop/TFG/tfg-jlopez/code/ros2/install/basic_diffbot/lib/python3.10/site-packages'
[2.419s] Level 1:colcon.colcon_core.environment:checking '/home/juloau/Desktop/TFG/tfg-jlopez/code/ros2/install/basic_diffbot/bin'
[2.419s] INFO:colcon.colcon_core.shell:Creating package script '/home/juloau/Desktop/TFG/tfg-jlopez/code/ros2/install/basic_diffbot/share/basic_diffbot/package.ps1'
[2.420s] INFO:colcon.colcon_core.shell:Creating package descriptor '/home/juloau/Desktop/TFG/tfg-jlopez/code/ros2/install/basic_diffbot/share/basic_diffbot/package.dsv'
[2.420s] INFO:colcon.colcon_core.shell:Creating package script '/home/juloau/Desktop/TFG/tfg-jlopez/code/ros2/install/basic_diffbot/share/basic_diffbot/package.sh'
[2.421s] INFO:colcon.colcon_core.shell:Creating package script '/home/juloau/Desktop/TFG/tfg-jlopez/code/ros2/install/basic_diffbot/share/basic_diffbot/package.bash'
[2.422s] INFO:colcon.colcon_core.shell:Creating package script '/home/juloau/Desktop/TFG/tfg-jlopez/code/ros2/install/basic_diffbot/share/basic_diffbot/package.zsh'
[2.423s] Level 1:colcon.colcon_core.environment:create_file_with_runtime_dependencies(/home/juloau/Desktop/TFG/tfg-jlopez/code/ros2/install/basic_diffbot/share/colcon-core/packages/basic_diffbot)
[2.441s] Level 1:colcon.colcon_core.environment:create_environment_scripts_only(basic_diffbot)
[2.442s] Level 1:colcon.colcon_core.environment:checking '/home/juloau/Desktop/TFG/tfg-jlopez/code/ros2/install/basic_diffbot' for CMake module files
[2.442s] Level 1:colcon.colcon_core.environment:checking '/home/juloau/Desktop/TFG/tfg-jlopez/code/ros2/install/basic_diffbot' for CMake config files
[2.442s] Level 1:colcon.colcon_core.shell:create_environment_hook('basic_diffbot', 'cmake_prefix_path')
[2.442s] INFO:colcon.colcon_core.shell:Creating environment hook '/home/juloau/Desktop/TFG/tfg-jlopez/code/ros2/install/basic_diffbot/share/basic_diffbot/hook/cmake_prefix_path.ps1'
[2.443s] INFO:colcon.colcon_core.shell:Creating environment descriptor '/home/juloau/Desktop/TFG/tfg-jlopez/code/ros2/install/basic_diffbot/share/basic_diffbot/hook/cmake_prefix_path.dsv'
[2.443s] INFO:colcon.colcon_core.shell:Creating environment hook '/home/juloau/Desktop/TFG/tfg-jlopez/code/ros2/install/basic_diffbot/share/basic_diffbot/hook/cmake_prefix_path.sh'
[2.444s] Level 1:colcon.colcon_core.environment:checking '/home/juloau/Desktop/TFG/tfg-jlopez/code/ros2/install/basic_diffbot/bin'
[2.444s] Level 1:colcon.colcon_core.environment:checking '/home/juloau/Desktop/TFG/tfg-jlopez/code/ros2/install/basic_diffbot/lib/pkgconfig/basic_diffbot.pc'
[2.444s] Level 1:colcon.colcon_core.environment:checking '/home/juloau/Desktop/TFG/tfg-jlopez/code/ros2/install/basic_diffbot/lib/python3.10/site-packages'
[2.444s] Level 1:colcon.colcon_core.environment:checking '/home/juloau/Desktop/TFG/tfg-jlopez/code/ros2/install/basic_diffbot/bin'
[2.444s] INFO:colcon.colcon_core.shell:Creating package script '/home/juloau/Desktop/TFG/tfg-jlopez/code/ros2/install/basic_diffbot/share/basic_diffbot/package.ps1'
[2.445s] INFO:colcon.colcon_core.shell:Creating package descriptor '/home/juloau/Desktop/TFG/tfg-jlopez/code/ros2/install/basic_diffbot/share/basic_diffbot/package.dsv'
[2.445s] INFO:colcon.colcon_core.shell:Creating package script '/home/juloau/Desktop/TFG/tfg-jlopez/code/ros2/install/basic_diffbot/share/basic_diffbot/package.sh'
[2.446s] INFO:colcon.colcon_core.shell:Creating package script '/home/juloau/Desktop/TFG/tfg-jlopez/code/ros2/install/basic_diffbot/share/basic_diffbot/package.bash'
[2.446s] INFO:colcon.colcon_core.shell:Creating package script '/home/juloau/Desktop/TFG/tfg-jlopez/code/ros2/install/basic_diffbot/share/basic_diffbot/package.zsh'
[2.446s] Level 1:colcon.colcon_core.environment:create_file_with_runtime_dependencies(/home/juloau/Desktop/TFG/tfg-jlopez/code/ros2/install/basic_diffbot/share/colcon-core/packages/basic_diffbot)
[2.446s] DEBUG:colcon.colcon_parallel_executor.executor.parallel:closing loop
[2.447s] DEBUG:colcon.colcon_parallel_executor.executor.parallel:loop closed
[2.447s] DEBUG:colcon.colcon_parallel_executor.executor.parallel:run_until_complete finished with '0'
[2.447s] DEBUG:colcon.colcon_core.event_reactor:joining thread
[2.454s] INFO:colcon.colcon_core.plugin_system:Skipping extension 'colcon_notification.desktop_notification.terminal_notifier': Not used on non-Darwin systems
[2.454s] INFO:colcon.colcon_core.plugin_system:Skipping extension 'colcon_notification.desktop_notification.win32': Not used on non-Windows systems
[2.454s] INFO:colcon.colcon_notification.desktop_notification:Sending desktop notification using 'notify2'
[2.475s] DEBUG:colcon.colcon_core.event_reactor:joined thread
[2.475s] INFO:colcon.colcon_core.shell:Creating prefix script '/home/juloau/Desktop/TFG/tfg-jlopez/code/ros2/install/local_setup.ps1'
[2.476s] INFO:colcon.colcon_core.shell:Creating prefix util module '/home/juloau/Desktop/TFG/tfg-jlopez/code/ros2/install/_local_setup_util_ps1.py'
[2.478s] INFO:colcon.colcon_core.shell:Creating prefix chain script '/home/juloau/Desktop/TFG/tfg-jlopez/code/ros2/install/setup.ps1'
[2.478s] INFO:colcon.colcon_core.shell:Creating prefix script '/home/juloau/Desktop/TFG/tfg-jlopez/code/ros2/install/local_setup.sh'
[2.479s] INFO:colcon.colcon_core.shell:Creating prefix util module '/home/juloau/Desktop/TFG/tfg-jlopez/code/ros2/install/_local_setup_util_sh.py'
[2.479s] INFO:colcon.colcon_core.shell:Creating prefix chain script '/home/juloau/Desktop/TFG/tfg-jlopez/code/ros2/install/setup.sh'
[2.481s] INFO:colcon.colcon_core.shell:Creating prefix script '/home/juloau/Desktop/TFG/tfg-jlopez/code/ros2/install/local_setup.bash'
[2.482s] INFO:colcon.colcon_core.shell:Creating prefix chain script '/home/juloau/Desktop/TFG/tfg-jlopez/code/ros2/install/setup.bash'
[2.483s] INFO:colcon.colcon_core.shell:Creating prefix script '/home/juloau/Desktop/TFG/tfg-jlopez/code/ros2/install/local_setup.zsh'
[2.484s] INFO:colcon.colcon_core.shell:Creating prefix chain script '/home/juloau/Desktop/TFG/tfg-jlopez/code/ros2/install/setup.zsh'
