[0.044s] Invoking command in '/home/juloau/Desktop/TFG/tfg-jlopez/code/ros2/build/position_controllers': AMENT_PREFIX_PATH=/home/juloau/Desktop/TFG/tfg-jlopez/code/ros2/install/forward_command_controller:/home/juloau/Desktop/TFG/tfg-jlopez/code/ros2/install/controller_manager:/home/juloau/Desktop/TFG/tfg-jlopez/code/ros2/install/hardware_interface_testing:/home/juloau/Desktop/TFG/tfg-jlopez/code/ros2/install/controller_interface:/home/juloau/Desktop/TFG/tfg-jlopez/code/ros2/install/hardware_interface:/home/juloau/Desktop/TFG/tfg-jlopez/code/ros2/install/ros2_control_test_assets:/home/juloau/Desktop/TFG/tfg-jlopez/code/ros2/install/realtime_tools:/home/juloau/Desktop/TFG/tfg-jlopez/code/ros2/install/controller_manager_msgs:/home/juloau/Desktop/TFG/tfg-jlopez/code/ros2/install/control_msgs:${AMENT_PREFIX_PATH} CMAKE_PREFIX_PATH=/home/juloau/Desktop/TFG/tfg-jlopez/code/ros2/install/forward_command_controller:/home/juloau/Desktop/TFG/tfg-jlopez/code/ros2/install/controller_manager:/home/juloau/Desktop/TFG/tfg-jlopez/code/ros2/install/hardware_interface_testing:/home/juloau/Desktop/TFG/tfg-jlopez/code/ros2/install/controller_interface:/home/juloau/Desktop/TFG/tfg-jlopez/code/ros2/install/hardware_interface:/home/juloau/Desktop/TFG/tfg-jlopez/code/ros2/install/ros2_control_test_assets:/home/juloau/Desktop/TFG/tfg-jlopez/code/ros2/install/realtime_tools:/home/juloau/Desktop/TFG/tfg-jlopez/code/ros2/install/controller_manager_msgs:/home/juloau/Desktop/TFG/tfg-jlopez/code/ros2/install/control_msgs:/opt/ros/humble LD_LIBRARY_PATH=/home/juloau/Desktop/TFG/tfg-jlopez/code/ros2/install/forward_command_controller/lib:/home/juloau/Desktop/TFG/tfg-jlopez/code/ros2/install/controller_manager/lib:/home/juloau/Desktop/TFG/tfg-jlopez/code/ros2/install/hardware_interface_testing/lib:/home/juloau/Desktop/TFG/tfg-jlopez/code/ros2/install/controller_interface/lib:/home/juloau/Desktop/TFG/tfg-jlopez/code/ros2/install/hardware_interface/lib:/home/juloau/Desktop/TFG/tfg-jlopez/code/ros2/install/realtime_tools/lib:/home/juloau/Desktop/TFG/tfg-jlopez/code/ros2/install/controller_manager_msgs/lib:/home/juloau/Desktop/TFG/tfg-jlopez/code/ros2/install/control_msgs/lib:/usr/lib/x86_64-linux-gnu/gazebo-11/plugins:/opt/ros/humble/opt/rviz_ogre_vendor/lib:/opt/ros/humble/lib/x86_64-linux-gnu:/opt/ros/humble/lib:/usr/share/gazebo/../../lib/x86_64-linux-gnu/gazebo-11/plugins PYTHONPATH=/home/juloau/Desktop/TFG/tfg-jlopez/code/ros2/install/controller_manager/local/lib/python3.10/dist-packages:/home/juloau/Desktop/TFG/tfg-jlopez/code/ros2/install/controller_manager_msgs/local/lib/python3.10/dist-packages:/home/juloau/Desktop/TFG/tfg-jlopez/code/ros2/install/control_msgs/local/lib/python3.10/dist-packages:${PYTHONPATH} /usr/bin/cmake --build /home/juloau/Desktop/TFG/tfg-jlopez/code/ros2/build/position_controllers -- -j8 -l8
[0.087s] -- Found ament_cmake: 1.3.10 (/opt/ros/humble/share/ament_cmake/cmake)
[0.379s] -- Override CMake install command with custom implementation using symlinks instead of copying resources
[0.394s] -- Found forward_command_controller: 2.37.0 (/home/juloau/Desktop/TFG/tfg-jlopez/code/ros2/install/forward_command_controller/share/forward_command_controller/cmake)
[0.460s] -- Found rosidl_generator_c: 3.1.5 (/opt/ros/humble/share/rosidl_generator_c/cmake)
[0.465s] -- Found rosidl_adapter: 3.1.5 (/opt/ros/humble/share/rosidl_adapter/cmake)
[0.477s] -- Found rosidl_generator_cpp: 3.1.5 (/opt/ros/humble/share/rosidl_generator_cpp/cmake)
[0.499s] -- Using all available rosidl_typesupport_c: rosidl_typesupport_fastrtps_c;rosidl_typesupport_introspection_c
[0.528s] -- Using all available rosidl_typesupport_cpp: rosidl_typesupport_fastrtps_cpp;rosidl_typesupport_introspection_cpp
[0.913s] -- Found rmw_implementation_cmake: 6.1.2 (/opt/ros/humble/share/rmw_implementation_cmake/cmake)
[0.916s] -- Found rmw_fastrtps_cpp: 6.2.7 (/opt/ros/humble/share/rmw_fastrtps_cpp/cmake)
[0.953s] -- Found TinyXML2 via Config file: TinyXML2_DIR-NOTFOUND
[0.968s] -- Found TinyXML2 via Config file: TinyXML2_DIR-NOTFOUND
[0.998s] -- Found TinyXML2 via Config file: TinyXML2_DIR-NOTFOUND
[1.012s] -- Found TinyXML2 via Config file: TinyXML2_DIR-NOTFOUND
[1.033s] -- Using RMW implementation 'rmw_fastrtps_cpp' as default
[1.123s] -- Found parameter_traits: 0.3.8 (/opt/ros/humble/share/parameter_traits/cmake)
[1.154s] -- Found ament_cmake_gmock: 1.3.10 (/opt/ros/humble/share/ament_cmake_gmock/cmake)
[1.154s] -- Found controller_manager: 2.42.0 (/home/juloau/Desktop/TFG/tfg-jlopez/code/ros2/install/controller_manager/share/controller_manager/cmake)
[1.182s] -- Found ros2_control_test_assets: 2.42.0 (/home/juloau/Desktop/TFG/tfg-jlopez/code/ros2/install/ros2_control_test_assets/share/ros2_control_test_assets/cmake)
[1.183s] -- Found gmock sources under '/opt/ros/humble/src/gmock_vendor': C++ tests using 'Google Mock' will be built
[1.187s] -- Found ament_cmake_gtest: 1.3.10 (/opt/ros/humble/share/ament_cmake_gtest/cmake)
[1.188s] -- Found gtest sources under '/opt/ros/humble/src/gtest_vendor': C++ tests using 'Google Test' will be built
[1.294s] -- Configuring done
[1.390s] -- Generating done
[1.395s] -- Build files have been written to: /home/juloau/Desktop/TFG/tfg-jlopez/code/ros2/build/position_controllers
[1.445s] [35m[1mConsolidate compiler generated dependencies of target gmock[0m
[1.448s] [35m[1mConsolidate compiler generated dependencies of target gmock_main[0m
[1.448s] [35m[1mConsolidate compiler generated dependencies of target position_controllers[0m
[1.468s] [  9%] [32mBuilding CXX object gmock/CMakeFiles/gmock.dir/opt/ros/humble/src/gtest_vendor/src/gtest-all.cc.o[0m
[1.471s] [ 18%] [32mBuilding CXX object gmock/CMakeFiles/gmock.dir/src/gmock-all.cc.o[0m
[1.475s] [ 27%] [32mBuilding CXX object gmock/CMakeFiles/gmock_main.dir/src/gmock_main.cc.o[0m
[1.483s] [ 36%] [32mBuilding CXX object CMakeFiles/position_controllers.dir/src/joint_group_position_controller.cpp.o[0m
[8.206s] [ 45%] [32m[1mLinking CXX static library libgmock_main.a[0m
[8.263s] [ 45%] Built target gmock_main
[15.119s] [ 54%] [32m[1mLinking CXX shared library libposition_controllers.so[0m
[15.993s] [ 54%] Built target position_controllers
[16.241s] [ 63%] [32m[1mLinking CXX static library libgmock.a[0m
[16.359s] [ 63%] Built target gmock
[16.382s] [35m[1mConsolidate compiler generated dependencies of target test_joint_group_position_controller[0m
[16.387s] [35m[1mConsolidate compiler generated dependencies of target test_load_joint_group_position_controller[0m
[16.423s] [ 72%] [32mBuilding CXX object CMakeFiles/test_joint_group_position_controller.dir/test/test_joint_group_position_controller.cpp.o[0m
[16.434s] [ 81%] [32mBuilding CXX object CMakeFiles/test_load_joint_group_position_controller.dir/test/test_load_joint_group_position_controller.cpp.o[0m
[33.031s] [ 90%] [32m[1mLinking CXX executable test_load_joint_group_position_controller[0m
[33.219s] [100%] [32m[1mLinking CXX executable test_joint_group_position_controller[0m
[35.695s] [100%] Built target test_joint_group_position_controller
[39.158s] [100%] Built target test_load_joint_group_position_controller
[39.176s] Invoked command in '/home/juloau/Desktop/TFG/tfg-jlopez/code/ros2/build/position_controllers' returned '0': AMENT_PREFIX_PATH=/home/juloau/Desktop/TFG/tfg-jlopez/code/ros2/install/forward_command_controller:/home/juloau/Desktop/TFG/tfg-jlopez/code/ros2/install/controller_manager:/home/juloau/Desktop/TFG/tfg-jlopez/code/ros2/install/hardware_interface_testing:/home/juloau/Desktop/TFG/tfg-jlopez/code/ros2/install/controller_interface:/home/juloau/Desktop/TFG/tfg-jlopez/code/ros2/install/hardware_interface:/home/juloau/Desktop/TFG/tfg-jlopez/code/ros2/install/ros2_control_test_assets:/home/juloau/Desktop/TFG/tfg-jlopez/code/ros2/install/realtime_tools:/home/juloau/Desktop/TFG/tfg-jlopez/code/ros2/install/controller_manager_msgs:/home/juloau/Desktop/TFG/tfg-jlopez/code/ros2/install/control_msgs:${AMENT_PREFIX_PATH} CMAKE_PREFIX_PATH=/home/juloau/Desktop/TFG/tfg-jlopez/code/ros2/install/forward_command_controller:/home/juloau/Desktop/TFG/tfg-jlopez/code/ros2/install/controller_manager:/home/juloau/Desktop/TFG/tfg-jlopez/code/ros2/install/hardware_interface_testing:/home/juloau/Desktop/TFG/tfg-jlopez/code/ros2/install/controller_interface:/home/juloau/Desktop/TFG/tfg-jlopez/code/ros2/install/hardware_interface:/home/juloau/Desktop/TFG/tfg-jlopez/code/ros2/install/ros2_control_test_assets:/home/juloau/Desktop/TFG/tfg-jlopez/code/ros2/install/realtime_tools:/home/juloau/Desktop/TFG/tfg-jlopez/code/ros2/install/controller_manager_msgs:/home/juloau/Desktop/TFG/tfg-jlopez/code/ros2/install/control_msgs:/opt/ros/humble LD_LIBRARY_PATH=/home/juloau/Desktop/TFG/tfg-jlopez/code/ros2/install/forward_command_controller/lib:/home/juloau/Desktop/TFG/tfg-jlopez/code/ros2/install/controller_manager/lib:/home/juloau/Desktop/TFG/tfg-jlopez/code/ros2/install/hardware_interface_testing/lib:/home/juloau/Desktop/TFG/tfg-jlopez/code/ros2/install/controller_interface/lib:/home/juloau/Desktop/TFG/tfg-jlopez/code/ros2/install/hardware_interface/lib:/home/juloau/Desktop/TFG/tfg-jlopez/code/ros2/install/realtime_tools/lib:/home/juloau/Desktop/TFG/tfg-jlopez/code/ros2/install/controller_manager_msgs/lib:/home/juloau/Desktop/TFG/tfg-jlopez/code/ros2/install/control_msgs/lib:/usr/lib/x86_64-linux-gnu/gazebo-11/plugins:/opt/ros/humble/opt/rviz_ogre_vendor/lib:/opt/ros/humble/lib/x86_64-linux-gnu:/opt/ros/humble/lib:/usr/share/gazebo/../../lib/x86_64-linux-gnu/gazebo-11/plugins PYTHONPATH=/home/juloau/Desktop/TFG/tfg-jlopez/code/ros2/install/controller_manager/local/lib/python3.10/dist-packages:/home/juloau/Desktop/TFG/tfg-jlopez/code/ros2/install/controller_manager_msgs/local/lib/python3.10/dist-packages:/home/juloau/Desktop/TFG/tfg-jlopez/code/ros2/install/control_msgs/local/lib/python3.10/dist-packages:${PYTHONPATH} /usr/bin/cmake --build /home/juloau/Desktop/TFG/tfg-jlopez/code/ros2/build/position_controllers -- -j8 -l8
[39.226s] Invoking command in '/home/juloau/Desktop/TFG/tfg-jlopez/code/ros2/build/position_controllers': AMENT_PREFIX_PATH=/home/juloau/Desktop/TFG/tfg-jlopez/code/ros2/install/forward_command_controller:/home/juloau/Desktop/TFG/tfg-jlopez/code/ros2/install/controller_manager:/home/juloau/Desktop/TFG/tfg-jlopez/code/ros2/install/hardware_interface_testing:/home/juloau/Desktop/TFG/tfg-jlopez/code/ros2/install/controller_interface:/home/juloau/Desktop/TFG/tfg-jlopez/code/ros2/install/hardware_interface:/home/juloau/Desktop/TFG/tfg-jlopez/code/ros2/install/ros2_control_test_assets:/home/juloau/Desktop/TFG/tfg-jlopez/code/ros2/install/realtime_tools:/home/juloau/Desktop/TFG/tfg-jlopez/code/ros2/install/controller_manager_msgs:/home/juloau/Desktop/TFG/tfg-jlopez/code/ros2/install/control_msgs:${AMENT_PREFIX_PATH} CMAKE_PREFIX_PATH=/home/juloau/Desktop/TFG/tfg-jlopez/code/ros2/install/forward_command_controller:/home/juloau/Desktop/TFG/tfg-jlopez/code/ros2/install/controller_manager:/home/juloau/Desktop/TFG/tfg-jlopez/code/ros2/install/hardware_interface_testing:/home/juloau/Desktop/TFG/tfg-jlopez/code/ros2/install/controller_interface:/home/juloau/Desktop/TFG/tfg-jlopez/code/ros2/install/hardware_interface:/home/juloau/Desktop/TFG/tfg-jlopez/code/ros2/install/ros2_control_test_assets:/home/juloau/Desktop/TFG/tfg-jlopez/code/ros2/install/realtime_tools:/home/juloau/Desktop/TFG/tfg-jlopez/code/ros2/install/controller_manager_msgs:/home/juloau/Desktop/TFG/tfg-jlopez/code/ros2/install/control_msgs:/opt/ros/humble LD_LIBRARY_PATH=/home/juloau/Desktop/TFG/tfg-jlopez/code/ros2/install/forward_command_controller/lib:/home/juloau/Desktop/TFG/tfg-jlopez/code/ros2/install/controller_manager/lib:/home/juloau/Desktop/TFG/tfg-jlopez/code/ros2/install/hardware_interface_testing/lib:/home/juloau/Desktop/TFG/tfg-jlopez/code/ros2/install/controller_interface/lib:/home/juloau/Desktop/TFG/tfg-jlopez/code/ros2/install/hardware_interface/lib:/home/juloau/Desktop/TFG/tfg-jlopez/code/ros2/install/realtime_tools/lib:/home/juloau/Desktop/TFG/tfg-jlopez/code/ros2/install/controller_manager_msgs/lib:/home/juloau/Desktop/TFG/tfg-jlopez/code/ros2/install/control_msgs/lib:/usr/lib/x86_64-linux-gnu/gazebo-11/plugins:/opt/ros/humble/opt/rviz_ogre_vendor/lib:/opt/ros/humble/lib/x86_64-linux-gnu:/opt/ros/humble/lib:/usr/share/gazebo/../../lib/x86_64-linux-gnu/gazebo-11/plugins PYTHONPATH=/home/juloau/Desktop/TFG/tfg-jlopez/code/ros2/install/controller_manager/local/lib/python3.10/dist-packages:/home/juloau/Desktop/TFG/tfg-jlopez/code/ros2/install/controller_manager_msgs/local/lib/python3.10/dist-packages:/home/juloau/Desktop/TFG/tfg-jlopez/code/ros2/install/control_msgs/local/lib/python3.10/dist-packages:${PYTHONPATH} /usr/bin/cmake --install /home/juloau/Desktop/TFG/tfg-jlopez/code/ros2/build/position_controllers
[39.238s] -- Install configuration: ""
[39.239s] -- Execute custom install script
[39.239s] -- Up-to-date symlink: /home/juloau/Desktop/TFG/tfg-jlopez/code/ros2/install/position_controllers/share/position_controllers//position_controllers_plugins.xml
[39.240s] -- Up-to-date symlink: /home/juloau/Desktop/TFG/tfg-jlopez/code/ros2/install/position_controllers/include/position_controllers/position_controllers/joint_group_position_controller.hpp
[39.240s] -- Up-to-date symlink: /home/juloau/Desktop/TFG/tfg-jlopez/code/ros2/install/position_controllers/include/position_controllers/position_controllers/visibility_control.h
[39.240s] -- Up-to-date symlink: /home/juloau/Desktop/TFG/tfg-jlopez/code/ros2/install/position_controllers/share/position_controllers/environment/library_path.sh
[39.241s] -- Up-to-date symlink: /home/juloau/Desktop/TFG/tfg-jlopez/code/ros2/install/position_controllers/share/position_controllers/environment/library_path.dsv
[39.241s] -- Up-to-date symlink: /home/juloau/Desktop/TFG/tfg-jlopez/code/ros2/install/position_controllers/share/ament_index/resource_index/package_run_dependencies/position_controllers
[39.241s] -- Up-to-date symlink: /home/juloau/Desktop/TFG/tfg-jlopez/code/ros2/install/position_controllers/share/ament_index/resource_index/parent_prefix_path/position_controllers
[39.242s] -- Up-to-date symlink: /home/juloau/Desktop/TFG/tfg-jlopez/code/ros2/install/position_controllers/share/position_controllers/environment/ament_prefix_path.sh
[39.242s] -- Up-to-date symlink: /home/juloau/Desktop/TFG/tfg-jlopez/code/ros2/install/position_controllers/share/position_controllers/environment/ament_prefix_path.dsv
[39.242s] -- Up-to-date symlink: /home/juloau/Desktop/TFG/tfg-jlopez/code/ros2/install/position_controllers/share/position_controllers/environment/path.sh
[39.243s] -- Up-to-date symlink: /home/juloau/Desktop/TFG/tfg-jlopez/code/ros2/install/position_controllers/share/position_controllers/environment/path.dsv
[39.243s] -- Up-to-date symlink: /home/juloau/Desktop/TFG/tfg-jlopez/code/ros2/install/position_controllers/share/position_controllers/local_setup.bash
[39.243s] -- Up-to-date symlink: /home/juloau/Desktop/TFG/tfg-jlopez/code/ros2/install/position_controllers/share/position_controllers/local_setup.sh
[39.243s] -- Up-to-date symlink: /home/juloau/Desktop/TFG/tfg-jlopez/code/ros2/install/position_controllers/share/position_controllers/local_setup.zsh
[39.244s] -- Up-to-date symlink: /home/juloau/Desktop/TFG/tfg-jlopez/code/ros2/install/position_controllers/share/position_controllers/local_setup.dsv
[39.244s] -- Symlinking: /home/juloau/Desktop/TFG/tfg-jlopez/code/ros2/install/position_controllers/share/position_controllers/package.dsv
[39.259s] -- Up-to-date symlink: /home/juloau/Desktop/TFG/tfg-jlopez/code/ros2/install/position_controllers/share/ament_index/resource_index/packages/position_controllers
[39.259s] -- Up-to-date symlink: /home/juloau/Desktop/TFG/tfg-jlopez/code/ros2/install/position_controllers/share/ament_index/resource_index/controller_interface__pluginlib__plugin/position_controllers
[39.259s] -- Up-to-date symlink: /home/juloau/Desktop/TFG/tfg-jlopez/code/ros2/install/position_controllers/share/position_controllers/cmake/ament_cmake_export_targets-extras.cmake
[39.259s] -- Up-to-date symlink: /home/juloau/Desktop/TFG/tfg-jlopez/code/ros2/install/position_controllers/share/position_controllers/cmake/ament_cmake_export_dependencies-extras.cmake
[39.260s] -- Up-to-date symlink: /home/juloau/Desktop/TFG/tfg-jlopez/code/ros2/install/position_controllers/share/position_controllers/cmake/position_controllersConfig.cmake
[39.260s] -- Up-to-date symlink: /home/juloau/Desktop/TFG/tfg-jlopez/code/ros2/install/position_controllers/share/position_controllers/cmake/position_controllersConfig-version.cmake
[39.260s] -- Up-to-date symlink: /home/juloau/Desktop/TFG/tfg-jlopez/code/ros2/install/position_controllers/share/position_controllers/package.xml
[39.262s] -- Installing: /home/juloau/Desktop/TFG/tfg-jlopez/code/ros2/install/position_controllers/lib/libposition_controllers.so
[39.263s] -- Set runtime path of "/home/juloau/Desktop/TFG/tfg-jlopez/code/ros2/install/position_controllers/lib/libposition_controllers.so" to ""
[39.263s] -- Up-to-date: /home/juloau/Desktop/TFG/tfg-jlopez/code/ros2/install/position_controllers/share/position_controllers/cmake/export_position_controllersExport.cmake
[39.263s] -- Up-to-date: /home/juloau/Desktop/TFG/tfg-jlopez/code/ros2/install/position_controllers/share/position_controllers/cmake/export_position_controllersExport-noconfig.cmake
[39.266s] Invoked command in '/home/juloau/Desktop/TFG/tfg-jlopez/code/ros2/build/position_controllers' returned '0': AMENT_PREFIX_PATH=/home/juloau/Desktop/TFG/tfg-jlopez/code/ros2/install/forward_command_controller:/home/juloau/Desktop/TFG/tfg-jlopez/code/ros2/install/controller_manager:/home/juloau/Desktop/TFG/tfg-jlopez/code/ros2/install/hardware_interface_testing:/home/juloau/Desktop/TFG/tfg-jlopez/code/ros2/install/controller_interface:/home/juloau/Desktop/TFG/tfg-jlopez/code/ros2/install/hardware_interface:/home/juloau/Desktop/TFG/tfg-jlopez/code/ros2/install/ros2_control_test_assets:/home/juloau/Desktop/TFG/tfg-jlopez/code/ros2/install/realtime_tools:/home/juloau/Desktop/TFG/tfg-jlopez/code/ros2/install/controller_manager_msgs:/home/juloau/Desktop/TFG/tfg-jlopez/code/ros2/install/control_msgs:${AMENT_PREFIX_PATH} CMAKE_PREFIX_PATH=/home/juloau/Desktop/TFG/tfg-jlopez/code/ros2/install/forward_command_controller:/home/juloau/Desktop/TFG/tfg-jlopez/code/ros2/install/controller_manager:/home/juloau/Desktop/TFG/tfg-jlopez/code/ros2/install/hardware_interface_testing:/home/juloau/Desktop/TFG/tfg-jlopez/code/ros2/install/controller_interface:/home/juloau/Desktop/TFG/tfg-jlopez/code/ros2/install/hardware_interface:/home/juloau/Desktop/TFG/tfg-jlopez/code/ros2/install/ros2_control_test_assets:/home/juloau/Desktop/TFG/tfg-jlopez/code/ros2/install/realtime_tools:/home/juloau/Desktop/TFG/tfg-jlopez/code/ros2/install/controller_manager_msgs:/home/juloau/Desktop/TFG/tfg-jlopez/code/ros2/install/control_msgs:/opt/ros/humble LD_LIBRARY_PATH=/home/juloau/Desktop/TFG/tfg-jlopez/code/ros2/install/forward_command_controller/lib:/home/juloau/Desktop/TFG/tfg-jlopez/code/ros2/install/controller_manager/lib:/home/juloau/Desktop/TFG/tfg-jlopez/code/ros2/install/hardware_interface_testing/lib:/home/juloau/Desktop/TFG/tfg-jlopez/code/ros2/install/controller_interface/lib:/home/juloau/Desktop/TFG/tfg-jlopez/code/ros2/install/hardware_interface/lib:/home/juloau/Desktop/TFG/tfg-jlopez/code/ros2/install/realtime_tools/lib:/home/juloau/Desktop/TFG/tfg-jlopez/code/ros2/install/controller_manager_msgs/lib:/home/juloau/Desktop/TFG/tfg-jlopez/code/ros2/install/control_msgs/lib:/usr/lib/x86_64-linux-gnu/gazebo-11/plugins:/opt/ros/humble/opt/rviz_ogre_vendor/lib:/opt/ros/humble/lib/x86_64-linux-gnu:/opt/ros/humble/lib:/usr/share/gazebo/../../lib/x86_64-linux-gnu/gazebo-11/plugins PYTHONPATH=/home/juloau/Desktop/TFG/tfg-jlopez/code/ros2/install/controller_manager/local/lib/python3.10/dist-packages:/home/juloau/Desktop/TFG/tfg-jlopez/code/ros2/install/controller_manager_msgs/local/lib/python3.10/dist-packages:/home/juloau/Desktop/TFG/tfg-jlopez/code/ros2/install/control_msgs/local/lib/python3.10/dist-packages:${PYTHONPATH} /usr/bin/cmake --install /home/juloau/Desktop/TFG/tfg-jlopez/code/ros2/build/position_controllers
