[0.012s] Invoking command in '/home/juloau/Desktop/TFG/tfg-jlopez/code/ros2/build/kinematics_interface_kdl': AMENT_PREFIX_PATH=/home/juloau/Desktop/TFG/tfg-jlopez/code/ros2/install/ros2_control_test_assets:/home/juloau/Desktop/TFG/tfg-jlopez/code/ros2/install/kinematics_interface:${AMENT_PREFIX_PATH} CMAKE_PREFIX_PATH=/home/juloau/Desktop/TFG/tfg-jlopez/code/ros2/install/ros2_control_test_assets:/home/juloau/Desktop/TFG/tfg-jlopez/code/ros2/install/kinematics_interface:/opt/ros/humble LD_LIBRARY_PATH=/home/juloau/Desktop/TFG/tfg-jlopez/code/ros2/install/kinematics_interface/lib:/usr/lib/x86_64-linux-gnu/gazebo-11/plugins:/opt/ros/humble/opt/rviz_ogre_vendor/lib:/opt/ros/humble/lib/x86_64-linux-gnu:/opt/ros/humble/lib:/usr/share/gazebo/../../lib/x86_64-linux-gnu/gazebo-11/plugins /usr/bin/cmake --build /home/juloau/Desktop/TFG/tfg-jlopez/code/ros2/build/kinematics_interface_kdl -- -j8 -l8
[0.061s] [35m[1mConsolidate compiler generated dependencies of target gmock_main[0m
[0.062s] [35m[1mConsolidate compiler generated dependencies of target kinematics_interface_kdl[0m
[0.062s] [35m[1mConsolidate compiler generated dependencies of target gmock[0m
[0.087s] [ 22%] Built target gmock_main
[0.100s] [ 55%] Built target gmock
[0.100s] [ 77%] Built target kinematics_interface_kdl
[0.116s] [35m[1mConsolidate compiler generated dependencies of target test_kinematics_interface_kdl[0m
[0.133s] [100%] Built target test_kinematics_interface_kdl
[0.143s] Invoked command in '/home/juloau/Desktop/TFG/tfg-jlopez/code/ros2/build/kinematics_interface_kdl' returned '0': AMENT_PREFIX_PATH=/home/juloau/Desktop/TFG/tfg-jlopez/code/ros2/install/ros2_control_test_assets:/home/juloau/Desktop/TFG/tfg-jlopez/code/ros2/install/kinematics_interface:${AMENT_PREFIX_PATH} CMAKE_PREFIX_PATH=/home/juloau/Desktop/TFG/tfg-jlopez/code/ros2/install/ros2_control_test_assets:/home/juloau/Desktop/TFG/tfg-jlopez/code/ros2/install/kinematics_interface:/opt/ros/humble LD_LIBRARY_PATH=/home/juloau/Desktop/TFG/tfg-jlopez/code/ros2/install/kinematics_interface/lib:/usr/lib/x86_64-linux-gnu/gazebo-11/plugins:/opt/ros/humble/opt/rviz_ogre_vendor/lib:/opt/ros/humble/lib/x86_64-linux-gnu:/opt/ros/humble/lib:/usr/share/gazebo/../../lib/x86_64-linux-gnu/gazebo-11/plugins /usr/bin/cmake --build /home/juloau/Desktop/TFG/tfg-jlopez/code/ros2/build/kinematics_interface_kdl -- -j8 -l8
[0.175s] Invoking command in '/home/juloau/Desktop/TFG/tfg-jlopez/code/ros2/build/kinematics_interface_kdl': AMENT_PREFIX_PATH=/home/juloau/Desktop/TFG/tfg-jlopez/code/ros2/install/ros2_control_test_assets:/home/juloau/Desktop/TFG/tfg-jlopez/code/ros2/install/kinematics_interface:${AMENT_PREFIX_PATH} CMAKE_PREFIX_PATH=/home/juloau/Desktop/TFG/tfg-jlopez/code/ros2/install/ros2_control_test_assets:/home/juloau/Desktop/TFG/tfg-jlopez/code/ros2/install/kinematics_interface:/opt/ros/humble LD_LIBRARY_PATH=/home/juloau/Desktop/TFG/tfg-jlopez/code/ros2/install/kinematics_interface/lib:/usr/lib/x86_64-linux-gnu/gazebo-11/plugins:/opt/ros/humble/opt/rviz_ogre_vendor/lib:/opt/ros/humble/lib/x86_64-linux-gnu:/opt/ros/humble/lib:/usr/share/gazebo/../../lib/x86_64-linux-gnu/gazebo-11/plugins /usr/bin/cmake --install /home/juloau/Desktop/TFG/tfg-jlopez/code/ros2/build/kinematics_interface_kdl
[0.179s] -- Install configuration: ""
[0.180s] -- Execute custom install script
[0.181s] -- Up-to-date symlink: /home/juloau/Desktop/TFG/tfg-jlopez/code/ros2/install/kinematics_interface_kdl/share/kinematics_interface_kdl//kinematics_interface_kdl.xml
[0.181s] -- Up-to-date symlink: /home/juloau/Desktop/TFG/tfg-jlopez/code/ros2/install/kinematics_interface_kdl/include/kinematics_interface_kdl/kinematics_interface_kdl/kinematics_interface_kdl.hpp
[0.182s] -- Up-to-date symlink: /home/juloau/Desktop/TFG/tfg-jlopez/code/ros2/install/kinematics_interface_kdl/share/kinematics_interface_kdl/environment/library_path.sh
[0.182s] -- Up-to-date symlink: /home/juloau/Desktop/TFG/tfg-jlopez/code/ros2/install/kinematics_interface_kdl/share/kinematics_interface_kdl/environment/library_path.dsv
[0.183s] -- Up-to-date symlink: /home/juloau/Desktop/TFG/tfg-jlopez/code/ros2/install/kinematics_interface_kdl/share/ament_index/resource_index/package_run_dependencies/kinematics_interface_kdl
[0.183s] -- Up-to-date symlink: /home/juloau/Desktop/TFG/tfg-jlopez/code/ros2/install/kinematics_interface_kdl/share/ament_index/resource_index/parent_prefix_path/kinematics_interface_kdl
[0.184s] -- Up-to-date symlink: /home/juloau/Desktop/TFG/tfg-jlopez/code/ros2/install/kinematics_interface_kdl/share/kinematics_interface_kdl/environment/ament_prefix_path.sh
[0.184s] -- Up-to-date symlink: /home/juloau/Desktop/TFG/tfg-jlopez/code/ros2/install/kinematics_interface_kdl/share/kinematics_interface_kdl/environment/ament_prefix_path.dsv
[0.184s] -- Up-to-date symlink: /home/juloau/Desktop/TFG/tfg-jlopez/code/ros2/install/kinematics_interface_kdl/share/kinematics_interface_kdl/environment/path.sh
[0.184s] -- Up-to-date symlink: /home/juloau/Desktop/TFG/tfg-jlopez/code/ros2/install/kinematics_interface_kdl/share/kinematics_interface_kdl/environment/path.dsv
[0.184s] -- Up-to-date symlink: /home/juloau/Desktop/TFG/tfg-jlopez/code/ros2/install/kinematics_interface_kdl/share/kinematics_interface_kdl/local_setup.bash
[0.185s] -- Up-to-date symlink: /home/juloau/Desktop/TFG/tfg-jlopez/code/ros2/install/kinematics_interface_kdl/share/kinematics_interface_kdl/local_setup.sh
[0.185s] -- Up-to-date symlink: /home/juloau/Desktop/TFG/tfg-jlopez/code/ros2/install/kinematics_interface_kdl/share/kinematics_interface_kdl/local_setup.zsh
[0.185s] -- Up-to-date symlink: /home/juloau/Desktop/TFG/tfg-jlopez/code/ros2/install/kinematics_interface_kdl/share/kinematics_interface_kdl/local_setup.dsv
[0.185s] -- Symlinking: /home/juloau/Desktop/TFG/tfg-jlopez/code/ros2/install/kinematics_interface_kdl/share/kinematics_interface_kdl/package.dsv
[0.193s] -- Up-to-date symlink: /home/juloau/Desktop/TFG/tfg-jlopez/code/ros2/install/kinematics_interface_kdl/share/ament_index/resource_index/packages/kinematics_interface_kdl
[0.193s] -- Up-to-date symlink: /home/juloau/Desktop/TFG/tfg-jlopez/code/ros2/install/kinematics_interface_kdl/share/ament_index/resource_index/kinematics_interface__pluginlib__plugin/kinematics_interface_kdl
[0.194s] -- Up-to-date symlink: /home/juloau/Desktop/TFG/tfg-jlopez/code/ros2/install/kinematics_interface_kdl/share/kinematics_interface_kdl/cmake/ament_cmake_export_targets-extras.cmake
[0.194s] -- Up-to-date symlink: /home/juloau/Desktop/TFG/tfg-jlopez/code/ros2/install/kinematics_interface_kdl/share/kinematics_interface_kdl/cmake/ament_cmake_export_dependencies-extras.cmake
[0.194s] -- Up-to-date symlink: /home/juloau/Desktop/TFG/tfg-jlopez/code/ros2/install/kinematics_interface_kdl/share/kinematics_interface_kdl/cmake/kinematics_interface_kdlConfig.cmake
[0.195s] -- Up-to-date symlink: /home/juloau/Desktop/TFG/tfg-jlopez/code/ros2/install/kinematics_interface_kdl/share/kinematics_interface_kdl/cmake/kinematics_interface_kdlConfig-version.cmake
[0.195s] -- Up-to-date symlink: /home/juloau/Desktop/TFG/tfg-jlopez/code/ros2/install/kinematics_interface_kdl/share/kinematics_interface_kdl/package.xml
[0.196s] -- Up-to-date: /home/juloau/Desktop/TFG/tfg-jlopez/code/ros2/install/kinematics_interface_kdl/lib/libkinematics_interface_kdl.so
[0.196s] -- Up-to-date: /home/juloau/Desktop/TFG/tfg-jlopez/code/ros2/install/kinematics_interface_kdl/share/kinematics_interface_kdl/cmake/export_kinematics_interface_kdlExport.cmake
[0.197s] -- Up-to-date: /home/juloau/Desktop/TFG/tfg-jlopez/code/ros2/install/kinematics_interface_kdl/share/kinematics_interface_kdl/cmake/export_kinematics_interface_kdlExport-noconfig.cmake
[0.199s] Invoked command in '/home/juloau/Desktop/TFG/tfg-jlopez/code/ros2/build/kinematics_interface_kdl' returned '0': AMENT_PREFIX_PATH=/home/juloau/Desktop/TFG/tfg-jlopez/code/ros2/install/ros2_control_test_assets:/home/juloau/Desktop/TFG/tfg-jlopez/code/ros2/install/kinematics_interface:${AMENT_PREFIX_PATH} CMAKE_PREFIX_PATH=/home/juloau/Desktop/TFG/tfg-jlopez/code/ros2/install/ros2_control_test_assets:/home/juloau/Desktop/TFG/tfg-jlopez/code/ros2/install/kinematics_interface:/opt/ros/humble LD_LIBRARY_PATH=/home/juloau/Desktop/TFG/tfg-jlopez/code/ros2/install/kinematics_interface/lib:/usr/lib/x86_64-linux-gnu/gazebo-11/plugins:/opt/ros/humble/opt/rviz_ogre_vendor/lib:/opt/ros/humble/lib/x86_64-linux-gnu:/opt/ros/humble/lib:/usr/share/gazebo/../../lib/x86_64-linux-gnu/gazebo-11/plugins /usr/bin/cmake --install /home/juloau/Desktop/TFG/tfg-jlopez/code/ros2/build/kinematics_interface_kdl
