[1.417s] Invoking command in '/home/juloau/Desktop/TFG/tfg-jlopez/code/ros2/src/pibotj_rr': PYTHONPATH=/home/juloau/Desktop/TFG/tfg-jlopez/code/ros2/build/pibotj_rr/prefix_override:/usr/lib/python3/dist-packages/colcon_core/task/python/colcon_distutils_commands:/home/juloau/Desktop/TFG/tfg-jlopez/code/ros2/install/pibotj_rr/lib/python3.10/site-packages:${PYTHONPATH} /usr/bin/python3 -W ignore:setup.py install is deprecated setup.py egg_info --egg-base ../../build/pibotj_rr build --build-base /home/juloau/Desktop/TFG/tfg-jlopez/code/ros2/build/pibotj_rr/build install --record /home/juloau/Desktop/TFG/tfg-jlopez/code/ros2/build/pibotj_rr/install.log --single-version-externally-managed install_data
[1.977s] running egg_info
[1.978s] writing ../../build/pibotj_rr/pibotj_rr.egg-info/PKG-INFO
[1.978s] writing dependency_links to ../../build/pibotj_rr/pibotj_rr.egg-info/dependency_links.txt
[1.979s] writing entry points to ../../build/pibotj_rr/pibotj_rr.egg-info/entry_points.txt
[1.979s] writing requirements to ../../build/pibotj_rr/pibotj_rr.egg-info/requires.txt
[1.979s] writing top-level names to ../../build/pibotj_rr/pibotj_rr.egg-info/top_level.txt
[1.983s] reading manifest file '../../build/pibotj_rr/pibotj_rr.egg-info/SOURCES.txt'
[1.984s] writing manifest file '../../build/pibotj_rr/pibotj_rr.egg-info/SOURCES.txt'
[1.985s] running build
[1.985s] running build_py
[1.985s] running install
[1.986s] running install_lib
[1.989s] running install_data
[1.992s] running install_egg_info
[1.992s] removing '/home/juloau/Desktop/TFG/tfg-jlopez/code/ros2/install/pibotj_rr/lib/python3.10/site-packages/pibotj_rr-0.0.0-py3.10.egg-info' (and everything under it)
[1.992s] Copying ../../build/pibotj_rr/pibotj_rr.egg-info to /home/juloau/Desktop/TFG/tfg-jlopez/code/ros2/install/pibotj_rr/lib/python3.10/site-packages/pibotj_rr-0.0.0-py3.10.egg-info
[1.994s] running install_scripts
[2.027s] Installing camera_node script to /home/juloau/Desktop/TFG/tfg-jlopez/code/ros2/install/pibotj_rr/lib/pibotj_rr
[2.027s] Installing camera_tfv1_node script to /home/juloau/Desktop/TFG/tfg-jlopez/code/ros2/install/pibotj_rr/lib/pibotj_rr
[2.028s] Installing camera_tfv2_node script to /home/juloau/Desktop/TFG/tfg-jlopez/code/ros2/install/pibotj_rr/lib/pibotj_rr
[2.028s] Installing gps_node script to /home/juloau/Desktop/TFG/tfg-jlopez/code/ros2/install/pibotj_rr/lib/pibotj_rr
[2.028s] Installing motors_controller_node script to /home/juloau/Desktop/TFG/tfg-jlopez/code/ros2/install/pibotj_rr/lib/pibotj_rr
[2.028s] writing list of installed files to '/home/juloau/Desktop/TFG/tfg-jlopez/code/ros2/build/pibotj_rr/install.log'
[2.068s] Invoked command in '/home/juloau/Desktop/TFG/tfg-jlopez/code/ros2/src/pibotj_rr' returned '0': PYTHONPATH=/home/juloau/Desktop/TFG/tfg-jlopez/code/ros2/build/pibotj_rr/prefix_override:/usr/lib/python3/dist-packages/colcon_core/task/python/colcon_distutils_commands:/home/juloau/Desktop/TFG/tfg-jlopez/code/ros2/install/pibotj_rr/lib/python3.10/site-packages:${PYTHONPATH} /usr/bin/python3 -W ignore:setup.py install is deprecated setup.py egg_info --egg-base ../../build/pibotj_rr build --build-base /home/juloau/Desktop/TFG/tfg-jlopez/code/ros2/build/pibotj_rr/build install --record /home/juloau/Desktop/TFG/tfg-jlopez/code/ros2/build/pibotj_rr/install.log --single-version-externally-managed install_data
