[0.122s] DEBUG:colcon:Command line arguments: ['/usr/bin/colcon', 'build']
[0.122s] DEBUG:colcon:Parsed command line arguments: Namespace(log_base=None, log_level=None, verb_name='build', build_base='build', install_base='install', merge_install=False, symlink_install=False, test_result_base=None, continue_on_error=False, executor='parallel', parallel_workers=8, event_handlers=None, ignore_user_meta=False, metas=['./colcon.meta'], base_paths=['.'], packages_ignore=None, packages_ignore_regex=None, paths=None, packages_up_to=None, packages_up_to_regex=None, packages_above=None, packages_above_and_dependencies=None, packages_above_depth=None, packages_select_by_dep=None, packages_skip_by_dep=None, packages_skip_up_to=None, packages_select_build_failed=False, packages_skip_build_finished=False, packages_select_test_failures=False, packages_skip_test_passed=False, packages_select=None, packages_skip=None, packages_select_regex=None, packages_skip_regex=None, packages_start=None, packages_end=None, allow_overriding=[], cmake_args=None, cmake_target=None, cmake_target_skip_unavailable=False, cmake_clean_cache=False, cmake_clean_first=False, cmake_force_configure=False, ament_cmake_args=None, catkin_cmake_args=None, catkin_skip_building_tests=False, verb_parser=<colcon_defaults.argument_parser.defaults.DefaultArgumentsDecorator object at 0x7488c330de40>, verb_extension=<colcon_core.verb.build.BuildVerb object at 0x7488c330d840>, main=<bound method BuildVerb.main of <colcon_core.verb.build.BuildVerb object at 0x7488c330d840>>)
[0.318s] Level 1:colcon.colcon_core.package_discovery:discover_packages(colcon_meta) check parameters
[0.318s] Level 1:colcon.colcon_core.package_discovery:discover_packages(recursive) check parameters
[0.318s] Level 1:colcon.colcon_core.package_discovery:discover_packages(ignore) check parameters
[0.318s] Level 1:colcon.colcon_core.package_discovery:discover_packages(path) check parameters
[0.319s] Level 1:colcon.colcon_core.package_discovery:discover_packages(colcon_meta) discover
[0.319s] Level 1:colcon.colcon_core.package_discovery:discover_packages(recursive) discover
[0.319s] INFO:colcon.colcon_core.package_discovery:Crawling recursively for packages in '/home/juloau/Desktop/TFG/tfg-jlopez/code/ros2'
[0.319s] Level 1:colcon.colcon_core.package_identification:_identify(.) by extensions ['ignore', 'ignore_ament_install']
[0.319s] Level 1:colcon.colcon_core.package_identification:_identify(.) by extension 'ignore'
[0.319s] Level 1:colcon.colcon_core.package_identification:_identify(.) by extension 'ignore_ament_install'
[0.319s] Level 1:colcon.colcon_core.package_identification:_identify(.) by extensions ['colcon_pkg']
[0.319s] Level 1:colcon.colcon_core.package_identification:_identify(.) by extension 'colcon_pkg'
[0.319s] Level 1:colcon.colcon_core.package_identification:_identify(.) by extensions ['colcon_meta']
[0.319s] Level 1:colcon.colcon_core.package_identification:_identify(.) by extension 'colcon_meta'
[0.319s] Level 1:colcon.colcon_core.package_identification:_identify(.) by extensions ['ros']
[0.319s] Level 1:colcon.colcon_core.package_identification:_identify(.) by extension 'ros'
[0.330s] Level 1:colcon.colcon_core.package_identification:_identify(.) by extensions ['cmake', 'python']
[0.330s] Level 1:colcon.colcon_core.package_identification:_identify(.) by extension 'cmake'
[0.330s] Level 1:colcon.colcon_core.package_identification:_identify(.) by extension 'python'
[0.331s] Level 1:colcon.colcon_core.package_identification:_identify(.) by extensions ['python_setup_py']
[0.331s] Level 1:colcon.colcon_core.package_identification:_identify(.) by extension 'python_setup_py'
[0.331s] Level 1:colcon.colcon_core.package_identification:_identify(build) by extensions ['ignore', 'ignore_ament_install']
[0.331s] Level 1:colcon.colcon_core.package_identification:_identify(build) by extension 'ignore'
[0.331s] Level 1:colcon.colcon_core.package_identification:_identify(build) ignored
[0.331s] Level 1:colcon.colcon_core.package_identification:_identify(install) by extensions ['ignore', 'ignore_ament_install']
[0.331s] Level 1:colcon.colcon_core.package_identification:_identify(install) by extension 'ignore'
[0.331s] Level 1:colcon.colcon_core.package_identification:_identify(install) ignored
[0.331s] Level 1:colcon.colcon_core.package_identification:_identify(log) by extensions ['ignore', 'ignore_ament_install']
[0.331s] Level 1:colcon.colcon_core.package_identification:_identify(log) by extension 'ignore'
[0.331s] Level 1:colcon.colcon_core.package_identification:_identify(log) ignored
[0.331s] Level 1:colcon.colcon_core.package_identification:_identify(src) by extensions ['ignore', 'ignore_ament_install']
[0.331s] Level 1:colcon.colcon_core.package_identification:_identify(src) by extension 'ignore'
[0.332s] Level 1:colcon.colcon_core.package_identification:_identify(src) by extension 'ignore_ament_install'
[0.332s] Level 1:colcon.colcon_core.package_identification:_identify(src) by extensions ['colcon_pkg']
[0.332s] Level 1:colcon.colcon_core.package_identification:_identify(src) by extension 'colcon_pkg'
[0.332s] Level 1:colcon.colcon_core.package_identification:_identify(src) by extensions ['colcon_meta']
[0.332s] Level 1:colcon.colcon_core.package_identification:_identify(src) by extension 'colcon_meta'
[0.332s] Level 1:colcon.colcon_core.package_identification:_identify(src) by extensions ['ros']
[0.332s] Level 1:colcon.colcon_core.package_identification:_identify(src) by extension 'ros'
[0.332s] Level 1:colcon.colcon_core.package_identification:_identify(src) by extensions ['cmake', 'python']
[0.332s] Level 1:colcon.colcon_core.package_identification:_identify(src) by extension 'cmake'
[0.332s] Level 1:colcon.colcon_core.package_identification:_identify(src) by extension 'python'
[0.332s] Level 1:colcon.colcon_core.package_identification:_identify(src) by extensions ['python_setup_py']
[0.332s] Level 1:colcon.colcon_core.package_identification:_identify(src) by extension 'python_setup_py'
[0.332s] Level 1:colcon.colcon_core.package_identification:_identify(src/pibotj_urdf_complete) by extensions ['ignore', 'ignore_ament_install']
[0.332s] Level 1:colcon.colcon_core.package_identification:_identify(src/pibotj_urdf_complete) by extension 'ignore'
[0.332s] Level 1:colcon.colcon_core.package_identification:_identify(src/pibotj_urdf_complete) by extension 'ignore_ament_install'
[0.332s] Level 1:colcon.colcon_core.package_identification:_identify(src/pibotj_urdf_complete) by extensions ['colcon_pkg']
[0.332s] Level 1:colcon.colcon_core.package_identification:_identify(src/pibotj_urdf_complete) by extension 'colcon_pkg'
[0.332s] Level 1:colcon.colcon_core.package_identification:_identify(src/pibotj_urdf_complete) by extensions ['colcon_meta']
[0.333s] Level 1:colcon.colcon_core.package_identification:_identify(src/pibotj_urdf_complete) by extension 'colcon_meta'
[0.333s] Level 1:colcon.colcon_core.package_identification:_identify(src/pibotj_urdf_complete) by extensions ['ros']
[0.333s] Level 1:colcon.colcon_core.package_identification:_identify(src/pibotj_urdf_complete) by extension 'ros'
[0.335s] DEBUG:colcon.colcon_core.package_identification:Package 'src/pibotj_urdf_complete' with type 'ros.ament_cmake' and name 'pibotj_urdf_complete'
[0.335s] Level 1:colcon.colcon_core.package_identification:_identify(src/urdf_humble_test) by extensions ['ignore', 'ignore_ament_install']
[0.335s] Level 1:colcon.colcon_core.package_identification:_identify(src/urdf_humble_test) by extension 'ignore'
[0.335s] Level 1:colcon.colcon_core.package_identification:_identify(src/urdf_humble_test) by extension 'ignore_ament_install'
[0.335s] Level 1:colcon.colcon_core.package_identification:_identify(src/urdf_humble_test) by extensions ['colcon_pkg']
[0.336s] Level 1:colcon.colcon_core.package_identification:_identify(src/urdf_humble_test) by extension 'colcon_pkg'
[0.336s] Level 1:colcon.colcon_core.package_identification:_identify(src/urdf_humble_test) by extensions ['colcon_meta']
[0.336s] Level 1:colcon.colcon_core.package_identification:_identify(src/urdf_humble_test) by extension 'colcon_meta'
[0.336s] Level 1:colcon.colcon_core.package_identification:_identify(src/urdf_humble_test) by extensions ['ros']
[0.336s] Level 1:colcon.colcon_core.package_identification:_identify(src/urdf_humble_test) by extension 'ros'
[0.336s] DEBUG:colcon.colcon_core.package_identification:Package 'src/urdf_humble_test' with type 'ros.ament_cmake' and name 'urdf_humble_test'
[0.336s] Level 1:colcon.colcon_core.package_discovery:discover_packages(recursive) using defaults
[0.337s] Level 1:colcon.colcon_core.package_discovery:discover_packages(ignore) discover
[0.337s] Level 1:colcon.colcon_core.package_discovery:discover_packages(ignore) using defaults
[0.337s] Level 1:colcon.colcon_core.package_discovery:discover_packages(path) discover
[0.337s] Level 1:colcon.colcon_core.package_discovery:discover_packages(path) using defaults
[0.360s] Level 1:colcon.colcon_core.package_discovery:discover_packages(prefix_path) check parameters
[0.360s] Level 1:colcon.colcon_core.package_discovery:discover_packages(prefix_path) discover
[0.361s] WARNING:colcon.colcon_ros.prefix_path.ament:The path '/home/juloau/Desktop/TFG/tfg-jlopez/code/ros2/install/urdf_humble_test' in the environment variable AMENT_PREFIX_PATH doesn't exist
[0.361s] WARNING:colcon.colcon_ros.prefix_path.ament:The path '/home/juloau/Desktop/TFG/tfg-jlopez/code/ros2/install/pibotj_urdf_complete' in the environment variable AMENT_PREFIX_PATH doesn't exist
[0.361s] WARNING:colcon.colcon_ros.prefix_path.catkin:The path '/home/juloau/Desktop/TFG/tfg-jlopez/code/ros2/install/urdf_humble_test' in the environment variable CMAKE_PREFIX_PATH doesn't exist
[0.361s] WARNING:colcon.colcon_ros.prefix_path.catkin:The path '/home/juloau/Desktop/TFG/tfg-jlopez/code/ros2/install/pibotj_urdf_complete' in the environment variable CMAKE_PREFIX_PATH doesn't exist
[0.370s] DEBUG:colcon.colcon_installed_package_information.package_discovery:Found 0 installed packages in /home/juloau/Desktop/TFG/tfg-jlopez/code/ros2/install
[0.373s] DEBUG:colcon.colcon_installed_package_information.package_discovery:Found 461 installed packages in /opt/ros/humble
[0.375s] Level 1:colcon.colcon_core.package_discovery:discover_packages(prefix_path) using defaults
[0.454s] Level 5:colcon.colcon_core.verb:set package 'pibotj_urdf_complete' build argument 'cmake_args' from command line to 'None'
[0.454s] Level 5:colcon.colcon_core.verb:set package 'pibotj_urdf_complete' build argument 'cmake_target' from command line to 'None'
[0.454s] Level 5:colcon.colcon_core.verb:set package 'pibotj_urdf_complete' build argument 'cmake_target_skip_unavailable' from command line to 'False'
[0.454s] Level 5:colcon.colcon_core.verb:set package 'pibotj_urdf_complete' build argument 'cmake_clean_cache' from command line to 'False'
[0.454s] Level 5:colcon.colcon_core.verb:set package 'pibotj_urdf_complete' build argument 'cmake_clean_first' from command line to 'False'
[0.454s] Level 5:colcon.colcon_core.verb:set package 'pibotj_urdf_complete' build argument 'cmake_force_configure' from command line to 'False'
[0.454s] Level 5:colcon.colcon_core.verb:set package 'pibotj_urdf_complete' build argument 'ament_cmake_args' from command line to 'None'
[0.454s] Level 5:colcon.colcon_core.verb:set package 'pibotj_urdf_complete' build argument 'catkin_cmake_args' from command line to 'None'
[0.454s] Level 5:colcon.colcon_core.verb:set package 'pibotj_urdf_complete' build argument 'catkin_skip_building_tests' from command line to 'False'
[0.455s] DEBUG:colcon.colcon_core.verb:Building package 'pibotj_urdf_complete' with the following arguments: {'ament_cmake_args': None, 'build_base': '/home/juloau/Desktop/TFG/tfg-jlopez/code/ros2/build/pibotj_urdf_complete', 'catkin_cmake_args': None, 'catkin_skip_building_tests': False, 'cmake_args': None, 'cmake_clean_cache': False, 'cmake_clean_first': False, 'cmake_force_configure': False, 'cmake_target': None, 'cmake_target_skip_unavailable': False, 'install_base': '/home/juloau/Desktop/TFG/tfg-jlopez/code/ros2/install/pibotj_urdf_complete', 'merge_install': False, 'path': '/home/juloau/Desktop/TFG/tfg-jlopez/code/ros2/src/pibotj_urdf_complete', 'symlink_install': False, 'test_result_base': None}
[0.455s] Level 5:colcon.colcon_core.verb:set package 'urdf_humble_test' build argument 'cmake_args' from command line to 'None'
[0.455s] Level 5:colcon.colcon_core.verb:set package 'urdf_humble_test' build argument 'cmake_target' from command line to 'None'
[0.455s] Level 5:colcon.colcon_core.verb:set package 'urdf_humble_test' build argument 'cmake_target_skip_unavailable' from command line to 'False'
[0.455s] Level 5:colcon.colcon_core.verb:set package 'urdf_humble_test' build argument 'cmake_clean_cache' from command line to 'False'
[0.455s] Level 5:colcon.colcon_core.verb:set package 'urdf_humble_test' build argument 'cmake_clean_first' from command line to 'False'
[0.455s] Level 5:colcon.colcon_core.verb:set package 'urdf_humble_test' build argument 'cmake_force_configure' from command line to 'False'
[0.455s] Level 5:colcon.colcon_core.verb:set package 'urdf_humble_test' build argument 'ament_cmake_args' from command line to 'None'
[0.455s] Level 5:colcon.colcon_core.verb:set package 'urdf_humble_test' build argument 'catkin_cmake_args' from command line to 'None'
[0.455s] Level 5:colcon.colcon_core.verb:set package 'urdf_humble_test' build argument 'catkin_skip_building_tests' from command line to 'False'
[0.455s] DEBUG:colcon.colcon_core.verb:Building package 'urdf_humble_test' with the following arguments: {'ament_cmake_args': None, 'build_base': '/home/juloau/Desktop/TFG/tfg-jlopez/code/ros2/build/urdf_humble_test', 'catkin_cmake_args': None, 'catkin_skip_building_tests': False, 'cmake_args': None, 'cmake_clean_cache': False, 'cmake_clean_first': False, 'cmake_force_configure': False, 'cmake_target': None, 'cmake_target_skip_unavailable': False, 'install_base': '/home/juloau/Desktop/TFG/tfg-jlopez/code/ros2/install/urdf_humble_test', 'merge_install': False, 'path': '/home/juloau/Desktop/TFG/tfg-jlopez/code/ros2/src/urdf_humble_test', 'symlink_install': False, 'test_result_base': None}
[0.455s] INFO:colcon.colcon_core.executor:Executing jobs using 'parallel' executor
[0.456s] DEBUG:colcon.colcon_parallel_executor.executor.parallel:run_until_complete
[0.456s] INFO:colcon.colcon_ros.task.ament_cmake.build:Building ROS package in '/home/juloau/Desktop/TFG/tfg-jlopez/code/ros2/src/pibotj_urdf_complete' with build type 'ament_cmake'
[0.457s] INFO:colcon.colcon_cmake.task.cmake.build:Building CMake package in '/home/juloau/Desktop/TFG/tfg-jlopez/code/ros2/src/pibotj_urdf_complete'
[0.459s] INFO:colcon.colcon_core.plugin_system:Skipping extension 'colcon_core.shell.bat': Not used on non-Windows systems
[0.459s] INFO:colcon.colcon_core.shell:Skip shell extension 'powershell' for command environment: Not usable outside of PowerShell
[0.459s] DEBUG:colcon.colcon_core.shell:Skip shell extension 'dsv' for command environment
[0.462s] INFO:colcon.colcon_ros.task.ament_cmake.build:Building ROS package in '/home/juloau/Desktop/TFG/tfg-jlopez/code/ros2/src/urdf_humble_test' with build type 'ament_cmake'
[0.462s] INFO:colcon.colcon_cmake.task.cmake.build:Building CMake package in '/home/juloau/Desktop/TFG/tfg-jlopez/code/ros2/src/urdf_humble_test'
[0.463s] INFO:colcon.colcon_core.shell:Skip shell extension 'powershell' for command environment: Not usable outside of PowerShell
[0.463s] DEBUG:colcon.colcon_core.shell:Skip shell extension 'dsv' for command environment
[0.471s] DEBUG:colcon.colcon_core.event_handler.log_command:Invoking command in '/home/juloau/Desktop/TFG/tfg-jlopez/code/ros2/build/pibotj_urdf_complete': CMAKE_PREFIX_PATH=${CMAKE_PREFIX_PATH}:/opt/ros/humble /usr/bin/cmake /home/juloau/Desktop/TFG/tfg-jlopez/code/ros2/src/pibotj_urdf_complete -DCMAKE_INSTALL_PREFIX=/home/juloau/Desktop/TFG/tfg-jlopez/code/ros2/install/pibotj_urdf_complete
[0.473s] DEBUG:colcon.colcon_core.event_handler.log_command:Invoking command in '/home/juloau/Desktop/TFG/tfg-jlopez/code/ros2/build/urdf_humble_test': CMAKE_PREFIX_PATH=${CMAKE_PREFIX_PATH}:/opt/ros/humble /usr/bin/cmake /home/juloau/Desktop/TFG/tfg-jlopez/code/ros2/src/urdf_humble_test -DCMAKE_INSTALL_PREFIX=/home/juloau/Desktop/TFG/tfg-jlopez/code/ros2/install/urdf_humble_test
[1.118s] DEBUG:colcon.colcon_core.event_handler.log_command:Invoked command in '/home/juloau/Desktop/TFG/tfg-jlopez/code/ros2/build/urdf_humble_test' returned '0': CMAKE_PREFIX_PATH=${CMAKE_PREFIX_PATH}:/opt/ros/humble /usr/bin/cmake /home/juloau/Desktop/TFG/tfg-jlopez/code/ros2/src/urdf_humble_test -DCMAKE_INSTALL_PREFIX=/home/juloau/Desktop/TFG/tfg-jlopez/code/ros2/install/urdf_humble_test
[1.119s] DEBUG:colcon.colcon_core.event_handler.log_command:Invoking command in '/home/juloau/Desktop/TFG/tfg-jlopez/code/ros2/build/urdf_humble_test': CMAKE_PREFIX_PATH=${CMAKE_PREFIX_PATH}:/opt/ros/humble /usr/bin/cmake --build /home/juloau/Desktop/TFG/tfg-jlopez/code/ros2/build/urdf_humble_test -- -j8 -l8
[1.120s] DEBUG:colcon.colcon_core.event_handler.log_command:Invoked command in '/home/juloau/Desktop/TFG/tfg-jlopez/code/ros2/build/pibotj_urdf_complete' returned '0': CMAKE_PREFIX_PATH=${CMAKE_PREFIX_PATH}:/opt/ros/humble /usr/bin/cmake /home/juloau/Desktop/TFG/tfg-jlopez/code/ros2/src/pibotj_urdf_complete -DCMAKE_INSTALL_PREFIX=/home/juloau/Desktop/TFG/tfg-jlopez/code/ros2/install/pibotj_urdf_complete
[1.121s] DEBUG:colcon.colcon_core.event_handler.log_command:Invoking command in '/home/juloau/Desktop/TFG/tfg-jlopez/code/ros2/build/pibotj_urdf_complete': CMAKE_PREFIX_PATH=${CMAKE_PREFIX_PATH}:/opt/ros/humble /usr/bin/cmake --build /home/juloau/Desktop/TFG/tfg-jlopez/code/ros2/build/pibotj_urdf_complete -- -j8 -l8
[1.154s] DEBUG:colcon.colcon_core.event_handler.log_command:Invoked command in '/home/juloau/Desktop/TFG/tfg-jlopez/code/ros2/build/urdf_humble_test' returned '0': CMAKE_PREFIX_PATH=${CMAKE_PREFIX_PATH}:/opt/ros/humble /usr/bin/cmake --build /home/juloau/Desktop/TFG/tfg-jlopez/code/ros2/build/urdf_humble_test -- -j8 -l8
[1.156s] DEBUG:colcon.colcon_core.event_handler.log_command:Invoked command in '/home/juloau/Desktop/TFG/tfg-jlopez/code/ros2/build/pibotj_urdf_complete' returned '0': CMAKE_PREFIX_PATH=${CMAKE_PREFIX_PATH}:/opt/ros/humble /usr/bin/cmake --build /home/juloau/Desktop/TFG/tfg-jlopez/code/ros2/build/pibotj_urdf_complete -- -j8 -l8
[1.182s] DEBUG:colcon.colcon_core.event_handler.log_command:Invoking command in '/home/juloau/Desktop/TFG/tfg-jlopez/code/ros2/build/urdf_humble_test': CMAKE_PREFIX_PATH=${CMAKE_PREFIX_PATH}:/opt/ros/humble /usr/bin/cmake --install /home/juloau/Desktop/TFG/tfg-jlopez/code/ros2/build/urdf_humble_test
[1.184s] DEBUG:colcon.colcon_core.event_handler.log_command:Invoking command in '/home/juloau/Desktop/TFG/tfg-jlopez/code/ros2/build/pibotj_urdf_complete': CMAKE_PREFIX_PATH=${CMAKE_PREFIX_PATH}:/opt/ros/humble /usr/bin/cmake --install /home/juloau/Desktop/TFG/tfg-jlopez/code/ros2/build/pibotj_urdf_complete
[1.194s] Level 1:colcon.colcon_core.environment:create_environment_scripts_only(urdf_humble_test)
[1.195s] DEBUG:colcon.colcon_core.event_handler.log_command:Invoked command in '/home/juloau/Desktop/TFG/tfg-jlopez/code/ros2/build/urdf_humble_test' returned '0': CMAKE_PREFIX_PATH=${CMAKE_PREFIX_PATH}:/opt/ros/humble /usr/bin/cmake --install /home/juloau/Desktop/TFG/tfg-jlopez/code/ros2/build/urdf_humble_test
[1.197s] Level 1:colcon.colcon_core.environment:checking '/home/juloau/Desktop/TFG/tfg-jlopez/code/ros2/install/urdf_humble_test' for CMake module files
[1.198s] Level 1:colcon.colcon_core.environment:checking '/home/juloau/Desktop/TFG/tfg-jlopez/code/ros2/install/urdf_humble_test' for CMake config files
[1.199s] Level 1:colcon.colcon_core.shell:create_environment_hook('urdf_humble_test', 'cmake_prefix_path')
[1.199s] INFO:colcon.colcon_core.shell:Creating environment hook '/home/juloau/Desktop/TFG/tfg-jlopez/code/ros2/install/urdf_humble_test/share/urdf_humble_test/hook/cmake_prefix_path.ps1'
[1.200s] INFO:colcon.colcon_core.shell:Creating environment descriptor '/home/juloau/Desktop/TFG/tfg-jlopez/code/ros2/install/urdf_humble_test/share/urdf_humble_test/hook/cmake_prefix_path.dsv'
[1.200s] INFO:colcon.colcon_core.shell:Creating environment hook '/home/juloau/Desktop/TFG/tfg-jlopez/code/ros2/install/urdf_humble_test/share/urdf_humble_test/hook/cmake_prefix_path.sh'
[1.201s] Level 1:colcon.colcon_core.environment:checking '/home/juloau/Desktop/TFG/tfg-jlopez/code/ros2/install/urdf_humble_test/bin'
[1.201s] Level 1:colcon.colcon_core.environment:checking '/home/juloau/Desktop/TFG/tfg-jlopez/code/ros2/install/urdf_humble_test/lib/pkgconfig/urdf_humble_test.pc'
[1.201s] Level 1:colcon.colcon_core.environment:checking '/home/juloau/Desktop/TFG/tfg-jlopez/code/ros2/install/urdf_humble_test/lib/python3.10/site-packages'
[1.202s] Level 1:colcon.colcon_core.environment:checking '/home/juloau/Desktop/TFG/tfg-jlopez/code/ros2/install/urdf_humble_test/bin'
[1.202s] INFO:colcon.colcon_core.shell:Creating package script '/home/juloau/Desktop/TFG/tfg-jlopez/code/ros2/install/urdf_humble_test/share/urdf_humble_test/package.ps1'
[1.203s] INFO:colcon.colcon_core.shell:Creating package descriptor '/home/juloau/Desktop/TFG/tfg-jlopez/code/ros2/install/urdf_humble_test/share/urdf_humble_test/package.dsv'
[1.203s] INFO:colcon.colcon_core.shell:Creating package script '/home/juloau/Desktop/TFG/tfg-jlopez/code/ros2/install/urdf_humble_test/share/urdf_humble_test/package.sh'
[1.204s] INFO:colcon.colcon_core.shell:Creating package script '/home/juloau/Desktop/TFG/tfg-jlopez/code/ros2/install/urdf_humble_test/share/urdf_humble_test/package.bash'
[1.204s] INFO:colcon.colcon_core.shell:Creating package script '/home/juloau/Desktop/TFG/tfg-jlopez/code/ros2/install/urdf_humble_test/share/urdf_humble_test/package.zsh'
[1.205s] Level 1:colcon.colcon_core.environment:create_file_with_runtime_dependencies(/home/juloau/Desktop/TFG/tfg-jlopez/code/ros2/install/urdf_humble_test/share/colcon-core/packages/urdf_humble_test)
[1.206s] Level 1:colcon.colcon_core.environment:create_environment_scripts_only(pibotj_urdf_complete)
[1.206s] Level 1:colcon.colcon_core.environment:checking '/home/juloau/Desktop/TFG/tfg-jlopez/code/ros2/install/pibotj_urdf_complete' for CMake module files
[1.207s] DEBUG:colcon.colcon_core.event_handler.log_command:Invoked command in '/home/juloau/Desktop/TFG/tfg-jlopez/code/ros2/build/pibotj_urdf_complete' returned '0': CMAKE_PREFIX_PATH=${CMAKE_PREFIX_PATH}:/opt/ros/humble /usr/bin/cmake --install /home/juloau/Desktop/TFG/tfg-jlopez/code/ros2/build/pibotj_urdf_complete
[1.207s] Level 1:colcon.colcon_core.environment:checking '/home/juloau/Desktop/TFG/tfg-jlopez/code/ros2/install/pibotj_urdf_complete' for CMake config files
[1.207s] Level 1:colcon.colcon_core.shell:create_environment_hook('pibotj_urdf_complete', 'cmake_prefix_path')
[1.208s] INFO:colcon.colcon_core.shell:Creating environment hook '/home/juloau/Desktop/TFG/tfg-jlopez/code/ros2/install/pibotj_urdf_complete/share/pibotj_urdf_complete/hook/cmake_prefix_path.ps1'
[1.208s] INFO:colcon.colcon_core.shell:Creating environment descriptor '/home/juloau/Desktop/TFG/tfg-jlopez/code/ros2/install/pibotj_urdf_complete/share/pibotj_urdf_complete/hook/cmake_prefix_path.dsv'
[1.208s] INFO:colcon.colcon_core.shell:Creating environment hook '/home/juloau/Desktop/TFG/tfg-jlopez/code/ros2/install/pibotj_urdf_complete/share/pibotj_urdf_complete/hook/cmake_prefix_path.sh'
[1.209s] Level 1:colcon.colcon_core.environment:checking '/home/juloau/Desktop/TFG/tfg-jlopez/code/ros2/install/pibotj_urdf_complete/bin'
[1.209s] Level 1:colcon.colcon_core.environment:checking '/home/juloau/Desktop/TFG/tfg-jlopez/code/ros2/install/pibotj_urdf_complete/lib/pkgconfig/pibotj_urdf_complete.pc'
[1.209s] Level 1:colcon.colcon_core.environment:checking '/home/juloau/Desktop/TFG/tfg-jlopez/code/ros2/install/pibotj_urdf_complete/lib/python3.10/site-packages'
[1.209s] Level 1:colcon.colcon_core.environment:checking '/home/juloau/Desktop/TFG/tfg-jlopez/code/ros2/install/pibotj_urdf_complete/bin'
[1.209s] INFO:colcon.colcon_core.shell:Creating package script '/home/juloau/Desktop/TFG/tfg-jlopez/code/ros2/install/pibotj_urdf_complete/share/pibotj_urdf_complete/package.ps1'
[1.210s] INFO:colcon.colcon_core.shell:Creating package descriptor '/home/juloau/Desktop/TFG/tfg-jlopez/code/ros2/install/pibotj_urdf_complete/share/pibotj_urdf_complete/package.dsv'
[1.210s] INFO:colcon.colcon_core.shell:Creating package script '/home/juloau/Desktop/TFG/tfg-jlopez/code/ros2/install/pibotj_urdf_complete/share/pibotj_urdf_complete/package.sh'
[1.210s] INFO:colcon.colcon_core.shell:Creating package script '/home/juloau/Desktop/TFG/tfg-jlopez/code/ros2/install/pibotj_urdf_complete/share/pibotj_urdf_complete/package.bash'
[1.211s] INFO:colcon.colcon_core.shell:Creating package script '/home/juloau/Desktop/TFG/tfg-jlopez/code/ros2/install/pibotj_urdf_complete/share/pibotj_urdf_complete/package.zsh'
[1.211s] Level 1:colcon.colcon_core.environment:create_file_with_runtime_dependencies(/home/juloau/Desktop/TFG/tfg-jlopez/code/ros2/install/pibotj_urdf_complete/share/colcon-core/packages/pibotj_urdf_complete)
[1.224s] Level 1:colcon.colcon_core.environment:create_environment_scripts_only(urdf_humble_test)
[1.224s] Level 1:colcon.colcon_core.environment:checking '/home/juloau/Desktop/TFG/tfg-jlopez/code/ros2/install/urdf_humble_test' for CMake module files
[1.225s] Level 1:colcon.colcon_core.environment:checking '/home/juloau/Desktop/TFG/tfg-jlopez/code/ros2/install/urdf_humble_test' for CMake config files
[1.225s] Level 1:colcon.colcon_core.shell:create_environment_hook('urdf_humble_test', 'cmake_prefix_path')
[1.225s] INFO:colcon.colcon_core.shell:Creating environment hook '/home/juloau/Desktop/TFG/tfg-jlopez/code/ros2/install/urdf_humble_test/share/urdf_humble_test/hook/cmake_prefix_path.ps1'
[1.225s] INFO:colcon.colcon_core.shell:Creating environment descriptor '/home/juloau/Desktop/TFG/tfg-jlopez/code/ros2/install/urdf_humble_test/share/urdf_humble_test/hook/cmake_prefix_path.dsv'
[1.226s] INFO:colcon.colcon_core.shell:Creating environment hook '/home/juloau/Desktop/TFG/tfg-jlopez/code/ros2/install/urdf_humble_test/share/urdf_humble_test/hook/cmake_prefix_path.sh'
[1.226s] Level 1:colcon.colcon_core.environment:checking '/home/juloau/Desktop/TFG/tfg-jlopez/code/ros2/install/urdf_humble_test/bin'
[1.226s] Level 1:colcon.colcon_core.environment:checking '/home/juloau/Desktop/TFG/tfg-jlopez/code/ros2/install/urdf_humble_test/lib/pkgconfig/urdf_humble_test.pc'
[1.226s] Level 1:colcon.colcon_core.environment:checking '/home/juloau/Desktop/TFG/tfg-jlopez/code/ros2/install/urdf_humble_test/lib/python3.10/site-packages'
[1.226s] Level 1:colcon.colcon_core.environment:checking '/home/juloau/Desktop/TFG/tfg-jlopez/code/ros2/install/urdf_humble_test/bin'
[1.227s] INFO:colcon.colcon_core.shell:Creating package script '/home/juloau/Desktop/TFG/tfg-jlopez/code/ros2/install/urdf_humble_test/share/urdf_humble_test/package.ps1'
[1.227s] INFO:colcon.colcon_core.shell:Creating package descriptor '/home/juloau/Desktop/TFG/tfg-jlopez/code/ros2/install/urdf_humble_test/share/urdf_humble_test/package.dsv'
[1.228s] INFO:colcon.colcon_core.shell:Creating package script '/home/juloau/Desktop/TFG/tfg-jlopez/code/ros2/install/urdf_humble_test/share/urdf_humble_test/package.sh'
[1.228s] INFO:colcon.colcon_core.shell:Creating package script '/home/juloau/Desktop/TFG/tfg-jlopez/code/ros2/install/urdf_humble_test/share/urdf_humble_test/package.bash'
[1.228s] INFO:colcon.colcon_core.shell:Creating package script '/home/juloau/Desktop/TFG/tfg-jlopez/code/ros2/install/urdf_humble_test/share/urdf_humble_test/package.zsh'
[1.229s] Level 1:colcon.colcon_core.environment:create_file_with_runtime_dependencies(/home/juloau/Desktop/TFG/tfg-jlopez/code/ros2/install/urdf_humble_test/share/colcon-core/packages/urdf_humble_test)
[1.230s] Level 1:colcon.colcon_core.environment:create_environment_scripts_only(pibotj_urdf_complete)
[1.230s] Level 1:colcon.colcon_core.environment:checking '/home/juloau/Desktop/TFG/tfg-jlopez/code/ros2/install/pibotj_urdf_complete' for CMake module files
[1.231s] Level 1:colcon.colcon_core.environment:checking '/home/juloau/Desktop/TFG/tfg-jlopez/code/ros2/install/pibotj_urdf_complete' for CMake config files
[1.231s] Level 1:colcon.colcon_core.shell:create_environment_hook('pibotj_urdf_complete', 'cmake_prefix_path')
[1.231s] INFO:colcon.colcon_core.shell:Creating environment hook '/home/juloau/Desktop/TFG/tfg-jlopez/code/ros2/install/pibotj_urdf_complete/share/pibotj_urdf_complete/hook/cmake_prefix_path.ps1'
[1.231s] INFO:colcon.colcon_core.shell:Creating environment descriptor '/home/juloau/Desktop/TFG/tfg-jlopez/code/ros2/install/pibotj_urdf_complete/share/pibotj_urdf_complete/hook/cmake_prefix_path.dsv'
[1.232s] INFO:colcon.colcon_core.shell:Creating environment hook '/home/juloau/Desktop/TFG/tfg-jlopez/code/ros2/install/pibotj_urdf_complete/share/pibotj_urdf_complete/hook/cmake_prefix_path.sh'
[1.232s] Level 1:colcon.colcon_core.environment:checking '/home/juloau/Desktop/TFG/tfg-jlopez/code/ros2/install/pibotj_urdf_complete/bin'
[1.232s] Level 1:colcon.colcon_core.environment:checking '/home/juloau/Desktop/TFG/tfg-jlopez/code/ros2/install/pibotj_urdf_complete/lib/pkgconfig/pibotj_urdf_complete.pc'
[1.233s] Level 1:colcon.colcon_core.environment:checking '/home/juloau/Desktop/TFG/tfg-jlopez/code/ros2/install/pibotj_urdf_complete/lib/python3.10/site-packages'
[1.233s] Level 1:colcon.colcon_core.environment:checking '/home/juloau/Desktop/TFG/tfg-jlopez/code/ros2/install/pibotj_urdf_complete/bin'
[1.233s] INFO:colcon.colcon_core.shell:Creating package script '/home/juloau/Desktop/TFG/tfg-jlopez/code/ros2/install/pibotj_urdf_complete/share/pibotj_urdf_complete/package.ps1'
[1.234s] INFO:colcon.colcon_core.shell:Creating package descriptor '/home/juloau/Desktop/TFG/tfg-jlopez/code/ros2/install/pibotj_urdf_complete/share/pibotj_urdf_complete/package.dsv'
[1.234s] INFO:colcon.colcon_core.shell:Creating package script '/home/juloau/Desktop/TFG/tfg-jlopez/code/ros2/install/pibotj_urdf_complete/share/pibotj_urdf_complete/package.sh'
[1.234s] INFO:colcon.colcon_core.shell:Creating package script '/home/juloau/Desktop/TFG/tfg-jlopez/code/ros2/install/pibotj_urdf_complete/share/pibotj_urdf_complete/package.bash'
[1.235s] INFO:colcon.colcon_core.shell:Creating package script '/home/juloau/Desktop/TFG/tfg-jlopez/code/ros2/install/pibotj_urdf_complete/share/pibotj_urdf_complete/package.zsh'
[1.235s] Level 1:colcon.colcon_core.environment:create_file_with_runtime_dependencies(/home/juloau/Desktop/TFG/tfg-jlopez/code/ros2/install/pibotj_urdf_complete/share/colcon-core/packages/pibotj_urdf_complete)
[1.235s] DEBUG:colcon.colcon_parallel_executor.executor.parallel:closing loop
[1.235s] DEBUG:colcon.colcon_parallel_executor.executor.parallel:loop closed
[1.235s] DEBUG:colcon.colcon_parallel_executor.executor.parallel:run_until_complete finished with '0'
[1.235s] DEBUG:colcon.colcon_core.event_reactor:joining thread
[1.242s] INFO:colcon.colcon_core.plugin_system:Skipping extension 'colcon_notification.desktop_notification.terminal_notifier': Not used on non-Darwin systems
[1.242s] INFO:colcon.colcon_core.plugin_system:Skipping extension 'colcon_notification.desktop_notification.win32': Not used on non-Windows systems
[1.242s] INFO:colcon.colcon_notification.desktop_notification:Sending desktop notification using 'notify2'
[1.267s] DEBUG:colcon.colcon_core.event_reactor:joined thread
[1.268s] INFO:colcon.colcon_core.shell:Creating prefix script '/home/juloau/Desktop/TFG/tfg-jlopez/code/ros2/install/local_setup.ps1'
[1.270s] INFO:colcon.colcon_core.shell:Creating prefix util module '/home/juloau/Desktop/TFG/tfg-jlopez/code/ros2/install/_local_setup_util_ps1.py'
[1.273s] INFO:colcon.colcon_core.shell:Creating prefix chain script '/home/juloau/Desktop/TFG/tfg-jlopez/code/ros2/install/setup.ps1'
[1.275s] INFO:colcon.colcon_core.shell:Creating prefix script '/home/juloau/Desktop/TFG/tfg-jlopez/code/ros2/install/local_setup.sh'
[1.276s] INFO:colcon.colcon_core.shell:Creating prefix util module '/home/juloau/Desktop/TFG/tfg-jlopez/code/ros2/install/_local_setup_util_sh.py'
[1.277s] INFO:colcon.colcon_core.shell:Creating prefix chain script '/home/juloau/Desktop/TFG/tfg-jlopez/code/ros2/install/setup.sh'
[1.278s] INFO:colcon.colcon_core.shell:Creating prefix script '/home/juloau/Desktop/TFG/tfg-jlopez/code/ros2/install/local_setup.bash'
[1.279s] INFO:colcon.colcon_core.shell:Creating prefix chain script '/home/juloau/Desktop/TFG/tfg-jlopez/code/ros2/install/setup.bash'
[1.280s] INFO:colcon.colcon_core.shell:Creating prefix script '/home/juloau/Desktop/TFG/tfg-jlopez/code/ros2/install/local_setup.zsh'
[1.281s] INFO:colcon.colcon_core.shell:Creating prefix chain script '/home/juloau/Desktop/TFG/tfg-jlopez/code/ros2/install/setup.zsh'
