[0.109s] DEBUG:colcon:Command line arguments: ['/usr/bin/colcon', 'build']
[0.109s] DEBUG:colcon:Parsed command line arguments: Namespace(log_base=None, log_level=None, verb_name='build', build_base='build', install_base='install', merge_install=False, symlink_install=False, test_result_base=None, continue_on_error=False, executor='parallel', parallel_workers=8, event_handlers=None, ignore_user_meta=False, metas=['./colcon.meta'], base_paths=['.'], packages_ignore=None, packages_ignore_regex=None, paths=None, packages_up_to=None, packages_up_to_regex=None, packages_above=None, packages_above_and_dependencies=None, packages_above_depth=None, packages_select_by_dep=None, packages_skip_by_dep=None, packages_skip_up_to=None, packages_select_build_failed=False, packages_skip_build_finished=False, packages_select_test_failures=False, packages_skip_test_passed=False, packages_select=None, packages_skip=None, packages_select_regex=None, packages_skip_regex=None, packages_start=None, packages_end=None, allow_overriding=[], cmake_args=None, cmake_target=None, cmake_target_skip_unavailable=False, cmake_clean_cache=False, cmake_clean_first=False, cmake_force_configure=False, ament_cmake_args=None, catkin_cmake_args=None, catkin_skip_building_tests=False, verb_parser=<colcon_defaults.argument_parser.defaults.DefaultArgumentsDecorator object at 0x76e251756200>, verb_extension=<colcon_core.verb.build.BuildVerb object at 0x76e251755c00>, main=<bound method BuildVerb.main of <colcon_core.verb.build.BuildVerb object at 0x76e251755c00>>)
[0.308s] Level 1:colcon.colcon_core.package_discovery:discover_packages(colcon_meta) check parameters
[0.308s] Level 1:colcon.colcon_core.package_discovery:discover_packages(recursive) check parameters
[0.308s] Level 1:colcon.colcon_core.package_discovery:discover_packages(ignore) check parameters
[0.308s] Level 1:colcon.colcon_core.package_discovery:discover_packages(path) check parameters
[0.308s] Level 1:colcon.colcon_core.package_discovery:discover_packages(colcon_meta) discover
[0.308s] Level 1:colcon.colcon_core.package_discovery:discover_packages(recursive) discover
[0.308s] INFO:colcon.colcon_core.package_discovery:Crawling recursively for packages in '/home/juloau/Desktop/TFG/tfg-jlopez/code/ros2'
[0.308s] Level 1:colcon.colcon_core.package_identification:_identify(.) by extensions ['ignore', 'ignore_ament_install']
[0.308s] Level 1:colcon.colcon_core.package_identification:_identify(.) by extension 'ignore'
[0.308s] Level 1:colcon.colcon_core.package_identification:_identify(.) by extension 'ignore_ament_install'
[0.308s] Level 1:colcon.colcon_core.package_identification:_identify(.) by extensions ['colcon_pkg']
[0.308s] Level 1:colcon.colcon_core.package_identification:_identify(.) by extension 'colcon_pkg'
[0.308s] Level 1:colcon.colcon_core.package_identification:_identify(.) by extensions ['colcon_meta']
[0.308s] Level 1:colcon.colcon_core.package_identification:_identify(.) by extension 'colcon_meta'
[0.308s] Level 1:colcon.colcon_core.package_identification:_identify(.) by extensions ['ros']
[0.308s] Level 1:colcon.colcon_core.package_identification:_identify(.) by extension 'ros'
[0.321s] Level 1:colcon.colcon_core.package_identification:_identify(.) by extensions ['cmake', 'python']
[0.321s] Level 1:colcon.colcon_core.package_identification:_identify(.) by extension 'cmake'
[0.321s] Level 1:colcon.colcon_core.package_identification:_identify(.) by extension 'python'
[0.321s] Level 1:colcon.colcon_core.package_identification:_identify(.) by extensions ['python_setup_py']
[0.321s] Level 1:colcon.colcon_core.package_identification:_identify(.) by extension 'python_setup_py'
[0.321s] Level 1:colcon.colcon_core.package_identification:_identify(build) by extensions ['ignore', 'ignore_ament_install']
[0.321s] Level 1:colcon.colcon_core.package_identification:_identify(build) by extension 'ignore'
[0.321s] Level 1:colcon.colcon_core.package_identification:_identify(build) ignored
[0.322s] Level 1:colcon.colcon_core.package_identification:_identify(install) by extensions ['ignore', 'ignore_ament_install']
[0.322s] Level 1:colcon.colcon_core.package_identification:_identify(install) by extension 'ignore'
[0.322s] Level 1:colcon.colcon_core.package_identification:_identify(install) ignored
[0.322s] Level 1:colcon.colcon_core.package_identification:_identify(log) by extensions ['ignore', 'ignore_ament_install']
[0.322s] Level 1:colcon.colcon_core.package_identification:_identify(log) by extension 'ignore'
[0.322s] Level 1:colcon.colcon_core.package_identification:_identify(log) ignored
[0.322s] Level 1:colcon.colcon_core.package_identification:_identify(src) by extensions ['ignore', 'ignore_ament_install']
[0.322s] Level 1:colcon.colcon_core.package_identification:_identify(src) by extension 'ignore'
[0.322s] Level 1:colcon.colcon_core.package_identification:_identify(src) by extension 'ignore_ament_install'
[0.322s] Level 1:colcon.colcon_core.package_identification:_identify(src) by extensions ['colcon_pkg']
[0.322s] Level 1:colcon.colcon_core.package_identification:_identify(src) by extension 'colcon_pkg'
[0.322s] Level 1:colcon.colcon_core.package_identification:_identify(src) by extensions ['colcon_meta']
[0.322s] Level 1:colcon.colcon_core.package_identification:_identify(src) by extension 'colcon_meta'
[0.322s] Level 1:colcon.colcon_core.package_identification:_identify(src) by extensions ['ros']
[0.322s] Level 1:colcon.colcon_core.package_identification:_identify(src) by extension 'ros'
[0.322s] Level 1:colcon.colcon_core.package_identification:_identify(src) by extensions ['cmake', 'python']
[0.322s] Level 1:colcon.colcon_core.package_identification:_identify(src) by extension 'cmake'
[0.323s] Level 1:colcon.colcon_core.package_identification:_identify(src) by extension 'python'
[0.323s] Level 1:colcon.colcon_core.package_identification:_identify(src) by extensions ['python_setup_py']
[0.323s] Level 1:colcon.colcon_core.package_identification:_identify(src) by extension 'python_setup_py'
[0.323s] Level 1:colcon.colcon_core.package_identification:_identify(src/basic_diffbot) by extensions ['ignore', 'ignore_ament_install']
[0.323s] Level 1:colcon.colcon_core.package_identification:_identify(src/basic_diffbot) by extension 'ignore'
[0.323s] Level 1:colcon.colcon_core.package_identification:_identify(src/basic_diffbot) by extension 'ignore_ament_install'
[0.323s] Level 1:colcon.colcon_core.package_identification:_identify(src/basic_diffbot) by extensions ['colcon_pkg']
[0.323s] Level 1:colcon.colcon_core.package_identification:_identify(src/basic_diffbot) by extension 'colcon_pkg'
[0.323s] Level 1:colcon.colcon_core.package_identification:_identify(src/basic_diffbot) by extensions ['colcon_meta']
[0.323s] Level 1:colcon.colcon_core.package_identification:_identify(src/basic_diffbot) by extension 'colcon_meta'
[0.323s] Level 1:colcon.colcon_core.package_identification:_identify(src/basic_diffbot) by extensions ['ros']
[0.323s] Level 1:colcon.colcon_core.package_identification:_identify(src/basic_diffbot) by extension 'ros'
[0.326s] DEBUG:colcon.colcon_core.package_identification:Package 'src/basic_diffbot' with type 'ros.ament_cmake' and name 'basic_diffbot'
[0.326s] Level 1:colcon.colcon_core.package_identification:_identify(src/pibotj_description) by extensions ['ignore', 'ignore_ament_install']
[0.326s] Level 1:colcon.colcon_core.package_identification:_identify(src/pibotj_description) by extension 'ignore'
[0.326s] Level 1:colcon.colcon_core.package_identification:_identify(src/pibotj_description) by extension 'ignore_ament_install'
[0.327s] Level 1:colcon.colcon_core.package_identification:_identify(src/pibotj_description) by extensions ['colcon_pkg']
[0.327s] Level 1:colcon.colcon_core.package_identification:_identify(src/pibotj_description) by extension 'colcon_pkg'
[0.327s] Level 1:colcon.colcon_core.package_identification:_identify(src/pibotj_description) by extensions ['colcon_meta']
[0.327s] Level 1:colcon.colcon_core.package_identification:_identify(src/pibotj_description) by extension 'colcon_meta'
[0.327s] Level 1:colcon.colcon_core.package_identification:_identify(src/pibotj_description) by extensions ['ros']
[0.327s] Level 1:colcon.colcon_core.package_identification:_identify(src/pibotj_description) by extension 'ros'
[0.328s] DEBUG:colcon.colcon_core.package_identification:Package 'src/pibotj_description' with type 'ros.ament_cmake' and name 'pibotj_description'
[0.328s] Level 1:colcon.colcon_core.package_discovery:discover_packages(recursive) using defaults
[0.328s] Level 1:colcon.colcon_core.package_discovery:discover_packages(ignore) discover
[0.328s] Level 1:colcon.colcon_core.package_discovery:discover_packages(ignore) using defaults
[0.328s] Level 1:colcon.colcon_core.package_discovery:discover_packages(path) discover
[0.328s] Level 1:colcon.colcon_core.package_discovery:discover_packages(path) using defaults
[0.359s] Level 1:colcon.colcon_core.package_discovery:discover_packages(prefix_path) check parameters
[0.359s] Level 1:colcon.colcon_core.package_discovery:discover_packages(prefix_path) discover
[0.360s] WARNING:colcon.colcon_ros.prefix_path.ament:The path '/home/juloau/Desktop/TFG/tfg-jlopez/code/ros2/install/urdf_humble_test' in the environment variable AMENT_PREFIX_PATH doesn't exist
[0.360s] WARNING:colcon.colcon_ros.prefix_path.catkin:The path '/home/juloau/Desktop/TFG/tfg-jlopez/code/ros2/install/urdf_humble_test' in the environment variable CMAKE_PREFIX_PATH doesn't exist
[0.361s] DEBUG:colcon.colcon_installed_package_information.package_discovery:Found 2 installed packages in /home/juloau/Desktop/TFG/tfg-jlopez/code/ros2/install
[0.363s] DEBUG:colcon.colcon_installed_package_information.package_discovery:Found 478 installed packages in /opt/ros/humble
[0.365s] Level 1:colcon.colcon_core.package_discovery:discover_packages(prefix_path) using defaults
[0.424s] Level 5:colcon.colcon_core.verb:set package 'basic_diffbot' build argument 'cmake_args' from command line to 'None'
[0.424s] Level 5:colcon.colcon_core.verb:set package 'basic_diffbot' build argument 'cmake_target' from command line to 'None'
[0.424s] Level 5:colcon.colcon_core.verb:set package 'basic_diffbot' build argument 'cmake_target_skip_unavailable' from command line to 'False'
[0.424s] Level 5:colcon.colcon_core.verb:set package 'basic_diffbot' build argument 'cmake_clean_cache' from command line to 'False'
[0.424s] Level 5:colcon.colcon_core.verb:set package 'basic_diffbot' build argument 'cmake_clean_first' from command line to 'False'
[0.424s] Level 5:colcon.colcon_core.verb:set package 'basic_diffbot' build argument 'cmake_force_configure' from command line to 'False'
[0.424s] Level 5:colcon.colcon_core.verb:set package 'basic_diffbot' build argument 'ament_cmake_args' from command line to 'None'
[0.424s] Level 5:colcon.colcon_core.verb:set package 'basic_diffbot' build argument 'catkin_cmake_args' from command line to 'None'
[0.424s] Level 5:colcon.colcon_core.verb:set package 'basic_diffbot' build argument 'catkin_skip_building_tests' from command line to 'False'
[0.424s] DEBUG:colcon.colcon_core.verb:Building package 'basic_diffbot' with the following arguments: {'ament_cmake_args': None, 'build_base': '/home/juloau/Desktop/TFG/tfg-jlopez/code/ros2/build/basic_diffbot', 'catkin_cmake_args': None, 'catkin_skip_building_tests': False, 'cmake_args': None, 'cmake_clean_cache': False, 'cmake_clean_first': False, 'cmake_force_configure': False, 'cmake_target': None, 'cmake_target_skip_unavailable': False, 'install_base': '/home/juloau/Desktop/TFG/tfg-jlopez/code/ros2/install/basic_diffbot', 'merge_install': False, 'path': '/home/juloau/Desktop/TFG/tfg-jlopez/code/ros2/src/basic_diffbot', 'symlink_install': False, 'test_result_base': None}
[0.425s] Level 5:colcon.colcon_core.verb:set package 'pibotj_description' build argument 'cmake_args' from command line to 'None'
[0.425s] Level 5:colcon.colcon_core.verb:set package 'pibotj_description' build argument 'cmake_target' from command line to 'None'
[0.425s] Level 5:colcon.colcon_core.verb:set package 'pibotj_description' build argument 'cmake_target_skip_unavailable' from command line to 'False'
[0.425s] Level 5:colcon.colcon_core.verb:set package 'pibotj_description' build argument 'cmake_clean_cache' from command line to 'False'
[0.425s] Level 5:colcon.colcon_core.verb:set package 'pibotj_description' build argument 'cmake_clean_first' from command line to 'False'
[0.425s] Level 5:colcon.colcon_core.verb:set package 'pibotj_description' build argument 'cmake_force_configure' from command line to 'False'
[0.425s] Level 5:colcon.colcon_core.verb:set package 'pibotj_description' build argument 'ament_cmake_args' from command line to 'None'
[0.425s] Level 5:colcon.colcon_core.verb:set package 'pibotj_description' build argument 'catkin_cmake_args' from command line to 'None'
[0.425s] Level 5:colcon.colcon_core.verb:set package 'pibotj_description' build argument 'catkin_skip_building_tests' from command line to 'False'
[0.425s] DEBUG:colcon.colcon_core.verb:Building package 'pibotj_description' with the following arguments: {'ament_cmake_args': None, 'build_base': '/home/juloau/Desktop/TFG/tfg-jlopez/code/ros2/build/pibotj_description', 'catkin_cmake_args': None, 'catkin_skip_building_tests': False, 'cmake_args': None, 'cmake_clean_cache': False, 'cmake_clean_first': False, 'cmake_force_configure': False, 'cmake_target': None, 'cmake_target_skip_unavailable': False, 'install_base': '/home/juloau/Desktop/TFG/tfg-jlopez/code/ros2/install/pibotj_description', 'merge_install': False, 'path': '/home/juloau/Desktop/TFG/tfg-jlopez/code/ros2/src/pibotj_description', 'symlink_install': False, 'test_result_base': None}
[0.425s] INFO:colcon.colcon_core.executor:Executing jobs using 'parallel' executor
[0.426s] DEBUG:colcon.colcon_parallel_executor.executor.parallel:run_until_complete
[0.426s] INFO:colcon.colcon_ros.task.ament_cmake.build:Building ROS package in '/home/juloau/Desktop/TFG/tfg-jlopez/code/ros2/src/basic_diffbot' with build type 'ament_cmake'
[0.426s] INFO:colcon.colcon_cmake.task.cmake.build:Building CMake package in '/home/juloau/Desktop/TFG/tfg-jlopez/code/ros2/src/basic_diffbot'
[0.428s] INFO:colcon.colcon_core.plugin_system:Skipping extension 'colcon_core.shell.bat': Not used on non-Windows systems
[0.429s] INFO:colcon.colcon_core.shell:Skip shell extension 'powershell' for command environment: Not usable outside of PowerShell
[0.429s] DEBUG:colcon.colcon_core.shell:Skip shell extension 'dsv' for command environment
[0.432s] INFO:colcon.colcon_ros.task.ament_cmake.build:Building ROS package in '/home/juloau/Desktop/TFG/tfg-jlopez/code/ros2/src/pibotj_description' with build type 'ament_cmake'
[0.432s] INFO:colcon.colcon_cmake.task.cmake.build:Building CMake package in '/home/juloau/Desktop/TFG/tfg-jlopez/code/ros2/src/pibotj_description'
[0.433s] INFO:colcon.colcon_core.shell:Skip shell extension 'powershell' for command environment: Not usable outside of PowerShell
[0.433s] DEBUG:colcon.colcon_core.shell:Skip shell extension 'dsv' for command environment
[0.442s] DEBUG:colcon.colcon_core.event_handler.log_command:Invoking command in '/home/juloau/Desktop/TFG/tfg-jlopez/code/ros2/build/basic_diffbot': CMAKE_PREFIX_PATH=${CMAKE_PREFIX_PATH}:/opt/ros/humble /usr/bin/cmake --build /home/juloau/Desktop/TFG/tfg-jlopez/code/ros2/build/basic_diffbot -- -j8 -l8
[0.446s] DEBUG:colcon.colcon_core.event_handler.log_command:Invoking command in '/home/juloau/Desktop/TFG/tfg-jlopez/code/ros2/build/pibotj_description': CMAKE_PREFIX_PATH=${CMAKE_PREFIX_PATH}:/opt/ros/humble /usr/bin/cmake --build /home/juloau/Desktop/TFG/tfg-jlopez/code/ros2/build/pibotj_description -- -j8 -l8
[0.478s] DEBUG:colcon.colcon_core.event_handler.log_command:Invoked command in '/home/juloau/Desktop/TFG/tfg-jlopez/code/ros2/build/basic_diffbot' returned '0': CMAKE_PREFIX_PATH=${CMAKE_PREFIX_PATH}:/opt/ros/humble /usr/bin/cmake --build /home/juloau/Desktop/TFG/tfg-jlopez/code/ros2/build/basic_diffbot -- -j8 -l8
[0.481s] DEBUG:colcon.colcon_core.event_handler.log_command:Invoked command in '/home/juloau/Desktop/TFG/tfg-jlopez/code/ros2/build/pibotj_description' returned '0': CMAKE_PREFIX_PATH=${CMAKE_PREFIX_PATH}:/opt/ros/humble /usr/bin/cmake --build /home/juloau/Desktop/TFG/tfg-jlopez/code/ros2/build/pibotj_description -- -j8 -l8
[0.506s] DEBUG:colcon.colcon_core.event_handler.log_command:Invoking command in '/home/juloau/Desktop/TFG/tfg-jlopez/code/ros2/build/basic_diffbot': CMAKE_PREFIX_PATH=${CMAKE_PREFIX_PATH}:/opt/ros/humble /usr/bin/cmake --install /home/juloau/Desktop/TFG/tfg-jlopez/code/ros2/build/basic_diffbot
[0.508s] DEBUG:colcon.colcon_core.event_handler.log_command:Invoking command in '/home/juloau/Desktop/TFG/tfg-jlopez/code/ros2/build/pibotj_description': CMAKE_PREFIX_PATH=${CMAKE_PREFIX_PATH}:/opt/ros/humble /usr/bin/cmake --install /home/juloau/Desktop/TFG/tfg-jlopez/code/ros2/build/pibotj_description
[0.516s] Level 1:colcon.colcon_core.environment:create_environment_scripts_only(basic_diffbot)
[0.521s] Level 1:colcon.colcon_core.environment:checking '/home/juloau/Desktop/TFG/tfg-jlopez/code/ros2/install/basic_diffbot' for CMake module files
[0.522s] Level 1:colcon.colcon_core.environment:checking '/home/juloau/Desktop/TFG/tfg-jlopez/code/ros2/install/basic_diffbot' for CMake config files
[0.524s] Level 1:colcon.colcon_core.shell:create_environment_hook('basic_diffbot', 'cmake_prefix_path')
[0.524s] INFO:colcon.colcon_core.shell:Creating environment hook '/home/juloau/Desktop/TFG/tfg-jlopez/code/ros2/install/basic_diffbot/share/basic_diffbot/hook/cmake_prefix_path.ps1'
[0.525s] INFO:colcon.colcon_core.shell:Creating environment descriptor '/home/juloau/Desktop/TFG/tfg-jlopez/code/ros2/install/basic_diffbot/share/basic_diffbot/hook/cmake_prefix_path.dsv'
[0.526s] INFO:colcon.colcon_core.shell:Creating environment hook '/home/juloau/Desktop/TFG/tfg-jlopez/code/ros2/install/basic_diffbot/share/basic_diffbot/hook/cmake_prefix_path.sh'
[0.527s] Level 1:colcon.colcon_core.environment:checking '/home/juloau/Desktop/TFG/tfg-jlopez/code/ros2/install/basic_diffbot/bin'
[0.527s] Level 1:colcon.colcon_core.environment:checking '/home/juloau/Desktop/TFG/tfg-jlopez/code/ros2/install/basic_diffbot/lib/pkgconfig/basic_diffbot.pc'
[0.528s] Level 1:colcon.colcon_core.environment:checking '/home/juloau/Desktop/TFG/tfg-jlopez/code/ros2/install/basic_diffbot/lib/python3.10/site-packages'
[0.528s] Level 1:colcon.colcon_core.environment:checking '/home/juloau/Desktop/TFG/tfg-jlopez/code/ros2/install/basic_diffbot/bin'
[0.528s] INFO:colcon.colcon_core.shell:Creating package script '/home/juloau/Desktop/TFG/tfg-jlopez/code/ros2/install/basic_diffbot/share/basic_diffbot/package.ps1'
[0.529s] INFO:colcon.colcon_core.shell:Creating package descriptor '/home/juloau/Desktop/TFG/tfg-jlopez/code/ros2/install/basic_diffbot/share/basic_diffbot/package.dsv'
[0.530s] INFO:colcon.colcon_core.shell:Creating package script '/home/juloau/Desktop/TFG/tfg-jlopez/code/ros2/install/basic_diffbot/share/basic_diffbot/package.sh'
[0.531s] INFO:colcon.colcon_core.shell:Creating package script '/home/juloau/Desktop/TFG/tfg-jlopez/code/ros2/install/basic_diffbot/share/basic_diffbot/package.bash'
[0.532s] INFO:colcon.colcon_core.shell:Creating package script '/home/juloau/Desktop/TFG/tfg-jlopez/code/ros2/install/basic_diffbot/share/basic_diffbot/package.zsh'
[0.533s] Level 1:colcon.colcon_core.environment:create_file_with_runtime_dependencies(/home/juloau/Desktop/TFG/tfg-jlopez/code/ros2/install/basic_diffbot/share/colcon-core/packages/basic_diffbot)
[0.535s] Level 1:colcon.colcon_core.environment:create_environment_scripts_only(pibotj_description)
[0.535s] Level 1:colcon.colcon_core.environment:checking '/home/juloau/Desktop/TFG/tfg-jlopez/code/ros2/install/pibotj_description' for CMake module files
[0.536s] Level 1:colcon.colcon_core.environment:checking '/home/juloau/Desktop/TFG/tfg-jlopez/code/ros2/install/pibotj_description' for CMake config files
[0.537s] DEBUG:colcon.colcon_core.event_handler.log_command:Invoked command in '/home/juloau/Desktop/TFG/tfg-jlopez/code/ros2/build/basic_diffbot' returned '0': CMAKE_PREFIX_PATH=${CMAKE_PREFIX_PATH}:/opt/ros/humble /usr/bin/cmake --install /home/juloau/Desktop/TFG/tfg-jlopez/code/ros2/build/basic_diffbot
[0.538s] DEBUG:colcon.colcon_core.event_handler.log_command:Invoked command in '/home/juloau/Desktop/TFG/tfg-jlopez/code/ros2/build/pibotj_description' returned '0': CMAKE_PREFIX_PATH=${CMAKE_PREFIX_PATH}:/opt/ros/humble /usr/bin/cmake --install /home/juloau/Desktop/TFG/tfg-jlopez/code/ros2/build/pibotj_description
[0.539s] Level 1:colcon.colcon_core.shell:create_environment_hook('pibotj_description', 'cmake_prefix_path')
[0.539s] INFO:colcon.colcon_core.shell:Creating environment hook '/home/juloau/Desktop/TFG/tfg-jlopez/code/ros2/install/pibotj_description/share/pibotj_description/hook/cmake_prefix_path.ps1'
[0.540s] INFO:colcon.colcon_core.shell:Creating environment descriptor '/home/juloau/Desktop/TFG/tfg-jlopez/code/ros2/install/pibotj_description/share/pibotj_description/hook/cmake_prefix_path.dsv'
[0.540s] INFO:colcon.colcon_core.shell:Creating environment hook '/home/juloau/Desktop/TFG/tfg-jlopez/code/ros2/install/pibotj_description/share/pibotj_description/hook/cmake_prefix_path.sh'
[0.540s] Level 1:colcon.colcon_core.environment:checking '/home/juloau/Desktop/TFG/tfg-jlopez/code/ros2/install/pibotj_description/bin'
[0.541s] Level 1:colcon.colcon_core.environment:checking '/home/juloau/Desktop/TFG/tfg-jlopez/code/ros2/install/pibotj_description/lib/pkgconfig/pibotj_description.pc'
[0.541s] Level 1:colcon.colcon_core.environment:checking '/home/juloau/Desktop/TFG/tfg-jlopez/code/ros2/install/pibotj_description/lib/python3.10/site-packages'
[0.541s] Level 1:colcon.colcon_core.environment:checking '/home/juloau/Desktop/TFG/tfg-jlopez/code/ros2/install/pibotj_description/bin'
[0.542s] INFO:colcon.colcon_core.shell:Creating package script '/home/juloau/Desktop/TFG/tfg-jlopez/code/ros2/install/pibotj_description/share/pibotj_description/package.ps1'
[0.542s] INFO:colcon.colcon_core.shell:Creating package descriptor '/home/juloau/Desktop/TFG/tfg-jlopez/code/ros2/install/pibotj_description/share/pibotj_description/package.dsv'
[0.542s] INFO:colcon.colcon_core.shell:Creating package script '/home/juloau/Desktop/TFG/tfg-jlopez/code/ros2/install/pibotj_description/share/pibotj_description/package.sh'
[0.543s] INFO:colcon.colcon_core.shell:Creating package script '/home/juloau/Desktop/TFG/tfg-jlopez/code/ros2/install/pibotj_description/share/pibotj_description/package.bash'
[0.543s] INFO:colcon.colcon_core.shell:Creating package script '/home/juloau/Desktop/TFG/tfg-jlopez/code/ros2/install/pibotj_description/share/pibotj_description/package.zsh'
[0.544s] Level 1:colcon.colcon_core.environment:create_file_with_runtime_dependencies(/home/juloau/Desktop/TFG/tfg-jlopez/code/ros2/install/pibotj_description/share/colcon-core/packages/pibotj_description)
[0.554s] Level 1:colcon.colcon_core.environment:create_environment_scripts_only(basic_diffbot)
[0.554s] Level 1:colcon.colcon_core.environment:checking '/home/juloau/Desktop/TFG/tfg-jlopez/code/ros2/install/basic_diffbot' for CMake module files
[0.555s] Level 1:colcon.colcon_core.environment:checking '/home/juloau/Desktop/TFG/tfg-jlopez/code/ros2/install/basic_diffbot' for CMake config files
[0.555s] Level 1:colcon.colcon_core.shell:create_environment_hook('basic_diffbot', 'cmake_prefix_path')
[0.555s] INFO:colcon.colcon_core.shell:Creating environment hook '/home/juloau/Desktop/TFG/tfg-jlopez/code/ros2/install/basic_diffbot/share/basic_diffbot/hook/cmake_prefix_path.ps1'
[0.556s] INFO:colcon.colcon_core.shell:Creating environment descriptor '/home/juloau/Desktop/TFG/tfg-jlopez/code/ros2/install/basic_diffbot/share/basic_diffbot/hook/cmake_prefix_path.dsv'
[0.556s] INFO:colcon.colcon_core.shell:Creating environment hook '/home/juloau/Desktop/TFG/tfg-jlopez/code/ros2/install/basic_diffbot/share/basic_diffbot/hook/cmake_prefix_path.sh'
[0.557s] Level 1:colcon.colcon_core.environment:checking '/home/juloau/Desktop/TFG/tfg-jlopez/code/ros2/install/basic_diffbot/bin'
[0.557s] Level 1:colcon.colcon_core.environment:checking '/home/juloau/Desktop/TFG/tfg-jlopez/code/ros2/install/basic_diffbot/lib/pkgconfig/basic_diffbot.pc'
[0.557s] Level 1:colcon.colcon_core.environment:checking '/home/juloau/Desktop/TFG/tfg-jlopez/code/ros2/install/basic_diffbot/lib/python3.10/site-packages'
[0.557s] Level 1:colcon.colcon_core.environment:checking '/home/juloau/Desktop/TFG/tfg-jlopez/code/ros2/install/basic_diffbot/bin'
[0.558s] INFO:colcon.colcon_core.shell:Creating package script '/home/juloau/Desktop/TFG/tfg-jlopez/code/ros2/install/basic_diffbot/share/basic_diffbot/package.ps1'
[0.558s] INFO:colcon.colcon_core.shell:Creating package descriptor '/home/juloau/Desktop/TFG/tfg-jlopez/code/ros2/install/basic_diffbot/share/basic_diffbot/package.dsv'
[0.559s] INFO:colcon.colcon_core.shell:Creating package script '/home/juloau/Desktop/TFG/tfg-jlopez/code/ros2/install/basic_diffbot/share/basic_diffbot/package.sh'
[0.559s] INFO:colcon.colcon_core.shell:Creating package script '/home/juloau/Desktop/TFG/tfg-jlopez/code/ros2/install/basic_diffbot/share/basic_diffbot/package.bash'
[0.559s] INFO:colcon.colcon_core.shell:Creating package script '/home/juloau/Desktop/TFG/tfg-jlopez/code/ros2/install/basic_diffbot/share/basic_diffbot/package.zsh'
[0.560s] Level 1:colcon.colcon_core.environment:create_file_with_runtime_dependencies(/home/juloau/Desktop/TFG/tfg-jlopez/code/ros2/install/basic_diffbot/share/colcon-core/packages/basic_diffbot)
[0.563s] Level 1:colcon.colcon_core.environment:create_environment_scripts_only(pibotj_description)
[0.563s] Level 1:colcon.colcon_core.environment:checking '/home/juloau/Desktop/TFG/tfg-jlopez/code/ros2/install/pibotj_description' for CMake module files
[0.564s] Level 1:colcon.colcon_core.environment:checking '/home/juloau/Desktop/TFG/tfg-jlopez/code/ros2/install/pibotj_description' for CMake config files
[0.564s] Level 1:colcon.colcon_core.shell:create_environment_hook('pibotj_description', 'cmake_prefix_path')
[0.564s] INFO:colcon.colcon_core.shell:Creating environment hook '/home/juloau/Desktop/TFG/tfg-jlopez/code/ros2/install/pibotj_description/share/pibotj_description/hook/cmake_prefix_path.ps1'
[0.564s] INFO:colcon.colcon_core.shell:Creating environment descriptor '/home/juloau/Desktop/TFG/tfg-jlopez/code/ros2/install/pibotj_description/share/pibotj_description/hook/cmake_prefix_path.dsv'
[0.565s] INFO:colcon.colcon_core.shell:Creating environment hook '/home/juloau/Desktop/TFG/tfg-jlopez/code/ros2/install/pibotj_description/share/pibotj_description/hook/cmake_prefix_path.sh'
[0.565s] Level 1:colcon.colcon_core.environment:checking '/home/juloau/Desktop/TFG/tfg-jlopez/code/ros2/install/pibotj_description/bin'
[0.565s] Level 1:colcon.colcon_core.environment:checking '/home/juloau/Desktop/TFG/tfg-jlopez/code/ros2/install/pibotj_description/lib/pkgconfig/pibotj_description.pc'
[0.565s] Level 1:colcon.colcon_core.environment:checking '/home/juloau/Desktop/TFG/tfg-jlopez/code/ros2/install/pibotj_description/lib/python3.10/site-packages'
[0.566s] Level 1:colcon.colcon_core.environment:checking '/home/juloau/Desktop/TFG/tfg-jlopez/code/ros2/install/pibotj_description/bin'
[0.566s] INFO:colcon.colcon_core.shell:Creating package script '/home/juloau/Desktop/TFG/tfg-jlopez/code/ros2/install/pibotj_description/share/pibotj_description/package.ps1'
[0.566s] INFO:colcon.colcon_core.shell:Creating package descriptor '/home/juloau/Desktop/TFG/tfg-jlopez/code/ros2/install/pibotj_description/share/pibotj_description/package.dsv'
[0.567s] INFO:colcon.colcon_core.shell:Creating package script '/home/juloau/Desktop/TFG/tfg-jlopez/code/ros2/install/pibotj_description/share/pibotj_description/package.sh'
[0.567s] INFO:colcon.colcon_core.shell:Creating package script '/home/juloau/Desktop/TFG/tfg-jlopez/code/ros2/install/pibotj_description/share/pibotj_description/package.bash'
[0.567s] INFO:colcon.colcon_core.shell:Creating package script '/home/juloau/Desktop/TFG/tfg-jlopez/code/ros2/install/pibotj_description/share/pibotj_description/package.zsh'
[0.568s] Level 1:colcon.colcon_core.environment:create_file_with_runtime_dependencies(/home/juloau/Desktop/TFG/tfg-jlopez/code/ros2/install/pibotj_description/share/colcon-core/packages/pibotj_description)
[0.568s] DEBUG:colcon.colcon_parallel_executor.executor.parallel:closing loop
[0.568s] DEBUG:colcon.colcon_parallel_executor.executor.parallel:loop closed
[0.568s] DEBUG:colcon.colcon_parallel_executor.executor.parallel:run_until_complete finished with '0'
[0.569s] DEBUG:colcon.colcon_core.event_reactor:joining thread
[0.574s] INFO:colcon.colcon_core.plugin_system:Skipping extension 'colcon_notification.desktop_notification.terminal_notifier': Not used on non-Darwin systems
[0.574s] INFO:colcon.colcon_core.plugin_system:Skipping extension 'colcon_notification.desktop_notification.win32': Not used on non-Windows systems
[0.574s] INFO:colcon.colcon_notification.desktop_notification:Sending desktop notification using 'notify2'
[0.584s] DEBUG:colcon.colcon_core.event_reactor:joined thread
[0.585s] INFO:colcon.colcon_core.shell:Creating prefix script '/home/juloau/Desktop/TFG/tfg-jlopez/code/ros2/install/local_setup.ps1'
[0.586s] INFO:colcon.colcon_core.shell:Creating prefix util module '/home/juloau/Desktop/TFG/tfg-jlopez/code/ros2/install/_local_setup_util_ps1.py'
[0.587s] INFO:colcon.colcon_core.shell:Creating prefix chain script '/home/juloau/Desktop/TFG/tfg-jlopez/code/ros2/install/setup.ps1'
[0.589s] INFO:colcon.colcon_core.shell:Creating prefix script '/home/juloau/Desktop/TFG/tfg-jlopez/code/ros2/install/local_setup.sh'
[0.589s] INFO:colcon.colcon_core.shell:Creating prefix util module '/home/juloau/Desktop/TFG/tfg-jlopez/code/ros2/install/_local_setup_util_sh.py'
[0.590s] INFO:colcon.colcon_core.shell:Creating prefix chain script '/home/juloau/Desktop/TFG/tfg-jlopez/code/ros2/install/setup.sh'
[0.591s] INFO:colcon.colcon_core.shell:Creating prefix script '/home/juloau/Desktop/TFG/tfg-jlopez/code/ros2/install/local_setup.bash'
[0.592s] INFO:colcon.colcon_core.shell:Creating prefix chain script '/home/juloau/Desktop/TFG/tfg-jlopez/code/ros2/install/setup.bash'
[0.592s] INFO:colcon.colcon_core.shell:Creating prefix script '/home/juloau/Desktop/TFG/tfg-jlopez/code/ros2/install/local_setup.zsh'
[0.593s] INFO:colcon.colcon_core.shell:Creating prefix chain script '/home/juloau/Desktop/TFG/tfg-jlopez/code/ros2/install/setup.zsh'
