[0.000000] (-) TimerEvent: {}
[0.000529] (-) JobUnselected: {'identifier': 'ackermann_steering_controller'}
[0.000559] (-) JobUnselected: {'identifier': 'admittance_controller'}
[0.000578] (-) JobUnselected: {'identifier': 'bicycle_steering_controller'}
[0.000595] (-) JobUnselected: {'identifier': 'control_msgs'}
[0.000611] (-) JobUnselected: {'identifier': 'control_toolbox'}
[0.000626] (-) JobUnselected: {'identifier': 'controller_interface'}
[0.000642] (-) JobUnselected: {'identifier': 'controller_manager'}
[0.000656] (-) JobUnselected: {'identifier': 'controller_manager_msgs'}
[0.000671] (-) JobUnselected: {'identifier': 'diff_drive_controller'}
[0.000686] (-) JobUnselected: {'identifier': 'effort_controllers'}
[0.000701] (-) JobUnselected: {'identifier': 'force_torque_sensor_broadcaster'}
[0.000716] (-) JobUnselected: {'identifier': 'forward_command_controller'}
[0.000745] (-) JobUnselected: {'identifier': 'gazebo_ros2_control'}
[0.000760] (-) JobUnselected: {'identifier': 'gazebo_ros2_control_demos'}
[0.000775] (-) JobUnselected: {'identifier': 'gripper_controllers'}
[0.000790] (-) JobUnselected: {'identifier': 'gz_ros2_control_tests'}
[0.000806] (-) JobUnselected: {'identifier': 'hardware_interface'}
[0.000821] (-) JobUnselected: {'identifier': 'hardware_interface_testing'}
[0.000836] (-) JobUnselected: {'identifier': 'ign_ros2_control'}
[0.000851] (-) JobUnselected: {'identifier': 'ign_ros2_control_demos'}
[0.000867] (-) JobUnselected: {'identifier': 'imu_sensor_broadcaster'}
[0.000882] (-) JobUnselected: {'identifier': 'joint_limits'}
[0.000897] (-) JobUnselected: {'identifier': 'joint_state_broadcaster'}
[0.000912] (-) JobUnselected: {'identifier': 'joint_trajectory_controller'}
[0.000927] (-) JobUnselected: {'identifier': 'kinematics_interface'}
[0.000942] (-) JobUnselected: {'identifier': 'kinematics_interface_kdl'}
[0.000957] (-) JobUnselected: {'identifier': 'pibotj'}
[0.000973] (-) JobUnselected: {'identifier': 'pibotj_r2c'}
[0.000988] (-) JobUnselected: {'identifier': 'pid_controller'}
[0.001003] (-) JobUnselected: {'identifier': 'position_controllers'}
[0.001018] (-) JobUnselected: {'identifier': 'range_sensor_broadcaster'}
[0.001033] (-) JobUnselected: {'identifier': 'realtime_tools'}
[0.001048] (-) JobUnselected: {'identifier': 'ros2_control'}
[0.001064] (-) JobUnselected: {'identifier': 'ros2_control_demo_description'}
[0.001079] (-) JobUnselected: {'identifier': 'ros2_control_demo_example_1'}
[0.001094] (-) JobUnselected: {'identifier': 'ros2_control_demo_example_10'}
[0.001109] (-) JobUnselected: {'identifier': 'ros2_control_demo_example_11'}
[0.001124] (-) JobUnselected: {'identifier': 'ros2_control_demo_example_12'}
[0.001139] (-) JobUnselected: {'identifier': 'ros2_control_demo_example_14'}
[0.001154] (-) JobUnselected: {'identifier': 'ros2_control_demo_example_15'}
[0.001169] (-) JobUnselected: {'identifier': 'ros2_control_demo_example_2'}
[0.001184] (-) JobUnselected: {'identifier': 'ros2_control_demo_example_3'}
[0.001199] (-) JobUnselected: {'identifier': 'ros2_control_demo_example_4'}
[0.001213] (-) JobUnselected: {'identifier': 'ros2_control_demo_example_5'}
[0.001228] (-) JobUnselected: {'identifier': 'ros2_control_demo_example_6'}
[0.001243] (-) JobUnselected: {'identifier': 'ros2_control_demo_example_7'}
[0.001258] (-) JobUnselected: {'identifier': 'ros2_control_demo_example_8'}
[0.001273] (-) JobUnselected: {'identifier': 'ros2_control_demo_example_9'}
[0.001288] (-) JobUnselected: {'identifier': 'ros2_control_demo_testing'}
[0.001303] (-) JobUnselected: {'identifier': 'ros2_control_demos'}
[0.001317] (-) JobUnselected: {'identifier': 'ros2_control_test_assets'}
[0.001332] (-) JobUnselected: {'identifier': 'ros2_controllers'}
[0.001347] (-) JobUnselected: {'identifier': 'ros2_controllers_test_nodes'}
[0.001363] (-) JobUnselected: {'identifier': 'ros2controlcli'}
[0.001378] (-) JobUnselected: {'identifier': 'rqt_controller_manager'}
[0.001393] (-) JobUnselected: {'identifier': 'rqt_joint_trajectory_controller'}
[0.001408] (-) JobUnselected: {'identifier': 'steering_controllers_library'}
[0.001423] (-) JobUnselected: {'identifier': 'transmission_interface'}
[0.001567] (-) JobUnselected: {'identifier': 'tricycle_controller'}
[0.001584] (-) JobUnselected: {'identifier': 'tricycle_steering_controller'}
[0.001600] (-) JobUnselected: {'identifier': 'velocity_controllers'}
[0.001934] (-) EventReactorShutdown: {}
