-- Install configuration: ""
-- Up-to-date: /home/juloau/Desktop/TFG/tfg-jlopez/code/ros2/install/pibotj_urdf_complete/share/pibotj_urdf_complete/launch
-- Up-to-date: /home/juloau/Desktop/TFG/tfg-jlopez/code/ros2/install/pibotj_urdf_complete/share/pibotj_urdf_complete/launch/display.launch.py
-- Up-to-date: /home/juloau/Desktop/TFG/tfg-jlopez/code/ros2/install/pibotj_urdf_complete/share/pibotj_urdf_complete/urdf
-- Up-to-date: /home/juloau/Desktop/TFG/tfg-jlopez/code/ros2/install/pibotj_urdf_complete/share/pibotj_urdf_complete/urdf/robot_parameters.xacro
-- Up-to-date: /home/juloau/Desktop/TFG/tfg-jlopez/code/ros2/install/pibotj_urdf_complete/share/pibotj_urdf_complete/urdf/links_joints.xacro
-- Installing: /home/juloau/Desktop/TFG/tfg-jlopez/code/ros2/install/pibotj_urdf_complete/share/pibotj_urdf_complete/urdf/model.xacro
-- Up-to-date: /home/juloau/Desktop/TFG/tfg-jlopez/code/ros2/install/pibotj_urdf_complete/share/pibotj_urdf_complete/config
-- Up-to-date: /home/juloau/Desktop/TFG/tfg-jlopez/code/ros2/install/pibotj_urdf_complete/share/pibotj_urdf_complete/config/config.rviz
-- Up-to-date: /home/juloau/Desktop/TFG/tfg-jlopez/code/ros2/install/pibotj_urdf_complete/share/pibotj_urdf_complete/meshes
-- Up-to-date: /home/juloau/Desktop/TFG/tfg-jlopez/code/ros2/install/pibotj_urdf_complete/share/pibotj_urdf_complete/meshes/base.stl
-- Up-to-date: /home/juloau/Desktop/TFG/tfg-jlopez/code/ros2/install/pibotj_urdf_complete/share/pibotj_urdf_complete/meshes/psuperior.stl
-- Up-to-date: /home/juloau/Desktop/TFG/tfg-jlopez/code/ros2/install/pibotj_urdf_complete/share/pibotj_urdf_complete/meshes/camara.stl
-- Up-to-date: /home/juloau/Desktop/TFG/tfg-jlopez/code/ros2/install/pibotj_urdf_complete/share/pibotj_urdf_complete/meshes/strasera.stl
-- Up-to-date: /home/juloau/Desktop/TFG/tfg-jlopez/code/ros2/install/pibotj_urdf_complete/share/ament_index/resource_index/package_run_dependencies/pibotj_urdf_complete
-- Up-to-date: /home/juloau/Desktop/TFG/tfg-jlopez/code/ros2/install/pibotj_urdf_complete/share/ament_index/resource_index/parent_prefix_path/pibotj_urdf_complete
-- Up-to-date: /home/juloau/Desktop/TFG/tfg-jlopez/code/ros2/install/pibotj_urdf_complete/share/pibotj_urdf_complete/environment/ament_prefix_path.sh
-- Up-to-date: /home/juloau/Desktop/TFG/tfg-jlopez/code/ros2/install/pibotj_urdf_complete/share/pibotj_urdf_complete/environment/ament_prefix_path.dsv
-- Up-to-date: /home/juloau/Desktop/TFG/tfg-jlopez/code/ros2/install/pibotj_urdf_complete/share/pibotj_urdf_complete/environment/path.sh
-- Up-to-date: /home/juloau/Desktop/TFG/tfg-jlopez/code/ros2/install/pibotj_urdf_complete/share/pibotj_urdf_complete/environment/path.dsv
-- Up-to-date: /home/juloau/Desktop/TFG/tfg-jlopez/code/ros2/install/pibotj_urdf_complete/share/pibotj_urdf_complete/local_setup.bash
-- Up-to-date: /home/juloau/Desktop/TFG/tfg-jlopez/code/ros2/install/pibotj_urdf_complete/share/pibotj_urdf_complete/local_setup.sh
-- Up-to-date: /home/juloau/Desktop/TFG/tfg-jlopez/code/ros2/install/pibotj_urdf_complete/share/pibotj_urdf_complete/local_setup.zsh
-- Up-to-date: /home/juloau/Desktop/TFG/tfg-jlopez/code/ros2/install/pibotj_urdf_complete/share/pibotj_urdf_complete/local_setup.dsv
-- Installing: /home/juloau/Desktop/TFG/tfg-jlopez/code/ros2/install/pibotj_urdf_complete/share/pibotj_urdf_complete/package.dsv
-- Up-to-date: /home/juloau/Desktop/TFG/tfg-jlopez/code/ros2/install/pibotj_urdf_complete/share/ament_index/resource_index/packages/pibotj_urdf_complete
-- Up-to-date: /home/juloau/Desktop/TFG/tfg-jlopez/code/ros2/install/pibotj_urdf_complete/share/pibotj_urdf_complete/cmake/pibotj_urdf_completeConfig.cmake
-- Up-to-date: /home/juloau/Desktop/TFG/tfg-jlopez/code/ros2/install/pibotj_urdf_complete/share/pibotj_urdf_complete/cmake/pibotj_urdf_completeConfig-version.cmake
-- Up-to-date: /home/juloau/Desktop/TFG/tfg-jlopez/code/ros2/install/pibotj_urdf_complete/share/pibotj_urdf_complete/package.xml
