[0.104s] DEBUG:colcon:Command line arguments: ['/usr/bin/colcon', 'build']
[0.104s] DEBUG:colcon:Parsed command line arguments: Namespace(log_base=None, log_level=None, verb_name='build', build_base='build', install_base='install', merge_install=False, symlink_install=False, test_result_base=None, continue_on_error=False, executor='parallel', parallel_workers=8, event_handlers=None, ignore_user_meta=False, metas=['./colcon.meta'], base_paths=['.'], packages_ignore=None, packages_ignore_regex=None, paths=None, packages_up_to=None, packages_up_to_regex=None, packages_above=None, packages_above_and_dependencies=None, packages_above_depth=None, packages_select_by_dep=None, packages_skip_by_dep=None, packages_skip_up_to=None, packages_select_build_failed=False, packages_skip_build_finished=False, packages_select_test_failures=False, packages_skip_test_passed=False, packages_select=None, packages_skip=None, packages_select_regex=None, packages_skip_regex=None, packages_start=None, packages_end=None, allow_overriding=[], cmake_args=None, cmake_target=None, cmake_target_skip_unavailable=False, cmake_clean_cache=False, cmake_clean_first=False, cmake_force_configure=False, ament_cmake_args=None, catkin_cmake_args=None, catkin_skip_building_tests=False, verb_parser=<colcon_defaults.argument_parser.defaults.DefaultArgumentsDecorator object at 0x78c51ca1a200>, verb_extension=<colcon_core.verb.build.BuildVerb object at 0x78c51ca19c00>, main=<bound method BuildVerb.main of <colcon_core.verb.build.BuildVerb object at 0x78c51ca19c00>>)
[0.273s] Level 1:colcon.colcon_core.package_discovery:discover_packages(colcon_meta) check parameters
[0.273s] Level 1:colcon.colcon_core.package_discovery:discover_packages(recursive) check parameters
[0.273s] Level 1:colcon.colcon_core.package_discovery:discover_packages(ignore) check parameters
[0.273s] Level 1:colcon.colcon_core.package_discovery:discover_packages(path) check parameters
[0.273s] Level 1:colcon.colcon_core.package_discovery:discover_packages(colcon_meta) discover
[0.273s] Level 1:colcon.colcon_core.package_discovery:discover_packages(recursive) discover
[0.273s] INFO:colcon.colcon_core.package_discovery:Crawling recursively for packages in '/home/juloau/Desktop/TFG/tfg-jlopez/code/ros2'
[0.273s] Level 1:colcon.colcon_core.package_identification:_identify(.) by extensions ['ignore', 'ignore_ament_install']
[0.273s] Level 1:colcon.colcon_core.package_identification:_identify(.) by extension 'ignore'
[0.273s] Level 1:colcon.colcon_core.package_identification:_identify(.) by extension 'ignore_ament_install'
[0.273s] Level 1:colcon.colcon_core.package_identification:_identify(.) by extensions ['colcon_pkg']
[0.273s] Level 1:colcon.colcon_core.package_identification:_identify(.) by extension 'colcon_pkg'
[0.273s] Level 1:colcon.colcon_core.package_identification:_identify(.) by extensions ['colcon_meta']
[0.273s] Level 1:colcon.colcon_core.package_identification:_identify(.) by extension 'colcon_meta'
[0.273s] Level 1:colcon.colcon_core.package_identification:_identify(.) by extensions ['ros']
[0.274s] Level 1:colcon.colcon_core.package_identification:_identify(.) by extension 'ros'
[0.283s] Level 1:colcon.colcon_core.package_identification:_identify(.) by extensions ['cmake', 'python']
[0.283s] Level 1:colcon.colcon_core.package_identification:_identify(.) by extension 'cmake'
[0.283s] Level 1:colcon.colcon_core.package_identification:_identify(.) by extension 'python'
[0.284s] Level 1:colcon.colcon_core.package_identification:_identify(.) by extensions ['python_setup_py']
[0.284s] Level 1:colcon.colcon_core.package_identification:_identify(.) by extension 'python_setup_py'
[0.284s] Level 1:colcon.colcon_core.package_identification:_identify(build) by extensions ['ignore', 'ignore_ament_install']
[0.284s] Level 1:colcon.colcon_core.package_identification:_identify(build) by extension 'ignore'
[0.284s] Level 1:colcon.colcon_core.package_identification:_identify(build) ignored
[0.284s] Level 1:colcon.colcon_core.package_identification:_identify(install) by extensions ['ignore', 'ignore_ament_install']
[0.284s] Level 1:colcon.colcon_core.package_identification:_identify(install) by extension 'ignore'
[0.284s] Level 1:colcon.colcon_core.package_identification:_identify(install) ignored
[0.284s] Level 1:colcon.colcon_core.package_identification:_identify(log) by extensions ['ignore', 'ignore_ament_install']
[0.284s] Level 1:colcon.colcon_core.package_identification:_identify(log) by extension 'ignore'
[0.284s] Level 1:colcon.colcon_core.package_identification:_identify(log) ignored
[0.284s] Level 1:colcon.colcon_core.package_identification:_identify(src) by extensions ['ignore', 'ignore_ament_install']
[0.284s] Level 1:colcon.colcon_core.package_identification:_identify(src) by extension 'ignore'
[0.284s] Level 1:colcon.colcon_core.package_identification:_identify(src) by extension 'ignore_ament_install'
[0.284s] Level 1:colcon.colcon_core.package_identification:_identify(src) by extensions ['colcon_pkg']
[0.284s] Level 1:colcon.colcon_core.package_identification:_identify(src) by extension 'colcon_pkg'
[0.285s] Level 1:colcon.colcon_core.package_identification:_identify(src) by extensions ['colcon_meta']
[0.285s] Level 1:colcon.colcon_core.package_identification:_identify(src) by extension 'colcon_meta'
[0.285s] Level 1:colcon.colcon_core.package_identification:_identify(src) by extensions ['ros']
[0.285s] Level 1:colcon.colcon_core.package_identification:_identify(src) by extension 'ros'
[0.285s] Level 1:colcon.colcon_core.package_identification:_identify(src) by extensions ['cmake', 'python']
[0.285s] Level 1:colcon.colcon_core.package_identification:_identify(src) by extension 'cmake'
[0.285s] Level 1:colcon.colcon_core.package_identification:_identify(src) by extension 'python'
[0.285s] Level 1:colcon.colcon_core.package_identification:_identify(src) by extensions ['python_setup_py']
[0.285s] Level 1:colcon.colcon_core.package_identification:_identify(src) by extension 'python_setup_py'
[0.285s] Level 1:colcon.colcon_core.package_identification:_identify(src/basic_diffbot) by extensions ['ignore', 'ignore_ament_install']
[0.285s] Level 1:colcon.colcon_core.package_identification:_identify(src/basic_diffbot) by extension 'ignore'
[0.285s] Level 1:colcon.colcon_core.package_identification:_identify(src/basic_diffbot) by extension 'ignore_ament_install'
[0.285s] Level 1:colcon.colcon_core.package_identification:_identify(src/basic_diffbot) by extensions ['colcon_pkg']
[0.285s] Level 1:colcon.colcon_core.package_identification:_identify(src/basic_diffbot) by extension 'colcon_pkg'
[0.285s] Level 1:colcon.colcon_core.package_identification:_identify(src/basic_diffbot) by extensions ['colcon_meta']
[0.285s] Level 1:colcon.colcon_core.package_identification:_identify(src/basic_diffbot) by extension 'colcon_meta'
[0.285s] Level 1:colcon.colcon_core.package_identification:_identify(src/basic_diffbot) by extensions ['ros']
[0.285s] Level 1:colcon.colcon_core.package_identification:_identify(src/basic_diffbot) by extension 'ros'
[0.288s] DEBUG:colcon.colcon_core.package_identification:Package 'src/basic_diffbot' with type 'ros.ament_cmake' and name 'basic_diffbot'
[0.288s] Level 1:colcon.colcon_core.package_identification:_identify(src/pibotj_description) by extensions ['ignore', 'ignore_ament_install']
[0.288s] Level 1:colcon.colcon_core.package_identification:_identify(src/pibotj_description) by extension 'ignore'
[0.288s] Level 1:colcon.colcon_core.package_identification:_identify(src/pibotj_description) by extension 'ignore_ament_install'
[0.288s] Level 1:colcon.colcon_core.package_identification:_identify(src/pibotj_description) by extensions ['colcon_pkg']
[0.288s] Level 1:colcon.colcon_core.package_identification:_identify(src/pibotj_description) by extension 'colcon_pkg'
[0.288s] Level 1:colcon.colcon_core.package_identification:_identify(src/pibotj_description) by extensions ['colcon_meta']
[0.288s] Level 1:colcon.colcon_core.package_identification:_identify(src/pibotj_description) by extension 'colcon_meta'
[0.288s] Level 1:colcon.colcon_core.package_identification:_identify(src/pibotj_description) by extensions ['ros']
[0.288s] Level 1:colcon.colcon_core.package_identification:_identify(src/pibotj_description) by extension 'ros'
[0.289s] DEBUG:colcon.colcon_core.package_identification:Package 'src/pibotj_description' with type 'ros.ament_cmake' and name 'pibotj_description'
[0.289s] Level 1:colcon.colcon_core.package_discovery:discover_packages(recursive) using defaults
[0.289s] Level 1:colcon.colcon_core.package_discovery:discover_packages(ignore) discover
[0.289s] Level 1:colcon.colcon_core.package_discovery:discover_packages(ignore) using defaults
[0.289s] Level 1:colcon.colcon_core.package_discovery:discover_packages(path) discover
[0.289s] Level 1:colcon.colcon_core.package_discovery:discover_packages(path) using defaults
[0.316s] Level 1:colcon.colcon_core.package_discovery:discover_packages(prefix_path) check parameters
[0.316s] Level 1:colcon.colcon_core.package_discovery:discover_packages(prefix_path) discover
[0.317s] WARNING:colcon.colcon_ros.prefix_path.ament:The path '/home/juloau/Desktop/TFG/tfg-jlopez/code/ros2/install/urdf_humble_test' in the environment variable AMENT_PREFIX_PATH doesn't exist
[0.317s] WARNING:colcon.colcon_ros.prefix_path.catkin:The path '/home/juloau/Desktop/TFG/tfg-jlopez/code/ros2/install/urdf_humble_test' in the environment variable CMAKE_PREFIX_PATH doesn't exist
[0.318s] DEBUG:colcon.colcon_installed_package_information.package_discovery:Found 2 installed packages in /home/juloau/Desktop/TFG/tfg-jlopez/code/ros2/install
[0.319s] DEBUG:colcon.colcon_installed_package_information.package_discovery:Found 478 installed packages in /opt/ros/humble
[0.321s] Level 1:colcon.colcon_core.package_discovery:discover_packages(prefix_path) using defaults
[0.378s] Level 5:colcon.colcon_core.verb:set package 'basic_diffbot' build argument 'cmake_args' from command line to 'None'
[0.378s] Level 5:colcon.colcon_core.verb:set package 'basic_diffbot' build argument 'cmake_target' from command line to 'None'
[0.378s] Level 5:colcon.colcon_core.verb:set package 'basic_diffbot' build argument 'cmake_target_skip_unavailable' from command line to 'False'
[0.378s] Level 5:colcon.colcon_core.verb:set package 'basic_diffbot' build argument 'cmake_clean_cache' from command line to 'False'
[0.378s] Level 5:colcon.colcon_core.verb:set package 'basic_diffbot' build argument 'cmake_clean_first' from command line to 'False'
[0.378s] Level 5:colcon.colcon_core.verb:set package 'basic_diffbot' build argument 'cmake_force_configure' from command line to 'False'
[0.378s] Level 5:colcon.colcon_core.verb:set package 'basic_diffbot' build argument 'ament_cmake_args' from command line to 'None'
[0.378s] Level 5:colcon.colcon_core.verb:set package 'basic_diffbot' build argument 'catkin_cmake_args' from command line to 'None'
[0.378s] Level 5:colcon.colcon_core.verb:set package 'basic_diffbot' build argument 'catkin_skip_building_tests' from command line to 'False'
[0.379s] DEBUG:colcon.colcon_core.verb:Building package 'basic_diffbot' with the following arguments: {'ament_cmake_args': None, 'build_base': '/home/juloau/Desktop/TFG/tfg-jlopez/code/ros2/build/basic_diffbot', 'catkin_cmake_args': None, 'catkin_skip_building_tests': False, 'cmake_args': None, 'cmake_clean_cache': False, 'cmake_clean_first': False, 'cmake_force_configure': False, 'cmake_target': None, 'cmake_target_skip_unavailable': False, 'install_base': '/home/juloau/Desktop/TFG/tfg-jlopez/code/ros2/install/basic_diffbot', 'merge_install': False, 'path': '/home/juloau/Desktop/TFG/tfg-jlopez/code/ros2/src/basic_diffbot', 'symlink_install': False, 'test_result_base': None}
[0.379s] Level 5:colcon.colcon_core.verb:set package 'pibotj_description' build argument 'cmake_args' from command line to 'None'
[0.379s] Level 5:colcon.colcon_core.verb:set package 'pibotj_description' build argument 'cmake_target' from command line to 'None'
[0.379s] Level 5:colcon.colcon_core.verb:set package 'pibotj_description' build argument 'cmake_target_skip_unavailable' from command line to 'False'
[0.379s] Level 5:colcon.colcon_core.verb:set package 'pibotj_description' build argument 'cmake_clean_cache' from command line to 'False'
[0.379s] Level 5:colcon.colcon_core.verb:set package 'pibotj_description' build argument 'cmake_clean_first' from command line to 'False'
[0.379s] Level 5:colcon.colcon_core.verb:set package 'pibotj_description' build argument 'cmake_force_configure' from command line to 'False'
[0.379s] Level 5:colcon.colcon_core.verb:set package 'pibotj_description' build argument 'ament_cmake_args' from command line to 'None'
[0.379s] Level 5:colcon.colcon_core.verb:set package 'pibotj_description' build argument 'catkin_cmake_args' from command line to 'None'
[0.379s] Level 5:colcon.colcon_core.verb:set package 'pibotj_description' build argument 'catkin_skip_building_tests' from command line to 'False'
[0.379s] DEBUG:colcon.colcon_core.verb:Building package 'pibotj_description' with the following arguments: {'ament_cmake_args': None, 'build_base': '/home/juloau/Desktop/TFG/tfg-jlopez/code/ros2/build/pibotj_description', 'catkin_cmake_args': None, 'catkin_skip_building_tests': False, 'cmake_args': None, 'cmake_clean_cache': False, 'cmake_clean_first': False, 'cmake_force_configure': False, 'cmake_target': None, 'cmake_target_skip_unavailable': False, 'install_base': '/home/juloau/Desktop/TFG/tfg-jlopez/code/ros2/install/pibotj_description', 'merge_install': False, 'path': '/home/juloau/Desktop/TFG/tfg-jlopez/code/ros2/src/pibotj_description', 'symlink_install': False, 'test_result_base': None}
[0.379s] INFO:colcon.colcon_core.executor:Executing jobs using 'parallel' executor
[0.380s] DEBUG:colcon.colcon_parallel_executor.executor.parallel:run_until_complete
[0.380s] INFO:colcon.colcon_ros.task.ament_cmake.build:Building ROS package in '/home/juloau/Desktop/TFG/tfg-jlopez/code/ros2/src/basic_diffbot' with build type 'ament_cmake'
[0.380s] INFO:colcon.colcon_cmake.task.cmake.build:Building CMake package in '/home/juloau/Desktop/TFG/tfg-jlopez/code/ros2/src/basic_diffbot'
[0.382s] INFO:colcon.colcon_core.plugin_system:Skipping extension 'colcon_core.shell.bat': Not used on non-Windows systems
[0.383s] INFO:colcon.colcon_core.shell:Skip shell extension 'powershell' for command environment: Not usable outside of PowerShell
[0.383s] DEBUG:colcon.colcon_core.shell:Skip shell extension 'dsv' for command environment
[0.386s] INFO:colcon.colcon_ros.task.ament_cmake.build:Building ROS package in '/home/juloau/Desktop/TFG/tfg-jlopez/code/ros2/src/pibotj_description' with build type 'ament_cmake'
[0.386s] INFO:colcon.colcon_cmake.task.cmake.build:Building CMake package in '/home/juloau/Desktop/TFG/tfg-jlopez/code/ros2/src/pibotj_description'
[0.387s] INFO:colcon.colcon_core.shell:Skip shell extension 'powershell' for command environment: Not usable outside of PowerShell
[0.387s] DEBUG:colcon.colcon_core.shell:Skip shell extension 'dsv' for command environment
[0.396s] DEBUG:colcon.colcon_core.event_handler.log_command:Invoking command in '/home/juloau/Desktop/TFG/tfg-jlopez/code/ros2/build/basic_diffbot': CMAKE_PREFIX_PATH=${CMAKE_PREFIX_PATH}:/opt/ros/humble /usr/bin/cmake --build /home/juloau/Desktop/TFG/tfg-jlopez/code/ros2/build/basic_diffbot -- -j8 -l8
[0.399s] DEBUG:colcon.colcon_core.event_handler.log_command:Invoking command in '/home/juloau/Desktop/TFG/tfg-jlopez/code/ros2/build/pibotj_description': CMAKE_PREFIX_PATH=${CMAKE_PREFIX_PATH}:/opt/ros/humble /usr/bin/cmake --build /home/juloau/Desktop/TFG/tfg-jlopez/code/ros2/build/pibotj_description -- -j8 -l8
[0.430s] DEBUG:colcon.colcon_core.event_handler.log_command:Invoked command in '/home/juloau/Desktop/TFG/tfg-jlopez/code/ros2/build/basic_diffbot' returned '0': CMAKE_PREFIX_PATH=${CMAKE_PREFIX_PATH}:/opt/ros/humble /usr/bin/cmake --build /home/juloau/Desktop/TFG/tfg-jlopez/code/ros2/build/basic_diffbot -- -j8 -l8
[0.433s] DEBUG:colcon.colcon_core.event_handler.log_command:Invoked command in '/home/juloau/Desktop/TFG/tfg-jlopez/code/ros2/build/pibotj_description' returned '0': CMAKE_PREFIX_PATH=${CMAKE_PREFIX_PATH}:/opt/ros/humble /usr/bin/cmake --build /home/juloau/Desktop/TFG/tfg-jlopez/code/ros2/build/pibotj_description -- -j8 -l8
[0.457s] DEBUG:colcon.colcon_core.event_handler.log_command:Invoking command in '/home/juloau/Desktop/TFG/tfg-jlopez/code/ros2/build/basic_diffbot': CMAKE_PREFIX_PATH=${CMAKE_PREFIX_PATH}:/opt/ros/humble /usr/bin/cmake --install /home/juloau/Desktop/TFG/tfg-jlopez/code/ros2/build/basic_diffbot
[0.459s] DEBUG:colcon.colcon_core.event_handler.log_command:Invoking command in '/home/juloau/Desktop/TFG/tfg-jlopez/code/ros2/build/pibotj_description': CMAKE_PREFIX_PATH=${CMAKE_PREFIX_PATH}:/opt/ros/humble /usr/bin/cmake --install /home/juloau/Desktop/TFG/tfg-jlopez/code/ros2/build/pibotj_description
[0.467s] Level 1:colcon.colcon_core.environment:create_environment_scripts_only(basic_diffbot)
[0.472s] Level 1:colcon.colcon_core.environment:checking '/home/juloau/Desktop/TFG/tfg-jlopez/code/ros2/install/basic_diffbot' for CMake module files
[0.473s] Level 1:colcon.colcon_core.environment:checking '/home/juloau/Desktop/TFG/tfg-jlopez/code/ros2/install/basic_diffbot' for CMake config files
[0.476s] Level 1:colcon.colcon_core.shell:create_environment_hook('basic_diffbot', 'cmake_prefix_path')
[0.476s] INFO:colcon.colcon_core.shell:Creating environment hook '/home/juloau/Desktop/TFG/tfg-jlopez/code/ros2/install/basic_diffbot/share/basic_diffbot/hook/cmake_prefix_path.ps1'
[0.477s] INFO:colcon.colcon_core.shell:Creating environment descriptor '/home/juloau/Desktop/TFG/tfg-jlopez/code/ros2/install/basic_diffbot/share/basic_diffbot/hook/cmake_prefix_path.dsv'
[0.478s] INFO:colcon.colcon_core.shell:Creating environment hook '/home/juloau/Desktop/TFG/tfg-jlopez/code/ros2/install/basic_diffbot/share/basic_diffbot/hook/cmake_prefix_path.sh'
[0.479s] DEBUG:colcon.colcon_core.event_handler.log_command:Invoked command in '/home/juloau/Desktop/TFG/tfg-jlopez/code/ros2/build/basic_diffbot' returned '0': CMAKE_PREFIX_PATH=${CMAKE_PREFIX_PATH}:/opt/ros/humble /usr/bin/cmake --install /home/juloau/Desktop/TFG/tfg-jlopez/code/ros2/build/basic_diffbot
[0.479s] Level 1:colcon.colcon_core.environment:checking '/home/juloau/Desktop/TFG/tfg-jlopez/code/ros2/install/basic_diffbot/bin'
[0.480s] Level 1:colcon.colcon_core.environment:checking '/home/juloau/Desktop/TFG/tfg-jlopez/code/ros2/install/basic_diffbot/lib/pkgconfig/basic_diffbot.pc'
[0.480s] Level 1:colcon.colcon_core.environment:checking '/home/juloau/Desktop/TFG/tfg-jlopez/code/ros2/install/basic_diffbot/lib/python3.10/site-packages'
[0.480s] Level 1:colcon.colcon_core.environment:checking '/home/juloau/Desktop/TFG/tfg-jlopez/code/ros2/install/basic_diffbot/bin'
[0.480s] INFO:colcon.colcon_core.shell:Creating package script '/home/juloau/Desktop/TFG/tfg-jlopez/code/ros2/install/basic_diffbot/share/basic_diffbot/package.ps1'
[0.482s] INFO:colcon.colcon_core.shell:Creating package descriptor '/home/juloau/Desktop/TFG/tfg-jlopez/code/ros2/install/basic_diffbot/share/basic_diffbot/package.dsv'
[0.483s] INFO:colcon.colcon_core.shell:Creating package script '/home/juloau/Desktop/TFG/tfg-jlopez/code/ros2/install/basic_diffbot/share/basic_diffbot/package.sh'
[0.484s] INFO:colcon.colcon_core.shell:Creating package script '/home/juloau/Desktop/TFG/tfg-jlopez/code/ros2/install/basic_diffbot/share/basic_diffbot/package.bash'
[0.485s] INFO:colcon.colcon_core.shell:Creating package script '/home/juloau/Desktop/TFG/tfg-jlopez/code/ros2/install/basic_diffbot/share/basic_diffbot/package.zsh'
[0.486s] Level 1:colcon.colcon_core.environment:create_file_with_runtime_dependencies(/home/juloau/Desktop/TFG/tfg-jlopez/code/ros2/install/basic_diffbot/share/colcon-core/packages/basic_diffbot)
[0.487s] Level 1:colcon.colcon_core.environment:create_environment_scripts_only(pibotj_description)
[0.488s] Level 1:colcon.colcon_core.environment:checking '/home/juloau/Desktop/TFG/tfg-jlopez/code/ros2/install/pibotj_description' for CMake module files
[0.488s] DEBUG:colcon.colcon_core.event_handler.log_command:Invoked command in '/home/juloau/Desktop/TFG/tfg-jlopez/code/ros2/build/pibotj_description' returned '0': CMAKE_PREFIX_PATH=${CMAKE_PREFIX_PATH}:/opt/ros/humble /usr/bin/cmake --install /home/juloau/Desktop/TFG/tfg-jlopez/code/ros2/build/pibotj_description
[0.489s] Level 1:colcon.colcon_core.environment:checking '/home/juloau/Desktop/TFG/tfg-jlopez/code/ros2/install/pibotj_description' for CMake config files
[0.489s] Level 1:colcon.colcon_core.shell:create_environment_hook('pibotj_description', 'cmake_prefix_path')
[0.489s] INFO:colcon.colcon_core.shell:Creating environment hook '/home/juloau/Desktop/TFG/tfg-jlopez/code/ros2/install/pibotj_description/share/pibotj_description/hook/cmake_prefix_path.ps1'
[0.489s] INFO:colcon.colcon_core.shell:Creating environment descriptor '/home/juloau/Desktop/TFG/tfg-jlopez/code/ros2/install/pibotj_description/share/pibotj_description/hook/cmake_prefix_path.dsv'
[0.490s] INFO:colcon.colcon_core.shell:Creating environment hook '/home/juloau/Desktop/TFG/tfg-jlopez/code/ros2/install/pibotj_description/share/pibotj_description/hook/cmake_prefix_path.sh'
[0.490s] Level 1:colcon.colcon_core.environment:checking '/home/juloau/Desktop/TFG/tfg-jlopez/code/ros2/install/pibotj_description/bin'
[0.490s] Level 1:colcon.colcon_core.environment:checking '/home/juloau/Desktop/TFG/tfg-jlopez/code/ros2/install/pibotj_description/lib/pkgconfig/pibotj_description.pc'
[0.490s] Level 1:colcon.colcon_core.environment:checking '/home/juloau/Desktop/TFG/tfg-jlopez/code/ros2/install/pibotj_description/lib/python3.10/site-packages'
[0.491s] Level 1:colcon.colcon_core.environment:checking '/home/juloau/Desktop/TFG/tfg-jlopez/code/ros2/install/pibotj_description/bin'
[0.491s] INFO:colcon.colcon_core.shell:Creating package script '/home/juloau/Desktop/TFG/tfg-jlopez/code/ros2/install/pibotj_description/share/pibotj_description/package.ps1'
[0.492s] INFO:colcon.colcon_core.shell:Creating package descriptor '/home/juloau/Desktop/TFG/tfg-jlopez/code/ros2/install/pibotj_description/share/pibotj_description/package.dsv'
[0.492s] INFO:colcon.colcon_core.shell:Creating package script '/home/juloau/Desktop/TFG/tfg-jlopez/code/ros2/install/pibotj_description/share/pibotj_description/package.sh'
[0.493s] INFO:colcon.colcon_core.shell:Creating package script '/home/juloau/Desktop/TFG/tfg-jlopez/code/ros2/install/pibotj_description/share/pibotj_description/package.bash'
[0.493s] INFO:colcon.colcon_core.shell:Creating package script '/home/juloau/Desktop/TFG/tfg-jlopez/code/ros2/install/pibotj_description/share/pibotj_description/package.zsh'
[0.493s] Level 1:colcon.colcon_core.environment:create_file_with_runtime_dependencies(/home/juloau/Desktop/TFG/tfg-jlopez/code/ros2/install/pibotj_description/share/colcon-core/packages/pibotj_description)
[0.505s] Level 1:colcon.colcon_core.environment:create_environment_scripts_only(basic_diffbot)
[0.505s] Level 1:colcon.colcon_core.environment:checking '/home/juloau/Desktop/TFG/tfg-jlopez/code/ros2/install/basic_diffbot' for CMake module files
[0.505s] Level 1:colcon.colcon_core.environment:checking '/home/juloau/Desktop/TFG/tfg-jlopez/code/ros2/install/basic_diffbot' for CMake config files
[0.506s] Level 1:colcon.colcon_core.shell:create_environment_hook('basic_diffbot', 'cmake_prefix_path')
[0.506s] INFO:colcon.colcon_core.shell:Creating environment hook '/home/juloau/Desktop/TFG/tfg-jlopez/code/ros2/install/basic_diffbot/share/basic_diffbot/hook/cmake_prefix_path.ps1'
[0.506s] INFO:colcon.colcon_core.shell:Creating environment descriptor '/home/juloau/Desktop/TFG/tfg-jlopez/code/ros2/install/basic_diffbot/share/basic_diffbot/hook/cmake_prefix_path.dsv'
[0.507s] INFO:colcon.colcon_core.shell:Creating environment hook '/home/juloau/Desktop/TFG/tfg-jlopez/code/ros2/install/basic_diffbot/share/basic_diffbot/hook/cmake_prefix_path.sh'
[0.507s] Level 1:colcon.colcon_core.environment:checking '/home/juloau/Desktop/TFG/tfg-jlopez/code/ros2/install/basic_diffbot/bin'
[0.507s] Level 1:colcon.colcon_core.environment:checking '/home/juloau/Desktop/TFG/tfg-jlopez/code/ros2/install/basic_diffbot/lib/pkgconfig/basic_diffbot.pc'
[0.508s] Level 1:colcon.colcon_core.environment:checking '/home/juloau/Desktop/TFG/tfg-jlopez/code/ros2/install/basic_diffbot/lib/python3.10/site-packages'
[0.508s] Level 1:colcon.colcon_core.environment:checking '/home/juloau/Desktop/TFG/tfg-jlopez/code/ros2/install/basic_diffbot/bin'
[0.508s] INFO:colcon.colcon_core.shell:Creating package script '/home/juloau/Desktop/TFG/tfg-jlopez/code/ros2/install/basic_diffbot/share/basic_diffbot/package.ps1'
[0.509s] INFO:colcon.colcon_core.shell:Creating package descriptor '/home/juloau/Desktop/TFG/tfg-jlopez/code/ros2/install/basic_diffbot/share/basic_diffbot/package.dsv'
[0.509s] INFO:colcon.colcon_core.shell:Creating package script '/home/juloau/Desktop/TFG/tfg-jlopez/code/ros2/install/basic_diffbot/share/basic_diffbot/package.sh'
[0.510s] INFO:colcon.colcon_core.shell:Creating package script '/home/juloau/Desktop/TFG/tfg-jlopez/code/ros2/install/basic_diffbot/share/basic_diffbot/package.bash'
[0.510s] INFO:colcon.colcon_core.shell:Creating package script '/home/juloau/Desktop/TFG/tfg-jlopez/code/ros2/install/basic_diffbot/share/basic_diffbot/package.zsh'
[0.510s] Level 1:colcon.colcon_core.environment:create_file_with_runtime_dependencies(/home/juloau/Desktop/TFG/tfg-jlopez/code/ros2/install/basic_diffbot/share/colcon-core/packages/basic_diffbot)
[0.512s] Level 1:colcon.colcon_core.environment:create_environment_scripts_only(pibotj_description)
[0.513s] Level 1:colcon.colcon_core.environment:checking '/home/juloau/Desktop/TFG/tfg-jlopez/code/ros2/install/pibotj_description' for CMake module files
[0.513s] Level 1:colcon.colcon_core.environment:checking '/home/juloau/Desktop/TFG/tfg-jlopez/code/ros2/install/pibotj_description' for CMake config files
[0.513s] Level 1:colcon.colcon_core.shell:create_environment_hook('pibotj_description', 'cmake_prefix_path')
[0.514s] INFO:colcon.colcon_core.shell:Creating environment hook '/home/juloau/Desktop/TFG/tfg-jlopez/code/ros2/install/pibotj_description/share/pibotj_description/hook/cmake_prefix_path.ps1'
[0.514s] INFO:colcon.colcon_core.shell:Creating environment descriptor '/home/juloau/Desktop/TFG/tfg-jlopez/code/ros2/install/pibotj_description/share/pibotj_description/hook/cmake_prefix_path.dsv'
[0.514s] INFO:colcon.colcon_core.shell:Creating environment hook '/home/juloau/Desktop/TFG/tfg-jlopez/code/ros2/install/pibotj_description/share/pibotj_description/hook/cmake_prefix_path.sh'
[0.515s] Level 1:colcon.colcon_core.environment:checking '/home/juloau/Desktop/TFG/tfg-jlopez/code/ros2/install/pibotj_description/bin'
[0.515s] Level 1:colcon.colcon_core.environment:checking '/home/juloau/Desktop/TFG/tfg-jlopez/code/ros2/install/pibotj_description/lib/pkgconfig/pibotj_description.pc'
[0.515s] Level 1:colcon.colcon_core.environment:checking '/home/juloau/Desktop/TFG/tfg-jlopez/code/ros2/install/pibotj_description/lib/python3.10/site-packages'
[0.515s] Level 1:colcon.colcon_core.environment:checking '/home/juloau/Desktop/TFG/tfg-jlopez/code/ros2/install/pibotj_description/bin'
[0.515s] INFO:colcon.colcon_core.shell:Creating package script '/home/juloau/Desktop/TFG/tfg-jlopez/code/ros2/install/pibotj_description/share/pibotj_description/package.ps1'
[0.516s] INFO:colcon.colcon_core.shell:Creating package descriptor '/home/juloau/Desktop/TFG/tfg-jlopez/code/ros2/install/pibotj_description/share/pibotj_description/package.dsv'
[0.516s] INFO:colcon.colcon_core.shell:Creating package script '/home/juloau/Desktop/TFG/tfg-jlopez/code/ros2/install/pibotj_description/share/pibotj_description/package.sh'
[0.517s] INFO:colcon.colcon_core.shell:Creating package script '/home/juloau/Desktop/TFG/tfg-jlopez/code/ros2/install/pibotj_description/share/pibotj_description/package.bash'
[0.517s] INFO:colcon.colcon_core.shell:Creating package script '/home/juloau/Desktop/TFG/tfg-jlopez/code/ros2/install/pibotj_description/share/pibotj_description/package.zsh'
[0.517s] Level 1:colcon.colcon_core.environment:create_file_with_runtime_dependencies(/home/juloau/Desktop/TFG/tfg-jlopez/code/ros2/install/pibotj_description/share/colcon-core/packages/pibotj_description)
[0.517s] DEBUG:colcon.colcon_parallel_executor.executor.parallel:closing loop
[0.518s] DEBUG:colcon.colcon_parallel_executor.executor.parallel:loop closed
[0.518s] DEBUG:colcon.colcon_parallel_executor.executor.parallel:run_until_complete finished with '0'
[0.518s] DEBUG:colcon.colcon_core.event_reactor:joining thread
[0.523s] INFO:colcon.colcon_core.plugin_system:Skipping extension 'colcon_notification.desktop_notification.terminal_notifier': Not used on non-Darwin systems
[0.523s] INFO:colcon.colcon_core.plugin_system:Skipping extension 'colcon_notification.desktop_notification.win32': Not used on non-Windows systems
[0.523s] INFO:colcon.colcon_notification.desktop_notification:Sending desktop notification using 'notify2'
[0.533s] DEBUG:colcon.colcon_core.event_reactor:joined thread
[0.533s] INFO:colcon.colcon_core.shell:Creating prefix script '/home/juloau/Desktop/TFG/tfg-jlopez/code/ros2/install/local_setup.ps1'
[0.534s] INFO:colcon.colcon_core.shell:Creating prefix util module '/home/juloau/Desktop/TFG/tfg-jlopez/code/ros2/install/_local_setup_util_ps1.py'
[0.535s] INFO:colcon.colcon_core.shell:Creating prefix chain script '/home/juloau/Desktop/TFG/tfg-jlopez/code/ros2/install/setup.ps1'
[0.536s] INFO:colcon.colcon_core.shell:Creating prefix script '/home/juloau/Desktop/TFG/tfg-jlopez/code/ros2/install/local_setup.sh'
[0.537s] INFO:colcon.colcon_core.shell:Creating prefix util module '/home/juloau/Desktop/TFG/tfg-jlopez/code/ros2/install/_local_setup_util_sh.py'
[0.537s] INFO:colcon.colcon_core.shell:Creating prefix chain script '/home/juloau/Desktop/TFG/tfg-jlopez/code/ros2/install/setup.sh'
[0.538s] INFO:colcon.colcon_core.shell:Creating prefix script '/home/juloau/Desktop/TFG/tfg-jlopez/code/ros2/install/local_setup.bash'
[0.538s] INFO:colcon.colcon_core.shell:Creating prefix chain script '/home/juloau/Desktop/TFG/tfg-jlopez/code/ros2/install/setup.bash'
[0.539s] INFO:colcon.colcon_core.shell:Creating prefix script '/home/juloau/Desktop/TFG/tfg-jlopez/code/ros2/install/local_setup.zsh'
[0.540s] INFO:colcon.colcon_core.shell:Creating prefix chain script '/home/juloau/Desktop/TFG/tfg-jlopez/code/ros2/install/setup.zsh'
