-- Install configuration: ""
-- Up-to-date: /home/juloau/Desktop/TFG/tfg-jlopez/code/ros2/install/pibotj_description/share/pibotj_description/launch
-- Up-to-date: /home/juloau/Desktop/TFG/tfg-jlopez/code/ros2/install/pibotj_description/share/pibotj_description/launch/display_launch.py
-- Up-to-date: /home/juloau/Desktop/TFG/tfg-jlopez/code/ros2/install/pibotj_description/share/pibotj_description/launch/simple_robot_gz_launch.py
-- Up-to-date: /home/juloau/Desktop/TFG/tfg-jlopez/code/ros2/install/pibotj_description/share/pibotj_description/launch/one_robot_gz_launch.py
-- Up-to-date: /home/juloau/Desktop/TFG/tfg-jlopez/code/ros2/install/pibotj_description/share/pibotj_description/urdf
-- Up-to-date: /home/juloau/Desktop/TFG/tfg-jlopez/code/ros2/install/pibotj_description/share/pibotj_description/urdf/the_simplest_diffbot.xacro
-- Up-to-date: /home/juloau/Desktop/TFG/tfg-jlopez/code/ros2/install/pibotj_description/share/pibotj_description/urdf/caster_diffbot_gz.xacro
-- Up-to-date: /home/juloau/Desktop/TFG/tfg-jlopez/code/ros2/install/pibotj_description/share/pibotj_description/urdf/caster_diffbot.xacro
-- Up-to-date: /home/juloau/Desktop/TFG/tfg-jlopez/code/ros2/install/pibotj_description/share/pibotj_description/urdf/the_simplest_diffbot_gz.xacro
-- Up-to-date: /home/juloau/Desktop/TFG/tfg-jlopez/code/ros2/install/pibotj_description/share/pibotj_description/meshes
-- Up-to-date: /home/juloau/Desktop/TFG/tfg-jlopez/code/ros2/install/pibotj_description/share/pibotj_description/meshes/base_caster.stl
-- Up-to-date: /home/juloau/Desktop/TFG/tfg-jlopez/code/ros2/install/pibotj_description/share/pibotj_description/meshes/husky_wheel.stl
-- Up-to-date: /home/juloau/Desktop/TFG/tfg-jlopez/code/ros2/install/pibotj_description/share/pibotj_description/meshes/wheel_ring.stl
-- Up-to-date: /home/juloau/Desktop/TFG/tfg-jlopez/code/ros2/install/pibotj_description/share/pibotj_description/meshes/caster_wheel.stl
-- Up-to-date: /home/juloau/Desktop/TFG/tfg-jlopez/code/ros2/install/pibotj_description/share/pibotj_description/meshes/base_plate.stl
-- Up-to-date: /home/juloau/Desktop/TFG/tfg-jlopez/code/ros2/install/pibotj_description/share/pibotj_description/meshes/base.stl
-- Up-to-date: /home/juloau/Desktop/TFG/tfg-jlopez/code/ros2/install/pibotj_description/share/pibotj_description/meshes/psuperior.stl
-- Up-to-date: /home/juloau/Desktop/TFG/tfg-jlopez/code/ros2/install/pibotj_description/share/pibotj_description/meshes/camara.stl
-- Up-to-date: /home/juloau/Desktop/TFG/tfg-jlopez/code/ros2/install/pibotj_description/share/pibotj_description/meshes/strasera.stl
-- Up-to-date: /home/juloau/Desktop/TFG/tfg-jlopez/code/ros2/install/pibotj_description/share/pibotj_description/rviz
-- Up-to-date: /home/juloau/Desktop/TFG/tfg-jlopez/code/ros2/install/pibotj_description/share/pibotj_description/rviz/robot_display.rviz
-- Up-to-date: /home/juloau/Desktop/TFG/tfg-jlopez/code/ros2/install/pibotj_description/share/pibotj_description/worlds
-- Up-to-date: /home/juloau/Desktop/TFG/tfg-jlopez/code/ros2/install/pibotj_description/share/pibotj_description/worlds/empty.world
-- Up-to-date: /home/juloau/Desktop/TFG/tfg-jlopez/code/ros2/install/pibotj_description/share/pibotj_description/roboticaposgrado
-- Up-to-date: /home/juloau/Desktop/TFG/tfg-jlopez/code/ros2/install/pibotj_description/share/pibotj_description/roboticaposgrado/model.config
-- Up-to-date: /home/juloau/Desktop/TFG/tfg-jlopez/code/ros2/install/pibotj_description/share/pibotj_description/roboticaposgrado/meshes
-- Up-to-date: /home/juloau/Desktop/TFG/tfg-jlopez/code/ros2/install/pibotj_description/share/pibotj_description/roboticaposgrado/meshes/RP_logo.dae
-- Up-to-date: /home/juloau/Desktop/TFG/tfg-jlopez/code/ros2/install/pibotj_description/share/pibotj_description/roboticaposgrado/model-1_4.sdf
-- Up-to-date: /home/juloau/Desktop/TFG/tfg-jlopez/code/ros2/install/pibotj_description/share/pibotj_description/roboticaposgrado/materials
-- Up-to-date: /home/juloau/Desktop/TFG/tfg-jlopez/code/ros2/install/pibotj_description/share/pibotj_description/roboticaposgrado/materials/textures
-- Up-to-date: /home/juloau/Desktop/TFG/tfg-jlopez/code/ros2/install/pibotj_description/share/pibotj_description/roboticaposgrado/materials/textures/RoboticaPosgrado_logo.png
-- Up-to-date: /home/juloau/Desktop/TFG/tfg-jlopez/code/ros2/install/pibotj_description/share/pibotj_description/roboticaposgrado/materials/textures/Marker0_4x4.png
-- Up-to-date: /home/juloau/Desktop/TFG/tfg-jlopez/code/ros2/install/pibotj_description/share/pibotj_description/roboticaposgrado/model-1_5.sdf
-- Up-to-date: /home/juloau/Desktop/TFG/tfg-jlopez/code/ros2/install/pibotj_description/share/pibotj_description/roboticaposgrado/model.sdf
-- Up-to-date: /home/juloau/Desktop/TFG/tfg-jlopez/code/ros2/install/pibotj_description/share/ament_index/resource_index/package_run_dependencies/pibotj_description
-- Up-to-date: /home/juloau/Desktop/TFG/tfg-jlopez/code/ros2/install/pibotj_description/share/ament_index/resource_index/parent_prefix_path/pibotj_description
-- Up-to-date: /home/juloau/Desktop/TFG/tfg-jlopez/code/ros2/install/pibotj_description/share/pibotj_description/environment/ament_prefix_path.sh
-- Up-to-date: /home/juloau/Desktop/TFG/tfg-jlopez/code/ros2/install/pibotj_description/share/pibotj_description/environment/ament_prefix_path.dsv
-- Up-to-date: /home/juloau/Desktop/TFG/tfg-jlopez/code/ros2/install/pibotj_description/share/pibotj_description/environment/path.sh
-- Up-to-date: /home/juloau/Desktop/TFG/tfg-jlopez/code/ros2/install/pibotj_description/share/pibotj_description/environment/path.dsv
-- Up-to-date: /home/juloau/Desktop/TFG/tfg-jlopez/code/ros2/install/pibotj_description/share/pibotj_description/local_setup.bash
-- Up-to-date: /home/juloau/Desktop/TFG/tfg-jlopez/code/ros2/install/pibotj_description/share/pibotj_description/local_setup.sh
-- Up-to-date: /home/juloau/Desktop/TFG/tfg-jlopez/code/ros2/install/pibotj_description/share/pibotj_description/local_setup.zsh
-- Up-to-date: /home/juloau/Desktop/TFG/tfg-jlopez/code/ros2/install/pibotj_description/share/pibotj_description/local_setup.dsv
-- Up-to-date: /home/juloau/Desktop/TFG/tfg-jlopez/code/ros2/install/pibotj_description/share/pibotj_description/package.dsv
-- Up-to-date: /home/juloau/Desktop/TFG/tfg-jlopez/code/ros2/install/pibotj_description/share/ament_index/resource_index/packages/pibotj_description
-- Up-to-date: /home/juloau/Desktop/TFG/tfg-jlopez/code/ros2/install/pibotj_description/share/pibotj_description/cmake/pibotj_descriptionConfig.cmake
-- Up-to-date: /home/juloau/Desktop/TFG/tfg-jlopez/code/ros2/install/pibotj_description/share/pibotj_description/cmake/pibotj_descriptionConfig-version.cmake
-- Up-to-date: /home/juloau/Desktop/TFG/tfg-jlopez/code/ros2/install/pibotj_description/share/pibotj_description/package.xml
