[0.000000] (-) TimerEvent: {}
[0.000869] (-) JobUnselected: {'identifier': 'ackermann_steering_controller'}
[0.000906] (-) JobUnselected: {'identifier': 'admittance_controller'}
[0.000928] (-) JobUnselected: {'identifier': 'bicycle_steering_controller'}
[0.000947] (-) JobUnselected: {'identifier': 'control_msgs'}
[0.000966] (-) JobUnselected: {'identifier': 'control_toolbox'}
[0.000984] (-) JobUnselected: {'identifier': 'controller_interface'}
[0.001008] (-) JobUnselected: {'identifier': 'controller_manager'}
[0.001092] (-) JobUnselected: {'identifier': 'controller_manager_msgs'}
[0.001111] (-) JobUnselected: {'identifier': 'diff_drive_controller'}
[0.001129] (-) JobUnselected: {'identifier': 'effort_controllers'}
[0.001146] (-) JobUnselected: {'identifier': 'force_torque_sensor_broadcaster'}
[0.001164] (-) JobUnselected: {'identifier': 'forward_command_controller'}
[0.001181] (-) JobUnselected: {'identifier': 'gazebo_ros2_control'}
[0.001198] (-) JobUnselected: {'identifier': 'gazebo_ros2_control_demos'}
[0.001215] (-) JobUnselected: {'identifier': 'gripper_controllers'}
[0.001232] (-) JobUnselected: {'identifier': 'gz_ros2_control_tests'}
[0.001249] (-) JobUnselected: {'identifier': 'hardware_interface'}
[0.001267] (-) JobUnselected: {'identifier': 'hardware_interface_testing'}
[0.001284] (-) JobUnselected: {'identifier': 'ign_ros2_control'}
[0.001301] (-) JobUnselected: {'identifier': 'ign_ros2_control_demos'}
[0.001319] (-) JobUnselected: {'identifier': 'imu_sensor_broadcaster'}
[0.001336] (-) JobUnselected: {'identifier': 'joint_limits'}
[0.001353] (-) JobUnselected: {'identifier': 'joint_state_broadcaster'}
[0.001370] (-) JobUnselected: {'identifier': 'joint_trajectory_controller'}
[0.001387] (-) JobUnselected: {'identifier': 'kinematics_interface'}
[0.001404] (-) JobUnselected: {'identifier': 'kinematics_interface_kdl'}
[0.001421] (-) JobUnselected: {'identifier': 'pibotj'}
[0.001438] (-) JobUnselected: {'identifier': 'pibotj_r2c'}
[0.001455] (-) JobUnselected: {'identifier': 'pid_controller'}
[0.001472] (-) JobUnselected: {'identifier': 'position_controllers'}
[0.001489] (-) JobUnselected: {'identifier': 'range_sensor_broadcaster'}
[0.001506] (-) JobUnselected: {'identifier': 'realtime_tools'}
[0.001523] (-) JobUnselected: {'identifier': 'ros2_control'}
[0.001540] (-) JobUnselected: {'identifier': 'ros2_control_demo_description'}
[0.001557] (-) JobUnselected: {'identifier': 'ros2_control_demo_example_1'}
[0.001574] (-) JobUnselected: {'identifier': 'ros2_control_demo_example_10'}
[0.001595] (-) JobUnselected: {'identifier': 'ros2_control_demo_example_11'}
[0.001670] (-) JobUnselected: {'identifier': 'ros2_control_demo_example_12'}
[0.001689] (-) JobUnselected: {'identifier': 'ros2_control_demo_example_14'}
[0.001706] (-) JobUnselected: {'identifier': 'ros2_control_demo_example_15'}
[0.001723] (-) JobUnselected: {'identifier': 'ros2_control_demo_example_2'}
[0.001740] (-) JobUnselected: {'identifier': 'ros2_control_demo_example_3'}
[0.001757] (-) JobUnselected: {'identifier': 'ros2_control_demo_example_4'}
[0.001774] (-) JobUnselected: {'identifier': 'ros2_control_demo_example_5'}
[0.001791] (-) JobUnselected: {'identifier': 'ros2_control_demo_example_6'}
[0.001808] (-) JobUnselected: {'identifier': 'ros2_control_demo_example_7'}
[0.001825] (-) JobUnselected: {'identifier': 'ros2_control_demo_example_8'}
[0.001842] (-) JobUnselected: {'identifier': 'ros2_control_demo_example_9'}
[0.001859] (-) JobUnselected: {'identifier': 'ros2_control_demo_testing'}
[0.001876] (-) JobUnselected: {'identifier': 'ros2_control_demos'}
[0.001892] (-) JobUnselected: {'identifier': 'ros2_control_test_assets'}
[0.001909] (-) JobUnselected: {'identifier': 'ros2_controllers'}
[0.001926] (-) JobUnselected: {'identifier': 'ros2_controllers_test_nodes'}
[0.001942] (-) JobUnselected: {'identifier': 'ros2controlcli'}
[0.001959] (-) JobUnselected: {'identifier': 'rqt_controller_manager'}
[0.001976] (-) JobUnselected: {'identifier': 'rqt_joint_trajectory_controller'}
[0.001993] (-) JobUnselected: {'identifier': 'steering_controllers_library'}
[0.002010] (-) JobUnselected: {'identifier': 'transmission_interface'}
[0.002100] (-) JobUnselected: {'identifier': 'tricycle_controller'}
[0.002119] (-) JobUnselected: {'identifier': 'tricycle_steering_controller'}
[0.002136] (-) JobUnselected: {'identifier': 'velocity_controllers'}
[0.002154] (-) EventReactorShutdown: {}
