[35m[1mConsolidate compiler generated dependencies of target example_velocity[0m
[35m[1mConsolidate compiler generated dependencies of target example_diff_drive[0m
[35m[1mConsolidate compiler generated dependencies of target example_tricycle_drive[0m
[ 14%] Built target example_velocity
[ 21%] [32mBuilding CXX object CMakeFiles/example_position.dir/examples/example_position.cpp.o[0m
[ 28%] [32mBuilding CXX object CMakeFiles/example_effort.dir/examples/example_effort.cpp.o[0m
[ 42%] Built target example_diff_drive
[ 50%] [32mBuilding CXX object CMakeFiles/example_ackermann_drive.dir/examples/example_ackermann_drive.cpp.o[0m
[ 64%] Built target example_tricycle_drive
[ 71%] [32mBuilding CXX object CMakeFiles/example_gripper.dir/examples/example_gripper.cpp.o[0m
[ 78%] [32m[1mLinking CXX executable example_gripper[0m
[ 78%] Built target example_gripper
[ 85%] [32m[1mLinking CXX executable example_effort[0m
[ 92%] [32m[1mLinking CXX executable example_position[0m
[ 92%] Built target example_effort
[100%] [32m[1mLinking CXX executable example_ackermann_drive[0m
[100%] Built target example_position
[100%] Built target example_ackermann_drive
-- Install configuration: ""
-- Execute custom install script
-- Symlinking: /home/juloau/Desktop/TFG/tfg-jlopez/code/ros2/install/ign_ros2_control_demos/share/ign_ros2_control_demos//launch/ackermann_drive_example.launch.py
-- Symlinking: /home/juloau/Desktop/TFG/tfg-jlopez/code/ros2/install/ign_ros2_control_demos/share/ign_ros2_control_demos//launch/cart_example_effort.launch.py
-- Symlinking: /home/juloau/Desktop/TFG/tfg-jlopez/code/ros2/install/ign_ros2_control_demos/share/ign_ros2_control_demos//launch/cart_example_position.launch.py
-- Symlinking: /home/juloau/Desktop/TFG/tfg-jlopez/code/ros2/install/ign_ros2_control_demos/share/ign_ros2_control_demos//launch/cart_example_velocity.launch.py
-- Symlinking: /home/juloau/Desktop/TFG/tfg-jlopez/code/ros2/install/ign_ros2_control_demos/share/ign_ros2_control_demos//launch/diff_drive_example.launch.py
-- Symlinking: /home/juloau/Desktop/TFG/tfg-jlopez/code/ros2/install/ign_ros2_control_demos/share/ign_ros2_control_demos//launch/gripper_mimic_joint_example.launch.py
-- Symlinking: /home/juloau/Desktop/TFG/tfg-jlopez/code/ros2/install/ign_ros2_control_demos/share/ign_ros2_control_demos//launch/pendulum_example_effort.launch.py
-- Symlinking: /home/juloau/Desktop/TFG/tfg-jlopez/code/ros2/install/ign_ros2_control_demos/share/ign_ros2_control_demos//launch/pendulum_example_position.launch.py
-- Symlinking: /home/juloau/Desktop/TFG/tfg-jlopez/code/ros2/install/ign_ros2_control_demos/share/ign_ros2_control_demos//launch/tricycle_drive_example.launch.py
-- Symlinking: /home/juloau/Desktop/TFG/tfg-jlopez/code/ros2/install/ign_ros2_control_demos/share/ign_ros2_control_demos//config/ackermann_drive_controller.yaml
-- Symlinking: /home/juloau/Desktop/TFG/tfg-jlopez/code/ros2/install/ign_ros2_control_demos/share/ign_ros2_control_demos//config/cart_controller_effort.yaml
-- Symlinking: /home/juloau/Desktop/TFG/tfg-jlopez/code/ros2/install/ign_ros2_control_demos/share/ign_ros2_control_demos//config/cart_controller_position.yaml
-- Symlinking: /home/juloau/Desktop/TFG/tfg-jlopez/code/ros2/install/ign_ros2_control_demos/share/ign_ros2_control_demos//config/cart_controller_velocity.yaml
-- Symlinking: /home/juloau/Desktop/TFG/tfg-jlopez/code/ros2/install/ign_ros2_control_demos/share/ign_ros2_control_demos//config/diff_drive_controller_velocity.yaml
-- Symlinking: /home/juloau/Desktop/TFG/tfg-jlopez/code/ros2/install/ign_ros2_control_demos/share/ign_ros2_control_demos//config/gripper_controller.yaml
-- Symlinking: /home/juloau/Desktop/TFG/tfg-jlopez/code/ros2/install/ign_ros2_control_demos/share/ign_ros2_control_demos//config/tricycle_drive_controller.yaml
-- Symlinking: /home/juloau/Desktop/TFG/tfg-jlopez/code/ros2/install/ign_ros2_control_demos/share/ign_ros2_control_demos//urdf/test_ackermann_drive.xacro.urdf
-- Symlinking: /home/juloau/Desktop/TFG/tfg-jlopez/code/ros2/install/ign_ros2_control_demos/share/ign_ros2_control_demos//urdf/test_cart_effort.xacro.urdf
-- Symlinking: /home/juloau/Desktop/TFG/tfg-jlopez/code/ros2/install/ign_ros2_control_demos/share/ign_ros2_control_demos//urdf/test_cart_position.xacro.urdf
-- Symlinking: /home/juloau/Desktop/TFG/tfg-jlopez/code/ros2/install/ign_ros2_control_demos/share/ign_ros2_control_demos//urdf/test_cart_velocity.xacro.urdf
-- Symlinking: /home/juloau/Desktop/TFG/tfg-jlopez/code/ros2/install/ign_ros2_control_demos/share/ign_ros2_control_demos//urdf/test_diff_drive.xacro.urdf
-- Symlinking: /home/juloau/Desktop/TFG/tfg-jlopez/code/ros2/install/ign_ros2_control_demos/share/ign_ros2_control_demos//urdf/test_gripper_mimic_joint.xacro.urdf
-- Symlinking: /home/juloau/Desktop/TFG/tfg-jlopez/code/ros2/install/ign_ros2_control_demos/share/ign_ros2_control_demos//urdf/test_pendulum_effort.xacro.urdf
-- Symlinking: /home/juloau/Desktop/TFG/tfg-jlopez/code/ros2/install/ign_ros2_control_demos/share/ign_ros2_control_demos//urdf/test_pendulum_position.xacro.urdf
-- Symlinking: /home/juloau/Desktop/TFG/tfg-jlopez/code/ros2/install/ign_ros2_control_demos/share/ign_ros2_control_demos//urdf/test_tricycle_drive.xacro.urdf
-- Symlinking: /home/juloau/Desktop/TFG/tfg-jlopez/code/ros2/install/ign_ros2_control_demos/lib/ign_ros2_control_demos/example_position
-- Symlinking: /home/juloau/Desktop/TFG/tfg-jlopez/code/ros2/install/ign_ros2_control_demos/lib/ign_ros2_control_demos/example_velocity
-- Symlinking: /home/juloau/Desktop/TFG/tfg-jlopez/code/ros2/install/ign_ros2_control_demos/lib/ign_ros2_control_demos/example_effort
-- Symlinking: /home/juloau/Desktop/TFG/tfg-jlopez/code/ros2/install/ign_ros2_control_demos/lib/ign_ros2_control_demos/example_diff_drive
-- Symlinking: /home/juloau/Desktop/TFG/tfg-jlopez/code/ros2/install/ign_ros2_control_demos/lib/ign_ros2_control_demos/example_tricycle_drive
-- Symlinking: /home/juloau/Desktop/TFG/tfg-jlopez/code/ros2/install/ign_ros2_control_demos/lib/ign_ros2_control_demos/example_ackermann_drive
-- Symlinking: /home/juloau/Desktop/TFG/tfg-jlopez/code/ros2/install/ign_ros2_control_demos/lib/ign_ros2_control_demos/example_gripper
-- Symlinking: /home/juloau/Desktop/TFG/tfg-jlopez/code/ros2/install/ign_ros2_control_demos/share/ament_index/resource_index/package_run_dependencies/ign_ros2_control_demos
-- Symlinking: /home/juloau/Desktop/TFG/tfg-jlopez/code/ros2/install/ign_ros2_control_demos/share/ament_index/resource_index/parent_prefix_path/ign_ros2_control_demos
-- Symlinking: /home/juloau/Desktop/TFG/tfg-jlopez/code/ros2/install/ign_ros2_control_demos/share/ign_ros2_control_demos/environment/ament_prefix_path.sh
-- Symlinking: /home/juloau/Desktop/TFG/tfg-jlopez/code/ros2/install/ign_ros2_control_demos/share/ign_ros2_control_demos/environment/ament_prefix_path.dsv
-- Symlinking: /home/juloau/Desktop/TFG/tfg-jlopez/code/ros2/install/ign_ros2_control_demos/share/ign_ros2_control_demos/environment/path.sh
-- Symlinking: /home/juloau/Desktop/TFG/tfg-jlopez/code/ros2/install/ign_ros2_control_demos/share/ign_ros2_control_demos/environment/path.dsv
-- Symlinking: /home/juloau/Desktop/TFG/tfg-jlopez/code/ros2/install/ign_ros2_control_demos/share/ign_ros2_control_demos/local_setup.bash
-- Symlinking: /home/juloau/Desktop/TFG/tfg-jlopez/code/ros2/install/ign_ros2_control_demos/share/ign_ros2_control_demos/local_setup.sh
-- Symlinking: /home/juloau/Desktop/TFG/tfg-jlopez/code/ros2/install/ign_ros2_control_demos/share/ign_ros2_control_demos/local_setup.zsh
-- Symlinking: /home/juloau/Desktop/TFG/tfg-jlopez/code/ros2/install/ign_ros2_control_demos/share/ign_ros2_control_demos/local_setup.dsv
-- Symlinking: /home/juloau/Desktop/TFG/tfg-jlopez/code/ros2/install/ign_ros2_control_demos/share/ign_ros2_control_demos/package.dsv
-- Symlinking: /home/juloau/Desktop/TFG/tfg-jlopez/code/ros2/install/ign_ros2_control_demos/share/ament_index/resource_index/packages/ign_ros2_control_demos
-- Symlinking: /home/juloau/Desktop/TFG/tfg-jlopez/code/ros2/install/ign_ros2_control_demos/share/ign_ros2_control_demos/cmake/ign_ros2_control_demosConfig.cmake
-- Symlinking: /home/juloau/Desktop/TFG/tfg-jlopez/code/ros2/install/ign_ros2_control_demos/share/ign_ros2_control_demos/cmake/ign_ros2_control_demosConfig-version.cmake
-- Symlinking: /home/juloau/Desktop/TFG/tfg-jlopez/code/ros2/install/ign_ros2_control_demos/share/ign_ros2_control_demos/package.xml
