[0.050s] Invoking command in '/home/juloau/Desktop/TFG/tfg-jlopez/code/ros2/build/transmission_interface': AMENT_PREFIX_PATH=/home/juloau/Desktop/TFG/tfg-jlopez/code/ros2/install/hardware_interface:/home/juloau/Desktop/TFG/tfg-jlopez/code/ros2/install/ros2_control_test_assets:/home/juloau/Desktop/TFG/tfg-jlopez/code/ros2/install/control_msgs:${AMENT_PREFIX_PATH} CMAKE_PREFIX_PATH=/home/juloau/Desktop/TFG/tfg-jlopez/code/ros2/install/hardware_interface:/home/juloau/Desktop/TFG/tfg-jlopez/code/ros2/install/ros2_control_test_assets:/home/juloau/Desktop/TFG/tfg-jlopez/code/ros2/install/control_msgs:/home/juloau/Desktop/TFG/tfg-jlopez/code/ros2/install/pibotj_r2c:/home/juloau/Desktop/TFG/tfg-jlopez/code/ros2/install/articubot_one:/home/juloau/Desktop/TFG/tfg-jlopez/code/ros2/install/pibotj_description:/home/juloau/Desktop/TFG/tfg-jlopez/code/ros2/install/pibotj:/home/juloau/Desktop/TFG/tfg-jlopez/code/ros2/install/basic_diffbot:/opt/ros/humble LD_LIBRARY_PATH=/home/juloau/Desktop/TFG/tfg-jlopez/code/ros2/install/hardware_interface/lib:/home/juloau/Desktop/TFG/tfg-jlopez/code/ros2/install/control_msgs/lib:/usr/lib/x86_64-linux-gnu/gazebo-11/plugins:/opt/ros/humble/opt/rviz_ogre_vendor/lib:/opt/ros/humble/lib/x86_64-linux-gnu:/opt/ros/humble/lib:/usr/share/gazebo/../../lib/x86_64-linux-gnu/gazebo-11/plugins PYTHONPATH=/home/juloau/Desktop/TFG/tfg-jlopez/code/ros2/install/control_msgs/local/lib/python3.10/dist-packages:${PYTHONPATH} /usr/bin/cmake /home/juloau/Desktop/TFG/tfg-jlopez/code/ros2/src/ros-controls/ros2_control/transmission_interface -DAMENT_CMAKE_SYMLINK_INSTALL=1 -DCMAKE_INSTALL_PREFIX=/home/juloau/Desktop/TFG/tfg-jlopez/code/ros2/install/transmission_interface
[0.235s] -- The C compiler identification is GNU 11.4.0
[0.452s] -- The CXX compiler identification is GNU 11.4.0
[0.472s] -- Detecting C compiler ABI info
[0.695s] -- Detecting C compiler ABI info - done
[0.733s] -- Check for working C compiler: /usr/bin/cc - skipped
[0.735s] -- Detecting C compile features
[0.738s] -- Detecting C compile features - done
[0.752s] -- Detecting CXX compiler ABI info
[1.154s] -- Detecting CXX compiler ABI info - done
[1.191s] -- Check for working CXX compiler: /usr/bin/c++ - skipped
[1.197s] -- Detecting CXX compile features
[1.197s] -- Detecting CXX compile features - done
[1.202s] -- Found ament_cmake: 1.3.9 (/opt/ros/humble/share/ament_cmake/cmake)
[1.680s] -- Found Python3: /usr/bin/python3 (found version "3.10.12") found components: Interpreter 
[1.847s] -- Override CMake install command with custom implementation using symlinks instead of copying resources
[1.948s] -- Found hardware_interface: 2.42.0 (/home/juloau/Desktop/TFG/tfg-jlopez/code/ros2/install/hardware_interface/share/hardware_interface/cmake)
[2.167s] -- Found rosidl_generator_c: 3.1.5 (/opt/ros/humble/share/rosidl_generator_c/cmake)
[2.186s] -- Found rosidl_adapter: 3.1.5 (/opt/ros/humble/share/rosidl_adapter/cmake)
[2.215s] -- Found rosidl_generator_cpp: 3.1.5 (/opt/ros/humble/share/rosidl_generator_cpp/cmake)
[2.262s] -- Using all available rosidl_typesupport_c: rosidl_typesupport_fastrtps_c;rosidl_typesupport_introspection_c
[2.329s] -- Using all available rosidl_typesupport_cpp: rosidl_typesupport_fastrtps_cpp;rosidl_typesupport_introspection_cpp
[4.546s] -- Found rmw_implementation_cmake: 6.1.2 (/opt/ros/humble/share/rmw_implementation_cmake/cmake)
[4.556s] -- Found rmw_fastrtps_cpp: 6.2.6 (/opt/ros/humble/share/rmw_fastrtps_cpp/cmake)
[4.663s] -- Found TinyXML2 via Config file: TinyXML2_DIR-NOTFOUND
[4.750s] -- Found OpenSSL: /usr/lib/x86_64-linux-gnu/libcrypto.so (found version "3.0.2")  
[4.757s] -- Found TinyXML2 via Config file: TinyXML2_DIR-NOTFOUND
[4.798s] -- Found FastRTPS: /opt/ros/humble/include  
[4.827s] -- Found TinyXML2 via Config file: TinyXML2_DIR-NOTFOUND
[4.846s] -- Found TinyXML2 via Config file: TinyXML2_DIR-NOTFOUND
[4.872s] -- Using RMW implementation 'rmw_fastrtps_cpp' as default
[4.904s] -- Looking for pthread.h
[5.054s] -- Looking for pthread.h - found
[5.054s] -- Performing Test CMAKE_HAVE_LIBC_PTHREAD
[5.207s] -- Performing Test CMAKE_HAVE_LIBC_PTHREAD - Success
[5.209s] -- Found Threads: TRUE  
[5.896s] -- Found ament_cmake_gmock: 1.3.9 (/opt/ros/humble/share/ament_cmake_gmock/cmake)
[5.902s] -- Found gmock sources under '/opt/ros/humble/src/gmock_vendor': C++ tests using 'Google Mock' will be built
[5.916s] -- Found ament_cmake_gtest: 1.3.9 (/opt/ros/humble/share/ament_cmake_gtest/cmake)
[5.918s] -- Found gtest sources under '/opt/ros/humble/src/gtest_vendor': C++ tests using 'Google Test' will be built
[8.781s] -- Configuring done
[9.603s] -- Generating done
[9.622s] -- Build files have been written to: /home/juloau/Desktop/TFG/tfg-jlopez/code/ros2/build/transmission_interface
[9.700s] Invoked command in '/home/juloau/Desktop/TFG/tfg-jlopez/code/ros2/build/transmission_interface' returned '0': AMENT_PREFIX_PATH=/home/juloau/Desktop/TFG/tfg-jlopez/code/ros2/install/hardware_interface:/home/juloau/Desktop/TFG/tfg-jlopez/code/ros2/install/ros2_control_test_assets:/home/juloau/Desktop/TFG/tfg-jlopez/code/ros2/install/control_msgs:${AMENT_PREFIX_PATH} CMAKE_PREFIX_PATH=/home/juloau/Desktop/TFG/tfg-jlopez/code/ros2/install/hardware_interface:/home/juloau/Desktop/TFG/tfg-jlopez/code/ros2/install/ros2_control_test_assets:/home/juloau/Desktop/TFG/tfg-jlopez/code/ros2/install/control_msgs:/home/juloau/Desktop/TFG/tfg-jlopez/code/ros2/install/pibotj_r2c:/home/juloau/Desktop/TFG/tfg-jlopez/code/ros2/install/articubot_one:/home/juloau/Desktop/TFG/tfg-jlopez/code/ros2/install/pibotj_description:/home/juloau/Desktop/TFG/tfg-jlopez/code/ros2/install/pibotj:/home/juloau/Desktop/TFG/tfg-jlopez/code/ros2/install/basic_diffbot:/opt/ros/humble LD_LIBRARY_PATH=/home/juloau/Desktop/TFG/tfg-jlopez/code/ros2/install/hardware_interface/lib:/home/juloau/Desktop/TFG/tfg-jlopez/code/ros2/install/control_msgs/lib:/usr/lib/x86_64-linux-gnu/gazebo-11/plugins:/opt/ros/humble/opt/rviz_ogre_vendor/lib:/opt/ros/humble/lib/x86_64-linux-gnu:/opt/ros/humble/lib:/usr/share/gazebo/../../lib/x86_64-linux-gnu/gazebo-11/plugins PYTHONPATH=/home/juloau/Desktop/TFG/tfg-jlopez/code/ros2/install/control_msgs/local/lib/python3.10/dist-packages:${PYTHONPATH} /usr/bin/cmake /home/juloau/Desktop/TFG/tfg-jlopez/code/ros2/src/ros-controls/ros2_control/transmission_interface -DAMENT_CMAKE_SYMLINK_INSTALL=1 -DCMAKE_INSTALL_PREFIX=/home/juloau/Desktop/TFG/tfg-jlopez/code/ros2/install/transmission_interface
[9.701s] Invoking command in '/home/juloau/Desktop/TFG/tfg-jlopez/code/ros2/build/transmission_interface': AMENT_PREFIX_PATH=/home/juloau/Desktop/TFG/tfg-jlopez/code/ros2/install/hardware_interface:/home/juloau/Desktop/TFG/tfg-jlopez/code/ros2/install/ros2_control_test_assets:/home/juloau/Desktop/TFG/tfg-jlopez/code/ros2/install/control_msgs:${AMENT_PREFIX_PATH} CMAKE_PREFIX_PATH=/home/juloau/Desktop/TFG/tfg-jlopez/code/ros2/install/hardware_interface:/home/juloau/Desktop/TFG/tfg-jlopez/code/ros2/install/ros2_control_test_assets:/home/juloau/Desktop/TFG/tfg-jlopez/code/ros2/install/control_msgs:/home/juloau/Desktop/TFG/tfg-jlopez/code/ros2/install/pibotj_r2c:/home/juloau/Desktop/TFG/tfg-jlopez/code/ros2/install/articubot_one:/home/juloau/Desktop/TFG/tfg-jlopez/code/ros2/install/pibotj_description:/home/juloau/Desktop/TFG/tfg-jlopez/code/ros2/install/pibotj:/home/juloau/Desktop/TFG/tfg-jlopez/code/ros2/install/basic_diffbot:/opt/ros/humble LD_LIBRARY_PATH=/home/juloau/Desktop/TFG/tfg-jlopez/code/ros2/install/hardware_interface/lib:/home/juloau/Desktop/TFG/tfg-jlopez/code/ros2/install/control_msgs/lib:/usr/lib/x86_64-linux-gnu/gazebo-11/plugins:/opt/ros/humble/opt/rviz_ogre_vendor/lib:/opt/ros/humble/lib/x86_64-linux-gnu:/opt/ros/humble/lib:/usr/share/gazebo/../../lib/x86_64-linux-gnu/gazebo-11/plugins PYTHONPATH=/home/juloau/Desktop/TFG/tfg-jlopez/code/ros2/install/control_msgs/local/lib/python3.10/dist-packages:${PYTHONPATH} /usr/bin/cmake --build /home/juloau/Desktop/TFG/tfg-jlopez/code/ros2/build/transmission_interface -- -j8 -l8
[10.099s] [  4%] [32mBuilding CXX object CMakeFiles/transmission_interface.dir/src/simple_transmission_loader.cpp.o[0m
[18.493s] [  8%] [32mBuilding CXX object CMakeFiles/transmission_interface.dir/src/differential_transmission_loader.cpp.o[0m
[24.663s] [ 13%] [32mBuilding CXX object CMakeFiles/transmission_interface.dir/src/four_bar_linkage_transmission_loader.cpp.o[0m
[29.839s] [ 17%] [32m[1mLinking CXX shared library libtransmission_interface.so[0m
[30.105s] [ 17%] Built target transmission_interface
[30.135s] [ 21%] [32mBuilding CXX object gmock/CMakeFiles/gmock_main.dir/src/gmock_main.cc.o[0m
[30.144s] [ 26%] [32mBuilding CXX object gmock/CMakeFiles/gmock.dir/opt/ros/humble/src/gtest_vendor/src/gtest-all.cc.o[0m
[30.144s] [ 30%] [32mBuilding CXX object gmock/CMakeFiles/gmock.dir/src/gmock-all.cc.o[0m
[32.281s] [ 34%] [32m[1mLinking CXX static library libgmock_main.a[0m
[32.330s] [ 34%] Built target gmock_main
[35.788s] [ 39%] [32m[1mLinking CXX static library libgmock.a[0m
[35.869s] [ 39%] Built target gmock
[35.902s] [ 43%] [32mBuilding CXX object CMakeFiles/test_four_bar_linkage_transmission.dir/test/four_bar_linkage_transmission_test.cpp.o[0m
[35.905s] [ 52%] [32mBuilding CXX object CMakeFiles/test_simple_transmission.dir/test/simple_transmission_test.cpp.o[0m
[35.905s] [ 56%] [32mBuilding CXX object CMakeFiles/test_differential_transmission_loader.dir/test/differential_transmission_loader_test.cpp.o[0m
[35.906s] [ 56%] [32mBuilding CXX object CMakeFiles/test_simple_transmission_loader.dir/test/simple_transmission_loader_test.cpp.o[0m
[35.906s] [ 60%] [32mBuilding CXX object CMakeFiles/test_differential_transmission.dir/test/differential_transmission_test.cpp.o[0m
[35.906s] [ 65%] [32mBuilding CXX object CMakeFiles/test_four_bar_linkage_transmission_loader.dir/test/four_bar_linkage_transmission_loader_test.cpp.o[0m
[41.374s] [ 69%] [32m[1mLinking CXX executable test_four_bar_linkage_transmission[0m
[41.476s] [ 73%] [32m[1mLinking CXX executable test_simple_transmission[0m
[41.652s] [ 78%] [32m[1mLinking CXX executable test_differential_transmission[0m
[42.481s] [ 78%] Built target test_four_bar_linkage_transmission
[42.529s] [ 82%] [32mBuilding CXX object CMakeFiles/test_utils.dir/test/utils_test.cpp.o[0m
[42.818s] [ 82%] Built target test_differential_transmission
[43.013s] [ 82%] Built target test_simple_transmission
[46.905s] [ 86%] [32m[1mLinking CXX executable test_utils[0m
[47.361s] [ 91%] [32m[1mLinking CXX executable test_differential_transmission_loader[0m
[47.550s] [ 95%] [32m[1mLinking CXX executable test_simple_transmission_loader[0m
[47.729s] [100%] [32m[1mLinking CXX executable test_four_bar_linkage_transmission_loader[0m
[47.806s] [100%] Built target test_utils
[48.490s] [100%] Built target test_simple_transmission_loader
[48.602s] [100%] Built target test_differential_transmission_loader
[48.722s] [100%] Built target test_four_bar_linkage_transmission_loader
[48.738s] Invoked command in '/home/juloau/Desktop/TFG/tfg-jlopez/code/ros2/build/transmission_interface' returned '0': AMENT_PREFIX_PATH=/home/juloau/Desktop/TFG/tfg-jlopez/code/ros2/install/hardware_interface:/home/juloau/Desktop/TFG/tfg-jlopez/code/ros2/install/ros2_control_test_assets:/home/juloau/Desktop/TFG/tfg-jlopez/code/ros2/install/control_msgs:${AMENT_PREFIX_PATH} CMAKE_PREFIX_PATH=/home/juloau/Desktop/TFG/tfg-jlopez/code/ros2/install/hardware_interface:/home/juloau/Desktop/TFG/tfg-jlopez/code/ros2/install/ros2_control_test_assets:/home/juloau/Desktop/TFG/tfg-jlopez/code/ros2/install/control_msgs:/home/juloau/Desktop/TFG/tfg-jlopez/code/ros2/install/pibotj_r2c:/home/juloau/Desktop/TFG/tfg-jlopez/code/ros2/install/articubot_one:/home/juloau/Desktop/TFG/tfg-jlopez/code/ros2/install/pibotj_description:/home/juloau/Desktop/TFG/tfg-jlopez/code/ros2/install/pibotj:/home/juloau/Desktop/TFG/tfg-jlopez/code/ros2/install/basic_diffbot:/opt/ros/humble LD_LIBRARY_PATH=/home/juloau/Desktop/TFG/tfg-jlopez/code/ros2/install/hardware_interface/lib:/home/juloau/Desktop/TFG/tfg-jlopez/code/ros2/install/control_msgs/lib:/usr/lib/x86_64-linux-gnu/gazebo-11/plugins:/opt/ros/humble/opt/rviz_ogre_vendor/lib:/opt/ros/humble/lib/x86_64-linux-gnu:/opt/ros/humble/lib:/usr/share/gazebo/../../lib/x86_64-linux-gnu/gazebo-11/plugins PYTHONPATH=/home/juloau/Desktop/TFG/tfg-jlopez/code/ros2/install/control_msgs/local/lib/python3.10/dist-packages:${PYTHONPATH} /usr/bin/cmake --build /home/juloau/Desktop/TFG/tfg-jlopez/code/ros2/build/transmission_interface -- -j8 -l8
[48.803s] Invoking command in '/home/juloau/Desktop/TFG/tfg-jlopez/code/ros2/build/transmission_interface': AMENT_PREFIX_PATH=/home/juloau/Desktop/TFG/tfg-jlopez/code/ros2/install/hardware_interface:/home/juloau/Desktop/TFG/tfg-jlopez/code/ros2/install/ros2_control_test_assets:/home/juloau/Desktop/TFG/tfg-jlopez/code/ros2/install/control_msgs:${AMENT_PREFIX_PATH} CMAKE_PREFIX_PATH=/home/juloau/Desktop/TFG/tfg-jlopez/code/ros2/install/hardware_interface:/home/juloau/Desktop/TFG/tfg-jlopez/code/ros2/install/ros2_control_test_assets:/home/juloau/Desktop/TFG/tfg-jlopez/code/ros2/install/control_msgs:/home/juloau/Desktop/TFG/tfg-jlopez/code/ros2/install/pibotj_r2c:/home/juloau/Desktop/TFG/tfg-jlopez/code/ros2/install/articubot_one:/home/juloau/Desktop/TFG/tfg-jlopez/code/ros2/install/pibotj_description:/home/juloau/Desktop/TFG/tfg-jlopez/code/ros2/install/pibotj:/home/juloau/Desktop/TFG/tfg-jlopez/code/ros2/install/basic_diffbot:/opt/ros/humble LD_LIBRARY_PATH=/home/juloau/Desktop/TFG/tfg-jlopez/code/ros2/install/hardware_interface/lib:/home/juloau/Desktop/TFG/tfg-jlopez/code/ros2/install/control_msgs/lib:/usr/lib/x86_64-linux-gnu/gazebo-11/plugins:/opt/ros/humble/opt/rviz_ogre_vendor/lib:/opt/ros/humble/lib/x86_64-linux-gnu:/opt/ros/humble/lib:/usr/share/gazebo/../../lib/x86_64-linux-gnu/gazebo-11/plugins PYTHONPATH=/home/juloau/Desktop/TFG/tfg-jlopez/code/ros2/install/control_msgs/local/lib/python3.10/dist-packages:${PYTHONPATH} /usr/bin/cmake --install /home/juloau/Desktop/TFG/tfg-jlopez/code/ros2/build/transmission_interface
[48.813s] -- Install configuration: ""
[48.813s] -- Execute custom install script
[48.814s] -- Symlinking: /home/juloau/Desktop/TFG/tfg-jlopez/code/ros2/install/transmission_interface/include/transmission_interface/accessor.hpp
[48.826s] -- Symlinking: /home/juloau/Desktop/TFG/tfg-jlopez/code/ros2/install/transmission_interface/include/transmission_interface/differential_transmission.hpp
[48.837s] -- Symlinking: /home/juloau/Desktop/TFG/tfg-jlopez/code/ros2/install/transmission_interface/include/transmission_interface/differential_transmission_loader.hpp
[48.848s] -- Symlinking: /home/juloau/Desktop/TFG/tfg-jlopez/code/ros2/install/transmission_interface/include/transmission_interface/exception.hpp
[48.859s] -- Symlinking: /home/juloau/Desktop/TFG/tfg-jlopez/code/ros2/install/transmission_interface/include/transmission_interface/four_bar_linkage_transmission.hpp
[48.870s] -- Symlinking: /home/juloau/Desktop/TFG/tfg-jlopez/code/ros2/install/transmission_interface/include/transmission_interface/four_bar_linkage_transmission_loader.hpp
[48.886s] -- Symlinking: /home/juloau/Desktop/TFG/tfg-jlopez/code/ros2/install/transmission_interface/include/transmission_interface/handle.hpp
[48.897s] -- Symlinking: /home/juloau/Desktop/TFG/tfg-jlopez/code/ros2/install/transmission_interface/include/transmission_interface/simple_transmission.hpp
[48.908s] -- Symlinking: /home/juloau/Desktop/TFG/tfg-jlopez/code/ros2/install/transmission_interface/include/transmission_interface/simple_transmission_loader.hpp
[48.919s] -- Symlinking: /home/juloau/Desktop/TFG/tfg-jlopez/code/ros2/install/transmission_interface/include/transmission_interface/transmission.hpp
[48.930s] -- Symlinking: /home/juloau/Desktop/TFG/tfg-jlopez/code/ros2/install/transmission_interface/include/transmission_interface/transmission_interface_exception.hpp
[48.941s] -- Symlinking: /home/juloau/Desktop/TFG/tfg-jlopez/code/ros2/install/transmission_interface/include/transmission_interface/transmission_loader.hpp
[48.952s] -- Symlinking: /home/juloau/Desktop/TFG/tfg-jlopez/code/ros2/install/transmission_interface/include/transmission_interface/visibility_control.h
[48.963s] -- Symlinking: /home/juloau/Desktop/TFG/tfg-jlopez/code/ros2/install/transmission_interface/share/transmission_interface//ros2_control_plugins.xml
[48.975s] -- Symlinking: /home/juloau/Desktop/TFG/tfg-jlopez/code/ros2/install/transmission_interface/share/transmission_interface/environment/library_path.sh
[48.986s] -- Symlinking: /home/juloau/Desktop/TFG/tfg-jlopez/code/ros2/install/transmission_interface/share/transmission_interface/environment/library_path.dsv
[48.997s] -- Symlinking: /home/juloau/Desktop/TFG/tfg-jlopez/code/ros2/install/transmission_interface/share/ament_index/resource_index/package_run_dependencies/transmission_interface
[49.008s] -- Symlinking: /home/juloau/Desktop/TFG/tfg-jlopez/code/ros2/install/transmission_interface/share/ament_index/resource_index/parent_prefix_path/transmission_interface
[49.019s] -- Symlinking: /home/juloau/Desktop/TFG/tfg-jlopez/code/ros2/install/transmission_interface/share/transmission_interface/environment/ament_prefix_path.sh
[49.030s] -- Symlinking: /home/juloau/Desktop/TFG/tfg-jlopez/code/ros2/install/transmission_interface/share/transmission_interface/environment/ament_prefix_path.dsv
[49.041s] -- Symlinking: /home/juloau/Desktop/TFG/tfg-jlopez/code/ros2/install/transmission_interface/share/transmission_interface/environment/path.sh
[49.052s] -- Symlinking: /home/juloau/Desktop/TFG/tfg-jlopez/code/ros2/install/transmission_interface/share/transmission_interface/environment/path.dsv
[49.063s] -- Symlinking: /home/juloau/Desktop/TFG/tfg-jlopez/code/ros2/install/transmission_interface/share/transmission_interface/local_setup.bash
[49.074s] -- Symlinking: /home/juloau/Desktop/TFG/tfg-jlopez/code/ros2/install/transmission_interface/share/transmission_interface/local_setup.sh
[49.085s] -- Symlinking: /home/juloau/Desktop/TFG/tfg-jlopez/code/ros2/install/transmission_interface/share/transmission_interface/local_setup.zsh
[49.096s] -- Symlinking: /home/juloau/Desktop/TFG/tfg-jlopez/code/ros2/install/transmission_interface/share/transmission_interface/local_setup.dsv
[49.107s] -- Symlinking: /home/juloau/Desktop/TFG/tfg-jlopez/code/ros2/install/transmission_interface/share/transmission_interface/package.dsv
[49.117s] -- Symlinking: /home/juloau/Desktop/TFG/tfg-jlopez/code/ros2/install/transmission_interface/share/ament_index/resource_index/packages/transmission_interface
[49.128s] -- Symlinking: /home/juloau/Desktop/TFG/tfg-jlopez/code/ros2/install/transmission_interface/share/ament_index/resource_index/transmission_interface__pluginlib__plugin/transmission_interface
[49.140s] -- Symlinking: /home/juloau/Desktop/TFG/tfg-jlopez/code/ros2/install/transmission_interface/share/transmission_interface/cmake/ament_cmake_export_include_directories-extras.cmake
[49.151s] -- Symlinking: /home/juloau/Desktop/TFG/tfg-jlopez/code/ros2/install/transmission_interface/share/transmission_interface/cmake/ament_cmake_export_dependencies-extras.cmake
[49.162s] -- Symlinking: /home/juloau/Desktop/TFG/tfg-jlopez/code/ros2/install/transmission_interface/share/transmission_interface/cmake/ament_cmake_export_libraries-extras.cmake
[49.174s] -- Symlinking: /home/juloau/Desktop/TFG/tfg-jlopez/code/ros2/install/transmission_interface/share/transmission_interface/cmake/transmission_interfaceConfig.cmake
[49.186s] -- Symlinking: /home/juloau/Desktop/TFG/tfg-jlopez/code/ros2/install/transmission_interface/share/transmission_interface/cmake/transmission_interfaceConfig-version.cmake
[49.197s] -- Symlinking: /home/juloau/Desktop/TFG/tfg-jlopez/code/ros2/install/transmission_interface/share/transmission_interface/package.xml
[49.213s] -- Installing: /home/juloau/Desktop/TFG/tfg-jlopez/code/ros2/install/transmission_interface/lib/libtransmission_interface.so
[49.214s] -- Set runtime path of "/home/juloau/Desktop/TFG/tfg-jlopez/code/ros2/install/transmission_interface/lib/libtransmission_interface.so" to ""
[49.217s] Invoked command in '/home/juloau/Desktop/TFG/tfg-jlopez/code/ros2/build/transmission_interface' returned '0': AMENT_PREFIX_PATH=/home/juloau/Desktop/TFG/tfg-jlopez/code/ros2/install/hardware_interface:/home/juloau/Desktop/TFG/tfg-jlopez/code/ros2/install/ros2_control_test_assets:/home/juloau/Desktop/TFG/tfg-jlopez/code/ros2/install/control_msgs:${AMENT_PREFIX_PATH} CMAKE_PREFIX_PATH=/home/juloau/Desktop/TFG/tfg-jlopez/code/ros2/install/hardware_interface:/home/juloau/Desktop/TFG/tfg-jlopez/code/ros2/install/ros2_control_test_assets:/home/juloau/Desktop/TFG/tfg-jlopez/code/ros2/install/control_msgs:/home/juloau/Desktop/TFG/tfg-jlopez/code/ros2/install/pibotj_r2c:/home/juloau/Desktop/TFG/tfg-jlopez/code/ros2/install/articubot_one:/home/juloau/Desktop/TFG/tfg-jlopez/code/ros2/install/pibotj_description:/home/juloau/Desktop/TFG/tfg-jlopez/code/ros2/install/pibotj:/home/juloau/Desktop/TFG/tfg-jlopez/code/ros2/install/basic_diffbot:/opt/ros/humble LD_LIBRARY_PATH=/home/juloau/Desktop/TFG/tfg-jlopez/code/ros2/install/hardware_interface/lib:/home/juloau/Desktop/TFG/tfg-jlopez/code/ros2/install/control_msgs/lib:/usr/lib/x86_64-linux-gnu/gazebo-11/plugins:/opt/ros/humble/opt/rviz_ogre_vendor/lib:/opt/ros/humble/lib/x86_64-linux-gnu:/opt/ros/humble/lib:/usr/share/gazebo/../../lib/x86_64-linux-gnu/gazebo-11/plugins PYTHONPATH=/home/juloau/Desktop/TFG/tfg-jlopez/code/ros2/install/control_msgs/local/lib/python3.10/dist-packages:${PYTHONPATH} /usr/bin/cmake --install /home/juloau/Desktop/TFG/tfg-jlopez/code/ros2/build/transmission_interface
