[0.024s] Invoking command in '/home/juloau/Desktop/TFG/tfg-jlopez/code/ros2/build/control_toolbox': AMENT_PREFIX_PATH=/home/juloau/Desktop/TFG/tfg-jlopez/code/ros2/install/realtime_tools:/home/juloau/Desktop/TFG/tfg-jlopez/code/ros2/install/control_msgs:${AMENT_PREFIX_PATH} CMAKE_PREFIX_PATH=/home/juloau/Desktop/TFG/tfg-jlopez/code/ros2/install/realtime_tools:/home/juloau/Desktop/TFG/tfg-jlopez/code/ros2/install/control_msgs:/home/juloau/Desktop/TFG/tfg-jlopez/code/ros2/install/pibotj_r2c:/home/juloau/Desktop/TFG/tfg-jlopez/code/ros2/install/articubot_one:/home/juloau/Desktop/TFG/tfg-jlopez/code/ros2/install/pibotj_description:/home/juloau/Desktop/TFG/tfg-jlopez/code/ros2/install/pibotj:/home/juloau/Desktop/TFG/tfg-jlopez/code/ros2/install/basic_diffbot:/opt/ros/humble LD_LIBRARY_PATH=/home/juloau/Desktop/TFG/tfg-jlopez/code/ros2/install/realtime_tools/lib:/home/juloau/Desktop/TFG/tfg-jlopez/code/ros2/install/control_msgs/lib:/usr/lib/x86_64-linux-gnu/gazebo-11/plugins:/opt/ros/humble/opt/rviz_ogre_vendor/lib:/opt/ros/humble/lib/x86_64-linux-gnu:/opt/ros/humble/lib:/usr/share/gazebo/../../lib/x86_64-linux-gnu/gazebo-11/plugins PYTHONPATH=/home/juloau/Desktop/TFG/tfg-jlopez/code/ros2/install/control_msgs/local/lib/python3.10/dist-packages:${PYTHONPATH} /usr/bin/cmake /home/juloau/Desktop/TFG/tfg-jlopez/code/ros2/src/ros-controls/control_toolbox -DAMENT_CMAKE_SYMLINK_INSTALL=1 -DCMAKE_INSTALL_PREFIX=/home/juloau/Desktop/TFG/tfg-jlopez/code/ros2/install/control_toolbox
[0.103s] -- The CXX compiler identification is GNU 11.4.0
[0.113s] -- Detecting CXX compiler ABI info
[0.213s] -- Detecting CXX compiler ABI info - done
[0.232s] -- Check for working CXX compiler: /usr/bin/c++ - skipped
[0.233s] -- Detecting CXX compile features
[0.234s] -- Detecting CXX compile features - done
[0.242s] -- Found ament_cmake: 1.3.9 (/opt/ros/humble/share/ament_cmake/cmake)
[0.441s] -- Found Python3: /usr/bin/python3 (found version "3.10.12") found components: Interpreter 
[0.532s] -- Override CMake install command with custom implementation using symlinks instead of copying resources
[0.607s] -- Found control_msgs: 4.6.0 (/home/juloau/Desktop/TFG/tfg-jlopez/code/ros2/install/control_msgs/share/control_msgs/cmake)
[0.707s] -- Found rosidl_generator_c: 3.1.5 (/opt/ros/humble/share/rosidl_generator_c/cmake)
[0.717s] -- Found rosidl_adapter: 3.1.5 (/opt/ros/humble/share/rosidl_adapter/cmake)
[0.731s] -- Found rosidl_generator_cpp: 3.1.5 (/opt/ros/humble/share/rosidl_generator_cpp/cmake)
[0.756s] -- Using all available rosidl_typesupport_c: rosidl_typesupport_fastrtps_c;rosidl_typesupport_introspection_c
[0.791s] -- Using all available rosidl_typesupport_cpp: rosidl_typesupport_fastrtps_cpp;rosidl_typesupport_introspection_cpp
[1.743s] -- Found rclcpp: 16.0.9 (/opt/ros/humble/share/rclcpp/cmake)
[1.855s] -- Found rmw_implementation_cmake: 6.1.2 (/opt/ros/humble/share/rmw_implementation_cmake/cmake)
[1.865s] -- Found rmw_fastrtps_cpp: 6.2.6 (/opt/ros/humble/share/rmw_fastrtps_cpp/cmake)
[2.035s] -- Found OpenSSL: /usr/lib/x86_64-linux-gnu/libcrypto.so (found version "3.0.2")  
[2.088s] -- Found FastRTPS: /opt/ros/humble/include  
[2.194s] -- Using RMW implementation 'rmw_fastrtps_cpp' as default
[2.214s] -- Looking for C++ include pthread.h
[2.322s] -- Looking for C++ include pthread.h - found
[2.323s] -- Performing Test CMAKE_HAVE_LIBC_PTHREAD
[2.420s] -- Performing Test CMAKE_HAVE_LIBC_PTHREAD - Success
[2.421s] -- Found Threads: TRUE  
[2.673s] -- Found realtime_tools: 2.5.0 (/home/juloau/Desktop/TFG/tfg-jlopez/code/ros2/install/realtime_tools/share/realtime_tools/cmake)
[2.746s] -- Found filters: 2.1.0 (/opt/ros/humble/share/filters/cmake)
[2.752s] -- Found generate_parameter_library: 0.3.8 (/opt/ros/humble/share/generate_parameter_library/cmake)
[2.756s] -- Found parameter_traits: 0.3.8 (/opt/ros/humble/share/parameter_traits/cmake)
[2.800s] -- Found rclcpp_lifecycle: 16.0.9 (/opt/ros/humble/share/rclcpp_lifecycle/cmake)
[2.865s] -- Found pluginlib: 5.1.0 (/opt/ros/humble/share/pluginlib/cmake)
[2.917s] -- Found ament_cmake_gmock: 1.3.9 (/opt/ros/humble/share/ament_cmake_gmock/cmake)
[2.921s] -- Found ament_cmake_gtest: 1.3.9 (/opt/ros/humble/share/ament_cmake_gtest/cmake)
[2.926s] -- Found gmock sources under '/opt/ros/humble/src/gmock_vendor': C++ tests using 'Google Mock' will be built
[2.986s] -- The C compiler identification is GNU 11.4.0
[2.996s] -- Detecting C compiler ABI info
[3.156s] -- Detecting C compiler ABI info - done
[3.209s] -- Check for working C compiler: /usr/bin/cc - skipped
[3.211s] -- Detecting C compile features
[3.212s] -- Detecting C compile features - done
[3.221s] -- Found gtest sources under '/opt/ros/humble/src/gtest_vendor': C++ tests using 'Google Test' will be built
[3.597s] -- Configuring done
[3.754s] -- Generating done
[3.767s] -- Build files have been written to: /home/juloau/Desktop/TFG/tfg-jlopez/code/ros2/build/control_toolbox
[3.823s] Invoked command in '/home/juloau/Desktop/TFG/tfg-jlopez/code/ros2/build/control_toolbox' returned '0': AMENT_PREFIX_PATH=/home/juloau/Desktop/TFG/tfg-jlopez/code/ros2/install/realtime_tools:/home/juloau/Desktop/TFG/tfg-jlopez/code/ros2/install/control_msgs:${AMENT_PREFIX_PATH} CMAKE_PREFIX_PATH=/home/juloau/Desktop/TFG/tfg-jlopez/code/ros2/install/realtime_tools:/home/juloau/Desktop/TFG/tfg-jlopez/code/ros2/install/control_msgs:/home/juloau/Desktop/TFG/tfg-jlopez/code/ros2/install/pibotj_r2c:/home/juloau/Desktop/TFG/tfg-jlopez/code/ros2/install/articubot_one:/home/juloau/Desktop/TFG/tfg-jlopez/code/ros2/install/pibotj_description:/home/juloau/Desktop/TFG/tfg-jlopez/code/ros2/install/pibotj:/home/juloau/Desktop/TFG/tfg-jlopez/code/ros2/install/basic_diffbot:/opt/ros/humble LD_LIBRARY_PATH=/home/juloau/Desktop/TFG/tfg-jlopez/code/ros2/install/realtime_tools/lib:/home/juloau/Desktop/TFG/tfg-jlopez/code/ros2/install/control_msgs/lib:/usr/lib/x86_64-linux-gnu/gazebo-11/plugins:/opt/ros/humble/opt/rviz_ogre_vendor/lib:/opt/ros/humble/lib/x86_64-linux-gnu:/opt/ros/humble/lib:/usr/share/gazebo/../../lib/x86_64-linux-gnu/gazebo-11/plugins PYTHONPATH=/home/juloau/Desktop/TFG/tfg-jlopez/code/ros2/install/control_msgs/local/lib/python3.10/dist-packages:${PYTHONPATH} /usr/bin/cmake /home/juloau/Desktop/TFG/tfg-jlopez/code/ros2/src/ros-controls/control_toolbox -DAMENT_CMAKE_SYMLINK_INSTALL=1 -DCMAKE_INSTALL_PREFIX=/home/juloau/Desktop/TFG/tfg-jlopez/code/ros2/install/control_toolbox
[3.824s] Invoking command in '/home/juloau/Desktop/TFG/tfg-jlopez/code/ros2/build/control_toolbox': AMENT_PREFIX_PATH=/home/juloau/Desktop/TFG/tfg-jlopez/code/ros2/install/realtime_tools:/home/juloau/Desktop/TFG/tfg-jlopez/code/ros2/install/control_msgs:${AMENT_PREFIX_PATH} CMAKE_PREFIX_PATH=/home/juloau/Desktop/TFG/tfg-jlopez/code/ros2/install/realtime_tools:/home/juloau/Desktop/TFG/tfg-jlopez/code/ros2/install/control_msgs:/home/juloau/Desktop/TFG/tfg-jlopez/code/ros2/install/pibotj_r2c:/home/juloau/Desktop/TFG/tfg-jlopez/code/ros2/install/articubot_one:/home/juloau/Desktop/TFG/tfg-jlopez/code/ros2/install/pibotj_description:/home/juloau/Desktop/TFG/tfg-jlopez/code/ros2/install/pibotj:/home/juloau/Desktop/TFG/tfg-jlopez/code/ros2/install/basic_diffbot:/opt/ros/humble LD_LIBRARY_PATH=/home/juloau/Desktop/TFG/tfg-jlopez/code/ros2/install/realtime_tools/lib:/home/juloau/Desktop/TFG/tfg-jlopez/code/ros2/install/control_msgs/lib:/usr/lib/x86_64-linux-gnu/gazebo-11/plugins:/opt/ros/humble/opt/rviz_ogre_vendor/lib:/opt/ros/humble/lib/x86_64-linux-gnu:/opt/ros/humble/lib:/usr/share/gazebo/../../lib/x86_64-linux-gnu/gazebo-11/plugins PYTHONPATH=/home/juloau/Desktop/TFG/tfg-jlopez/code/ros2/install/control_msgs/local/lib/python3.10/dist-packages:${PYTHONPATH} /usr/bin/cmake --build /home/juloau/Desktop/TFG/tfg-jlopez/code/ros2/build/control_toolbox -- -j8 -l8
[4.047s] [  3%] [34m[1mRunning `/opt/ros/humble/bin/generate_parameter_library_cpp /home/juloau/Desktop/TFG/tfg-jlopez/code/ros2/build/control_toolbox/low_pass_filter_parameters/include//low_pass_filter_parameters.hpp /home/juloau/Desktop/TFG/tfg-jlopez/code/ros2/src/ros-controls/control_toolbox/src/control_filters/low_pass_filter_parameters.yaml `[0m
[4.130s] [  6%] [32mBuilding CXX object CMakeFiles/control_toolbox.dir/src/dither.cpp.o[0m
[4.137s] [ 10%] [32mBuilding CXX object CMakeFiles/control_toolbox.dir/src/pid_ros.cpp.o[0m
[4.149s] [ 13%] [32mBuilding CXX object CMakeFiles/control_toolbox.dir/src/limited_proxy.cpp.o[0m
[4.204s] [ 17%] [32mBuilding CXX object gmock/CMakeFiles/gmock_main.dir/src/gmock_main.cc.o[0m
[4.215s] [ 20%] [32mBuilding CXX object gmock/CMakeFiles/gmock.dir/opt/ros/humble/src/gtest_vendor/src/gtest-all.cc.o[0m
[4.225s] [ 24%] [32mBuilding CXX object gtest/CMakeFiles/gtest_main.dir/src/gtest_main.cc.o[0m
[4.272s] [ 27%] [32mBuilding CXX object gtest/CMakeFiles/gtest.dir/src/gtest-all.cc.o[0m
[5.440s] [ 27%] Built target low_pass_filter_parameters
[5.481s] [ 31%] [32mBuilding CXX object CMakeFiles/low_pass_filter.dir/src/control_filters/low_pass_filter.cpp.o[0m
[6.036s] [ 34%] [32mBuilding CXX object CMakeFiles/control_toolbox.dir/src/pid.cpp.o[0m
[7.600s] [ 37%] [32mBuilding CXX object CMakeFiles/control_toolbox.dir/src/sine_sweep.cpp.o[0m
[9.694s] [ 41%] [32m[1mLinking CXX static library libgtest_main.a[0m
[10.013s] [ 41%] Built target gtest_main
[10.080s] [ 44%] [32mBuilding CXX object CMakeFiles/control_toolbox.dir/src/sinusoid.cpp.o[0m
[11.113s] [ 48%] [32mBuilding CXX object gmock/CMakeFiles/gmock.dir/src/gmock-all.cc.o[0m
[11.746s] [ 51%] [32m[1mLinking CXX static library libgmock_main.a[0m
[11.973s] [ 51%] Built target gmock_main
[16.465s] [ 55%] [32m[1mLinking CXX static library libgmock.a[0m
[16.505s] [ 58%] [32m[1mLinking CXX shared library libcontrol_toolbox.so[0m
[16.578s] [ 62%] [32m[1mLinking CXX static library libgtest.a[0m
[16.624s] [ 62%] Built target gmock
[16.704s] [ 62%] Built target gtest
[16.980s] [ 62%] Built target control_toolbox
[17.005s] [ 65%] [32mBuilding CXX object CMakeFiles/pid_tests.dir/test/pid_tests.cpp.o[0m
[19.350s] [ 68%] [32m[1mLinking CXX shared library liblow_pass_filter.so[0m
[19.683s] [ 68%] Built target low_pass_filter
[19.745s] [ 72%] [32mBuilding CXX object CMakeFiles/pid_publisher_tests.dir/test/pid_publisher_tests.cpp.o[0m
[20.822s] [ 75%] [32m[1mLinking CXX executable pid_tests[0m
[21.132s] [ 75%] Built target pid_tests
[21.161s] [ 79%] [32mBuilding CXX object CMakeFiles/test_load_low_pass_filter.dir/test/control_filters/test_load_low_pass_filter.cpp.o[0m
[21.173s] [ 82%] [32mBuilding CXX object CMakeFiles/test_low_pass_filter.dir/test/control_filters/test_low_pass_filter.cpp.o[0m
[35.006s] [ 86%] [32m[1mLinking CXX executable test_low_pass_filter[0m
[35.387s] [ 86%] Built target test_low_pass_filter
[35.414s] [ 89%] [32mBuilding CXX object CMakeFiles/pid_parameters_tests.dir/test/pid_parameters_tests.cpp.o[0m
[37.960s] [ 93%] [32m[1mLinking CXX executable pid_publisher_tests[0m
[39.546s] [ 93%] Built target pid_publisher_tests
[39.568s] [ 96%] [32m[1mLinking CXX executable test_load_low_pass_filter[0m
[40.252s] [ 96%] Built target test_load_low_pass_filter
[42.778s] [100%] [32m[1mLinking CXX executable pid_parameters_tests[0m
[44.064s] [100%] Built target pid_parameters_tests
[44.156s] Invoked command in '/home/juloau/Desktop/TFG/tfg-jlopez/code/ros2/build/control_toolbox' returned '0': AMENT_PREFIX_PATH=/home/juloau/Desktop/TFG/tfg-jlopez/code/ros2/install/realtime_tools:/home/juloau/Desktop/TFG/tfg-jlopez/code/ros2/install/control_msgs:${AMENT_PREFIX_PATH} CMAKE_PREFIX_PATH=/home/juloau/Desktop/TFG/tfg-jlopez/code/ros2/install/realtime_tools:/home/juloau/Desktop/TFG/tfg-jlopez/code/ros2/install/control_msgs:/home/juloau/Desktop/TFG/tfg-jlopez/code/ros2/install/pibotj_r2c:/home/juloau/Desktop/TFG/tfg-jlopez/code/ros2/install/articubot_one:/home/juloau/Desktop/TFG/tfg-jlopez/code/ros2/install/pibotj_description:/home/juloau/Desktop/TFG/tfg-jlopez/code/ros2/install/pibotj:/home/juloau/Desktop/TFG/tfg-jlopez/code/ros2/install/basic_diffbot:/opt/ros/humble LD_LIBRARY_PATH=/home/juloau/Desktop/TFG/tfg-jlopez/code/ros2/install/realtime_tools/lib:/home/juloau/Desktop/TFG/tfg-jlopez/code/ros2/install/control_msgs/lib:/usr/lib/x86_64-linux-gnu/gazebo-11/plugins:/opt/ros/humble/opt/rviz_ogre_vendor/lib:/opt/ros/humble/lib/x86_64-linux-gnu:/opt/ros/humble/lib:/usr/share/gazebo/../../lib/x86_64-linux-gnu/gazebo-11/plugins PYTHONPATH=/home/juloau/Desktop/TFG/tfg-jlopez/code/ros2/install/control_msgs/local/lib/python3.10/dist-packages:${PYTHONPATH} /usr/bin/cmake --build /home/juloau/Desktop/TFG/tfg-jlopez/code/ros2/build/control_toolbox -- -j8 -l8
[45.449s] Invoking command in '/home/juloau/Desktop/TFG/tfg-jlopez/code/ros2/build/control_toolbox': AMENT_PREFIX_PATH=/home/juloau/Desktop/TFG/tfg-jlopez/code/ros2/install/realtime_tools:/home/juloau/Desktop/TFG/tfg-jlopez/code/ros2/install/control_msgs:${AMENT_PREFIX_PATH} CMAKE_PREFIX_PATH=/home/juloau/Desktop/TFG/tfg-jlopez/code/ros2/install/realtime_tools:/home/juloau/Desktop/TFG/tfg-jlopez/code/ros2/install/control_msgs:/home/juloau/Desktop/TFG/tfg-jlopez/code/ros2/install/pibotj_r2c:/home/juloau/Desktop/TFG/tfg-jlopez/code/ros2/install/articubot_one:/home/juloau/Desktop/TFG/tfg-jlopez/code/ros2/install/pibotj_description:/home/juloau/Desktop/TFG/tfg-jlopez/code/ros2/install/pibotj:/home/juloau/Desktop/TFG/tfg-jlopez/code/ros2/install/basic_diffbot:/opt/ros/humble LD_LIBRARY_PATH=/home/juloau/Desktop/TFG/tfg-jlopez/code/ros2/install/realtime_tools/lib:/home/juloau/Desktop/TFG/tfg-jlopez/code/ros2/install/control_msgs/lib:/usr/lib/x86_64-linux-gnu/gazebo-11/plugins:/opt/ros/humble/opt/rviz_ogre_vendor/lib:/opt/ros/humble/lib/x86_64-linux-gnu:/opt/ros/humble/lib:/usr/share/gazebo/../../lib/x86_64-linux-gnu/gazebo-11/plugins PYTHONPATH=/home/juloau/Desktop/TFG/tfg-jlopez/code/ros2/install/control_msgs/local/lib/python3.10/dist-packages:${PYTHONPATH} /usr/bin/cmake --install /home/juloau/Desktop/TFG/tfg-jlopez/code/ros2/build/control_toolbox
[45.488s] -- Install configuration: ""
[45.493s] -- Execute custom install script
[45.497s] -- Symlinking: /home/juloau/Desktop/TFG/tfg-jlopez/code/ros2/install/control_toolbox/include/low_pass_filter_parameters/low_pass_filter_parameters.hpp
[45.574s] -- Symlinking: /home/juloau/Desktop/TFG/tfg-jlopez/code/ros2/install/control_toolbox/share/control_toolbox//control_filters.xml
[45.642s] -- Symlinking: /home/juloau/Desktop/TFG/tfg-jlopez/code/ros2/install/control_toolbox/include/control_toolbox/control_filters/low_pass_filter.hpp
[45.722s] -- Symlinking: /home/juloau/Desktop/TFG/tfg-jlopez/code/ros2/install/control_toolbox/include/control_toolbox/control_toolbox/dither.hpp
[45.786s] -- Symlinking: /home/juloau/Desktop/TFG/tfg-jlopez/code/ros2/install/control_toolbox/include/control_toolbox/control_toolbox/filters.hpp
[45.840s] -- Symlinking: /home/juloau/Desktop/TFG/tfg-jlopez/code/ros2/install/control_toolbox/include/control_toolbox/control_toolbox/limited_proxy.hpp
[45.910s] -- Symlinking: /home/juloau/Desktop/TFG/tfg-jlopez/code/ros2/install/control_toolbox/include/control_toolbox/control_toolbox/pid.hpp
[45.964s] -- Symlinking: /home/juloau/Desktop/TFG/tfg-jlopez/code/ros2/install/control_toolbox/include/control_toolbox/control_toolbox/pid_ros.hpp
[46.020s] -- Symlinking: /home/juloau/Desktop/TFG/tfg-jlopez/code/ros2/install/control_toolbox/include/control_toolbox/control_toolbox/sine_sweep.hpp
[46.090s] -- Symlinking: /home/juloau/Desktop/TFG/tfg-jlopez/code/ros2/install/control_toolbox/include/control_toolbox/control_toolbox/sinusoid.hpp
[46.136s] -- Symlinking: /home/juloau/Desktop/TFG/tfg-jlopez/code/ros2/install/control_toolbox/include/control_toolbox/control_toolbox/visibility_control.hpp
[46.185s] -- Symlinking: /home/juloau/Desktop/TFG/tfg-jlopez/code/ros2/install/control_toolbox/share/control_toolbox/environment/library_path.sh
[46.234s] -- Symlinking: /home/juloau/Desktop/TFG/tfg-jlopez/code/ros2/install/control_toolbox/share/control_toolbox/environment/library_path.dsv
[46.288s] -- Symlinking: /home/juloau/Desktop/TFG/tfg-jlopez/code/ros2/install/control_toolbox/share/ament_index/resource_index/package_run_dependencies/control_toolbox
[46.329s] -- Symlinking: /home/juloau/Desktop/TFG/tfg-jlopez/code/ros2/install/control_toolbox/share/ament_index/resource_index/parent_prefix_path/control_toolbox
[46.352s] -- Symlinking: /home/juloau/Desktop/TFG/tfg-jlopez/code/ros2/install/control_toolbox/share/control_toolbox/environment/ament_prefix_path.sh
[46.376s] -- Symlinking: /home/juloau/Desktop/TFG/tfg-jlopez/code/ros2/install/control_toolbox/share/control_toolbox/environment/ament_prefix_path.dsv
[46.401s] -- Symlinking: /home/juloau/Desktop/TFG/tfg-jlopez/code/ros2/install/control_toolbox/share/control_toolbox/environment/path.sh
[46.424s] -- Symlinking: /home/juloau/Desktop/TFG/tfg-jlopez/code/ros2/install/control_toolbox/share/control_toolbox/environment/path.dsv
[46.448s] -- Symlinking: /home/juloau/Desktop/TFG/tfg-jlopez/code/ros2/install/control_toolbox/share/control_toolbox/local_setup.bash
[46.472s] -- Symlinking: /home/juloau/Desktop/TFG/tfg-jlopez/code/ros2/install/control_toolbox/share/control_toolbox/local_setup.sh
[46.511s] -- Symlinking: /home/juloau/Desktop/TFG/tfg-jlopez/code/ros2/install/control_toolbox/share/control_toolbox/local_setup.zsh
[46.535s] -- Symlinking: /home/juloau/Desktop/TFG/tfg-jlopez/code/ros2/install/control_toolbox/share/control_toolbox/local_setup.dsv
[46.558s] -- Symlinking: /home/juloau/Desktop/TFG/tfg-jlopez/code/ros2/install/control_toolbox/share/control_toolbox/package.dsv
[46.583s] -- Symlinking: /home/juloau/Desktop/TFG/tfg-jlopez/code/ros2/install/control_toolbox/share/ament_index/resource_index/packages/control_toolbox
[46.617s] -- Symlinking: /home/juloau/Desktop/TFG/tfg-jlopez/code/ros2/install/control_toolbox/share/ament_index/resource_index/filters__pluginlib__plugin/control_toolbox
[46.676s] -- Symlinking: /home/juloau/Desktop/TFG/tfg-jlopez/code/ros2/install/control_toolbox/share/control_toolbox/cmake/ament_cmake_export_targets-extras.cmake
[46.729s] -- Symlinking: /home/juloau/Desktop/TFG/tfg-jlopez/code/ros2/install/control_toolbox/share/control_toolbox/cmake/ament_cmake_export_dependencies-extras.cmake
[46.777s] -- Symlinking: /home/juloau/Desktop/TFG/tfg-jlopez/code/ros2/install/control_toolbox/share/control_toolbox/cmake/control_toolboxConfig.cmake
[46.836s] -- Symlinking: /home/juloau/Desktop/TFG/tfg-jlopez/code/ros2/install/control_toolbox/share/control_toolbox/cmake/control_toolboxConfig-version.cmake
[46.884s] -- Symlinking: /home/juloau/Desktop/TFG/tfg-jlopez/code/ros2/install/control_toolbox/share/control_toolbox/package.xml
[46.933s] -- Installing: /home/juloau/Desktop/TFG/tfg-jlopez/code/ros2/install/control_toolbox/lib/libcontrol_toolbox.so
[46.939s] -- Set runtime path of "/home/juloau/Desktop/TFG/tfg-jlopez/code/ros2/install/control_toolbox/lib/libcontrol_toolbox.so" to ""
[46.940s] -- Installing: /home/juloau/Desktop/TFG/tfg-jlopez/code/ros2/install/control_toolbox/lib/liblow_pass_filter.so
[46.943s] -- Set runtime path of "/home/juloau/Desktop/TFG/tfg-jlopez/code/ros2/install/control_toolbox/lib/liblow_pass_filter.so" to ""
[46.943s] -- Installing: /home/juloau/Desktop/TFG/tfg-jlopez/code/ros2/install/control_toolbox/share/control_toolbox/cmake/export_control_toolboxExport.cmake
[46.944s] -- Installing: /home/juloau/Desktop/TFG/tfg-jlopez/code/ros2/install/control_toolbox/share/control_toolbox/cmake/export_control_toolboxExport-noconfig.cmake
[46.954s] Invoked command in '/home/juloau/Desktop/TFG/tfg-jlopez/code/ros2/build/control_toolbox' returned '0': AMENT_PREFIX_PATH=/home/juloau/Desktop/TFG/tfg-jlopez/code/ros2/install/realtime_tools:/home/juloau/Desktop/TFG/tfg-jlopez/code/ros2/install/control_msgs:${AMENT_PREFIX_PATH} CMAKE_PREFIX_PATH=/home/juloau/Desktop/TFG/tfg-jlopez/code/ros2/install/realtime_tools:/home/juloau/Desktop/TFG/tfg-jlopez/code/ros2/install/control_msgs:/home/juloau/Desktop/TFG/tfg-jlopez/code/ros2/install/pibotj_r2c:/home/juloau/Desktop/TFG/tfg-jlopez/code/ros2/install/articubot_one:/home/juloau/Desktop/TFG/tfg-jlopez/code/ros2/install/pibotj_description:/home/juloau/Desktop/TFG/tfg-jlopez/code/ros2/install/pibotj:/home/juloau/Desktop/TFG/tfg-jlopez/code/ros2/install/basic_diffbot:/opt/ros/humble LD_LIBRARY_PATH=/home/juloau/Desktop/TFG/tfg-jlopez/code/ros2/install/realtime_tools/lib:/home/juloau/Desktop/TFG/tfg-jlopez/code/ros2/install/control_msgs/lib:/usr/lib/x86_64-linux-gnu/gazebo-11/plugins:/opt/ros/humble/opt/rviz_ogre_vendor/lib:/opt/ros/humble/lib/x86_64-linux-gnu:/opt/ros/humble/lib:/usr/share/gazebo/../../lib/x86_64-linux-gnu/gazebo-11/plugins PYTHONPATH=/home/juloau/Desktop/TFG/tfg-jlopez/code/ros2/install/control_msgs/local/lib/python3.10/dist-packages:${PYTHONPATH} /usr/bin/cmake --install /home/juloau/Desktop/TFG/tfg-jlopez/code/ros2/build/control_toolbox
