running egg_info
writing ../../build/pibotj_rr/pibotj_rr.egg-info/PKG-INFO
writing dependency_links to ../../build/pibotj_rr/pibotj_rr.egg-info/dependency_links.txt
writing entry points to ../../build/pibotj_rr/pibotj_rr.egg-info/entry_points.txt
writing requirements to ../../build/pibotj_rr/pibotj_rr.egg-info/requires.txt
writing top-level names to ../../build/pibotj_rr/pibotj_rr.egg-info/top_level.txt
reading manifest file '../../build/pibotj_rr/pibotj_rr.egg-info/SOURCES.txt'
writing manifest file '../../build/pibotj_rr/pibotj_rr.egg-info/SOURCES.txt'
running build
running build_py
running install
running install_lib
running install_data
running install_egg_info
removing '/home/juloau/Desktop/TFG/tfg-jlopez/code/ros2/install/pibotj_rr/lib/python3.10/site-packages/pibotj_rr-0.0.0-py3.10.egg-info' (and everything under it)
Copying ../../build/pibotj_rr/pibotj_rr.egg-info to /home/juloau/Desktop/TFG/tfg-jlopez/code/ros2/install/pibotj_rr/lib/python3.10/site-packages/pibotj_rr-0.0.0-py3.10.egg-info
running install_scripts
Installing camera_node script to /home/juloau/Desktop/TFG/tfg-jlopez/code/ros2/install/pibotj_rr/lib/pibotj_rr
Installing camera_tfv1_node script to /home/juloau/Desktop/TFG/tfg-jlopez/code/ros2/install/pibotj_rr/lib/pibotj_rr
Installing camera_tfv2_node script to /home/juloau/Desktop/TFG/tfg-jlopez/code/ros2/install/pibotj_rr/lib/pibotj_rr
Installing gps_node script to /home/juloau/Desktop/TFG/tfg-jlopez/code/ros2/install/pibotj_rr/lib/pibotj_rr
Installing motors_controller_node script to /home/juloau/Desktop/TFG/tfg-jlopez/code/ros2/install/pibotj_rr/lib/pibotj_rr
writing list of installed files to '/home/juloau/Desktop/TFG/tfg-jlopez/code/ros2/build/pibotj_rr/install.log'
