[1.530s] Invoking command in '/home/juloau/Desktop/TFG/tfg-jlopez/code/ros2/build/rqt_controller_manager': AMENT_PREFIX_PATH=/home/juloau/Desktop/TFG/tfg-jlopez/code/ros2/install/controller_manager:/home/juloau/Desktop/TFG/tfg-jlopez/code/ros2/install/hardware_interface_testing:/home/juloau/Desktop/TFG/tfg-jlopez/code/ros2/install/controller_interface:/home/juloau/Desktop/TFG/tfg-jlopez/code/ros2/install/hardware_interface:/home/juloau/Desktop/TFG/tfg-jlopez/code/ros2/install/ros2_control_test_assets:/home/juloau/Desktop/TFG/tfg-jlopez/code/ros2/install/realtime_tools:/home/juloau/Desktop/TFG/tfg-jlopez/code/ros2/install/controller_manager_msgs:/home/juloau/Desktop/TFG/tfg-jlopez/code/ros2/install/control_msgs:${AMENT_PREFIX_PATH} CMAKE_PREFIX_PATH=/home/juloau/Desktop/TFG/tfg-jlopez/code/ros2/install/controller_manager:/home/juloau/Desktop/TFG/tfg-jlopez/code/ros2/install/hardware_interface_testing:/home/juloau/Desktop/TFG/tfg-jlopez/code/ros2/install/controller_interface:/home/juloau/Desktop/TFG/tfg-jlopez/code/ros2/install/hardware_interface:/home/juloau/Desktop/TFG/tfg-jlopez/code/ros2/install/ros2_control_test_assets:/home/juloau/Desktop/TFG/tfg-jlopez/code/ros2/install/realtime_tools:/home/juloau/Desktop/TFG/tfg-jlopez/code/ros2/install/controller_manager_msgs:/home/juloau/Desktop/TFG/tfg-jlopez/code/ros2/install/control_msgs LD_LIBRARY_PATH=/home/juloau/Desktop/TFG/tfg-jlopez/code/ros2/install/controller_manager/lib:/home/juloau/Desktop/TFG/tfg-jlopez/code/ros2/install/hardware_interface_testing/lib:/home/juloau/Desktop/TFG/tfg-jlopez/code/ros2/install/controller_interface/lib:/home/juloau/Desktop/TFG/tfg-jlopez/code/ros2/install/hardware_interface/lib:/home/juloau/Desktop/TFG/tfg-jlopez/code/ros2/install/realtime_tools/lib:/home/juloau/Desktop/TFG/tfg-jlopez/code/ros2/install/controller_manager_msgs/lib:/home/juloau/Desktop/TFG/tfg-jlopez/code/ros2/install/control_msgs/lib:/usr/lib/x86_64-linux-gnu/gazebo-11/plugins:/opt/ros/humble/opt/rviz_ogre_vendor/lib:/opt/ros/humble/lib/x86_64-linux-gnu:/opt/ros/humble/lib:/usr/share/gazebo/../../lib/x86_64-linux-gnu/gazebo-11/plugins PYTHONPATH=/home/juloau/Desktop/TFG/tfg-jlopez/code/ros2/build/rqt_controller_manager/prefix_override:/usr/lib/python3/dist-packages/colcon_core/task/python/colcon_distutils_commands:/home/juloau/Desktop/TFG/tfg-jlopez/code/ros2/install/rqt_controller_manager/lib/python3.10/site-packages:/home/juloau/Desktop/TFG/tfg-jlopez/code/ros2/install/controller_manager/local/lib/python3.10/dist-packages:/home/juloau/Desktop/TFG/tfg-jlopez/code/ros2/install/controller_manager_msgs/local/lib/python3.10/dist-packages:/home/juloau/Desktop/TFG/tfg-jlopez/code/ros2/install/control_msgs/local/lib/python3.10/dist-packages:${PYTHONPATH} /usr/bin/python3 -W ignore:setup.py install is deprecated setup.py develop --editable --build-directory /home/juloau/Desktop/TFG/tfg-jlopez/code/ros2/build/rqt_controller_manager/build --no-deps symlink_data
[2.324s] running develop
[2.325s] /usr/lib/python3/dist-packages/setuptools/command/easy_install.py:158: EasyInstallDeprecationWarning: easy_install command is deprecated. Use build and pip and other standards-based tools.
[2.325s]   warnings.warn(
[2.773s] running egg_info
[2.774s] creating rqt_controller_manager.egg-info
[2.774s] writing rqt_controller_manager.egg-info/PKG-INFO
[2.774s] writing dependency_links to rqt_controller_manager.egg-info/dependency_links.txt
[2.774s] writing entry points to rqt_controller_manager.egg-info/entry_points.txt
[2.775s] writing requirements to rqt_controller_manager.egg-info/requires.txt
[2.775s] writing top-level names to rqt_controller_manager.egg-info/top_level.txt
[2.775s] writing manifest file 'rqt_controller_manager.egg-info/SOURCES.txt'
[2.783s] reading manifest file 'rqt_controller_manager.egg-info/SOURCES.txt'
[2.784s] writing manifest file 'rqt_controller_manager.egg-info/SOURCES.txt'
[2.787s] running build_ext
[2.787s] Creating /home/juloau/Desktop/TFG/tfg-jlopez/code/ros2/install/rqt_controller_manager/lib/python3.10/site-packages/rqt-controller-manager.egg-link (link to .)
[2.788s] Installing rqt_controller_manager script to /home/juloau/Desktop/TFG/tfg-jlopez/code/ros2/install/rqt_controller_manager/lib/rqt_controller_manager
[2.789s] 
[2.789s] Installed /home/juloau/Desktop/TFG/tfg-jlopez/code/ros2/build/rqt_controller_manager
[2.789s] running symlink_data
[2.790s] creating /home/juloau/Desktop/TFG/tfg-jlopez/code/ros2/install/rqt_controller_manager/share/ament_index
[2.790s] creating /home/juloau/Desktop/TFG/tfg-jlopez/code/ros2/install/rqt_controller_manager/share/ament_index/resource_index
[2.790s] creating /home/juloau/Desktop/TFG/tfg-jlopez/code/ros2/install/rqt_controller_manager/share/ament_index/resource_index/packages
[2.790s] symbolically linking /home/juloau/Desktop/TFG/tfg-jlopez/code/ros2/build/rqt_controller_manager/resource/rqt_controller_manager -> /home/juloau/Desktop/TFG/tfg-jlopez/code/ros2/install/rqt_controller_manager/share/ament_index/resource_index/packages
[2.791s] symbolically linking /home/juloau/Desktop/TFG/tfg-jlopez/code/ros2/build/rqt_controller_manager/package.xml -> /home/juloau/Desktop/TFG/tfg-jlopez/code/ros2/install/rqt_controller_manager/share/rqt_controller_manager
[2.791s] creating /home/juloau/Desktop/TFG/tfg-jlopez/code/ros2/install/rqt_controller_manager/share/rqt_controller_manager/resource
[2.791s] symbolically linking /home/juloau/Desktop/TFG/tfg-jlopez/code/ros2/build/rqt_controller_manager/resource/led_green.png -> /home/juloau/Desktop/TFG/tfg-jlopez/code/ros2/install/rqt_controller_manager/share/rqt_controller_manager/resource
[2.791s] symbolically linking /home/juloau/Desktop/TFG/tfg-jlopez/code/ros2/build/rqt_controller_manager/resource/controller_info.ui -> /home/juloau/Desktop/TFG/tfg-jlopez/code/ros2/install/rqt_controller_manager/share/rqt_controller_manager/resource
[2.791s] symbolically linking /home/juloau/Desktop/TFG/tfg-jlopez/code/ros2/build/rqt_controller_manager/resource/led_off.png -> /home/juloau/Desktop/TFG/tfg-jlopez/code/ros2/install/rqt_controller_manager/share/rqt_controller_manager/resource
[2.792s] symbolically linking /home/juloau/Desktop/TFG/tfg-jlopez/code/ros2/build/rqt_controller_manager/resource/controller_manager.ui -> /home/juloau/Desktop/TFG/tfg-jlopez/code/ros2/install/rqt_controller_manager/share/rqt_controller_manager/resource
[2.792s] symbolically linking /home/juloau/Desktop/TFG/tfg-jlopez/code/ros2/build/rqt_controller_manager/resource/led_red.png -> /home/juloau/Desktop/TFG/tfg-jlopez/code/ros2/install/rqt_controller_manager/share/rqt_controller_manager/resource
[2.792s] symbolically linking /home/juloau/Desktop/TFG/tfg-jlopez/code/ros2/build/rqt_controller_manager/resource/cm_icon.png -> /home/juloau/Desktop/TFG/tfg-jlopez/code/ros2/install/rqt_controller_manager/share/rqt_controller_manager/resource
[2.792s] symbolically linking /home/juloau/Desktop/TFG/tfg-jlopez/code/ros2/build/rqt_controller_manager/plugin.xml -> /home/juloau/Desktop/TFG/tfg-jlopez/code/ros2/install/rqt_controller_manager/share/rqt_controller_manager
[2.835s] Invoked command in '/home/juloau/Desktop/TFG/tfg-jlopez/code/ros2/build/rqt_controller_manager' returned '0': AMENT_PREFIX_PATH=/home/juloau/Desktop/TFG/tfg-jlopez/code/ros2/install/controller_manager:/home/juloau/Desktop/TFG/tfg-jlopez/code/ros2/install/hardware_interface_testing:/home/juloau/Desktop/TFG/tfg-jlopez/code/ros2/install/controller_interface:/home/juloau/Desktop/TFG/tfg-jlopez/code/ros2/install/hardware_interface:/home/juloau/Desktop/TFG/tfg-jlopez/code/ros2/install/ros2_control_test_assets:/home/juloau/Desktop/TFG/tfg-jlopez/code/ros2/install/realtime_tools:/home/juloau/Desktop/TFG/tfg-jlopez/code/ros2/install/controller_manager_msgs:/home/juloau/Desktop/TFG/tfg-jlopez/code/ros2/install/control_msgs:${AMENT_PREFIX_PATH} CMAKE_PREFIX_PATH=/home/juloau/Desktop/TFG/tfg-jlopez/code/ros2/install/controller_manager:/home/juloau/Desktop/TFG/tfg-jlopez/code/ros2/install/hardware_interface_testing:/home/juloau/Desktop/TFG/tfg-jlopez/code/ros2/install/controller_interface:/home/juloau/Desktop/TFG/tfg-jlopez/code/ros2/install/hardware_interface:/home/juloau/Desktop/TFG/tfg-jlopez/code/ros2/install/ros2_control_test_assets:/home/juloau/Desktop/TFG/tfg-jlopez/code/ros2/install/realtime_tools:/home/juloau/Desktop/TFG/tfg-jlopez/code/ros2/install/controller_manager_msgs:/home/juloau/Desktop/TFG/tfg-jlopez/code/ros2/install/control_msgs LD_LIBRARY_PATH=/home/juloau/Desktop/TFG/tfg-jlopez/code/ros2/install/controller_manager/lib:/home/juloau/Desktop/TFG/tfg-jlopez/code/ros2/install/hardware_interface_testing/lib:/home/juloau/Desktop/TFG/tfg-jlopez/code/ros2/install/controller_interface/lib:/home/juloau/Desktop/TFG/tfg-jlopez/code/ros2/install/hardware_interface/lib:/home/juloau/Desktop/TFG/tfg-jlopez/code/ros2/install/realtime_tools/lib:/home/juloau/Desktop/TFG/tfg-jlopez/code/ros2/install/controller_manager_msgs/lib:/home/juloau/Desktop/TFG/tfg-jlopez/code/ros2/install/control_msgs/lib:/usr/lib/x86_64-linux-gnu/gazebo-11/plugins:/opt/ros/humble/opt/rviz_ogre_vendor/lib:/opt/ros/humble/lib/x86_64-linux-gnu:/opt/ros/humble/lib:/usr/share/gazebo/../../lib/x86_64-linux-gnu/gazebo-11/plugins PYTHONPATH=/home/juloau/Desktop/TFG/tfg-jlopez/code/ros2/build/rqt_controller_manager/prefix_override:/usr/lib/python3/dist-packages/colcon_core/task/python/colcon_distutils_commands:/home/juloau/Desktop/TFG/tfg-jlopez/code/ros2/install/rqt_controller_manager/lib/python3.10/site-packages:/home/juloau/Desktop/TFG/tfg-jlopez/code/ros2/install/controller_manager/local/lib/python3.10/dist-packages:/home/juloau/Desktop/TFG/tfg-jlopez/code/ros2/install/controller_manager_msgs/local/lib/python3.10/dist-packages:/home/juloau/Desktop/TFG/tfg-jlopez/code/ros2/install/control_msgs/local/lib/python3.10/dist-packages:${PYTHONPATH} /usr/bin/python3 -W ignore:setup.py install is deprecated setup.py develop --editable --build-directory /home/juloau/Desktop/TFG/tfg-jlopez/code/ros2/build/rqt_controller_manager/build --no-deps symlink_data
